[2017-10-04 15:08:11.915][debug][command:dcb7d9ee-2759-4440-8b1c-b044bb1dfd00][tid:01][com.facebook.buck.event.listener.SuperConsoleEventBusListener] Starting render scheduler (interval 100 ms)
[2017-10-04 15:08:11.986][debug][command:dcb7d9ee-2759-4440-8b1c-b044bb1dfd00][tid:01][com.google.common.util.concurrent.ServiceManager] Starting PerfStatsTracking [RUNNING].
[2017-10-04 15:08:11.986][debug][command:dcb7d9ee-2759-4440-8b1c-b044bb1dfd00][tid:01][com.google.common.util.concurrent.ServiceManager] Started PerfStatsTracking [RUNNING] in 363.2 μs.
[2017-10-04 15:08:11.990][debug][command:dcb7d9ee-2759-4440-8b1c-b044bb1dfd00][tid:01][com.google.common.util.concurrent.ServiceManager] Starting ProcessTracker [STARTING].
[2017-10-04 15:08:11.990][debug][command:null][tid:21][com.facebook.buck.util.perf.ProcessTracker] startUp
[2017-10-04 15:08:11.990][debug][command:null][tid:21][com.facebook.buck.util.perf.ProcessTracker] startUp
[2017-10-04 15:08:11.990][debug][command:dcb7d9ee-2759-4440-8b1c-b044bb1dfd00][tid:01][com.facebook.buck.cli.Main] InvocationInfo BuildId=[dcb7d9ee-2759-4440-8b1c-b044bb1dfd00] Args=[build, //Apps/BuckSwiftDemo:BuckSwiftDemo]
[2017-10-04 15:08:12.009][debug][command:dcb7d9ee-2759-4440-8b1c-b044bb1dfd00][tid:01][com.facebook.buck.util.environment.MacWifiSsidFinder] Getting current SSID..
[2017-10-04 15:08:12.056][debug][command:dcb7d9ee-2759-4440-8b1c-b044bb1dfd00][tid:01][com.facebook.buck.util.environment.MacWifiSsidFinder] Getting SSID from Wi-Fi interface: <CWInterface: 0x7fd7497234b0> [interfaceName=en0]
[2017-10-04 15:08:12.057][debug][command:dcb7d9ee-2759-4440-8b1c-b044bb1dfd00][tid:01][com.facebook.buck.util.environment.MacWifiSsidFinder] Found SSID: SciFi
[2017-10-04 15:08:12.077][debug][command:null][tid:21][com.google.common.util.concurrent.ServiceManager] Started ProcessTracker [RUNNING] in 87.17 ms.
[2017-10-04 15:08:12.077][debug][command:null][tid:21][com.google.common.util.concurrent.ServiceManager] Started ProcessTracker [RUNNING] in 87.17 ms.
[2017-10-04 15:08:12.856][debug][command:dcb7d9ee-2759-4440-8b1c-b044bb1dfd00][tid:01][com.facebook.buck.cli.Main] new Buck daemon
[2017-10-04 15:08:12.857][warn ][command:null][tid:24][com.facebook.buck.event.listener.PublicAnnouncementManager] Failed to get public announcements. Reason: Failed to establish connection to server.
[2017-10-04 15:08:12.857][warn ][command:null][tid:24][com.facebook.buck.event.listener.PublicAnnouncementManager] Failed to get public announcements. Reason: Failed to establish connection to server.
[2017-10-04 15:08:12.877][info ][command:null][tid:26][com.facebook.buck.util.versioncontrol.VersionControlStatsGenerator] Starting generation of version control stats.
[2017-10-04 15:08:12.877][info ][command:null][tid:26][com.facebook.buck.util.versioncontrol.VersionControlStatsGenerator] Starting generation of version control stats.
[2017-10-04 15:08:12.881][debug][command:null][tid:26][com.facebook.buck.util.versioncontrol.VersionControlCmdLineInterface] Executing command: hg log -l 1 --template {node|short}
[2017-10-04 15:08:12.881][debug][command:null][tid:26][com.facebook.buck.util.versioncontrol.VersionControlCmdLineInterface] Executing command: hg log -l 1 --template {node|short}
[2017-10-04 15:08:12.885][warn ][command:null][tid:26][com.facebook.buck.util.versioncontrol.DelegatingVersionControlCmdLineInterface] Mercurial is the only VCS supported for VCS stats generation, however current project (which has enabled VCS stats generation in its .buckconfig) does not appear to be a Mercurial repository: 
com.facebook.buck.util.versioncontrol.VersionControlCommandFailedException: java.io.IOException: Cannot run program "hg" (in directory "/Users/kieranlafferty/Desktop/BuckTest"): error=2, No such file or directory
[2017-10-04 15:08:12.885][warn ][command:null][tid:26][com.facebook.buck.util.versioncontrol.DelegatingVersionControlCmdLineInterface] Mercurial is the only VCS supported for VCS stats generation, however current project (which has enabled VCS stats generation in its .buckconfig) does not appear to be a Mercurial repository: 
com.facebook.buck.util.versioncontrol.VersionControlCommandFailedException: java.io.IOException: Cannot run program "hg" (in directory "/Users/kieranlafferty/Desktop/BuckTest"): error=2, No such file or directory
[2017-10-04 15:08:12.886][debug][command:null][tid:26][com.facebook.buck.util.versioncontrol.DelegatingVersionControlCmdLineInterface] Using NoOpCmdLineInterface.
[2017-10-04 15:08:12.886][debug][command:null][tid:26][com.facebook.buck.util.versioncontrol.DelegatingVersionControlCmdLineInterface] Using NoOpCmdLineInterface.
[2017-10-04 15:08:12.887][warn ][command:null][tid:26][com.facebook.buck.util.versioncontrol.VersionControlStatsGenerator] Skipping generation of version control stats as unsupported repository type.
[2017-10-04 15:08:12.887][warn ][command:null][tid:26][com.facebook.buck.util.versioncontrol.VersionControlStatsGenerator] Skipping generation of version control stats as unsupported repository type.
[2017-10-04 15:08:12.893][debug][command:null][tid:26][com.facebook.buck.util.environment.MacNetworkConfiguration] Determine network service order and extract device names
[2017-10-04 15:08:12.893][debug][command:null][tid:26][com.facebook.buck.util.environment.MacNetworkConfiguration] Determine network service order and extract device names
[2017-10-04 15:08:12.931][debug][command:null][tid:26][com.facebook.buck.util.ListeningProcessExecutor] Launching process with params ProcessExecutorParams{command=[networksetup, -listnetworkserviceorder, ]}
[2017-10-04 15:08:12.931][debug][command:null][tid:26][com.facebook.buck.util.ListeningProcessExecutor] Launching process with params ProcessExecutorParams{command=[networksetup, -listnetworkserviceorder, ]}
[2017-10-04 15:08:12.990][debug][command:null][tid:26][com.facebook.buck.util.ListeningProcessExecutor] Successfully launched process com.zaxxer.nuprocess.osx.OsxProcess@60452f67
[2017-10-04 15:08:12.990][debug][command:null][tid:26][com.facebook.buck.util.ListeningProcessExecutor] Successfully launched process com.zaxxer.nuprocess.osx.OsxProcess@60452f67
[2017-10-04 15:08:12.994][debug][command:null][tid:26][com.facebook.buck.util.ListeningProcessExecutor] Waiting for process com.facebook.buck.util.ListeningProcessExecutor$LaunchedProcessImpl@27509035 timeout 1000 MILLISECONDS
[2017-10-04 15:08:12.994][debug][command:null][tid:26][com.facebook.buck.util.ListeningProcessExecutor] Waiting for process com.facebook.buck.util.ListeningProcessExecutor$LaunchedProcessImpl@27509035 timeout 1000 MILLISECONDS
[2017-10-04 15:08:13.038][debug][command:null][tid:26][com.facebook.buck.util.ListeningProcessExecutor] Wait for process returned 0
[2017-10-04 15:08:13.038][debug][command:null][tid:26][com.facebook.buck.util.ListeningProcessExecutor] Wait for process returned 0
[2017-10-04 15:08:13.038][debug][command:null][tid:26][com.facebook.buck.util.ListeningProcessExecutor] Destroying process com.facebook.buck.util.ListeningProcessExecutor$LaunchedProcessImpl@27509035 (force true)
[2017-10-04 15:08:13.038][debug][command:null][tid:26][com.facebook.buck.util.ListeningProcessExecutor] Destroying process com.facebook.buck.util.ListeningProcessExecutor$LaunchedProcessImpl@27509035 (force true)
[2017-10-04 15:08:13.038][debug][command:null][tid:26][com.facebook.buck.util.environment.MacNetworkConfiguration] Determine active state of media for device
[2017-10-04 15:08:13.038][debug][command:null][tid:26][com.facebook.buck.util.environment.MacNetworkConfiguration] Determine active state of media for device
[2017-10-04 15:08:13.039][debug][command:null][tid:26][com.facebook.buck.util.ListeningProcessExecutor] Launching process with params ProcessExecutorParams{command=[networksetup, -getMedia, usbmodem14110]}
[2017-10-04 15:08:13.039][debug][command:null][tid:26][com.facebook.buck.util.ListeningProcessExecutor] Launching process with params ProcessExecutorParams{command=[networksetup, -getMedia, usbmodem14110]}
[2017-10-04 15:08:13.040][debug][command:null][tid:26][com.facebook.buck.util.ListeningProcessExecutor] Successfully launched process com.zaxxer.nuprocess.osx.OsxProcess@6e27adaf
[2017-10-04 15:08:13.040][debug][command:null][tid:26][com.facebook.buck.util.ListeningProcessExecutor] Successfully launched process com.zaxxer.nuprocess.osx.OsxProcess@6e27adaf
[2017-10-04 15:08:13.042][debug][command:null][tid:26][com.facebook.buck.util.ListeningProcessExecutor] Waiting for process com.facebook.buck.util.ListeningProcessExecutor$LaunchedProcessImpl@673941fb timeout 1000 MILLISECONDS
[2017-10-04 15:08:13.042][debug][command:null][tid:26][com.facebook.buck.util.ListeningProcessExecutor] Waiting for process com.facebook.buck.util.ListeningProcessExecutor$LaunchedProcessImpl@673941fb timeout 1000 MILLISECONDS
[2017-10-04 15:08:13.054][info ][command:dcb7d9ee-2759-4440-8b1c-b044bb1dfd00][tid:25][com.facebook.buck.event.listener.LoggingBuildListener] Build started at 2017-10-04 15:08:13.053
[2017-10-04 15:08:13.073][debug][command:null][tid:26][com.facebook.buck.util.ListeningProcessExecutor] Wait for process returned 4
[2017-10-04 15:08:13.073][debug][command:null][tid:26][com.facebook.buck.util.ListeningProcessExecutor] Wait for process returned 4
[2017-10-04 15:08:13.074][debug][command:null][tid:26][com.facebook.buck.util.ListeningProcessExecutor] Destroying process com.facebook.buck.util.ListeningProcessExecutor$LaunchedProcessImpl@673941fb (force true)
[2017-10-04 15:08:13.074][debug][command:null][tid:26][com.facebook.buck.util.ListeningProcessExecutor] Destroying process com.facebook.buck.util.ListeningProcessExecutor$LaunchedProcessImpl@673941fb (force true)
[2017-10-04 15:08:13.074][debug][command:null][tid:26][com.facebook.buck.util.environment.MacNetworkConfiguration] Determine active state of media for device
[2017-10-04 15:08:13.074][debug][command:null][tid:26][com.facebook.buck.util.environment.MacNetworkConfiguration] Determine active state of media for device
[2017-10-04 15:08:13.074][debug][command:null][tid:26][com.facebook.buck.util.ListeningProcessExecutor] Launching process with params ProcessExecutorParams{command=[networksetup, -getMedia, lpss-serial1]}
[2017-10-04 15:08:13.074][debug][command:null][tid:26][com.facebook.buck.util.ListeningProcessExecutor] Launching process with params ProcessExecutorParams{command=[networksetup, -getMedia, lpss-serial1]}
[2017-10-04 15:08:13.076][debug][command:null][tid:26][com.facebook.buck.util.ListeningProcessExecutor] Successfully launched process com.zaxxer.nuprocess.osx.OsxProcess@2f42c157
[2017-10-04 15:08:13.076][debug][command:null][tid:26][com.facebook.buck.util.ListeningProcessExecutor] Successfully launched process com.zaxxer.nuprocess.osx.OsxProcess@2f42c157
[2017-10-04 15:08:13.078][debug][command:null][tid:26][com.facebook.buck.util.ListeningProcessExecutor] Waiting for process com.facebook.buck.util.ListeningProcessExecutor$LaunchedProcessImpl@cb03db2 timeout 1000 MILLISECONDS
[2017-10-04 15:08:13.078][debug][command:null][tid:26][com.facebook.buck.util.ListeningProcessExecutor] Waiting for process com.facebook.buck.util.ListeningProcessExecutor$LaunchedProcessImpl@cb03db2 timeout 1000 MILLISECONDS
[2017-10-04 15:08:13.115][debug][command:null][tid:26][com.facebook.buck.util.ListeningProcessExecutor] Wait for process returned 4
[2017-10-04 15:08:13.115][debug][command:null][tid:26][com.facebook.buck.util.ListeningProcessExecutor] Wait for process returned 4
[2017-10-04 15:08:13.116][debug][command:null][tid:26][com.facebook.buck.util.ListeningProcessExecutor] Destroying process com.facebook.buck.util.ListeningProcessExecutor$LaunchedProcessImpl@cb03db2 (force true)
[2017-10-04 15:08:13.116][debug][command:null][tid:26][com.facebook.buck.util.ListeningProcessExecutor] Destroying process com.facebook.buck.util.ListeningProcessExecutor$LaunchedProcessImpl@cb03db2 (force true)
[2017-10-04 15:08:13.116][debug][command:null][tid:26][com.facebook.buck.util.environment.MacNetworkConfiguration] Determine active state of media for device
[2017-10-04 15:08:13.116][debug][command:null][tid:26][com.facebook.buck.util.environment.MacNetworkConfiguration] Determine active state of media for device
[2017-10-04 15:08:13.116][debug][command:null][tid:26][com.facebook.buck.util.ListeningProcessExecutor] Launching process with params ProcessExecutorParams{command=[networksetup, -getMedia, lpss-serial2]}
[2017-10-04 15:08:13.116][debug][command:null][tid:26][com.facebook.buck.util.ListeningProcessExecutor] Launching process with params ProcessExecutorParams{command=[networksetup, -getMedia, lpss-serial2]}
[2017-10-04 15:08:13.118][debug][command:null][tid:26][com.facebook.buck.util.ListeningProcessExecutor] Successfully launched process com.zaxxer.nuprocess.osx.OsxProcess@5f29b35e
[2017-10-04 15:08:13.118][debug][command:null][tid:26][com.facebook.buck.util.ListeningProcessExecutor] Successfully launched process com.zaxxer.nuprocess.osx.OsxProcess@5f29b35e
[2017-10-04 15:08:13.120][debug][command:null][tid:26][com.facebook.buck.util.ListeningProcessExecutor] Waiting for process com.facebook.buck.util.ListeningProcessExecutor$LaunchedProcessImpl@72b217d9 timeout 1000 MILLISECONDS
[2017-10-04 15:08:13.120][debug][command:null][tid:26][com.facebook.buck.util.ListeningProcessExecutor] Waiting for process com.facebook.buck.util.ListeningProcessExecutor$LaunchedProcessImpl@72b217d9 timeout 1000 MILLISECONDS
[2017-10-04 15:08:13.159][debug][command:null][tid:26][com.facebook.buck.util.ListeningProcessExecutor] Wait for process returned 4
[2017-10-04 15:08:13.159][debug][command:null][tid:26][com.facebook.buck.util.ListeningProcessExecutor] Wait for process returned 4
[2017-10-04 15:08:13.159][debug][command:null][tid:26][com.facebook.buck.util.ListeningProcessExecutor] Destroying process com.facebook.buck.util.ListeningProcessExecutor$LaunchedProcessImpl@72b217d9 (force true)
[2017-10-04 15:08:13.159][debug][command:null][tid:26][com.facebook.buck.util.ListeningProcessExecutor] Destroying process com.facebook.buck.util.ListeningProcessExecutor$LaunchedProcessImpl@72b217d9 (force true)
[2017-10-04 15:08:13.159][debug][command:null][tid:26][com.facebook.buck.util.environment.MacNetworkConfiguration] Determine active state of media for device
[2017-10-04 15:08:13.159][debug][command:null][tid:26][com.facebook.buck.util.environment.MacNetworkConfiguration] Determine active state of media for device
[2017-10-04 15:08:13.162][debug][command:null][tid:26][com.facebook.buck.util.ListeningProcessExecutor] Launching process with params ProcessExecutorParams{command=[networksetup, -getMedia, en8]}
[2017-10-04 15:08:13.162][debug][command:null][tid:26][com.facebook.buck.util.ListeningProcessExecutor] Launching process with params ProcessExecutorParams{command=[networksetup, -getMedia, en8]}
[2017-10-04 15:08:13.163][debug][command:null][tid:26][com.facebook.buck.util.ListeningProcessExecutor] Successfully launched process com.zaxxer.nuprocess.osx.OsxProcess@4b4338a1
[2017-10-04 15:08:13.163][debug][command:null][tid:26][com.facebook.buck.util.ListeningProcessExecutor] Successfully launched process com.zaxxer.nuprocess.osx.OsxProcess@4b4338a1
[2017-10-04 15:08:13.165][debug][command:null][tid:26][com.facebook.buck.util.ListeningProcessExecutor] Waiting for process com.facebook.buck.util.ListeningProcessExecutor$LaunchedProcessImpl@4613c1d6 timeout 1000 MILLISECONDS
[2017-10-04 15:08:13.165][debug][command:null][tid:26][com.facebook.buck.util.ListeningProcessExecutor] Waiting for process com.facebook.buck.util.ListeningProcessExecutor$LaunchedProcessImpl@4613c1d6 timeout 1000 MILLISECONDS
[2017-10-04 15:08:13.168][debug][command:dcb7d9ee-2759-4440-8b1c-b044bb1dfd00][tid:01][com.facebook.buck.parser.DaemonicParserState] Starting to invalidate caches for /Users/kieranlafferty/Desktop/BuckTest..
[2017-10-04 15:08:13.169][debug][command:dcb7d9ee-2759-4440-8b1c-b044bb1dfd00][tid:01][com.facebook.buck.parser.DaemonicParserState] Cell caches were empty, no data invalidated.
[2017-10-04 15:08:13.199][debug][command:dcb7d9ee-2759-4440-8b1c-b044bb1dfd00][tid:32][com.facebook.buck.io.ExecutableFinder] Executable 'python2' mapped to 'Optional.empty'
[2017-10-04 15:08:13.201][debug][command:dcb7d9ee-2759-4440-8b1c-b044bb1dfd00][tid:32][com.facebook.buck.io.ExecutableFinder] Executable 'python' mapped to 'Optional[/usr/bin/python]'
[2017-10-04 15:08:13.206][debug][command:null][tid:26][com.facebook.buck.util.ListeningProcessExecutor] Wait for process returned 4
[2017-10-04 15:08:13.206][debug][command:null][tid:26][com.facebook.buck.util.ListeningProcessExecutor] Wait for process returned 4
[2017-10-04 15:08:13.206][debug][command:null][tid:26][com.facebook.buck.util.ListeningProcessExecutor] Destroying process com.facebook.buck.util.ListeningProcessExecutor$LaunchedProcessImpl@4613c1d6 (force true)
[2017-10-04 15:08:13.206][debug][command:null][tid:26][com.facebook.buck.util.ListeningProcessExecutor] Destroying process com.facebook.buck.util.ListeningProcessExecutor$LaunchedProcessImpl@4613c1d6 (force true)
[2017-10-04 15:08:13.207][debug][command:null][tid:26][com.facebook.buck.util.environment.MacNetworkConfiguration] Determine active state of media for device
[2017-10-04 15:08:13.207][debug][command:null][tid:26][com.facebook.buck.util.environment.MacNetworkConfiguration] Determine active state of media for device
[2017-10-04 15:08:13.207][debug][command:null][tid:26][com.facebook.buck.util.ListeningProcessExecutor] Launching process with params ProcessExecutorParams{command=[networksetup, -getMedia, en9]}
[2017-10-04 15:08:13.207][debug][command:null][tid:26][com.facebook.buck.util.ListeningProcessExecutor] Launching process with params ProcessExecutorParams{command=[networksetup, -getMedia, en9]}
[2017-10-04 15:08:13.209][debug][command:null][tid:26][com.facebook.buck.util.ListeningProcessExecutor] Successfully launched process com.zaxxer.nuprocess.osx.OsxProcess@54b23909
[2017-10-04 15:08:13.209][debug][command:null][tid:26][com.facebook.buck.util.ListeningProcessExecutor] Successfully launched process com.zaxxer.nuprocess.osx.OsxProcess@54b23909
[2017-10-04 15:08:13.211][debug][command:null][tid:26][com.facebook.buck.util.ListeningProcessExecutor] Waiting for process com.facebook.buck.util.ListeningProcessExecutor$LaunchedProcessImpl@36dce099 timeout 1000 MILLISECONDS
[2017-10-04 15:08:13.211][debug][command:null][tid:26][com.facebook.buck.util.ListeningProcessExecutor] Waiting for process com.facebook.buck.util.ListeningProcessExecutor$LaunchedProcessImpl@36dce099 timeout 1000 MILLISECONDS
[2017-10-04 15:08:13.248][debug][command:dcb7d9ee-2759-4440-8b1c-b044bb1dfd00][tid:32][com.facebook.buck.apple.AppleCxxPlatforms] SDK AppleSdk{name=appletvos11.0, version=11.0, applePlatform=ApplePlatform{name=appletvos, provisioningProfileName=tvOS, architectures=[arm64], minVersionFlagPrefix=-mtvos-version-min=, appIncludesFrameworks=false}, architectures=[arm64], toolchains=[AppleToolchain{identifier=com.apple.dt.toolchain.XcodeDefault, path=/Applications/Xcode.app/Contents/Developer/Toolchains/XcodeDefault.xctoolchain}]} using default version 11.0
[2017-10-04 15:08:13.257][debug][command:null][tid:26][com.facebook.buck.util.ListeningProcessExecutor] Wait for process returned 4
[2017-10-04 15:08:13.257][debug][command:null][tid:26][com.facebook.buck.util.ListeningProcessExecutor] Wait for process returned 4
[2017-10-04 15:08:13.258][debug][command:null][tid:26][com.facebook.buck.util.ListeningProcessExecutor] Destroying process com.facebook.buck.util.ListeningProcessExecutor$LaunchedProcessImpl@36dce099 (force true)
[2017-10-04 15:08:13.258][debug][command:null][tid:26][com.facebook.buck.util.ListeningProcessExecutor] Destroying process com.facebook.buck.util.ListeningProcessExecutor$LaunchedProcessImpl@36dce099 (force true)
[2017-10-04 15:08:13.258][debug][command:null][tid:26][com.facebook.buck.util.environment.MacNetworkConfiguration] Determine active state of media for device
[2017-10-04 15:08:13.258][debug][command:null][tid:26][com.facebook.buck.util.environment.MacNetworkConfiguration] Determine active state of media for device
[2017-10-04 15:08:13.258][debug][command:null][tid:26][com.facebook.buck.util.ListeningProcessExecutor] Launching process with params ProcessExecutorParams{command=[networksetup, -getMedia, en12]}
[2017-10-04 15:08:13.258][debug][command:null][tid:26][com.facebook.buck.util.ListeningProcessExecutor] Launching process with params ProcessExecutorParams{command=[networksetup, -getMedia, en12]}
[2017-10-04 15:08:13.260][debug][command:dcb7d9ee-2759-4440-8b1c-b044bb1dfd00][tid:32][com.facebook.buck.apple.AppleCxxPlatforms] Xcode build version is: 9A235
[2017-10-04 15:08:13.262][debug][command:null][tid:26][com.facebook.buck.util.ListeningProcessExecutor] Successfully launched process com.zaxxer.nuprocess.osx.OsxProcess@640850d3
[2017-10-04 15:08:13.262][debug][command:null][tid:26][com.facebook.buck.util.ListeningProcessExecutor] Successfully launched process com.zaxxer.nuprocess.osx.OsxProcess@640850d3
[2017-10-04 15:08:13.264][debug][command:null][tid:26][com.facebook.buck.util.ListeningProcessExecutor] Waiting for process com.facebook.buck.util.ListeningProcessExecutor$LaunchedProcessImpl@3ccd30f5 timeout 1000 MILLISECONDS
[2017-10-04 15:08:13.264][debug][command:null][tid:26][com.facebook.buck.util.ListeningProcessExecutor] Waiting for process com.facebook.buck.util.ListeningProcessExecutor$LaunchedProcessImpl@3ccd30f5 timeout 1000 MILLISECONDS
[2017-10-04 15:08:13.301][debug][command:dcb7d9ee-2759-4440-8b1c-b044bb1dfd00][tid:32][com.facebook.buck.apple.AppleCxxPlatforms] Apple toolchain path: /Applications/Xcode.app/Contents/Developer/Toolchains/XcodeDefault.xctoolchain
[2017-10-04 15:08:13.307][debug][command:null][tid:26][com.facebook.buck.util.ListeningProcessExecutor] Wait for process returned 4
[2017-10-04 15:08:13.307][debug][command:null][tid:26][com.facebook.buck.util.ListeningProcessExecutor] Wait for process returned 4
[2017-10-04 15:08:13.307][debug][command:null][tid:26][com.facebook.buck.util.ListeningProcessExecutor] Destroying process com.facebook.buck.util.ListeningProcessExecutor$LaunchedProcessImpl@3ccd30f5 (force true)
[2017-10-04 15:08:13.307][debug][command:null][tid:26][com.facebook.buck.util.ListeningProcessExecutor] Destroying process com.facebook.buck.util.ListeningProcessExecutor$LaunchedProcessImpl@3ccd30f5 (force true)
[2017-10-04 15:08:13.307][debug][command:null][tid:26][com.facebook.buck.util.environment.MacNetworkConfiguration] Determine active state of media for device
[2017-10-04 15:08:13.307][debug][command:null][tid:26][com.facebook.buck.util.environment.MacNetworkConfiguration] Determine active state of media for device
[2017-10-04 15:08:13.308][debug][command:null][tid:26][com.facebook.buck.util.ListeningProcessExecutor] Launching process with params ProcessExecutorParams{command=[networksetup, -getMedia, en10]}
[2017-10-04 15:08:13.308][debug][command:null][tid:26][com.facebook.buck.util.ListeningProcessExecutor] Launching process with params ProcessExecutorParams{command=[networksetup, -getMedia, en10]}
[2017-10-04 15:08:13.310][debug][command:dcb7d9ee-2759-4440-8b1c-b044bb1dfd00][tid:32][com.facebook.buck.apple.AppleCxxPlatforms] Headers verification platform whitelist: [^\Q/Applications/Xcode.app/Contents/Developer/Platforms/AppleTVOS.platform/Developer/Library/Frameworks\E\/.*, ^\Q/Applications/Xcode.app/Contents/Developer/Platforms/AppleTVOS.platform/Developer/SDKs/AppleTVOS.sdk\E\/.*, ^\Q/Applications/Xcode.app/Contents/Developer/Toolchains/XcodeDefault.xctoolchain\E\/.*]
[2017-10-04 15:08:13.312][debug][command:null][tid:26][com.facebook.buck.util.ListeningProcessExecutor] Successfully launched process com.zaxxer.nuprocess.osx.OsxProcess@79722c14
[2017-10-04 15:08:13.312][debug][command:null][tid:26][com.facebook.buck.util.ListeningProcessExecutor] Successfully launched process com.zaxxer.nuprocess.osx.OsxProcess@79722c14
[2017-10-04 15:08:13.314][debug][command:null][tid:26][com.facebook.buck.util.ListeningProcessExecutor] Waiting for process com.facebook.buck.util.ListeningProcessExecutor$LaunchedProcessImpl@287bd38b timeout 1000 MILLISECONDS
[2017-10-04 15:08:13.314][debug][command:null][tid:26][com.facebook.buck.util.ListeningProcessExecutor] Waiting for process com.facebook.buck.util.ListeningProcessExecutor$LaunchedProcessImpl@287bd38b timeout 1000 MILLISECONDS
[2017-10-04 15:08:13.349][debug][command:dcb7d9ee-2759-4440-8b1c-b044bb1dfd00][tid:32][com.facebook.buck.apple.AppleCxxPlatforms] SDK AppleSdk{name=appletvsimulator11.0, version=11.0, applePlatform=ApplePlatform{name=appletvsimulator, swiftName=tvos, architectures=[x86_64], minVersionFlagPrefix=-mtvos-simulator-version-min=, appIncludesFrameworks=false}, architectures=[x86_64], toolchains=[AppleToolchain{identifier=com.apple.dt.toolchain.XcodeDefault, path=/Applications/Xcode.app/Contents/Developer/Toolchains/XcodeDefault.xctoolchain}]} using default version 11.0
[2017-10-04 15:08:13.351][debug][command:dcb7d9ee-2759-4440-8b1c-b044bb1dfd00][tid:32][com.facebook.buck.apple.AppleCxxPlatforms] Xcode build version is: 9A235
[2017-10-04 15:08:13.352][debug][command:null][tid:26][com.facebook.buck.util.ListeningProcessExecutor] Wait for process returned 4
[2017-10-04 15:08:13.352][debug][command:null][tid:26][com.facebook.buck.util.ListeningProcessExecutor] Wait for process returned 4
[2017-10-04 15:08:13.352][debug][command:null][tid:26][com.facebook.buck.util.ListeningProcessExecutor] Destroying process com.facebook.buck.util.ListeningProcessExecutor$LaunchedProcessImpl@287bd38b (force true)
[2017-10-04 15:08:13.352][debug][command:null][tid:26][com.facebook.buck.util.ListeningProcessExecutor] Destroying process com.facebook.buck.util.ListeningProcessExecutor$LaunchedProcessImpl@287bd38b (force true)
[2017-10-04 15:08:13.352][debug][command:null][tid:26][com.facebook.buck.util.environment.MacNetworkConfiguration] Determine active state of media for device
[2017-10-04 15:08:13.352][debug][command:null][tid:26][com.facebook.buck.util.environment.MacNetworkConfiguration] Determine active state of media for device
[2017-10-04 15:08:13.352][debug][command:null][tid:26][com.facebook.buck.util.ListeningProcessExecutor] Launching process with params ProcessExecutorParams{command=[networksetup, -getMedia, fw0]}
[2017-10-04 15:08:13.352][debug][command:null][tid:26][com.facebook.buck.util.ListeningProcessExecutor] Launching process with params ProcessExecutorParams{command=[networksetup, -getMedia, fw0]}
[2017-10-04 15:08:13.354][debug][command:null][tid:26][com.facebook.buck.util.ListeningProcessExecutor] Successfully launched process com.zaxxer.nuprocess.osx.OsxProcess@ed3809f
[2017-10-04 15:08:13.354][debug][command:null][tid:26][com.facebook.buck.util.ListeningProcessExecutor] Successfully launched process com.zaxxer.nuprocess.osx.OsxProcess@ed3809f
[2017-10-04 15:08:13.355][warn ][command:dcb7d9ee-2759-4440-8b1c-b044bb1dfd00][tid:32][com.facebook.buck.apple.AppleCxxPlatforms] /Applications/Xcode.app/Contents/Developer/Platforms/AppleTVSimulator.platform/version.plist does not exist. Build version will be unset for this platform.
[2017-10-04 15:08:13.355][debug][command:dcb7d9ee-2759-4440-8b1c-b044bb1dfd00][tid:32][com.facebook.buck.apple.AppleCxxPlatforms] Apple toolchain path: /Applications/Xcode.app/Contents/Developer/Toolchains/XcodeDefault.xctoolchain
[2017-10-04 15:08:13.355][debug][command:null][tid:26][com.facebook.buck.util.ListeningProcessExecutor] Waiting for process com.facebook.buck.util.ListeningProcessExecutor$LaunchedProcessImpl@5b4c4328 timeout 1000 MILLISECONDS
[2017-10-04 15:08:13.355][debug][command:null][tid:26][com.facebook.buck.util.ListeningProcessExecutor] Waiting for process com.facebook.buck.util.ListeningProcessExecutor$LaunchedProcessImpl@5b4c4328 timeout 1000 MILLISECONDS
[2017-10-04 15:08:13.356][debug][command:dcb7d9ee-2759-4440-8b1c-b044bb1dfd00][tid:32][com.facebook.buck.apple.AppleCxxPlatforms] Headers verification platform whitelist: [^\Q/Applications/Xcode.app/Contents/Developer/Platforms/AppleTVSimulator.platform/Developer/Library/Frameworks\E\/.*, ^\Q/Applications/Xcode.app/Contents/Developer/Platforms/AppleTVSimulator.platform/Developer/SDKs/AppleTVSimulator.sdk\E\/.*, ^\Q/Applications/Xcode.app/Contents/Developer/Toolchains/XcodeDefault.xctoolchain\E\/.*]
[2017-10-04 15:08:13.358][debug][command:dcb7d9ee-2759-4440-8b1c-b044bb1dfd00][tid:32][com.facebook.buck.apple.AppleCxxPlatforms] SDK AppleSdk{name=iphoneos11.0, version=11.0, applePlatform=ApplePlatform{name=iphoneos, swiftName=ios, provisioningProfileName=iOS, architectures=[armv7, arm64], minVersionFlagPrefix=-mios-version-min=, stubBinaryPath=Library/Application Support/WatchKit/WK, appIncludesFrameworks=false}, architectures=[armv7, arm64], toolchains=[AppleToolchain{identifier=com.apple.dt.toolchain.XcodeDefault, path=/Applications/Xcode.app/Contents/Developer/Toolchains/XcodeDefault.xctoolchain}]} using default version 10.0
[2017-10-04 15:08:13.360][debug][command:dcb7d9ee-2759-4440-8b1c-b044bb1dfd00][tid:32][com.facebook.buck.apple.AppleCxxPlatforms] Xcode build version is: 9A235
[2017-10-04 15:08:13.364][debug][command:dcb7d9ee-2759-4440-8b1c-b044bb1dfd00][tid:32][com.facebook.buck.apple.AppleCxxPlatforms] Apple toolchain path: /Applications/Xcode.app/Contents/Developer/Toolchains/XcodeDefault.xctoolchain
[2017-10-04 15:08:13.365][debug][command:dcb7d9ee-2759-4440-8b1c-b044bb1dfd00][tid:32][com.facebook.buck.apple.AppleCxxPlatforms] Headers verification platform whitelist: [^\Q/Applications/Xcode.app/Contents/Developer/Platforms/iPhoneOS.platform/Developer/Library/Frameworks\E\/.*, ^\Q/Applications/Xcode.app/Contents/Developer/Platforms/iPhoneOS.platform/Developer/SDKs/iPhoneOS.sdk\E\/.*, ^\Q/Applications/Xcode.app/Contents/Developer/Toolchains/XcodeDefault.xctoolchain\E\/.*]
[2017-10-04 15:08:13.367][debug][command:dcb7d9ee-2759-4440-8b1c-b044bb1dfd00][tid:32][com.facebook.buck.apple.AppleCxxPlatforms] Xcode build version is: 9A235
[2017-10-04 15:08:13.372][debug][command:dcb7d9ee-2759-4440-8b1c-b044bb1dfd00][tid:32][com.facebook.buck.apple.AppleCxxPlatforms] Apple toolchain path: /Applications/Xcode.app/Contents/Developer/Toolchains/XcodeDefault.xctoolchain
[2017-10-04 15:08:13.372][debug][command:dcb7d9ee-2759-4440-8b1c-b044bb1dfd00][tid:32][com.facebook.buck.apple.AppleCxxPlatforms] Headers verification platform whitelist: [^\Q/Applications/Xcode.app/Contents/Developer/Platforms/iPhoneOS.platform/Developer/Library/Frameworks\E\/.*, ^\Q/Applications/Xcode.app/Contents/Developer/Platforms/iPhoneOS.platform/Developer/SDKs/iPhoneOS.sdk\E\/.*, ^\Q/Applications/Xcode.app/Contents/Developer/Toolchains/XcodeDefault.xctoolchain\E\/.*]
[2017-10-04 15:08:13.374][debug][command:dcb7d9ee-2759-4440-8b1c-b044bb1dfd00][tid:32][com.facebook.buck.apple.AppleCxxPlatforms] SDK AppleSdk{name=iphonesimulator11.0, version=11.0, applePlatform=ApplePlatform{name=iphonesimulator, swiftName=ios, architectures=[i386, x86_64], minVersionFlagPrefix=-mios-simulator-version-min=, stubBinaryPath=Library/Application Support/WatchKit/WK, appIncludesFrameworks=false}, architectures=[i386, x86_64], toolchains=[AppleToolchain{identifier=com.apple.dt.toolchain.XcodeDefault, path=/Applications/Xcode.app/Contents/Developer/Toolchains/XcodeDefault.xctoolchain}]} using default version 10.0
[2017-10-04 15:08:13.376][debug][command:dcb7d9ee-2759-4440-8b1c-b044bb1dfd00][tid:32][com.facebook.buck.apple.AppleCxxPlatforms] Xcode build version is: 9A235
[2017-10-04 15:08:13.379][warn ][command:dcb7d9ee-2759-4440-8b1c-b044bb1dfd00][tid:32][com.facebook.buck.apple.AppleCxxPlatforms] /Applications/Xcode.app/Contents/Developer/Platforms/iPhoneSimulator.platform/version.plist does not exist. Build version will be unset for this platform.
[2017-10-04 15:08:13.379][debug][command:dcb7d9ee-2759-4440-8b1c-b044bb1dfd00][tid:32][com.facebook.buck.apple.AppleCxxPlatforms] Apple toolchain path: /Applications/Xcode.app/Contents/Developer/Toolchains/XcodeDefault.xctoolchain
[2017-10-04 15:08:13.380][debug][command:dcb7d9ee-2759-4440-8b1c-b044bb1dfd00][tid:32][com.facebook.buck.apple.AppleCxxPlatforms] Headers verification platform whitelist: [^\Q/Applications/Xcode.app/Contents/Developer/Platforms/iPhoneSimulator.platform/Developer/Library/Frameworks\E\/.*, ^\Q/Applications/Xcode.app/Contents/Developer/Platforms/iPhoneSimulator.platform/Developer/SDKs/iPhoneSimulator.sdk\E\/.*, ^\Q/Applications/Xcode.app/Contents/Developer/Toolchains/XcodeDefault.xctoolchain\E\/.*]
[2017-10-04 15:08:13.382][debug][command:dcb7d9ee-2759-4440-8b1c-b044bb1dfd00][tid:32][com.facebook.buck.apple.AppleCxxPlatforms] Xcode build version is: 9A235
[2017-10-04 15:08:13.385][warn ][command:dcb7d9ee-2759-4440-8b1c-b044bb1dfd00][tid:32][com.facebook.buck.apple.AppleCxxPlatforms] /Applications/Xcode.app/Contents/Developer/Platforms/iPhoneSimulator.platform/version.plist does not exist. Build version will be unset for this platform.
[2017-10-04 15:08:13.385][debug][command:dcb7d9ee-2759-4440-8b1c-b044bb1dfd00][tid:32][com.facebook.buck.apple.AppleCxxPlatforms] Apple toolchain path: /Applications/Xcode.app/Contents/Developer/Toolchains/XcodeDefault.xctoolchain
[2017-10-04 15:08:13.385][debug][command:dcb7d9ee-2759-4440-8b1c-b044bb1dfd00][tid:32][com.facebook.buck.apple.AppleCxxPlatforms] Headers verification platform whitelist: [^\Q/Applications/Xcode.app/Contents/Developer/Platforms/iPhoneSimulator.platform/Developer/Library/Frameworks\E\/.*, ^\Q/Applications/Xcode.app/Contents/Developer/Platforms/iPhoneSimulator.platform/Developer/SDKs/iPhoneSimulator.sdk\E\/.*, ^\Q/Applications/Xcode.app/Contents/Developer/Toolchains/XcodeDefault.xctoolchain\E\/.*]
[2017-10-04 15:08:13.386][debug][command:dcb7d9ee-2759-4440-8b1c-b044bb1dfd00][tid:32][com.facebook.buck.apple.AppleCxxPlatforms] SDK AppleSdk{name=macosx10.13, version=10.13, applePlatform=ApplePlatform{name=macosx, architectures=[i386, x86_64], minVersionFlagPrefix=-mmacosx-version-min=, appIncludesFrameworks=true}, architectures=[i386, x86_64], toolchains=[AppleToolchain{identifier=com.apple.dt.toolchain.XcodeDefault, path=/Applications/Xcode.app/Contents/Developer/Toolchains/XcodeDefault.xctoolchain}]} using default version 10.13
[2017-10-04 15:08:13.388][debug][command:dcb7d9ee-2759-4440-8b1c-b044bb1dfd00][tid:32][com.facebook.buck.apple.AppleCxxPlatforms] Xcode build version is: 9A235
[2017-10-04 15:08:13.392][warn ][command:dcb7d9ee-2759-4440-8b1c-b044bb1dfd00][tid:32][com.facebook.buck.apple.AppleCxxPlatforms] In /Applications/Xcode.app/Contents/Developer/Platforms/MacOSX.platform/version.plist, missing ProductBuildVersion. Build version will be unset for this platform.
[2017-10-04 15:08:13.393][debug][command:dcb7d9ee-2759-4440-8b1c-b044bb1dfd00][tid:32][com.facebook.buck.apple.AppleCxxPlatforms] Apple toolchain path: /Applications/Xcode.app/Contents/Developer/Toolchains/XcodeDefault.xctoolchain
[2017-10-04 15:08:13.393][debug][command:dcb7d9ee-2759-4440-8b1c-b044bb1dfd00][tid:32][com.facebook.buck.apple.AppleCxxPlatforms] Headers verification platform whitelist: [^\Q/Applications/Xcode.app/Contents/Developer/Platforms/MacOSX.platform/Developer/Library/Frameworks\E\/.*, ^\Q/Applications/Xcode.app/Contents/Developer/Platforms/MacOSX.platform/Developer/SDKs/MacOSX.sdk\E\/.*, ^\Q/Applications/Xcode.app/Contents/Developer/Toolchains/XcodeDefault.xctoolchain\E\/.*]
[2017-10-04 15:08:13.396][debug][command:null][tid:26][com.facebook.buck.util.ListeningProcessExecutor] Wait for process returned 4
[2017-10-04 15:08:13.396][debug][command:null][tid:26][com.facebook.buck.util.ListeningProcessExecutor] Wait for process returned 4
[2017-10-04 15:08:13.396][debug][command:null][tid:26][com.facebook.buck.util.ListeningProcessExecutor] Destroying process com.facebook.buck.util.ListeningProcessExecutor$LaunchedProcessImpl@5b4c4328 (force true)
[2017-10-04 15:08:13.396][debug][command:null][tid:26][com.facebook.buck.util.ListeningProcessExecutor] Destroying process com.facebook.buck.util.ListeningProcessExecutor$LaunchedProcessImpl@5b4c4328 (force true)
[2017-10-04 15:08:13.396][debug][command:null][tid:26][com.facebook.buck.util.environment.MacNetworkConfiguration] Determine active state of media for device
[2017-10-04 15:08:13.396][debug][command:null][tid:26][com.facebook.buck.util.environment.MacNetworkConfiguration] Determine active state of media for device
[2017-10-04 15:08:13.396][debug][command:null][tid:26][com.facebook.buck.util.ListeningProcessExecutor] Launching process with params ProcessExecutorParams{command=[networksetup, -getMedia, en0]}
[2017-10-04 15:08:13.396][debug][command:null][tid:26][com.facebook.buck.util.ListeningProcessExecutor] Launching process with params ProcessExecutorParams{command=[networksetup, -getMedia, en0]}
[2017-10-04 15:08:13.396][debug][command:dcb7d9ee-2759-4440-8b1c-b044bb1dfd00][tid:32][com.facebook.buck.apple.AppleCxxPlatforms] Xcode build version is: 9A235
[2017-10-04 15:08:13.398][debug][command:null][tid:26][com.facebook.buck.util.ListeningProcessExecutor] Successfully launched process com.zaxxer.nuprocess.osx.OsxProcess@33b6d6d9
[2017-10-04 15:08:13.398][debug][command:null][tid:26][com.facebook.buck.util.ListeningProcessExecutor] Successfully launched process com.zaxxer.nuprocess.osx.OsxProcess@33b6d6d9
[2017-10-04 15:08:13.400][debug][command:null][tid:26][com.facebook.buck.util.ListeningProcessExecutor] Waiting for process com.facebook.buck.util.ListeningProcessExecutor$LaunchedProcessImpl@57e21bec timeout 1000 MILLISECONDS
[2017-10-04 15:08:13.400][debug][command:null][tid:26][com.facebook.buck.util.ListeningProcessExecutor] Waiting for process com.facebook.buck.util.ListeningProcessExecutor$LaunchedProcessImpl@57e21bec timeout 1000 MILLISECONDS
[2017-10-04 15:08:13.400][warn ][command:dcb7d9ee-2759-4440-8b1c-b044bb1dfd00][tid:32][com.facebook.buck.apple.AppleCxxPlatforms] In /Applications/Xcode.app/Contents/Developer/Platforms/MacOSX.platform/version.plist, missing ProductBuildVersion. Build version will be unset for this platform.
[2017-10-04 15:08:13.400][debug][command:dcb7d9ee-2759-4440-8b1c-b044bb1dfd00][tid:32][com.facebook.buck.apple.AppleCxxPlatforms] Apple toolchain path: /Applications/Xcode.app/Contents/Developer/Toolchains/XcodeDefault.xctoolchain
[2017-10-04 15:08:13.400][debug][command:dcb7d9ee-2759-4440-8b1c-b044bb1dfd00][tid:32][com.facebook.buck.apple.AppleCxxPlatforms] Headers verification platform whitelist: [^\Q/Applications/Xcode.app/Contents/Developer/Platforms/MacOSX.platform/Developer/Library/Frameworks\E\/.*, ^\Q/Applications/Xcode.app/Contents/Developer/Platforms/MacOSX.platform/Developer/SDKs/MacOSX.sdk\E\/.*, ^\Q/Applications/Xcode.app/Contents/Developer/Toolchains/XcodeDefault.xctoolchain\E\/.*]
[2017-10-04 15:08:13.401][debug][command:dcb7d9ee-2759-4440-8b1c-b044bb1dfd00][tid:32][com.facebook.buck.apple.AppleCxxPlatforms] SDK AppleSdk{name=watchos4.0, version=4.0, applePlatform=ApplePlatform{name=watchos, provisioningProfileName=iOS, architectures=[armv7k], minVersionFlagPrefix=-mwatchos-version-min=, stubBinaryPath=Library/Application Support/WatchKit/WK, appIncludesFrameworks=false}, architectures=[armv7k], toolchains=[AppleToolchain{identifier=com.apple.dt.toolchain.XcodeDefault, path=/Applications/Xcode.app/Contents/Developer/Toolchains/XcodeDefault.xctoolchain}]} using default version 4.0
[2017-10-04 15:08:13.403][debug][command:dcb7d9ee-2759-4440-8b1c-b044bb1dfd00][tid:32][com.facebook.buck.apple.AppleCxxPlatforms] Xcode build version is: 9A235
[2017-10-04 15:08:13.407][debug][command:dcb7d9ee-2759-4440-8b1c-b044bb1dfd00][tid:32][com.facebook.buck.apple.AppleCxxPlatforms] Apple toolchain path: /Applications/Xcode.app/Contents/Developer/Toolchains/XcodeDefault.xctoolchain
[2017-10-04 15:08:13.408][debug][command:dcb7d9ee-2759-4440-8b1c-b044bb1dfd00][tid:32][com.facebook.buck.apple.AppleCxxPlatforms] Headers verification platform whitelist: [^\Q/Applications/Xcode.app/Contents/Developer/Platforms/WatchOS.platform/Developer/Library/Frameworks\E\/.*, ^\Q/Applications/Xcode.app/Contents/Developer/Platforms/WatchOS.platform/Developer/SDKs/WatchOS.sdk\E\/.*, ^\Q/Applications/Xcode.app/Contents/Developer/Toolchains/XcodeDefault.xctoolchain\E\/.*]
[2017-10-04 15:08:13.409][debug][command:dcb7d9ee-2759-4440-8b1c-b044bb1dfd00][tid:32][com.facebook.buck.apple.AppleCxxPlatforms] SDK AppleSdk{name=watchsimulator4.0, version=4.0, applePlatform=ApplePlatform{name=watchsimulator, architectures=[i386], minVersionFlagPrefix=-mwatchos-simulator-version-min=, stubBinaryPath=Library/Application Support/WatchKit/WK, appIncludesFrameworks=false}, architectures=[i386], toolchains=[AppleToolchain{identifier=com.apple.dt.toolchain.XcodeDefault, path=/Applications/Xcode.app/Contents/Developer/Toolchains/XcodeDefault.xctoolchain}]} using default version 4.0
[2017-10-04 15:08:13.411][debug][command:dcb7d9ee-2759-4440-8b1c-b044bb1dfd00][tid:32][com.facebook.buck.apple.AppleCxxPlatforms] Xcode build version is: 9A235
[2017-10-04 15:08:13.414][debug][command:dcb7d9ee-2759-4440-8b1c-b044bb1dfd00][tid:32][com.facebook.buck.apple.AppleCxxPlatforms] Apple toolchain path: /Applications/Xcode.app/Contents/Developer/Toolchains/XcodeDefault.xctoolchain
[2017-10-04 15:08:13.415][debug][command:dcb7d9ee-2759-4440-8b1c-b044bb1dfd00][tid:32][com.facebook.buck.apple.AppleCxxPlatforms] Headers verification platform whitelist: [^\Q/Applications/Xcode.app/Contents/Developer/Platforms/WatchSimulator.platform/Developer/Library/Frameworks\E\/.*, ^\Q/Applications/Xcode.app/Contents/Developer/Platforms/WatchSimulator.platform/Developer/SDKs/WatchSimulator.sdk\E\/.*, ^\Q/Applications/Xcode.app/Contents/Developer/Toolchains/XcodeDefault.xctoolchain\E\/.*]
[2017-10-04 15:08:13.416][debug][command:dcb7d9ee-2759-4440-8b1c-b044bb1dfd00][tid:32][com.facebook.buck.apple.AppleCxxPlatforms] SDK AppleSdk{name=appletvos, version=11.0, applePlatform=ApplePlatform{name=appletvos, provisioningProfileName=tvOS, architectures=[arm64], minVersionFlagPrefix=-mtvos-version-min=, appIncludesFrameworks=false}, architectures=[arm64], toolchains=[AppleToolchain{identifier=com.apple.dt.toolchain.XcodeDefault, path=/Applications/Xcode.app/Contents/Developer/Toolchains/XcodeDefault.xctoolchain}]} using default version 11.0
[2017-10-04 15:08:13.417][debug][command:dcb7d9ee-2759-4440-8b1c-b044bb1dfd00][tid:32][com.facebook.buck.apple.AppleCxxPlatforms] Xcode build version is: 9A235
[2017-10-04 15:08:13.421][debug][command:dcb7d9ee-2759-4440-8b1c-b044bb1dfd00][tid:32][com.facebook.buck.apple.AppleCxxPlatforms] Apple toolchain path: /Applications/Xcode.app/Contents/Developer/Toolchains/XcodeDefault.xctoolchain
[2017-10-04 15:08:13.422][debug][command:dcb7d9ee-2759-4440-8b1c-b044bb1dfd00][tid:32][com.facebook.buck.apple.AppleCxxPlatforms] Headers verification platform whitelist: [^\Q/Applications/Xcode.app/Contents/Developer/Platforms/AppleTVOS.platform/Developer/Library/Frameworks\E\/.*, ^\Q/Applications/Xcode.app/Contents/Developer/Platforms/AppleTVOS.platform/Developer/SDKs/AppleTVOS.sdk\E\/.*, ^\Q/Applications/Xcode.app/Contents/Developer/Toolchains/XcodeDefault.xctoolchain\E\/.*]
[2017-10-04 15:08:13.423][debug][command:dcb7d9ee-2759-4440-8b1c-b044bb1dfd00][tid:32][com.facebook.buck.apple.AppleCxxPlatforms] SDK AppleSdk{name=appletvsimulator, version=11.0, applePlatform=ApplePlatform{name=appletvsimulator, swiftName=tvos, architectures=[x86_64], minVersionFlagPrefix=-mtvos-simulator-version-min=, appIncludesFrameworks=false}, architectures=[x86_64], toolchains=[AppleToolchain{identifier=com.apple.dt.toolchain.XcodeDefault, path=/Applications/Xcode.app/Contents/Developer/Toolchains/XcodeDefault.xctoolchain}]} using default version 11.0
[2017-10-04 15:08:13.424][debug][command:dcb7d9ee-2759-4440-8b1c-b044bb1dfd00][tid:32][com.facebook.buck.apple.AppleCxxPlatforms] Xcode build version is: 9A235
[2017-10-04 15:08:13.425][warn ][command:dcb7d9ee-2759-4440-8b1c-b044bb1dfd00][tid:32][com.facebook.buck.apple.AppleCxxPlatforms] /Applications/Xcode.app/Contents/Developer/Platforms/AppleTVSimulator.platform/version.plist does not exist. Build version will be unset for this platform.
[2017-10-04 15:08:13.426][debug][command:dcb7d9ee-2759-4440-8b1c-b044bb1dfd00][tid:32][com.facebook.buck.apple.AppleCxxPlatforms] Apple toolchain path: /Applications/Xcode.app/Contents/Developer/Toolchains/XcodeDefault.xctoolchain
[2017-10-04 15:08:13.426][debug][command:dcb7d9ee-2759-4440-8b1c-b044bb1dfd00][tid:32][com.facebook.buck.apple.AppleCxxPlatforms] Headers verification platform whitelist: [^\Q/Applications/Xcode.app/Contents/Developer/Platforms/AppleTVSimulator.platform/Developer/Library/Frameworks\E\/.*, ^\Q/Applications/Xcode.app/Contents/Developer/Platforms/AppleTVSimulator.platform/Developer/SDKs/AppleTVSimulator.sdk\E\/.*, ^\Q/Applications/Xcode.app/Contents/Developer/Toolchains/XcodeDefault.xctoolchain\E\/.*]
[2017-10-04 15:08:13.427][debug][command:dcb7d9ee-2759-4440-8b1c-b044bb1dfd00][tid:32][com.facebook.buck.apple.AppleCxxPlatforms] SDK AppleSdk{name=iphoneos, version=11.0, applePlatform=ApplePlatform{name=iphoneos, swiftName=ios, provisioningProfileName=iOS, architectures=[armv7, arm64], minVersionFlagPrefix=-mios-version-min=, stubBinaryPath=Library/Application Support/WatchKit/WK, appIncludesFrameworks=false}, architectures=[armv7, arm64], toolchains=[AppleToolchain{identifier=com.apple.dt.toolchain.XcodeDefault, path=/Applications/Xcode.app/Contents/Developer/Toolchains/XcodeDefault.xctoolchain}]} using default version 10.0
[2017-10-04 15:08:13.428][debug][command:dcb7d9ee-2759-4440-8b1c-b044bb1dfd00][tid:32][com.facebook.buck.apple.AppleCxxPlatforms] Xcode build version is: 9A235
[2017-10-04 15:08:13.432][debug][command:dcb7d9ee-2759-4440-8b1c-b044bb1dfd00][tid:32][com.facebook.buck.apple.AppleCxxPlatforms] Apple toolchain path: /Applications/Xcode.app/Contents/Developer/Toolchains/XcodeDefault.xctoolchain
[2017-10-04 15:08:13.432][debug][command:dcb7d9ee-2759-4440-8b1c-b044bb1dfd00][tid:32][com.facebook.buck.apple.AppleCxxPlatforms] Headers verification platform whitelist: [^\Q/Applications/Xcode.app/Contents/Developer/Platforms/iPhoneOS.platform/Developer/Library/Frameworks\E\/.*, ^\Q/Applications/Xcode.app/Contents/Developer/Platforms/iPhoneOS.platform/Developer/SDKs/iPhoneOS.sdk\E\/.*, ^\Q/Applications/Xcode.app/Contents/Developer/Toolchains/XcodeDefault.xctoolchain\E\/.*]
[2017-10-04 15:08:13.435][debug][command:dcb7d9ee-2759-4440-8b1c-b044bb1dfd00][tid:32][com.facebook.buck.apple.AppleCxxPlatforms] Xcode build version is: 9A235
[2017-10-04 15:08:13.439][debug][command:dcb7d9ee-2759-4440-8b1c-b044bb1dfd00][tid:32][com.facebook.buck.apple.AppleCxxPlatforms] Apple toolchain path: /Applications/Xcode.app/Contents/Developer/Toolchains/XcodeDefault.xctoolchain
[2017-10-04 15:08:13.440][debug][command:dcb7d9ee-2759-4440-8b1c-b044bb1dfd00][tid:32][com.facebook.buck.apple.AppleCxxPlatforms] Headers verification platform whitelist: [^\Q/Applications/Xcode.app/Contents/Developer/Platforms/iPhoneOS.platform/Developer/Library/Frameworks\E\/.*, ^\Q/Applications/Xcode.app/Contents/Developer/Platforms/iPhoneOS.platform/Developer/SDKs/iPhoneOS.sdk\E\/.*, ^\Q/Applications/Xcode.app/Contents/Developer/Toolchains/XcodeDefault.xctoolchain\E\/.*]
[2017-10-04 15:08:13.441][debug][command:null][tid:26][com.facebook.buck.util.ListeningProcessExecutor] Wait for process returned 0
[2017-10-04 15:08:13.441][debug][command:null][tid:26][com.facebook.buck.util.ListeningProcessExecutor] Wait for process returned 0
[2017-10-04 15:08:13.441][debug][command:null][tid:26][com.facebook.buck.util.ListeningProcessExecutor] Destroying process com.facebook.buck.util.ListeningProcessExecutor$LaunchedProcessImpl@57e21bec (force true)
[2017-10-04 15:08:13.441][debug][command:null][tid:26][com.facebook.buck.util.ListeningProcessExecutor] Destroying process com.facebook.buck.util.ListeningProcessExecutor$LaunchedProcessImpl@57e21bec (force true)
[2017-10-04 15:08:13.441][debug][command:dcb7d9ee-2759-4440-8b1c-b044bb1dfd00][tid:32][com.facebook.buck.apple.AppleCxxPlatforms] SDK AppleSdk{name=iphonesimulator, version=11.0, applePlatform=ApplePlatform{name=iphonesimulator, swiftName=ios, architectures=[i386, x86_64], minVersionFlagPrefix=-mios-simulator-version-min=, stubBinaryPath=Library/Application Support/WatchKit/WK, appIncludesFrameworks=false}, architectures=[i386, x86_64], toolchains=[AppleToolchain{identifier=com.apple.dt.toolchain.XcodeDefault, path=/Applications/Xcode.app/Contents/Developer/Toolchains/XcodeDefault.xctoolchain}]} using default version 10.0
[2017-10-04 15:08:13.441][debug][command:null][tid:26][com.facebook.buck.util.environment.MacNetworkConfiguration] Determine WiFi SSID of device
[2017-10-04 15:08:13.441][debug][command:null][tid:26][com.facebook.buck.util.environment.MacNetworkConfiguration] Determine WiFi SSID of device
[2017-10-04 15:08:13.441][debug][command:null][tid:26][com.facebook.buck.util.ListeningProcessExecutor] Launching process with params ProcessExecutorParams{command=[networksetup, -getairportnetwork, en0]}
[2017-10-04 15:08:13.441][debug][command:null][tid:26][com.facebook.buck.util.ListeningProcessExecutor] Launching process with params ProcessExecutorParams{command=[networksetup, -getairportnetwork, en0]}
[2017-10-04 15:08:13.443][debug][command:dcb7d9ee-2759-4440-8b1c-b044bb1dfd00][tid:32][com.facebook.buck.apple.AppleCxxPlatforms] Xcode build version is: 9A235
[2017-10-04 15:08:13.443][debug][command:null][tid:26][com.facebook.buck.util.ListeningProcessExecutor] Successfully launched process com.zaxxer.nuprocess.osx.OsxProcess@6e8e573b
[2017-10-04 15:08:13.443][debug][command:null][tid:26][com.facebook.buck.util.ListeningProcessExecutor] Successfully launched process com.zaxxer.nuprocess.osx.OsxProcess@6e8e573b
[2017-10-04 15:08:13.445][debug][command:null][tid:26][com.facebook.buck.util.ListeningProcessExecutor] Waiting for process com.facebook.buck.util.ListeningProcessExecutor$LaunchedProcessImpl@6b8b542d timeout 1000 MILLISECONDS
[2017-10-04 15:08:13.445][debug][command:null][tid:26][com.facebook.buck.util.ListeningProcessExecutor] Waiting for process com.facebook.buck.util.ListeningProcessExecutor$LaunchedProcessImpl@6b8b542d timeout 1000 MILLISECONDS
[2017-10-04 15:08:13.445][warn ][command:dcb7d9ee-2759-4440-8b1c-b044bb1dfd00][tid:32][com.facebook.buck.apple.AppleCxxPlatforms] /Applications/Xcode.app/Contents/Developer/Platforms/iPhoneSimulator.platform/version.plist does not exist. Build version will be unset for this platform.
[2017-10-04 15:08:13.445][debug][command:dcb7d9ee-2759-4440-8b1c-b044bb1dfd00][tid:32][com.facebook.buck.apple.AppleCxxPlatforms] Apple toolchain path: /Applications/Xcode.app/Contents/Developer/Toolchains/XcodeDefault.xctoolchain
[2017-10-04 15:08:13.446][debug][command:dcb7d9ee-2759-4440-8b1c-b044bb1dfd00][tid:32][com.facebook.buck.apple.AppleCxxPlatforms] Headers verification platform whitelist: [^\Q/Applications/Xcode.app/Contents/Developer/Platforms/iPhoneSimulator.platform/Developer/Library/Frameworks\E\/.*, ^\Q/Applications/Xcode.app/Contents/Developer/Platforms/iPhoneSimulator.platform/Developer/SDKs/iPhoneSimulator.sdk\E\/.*, ^\Q/Applications/Xcode.app/Contents/Developer/Toolchains/XcodeDefault.xctoolchain\E\/.*]
[2017-10-04 15:08:13.449][debug][command:dcb7d9ee-2759-4440-8b1c-b044bb1dfd00][tid:32][com.facebook.buck.apple.AppleCxxPlatforms] Xcode build version is: 9A235
[2017-10-04 15:08:13.450][warn ][command:dcb7d9ee-2759-4440-8b1c-b044bb1dfd00][tid:32][com.facebook.buck.apple.AppleCxxPlatforms] /Applications/Xcode.app/Contents/Developer/Platforms/iPhoneSimulator.platform/version.plist does not exist. Build version will be unset for this platform.
[2017-10-04 15:08:13.451][debug][command:dcb7d9ee-2759-4440-8b1c-b044bb1dfd00][tid:32][com.facebook.buck.apple.AppleCxxPlatforms] Apple toolchain path: /Applications/Xcode.app/Contents/Developer/Toolchains/XcodeDefault.xctoolchain
[2017-10-04 15:08:13.451][debug][command:dcb7d9ee-2759-4440-8b1c-b044bb1dfd00][tid:32][com.facebook.buck.apple.AppleCxxPlatforms] Headers verification platform whitelist: [^\Q/Applications/Xcode.app/Contents/Developer/Platforms/iPhoneSimulator.platform/Developer/Library/Frameworks\E\/.*, ^\Q/Applications/Xcode.app/Contents/Developer/Platforms/iPhoneSimulator.platform/Developer/SDKs/iPhoneSimulator.sdk\E\/.*, ^\Q/Applications/Xcode.app/Contents/Developer/Toolchains/XcodeDefault.xctoolchain\E\/.*]
[2017-10-04 15:08:13.452][debug][command:dcb7d9ee-2759-4440-8b1c-b044bb1dfd00][tid:32][com.facebook.buck.apple.AppleCxxPlatforms] SDK AppleSdk{name=macosx, version=10.13, applePlatform=ApplePlatform{name=macosx, architectures=[i386, x86_64], minVersionFlagPrefix=-mmacosx-version-min=, appIncludesFrameworks=true}, architectures=[i386, x86_64], toolchains=[AppleToolchain{identifier=com.apple.dt.toolchain.XcodeDefault, path=/Applications/Xcode.app/Contents/Developer/Toolchains/XcodeDefault.xctoolchain}]} using default version 10.13
[2017-10-04 15:08:13.454][debug][command:dcb7d9ee-2759-4440-8b1c-b044bb1dfd00][tid:32][com.facebook.buck.apple.AppleCxxPlatforms] Xcode build version is: 9A235
[2017-10-04 15:08:13.456][warn ][command:dcb7d9ee-2759-4440-8b1c-b044bb1dfd00][tid:32][com.facebook.buck.apple.AppleCxxPlatforms] In /Applications/Xcode.app/Contents/Developer/Platforms/MacOSX.platform/version.plist, missing ProductBuildVersion. Build version will be unset for this platform.
[2017-10-04 15:08:13.456][debug][command:dcb7d9ee-2759-4440-8b1c-b044bb1dfd00][tid:32][com.facebook.buck.apple.AppleCxxPlatforms] Apple toolchain path: /Applications/Xcode.app/Contents/Developer/Toolchains/XcodeDefault.xctoolchain
[2017-10-04 15:08:13.457][debug][command:dcb7d9ee-2759-4440-8b1c-b044bb1dfd00][tid:32][com.facebook.buck.apple.AppleCxxPlatforms] Headers verification platform whitelist: [^\Q/Applications/Xcode.app/Contents/Developer/Platforms/MacOSX.platform/Developer/Library/Frameworks\E\/.*, ^\Q/Applications/Xcode.app/Contents/Developer/Platforms/MacOSX.platform/Developer/SDKs/MacOSX.sdk\E\/.*, ^\Q/Applications/Xcode.app/Contents/Developer/Toolchains/XcodeDefault.xctoolchain\E\/.*]
[2017-10-04 15:08:13.459][debug][command:dcb7d9ee-2759-4440-8b1c-b044bb1dfd00][tid:32][com.facebook.buck.apple.AppleCxxPlatforms] Xcode build version is: 9A235
[2017-10-04 15:08:13.461][warn ][command:dcb7d9ee-2759-4440-8b1c-b044bb1dfd00][tid:32][com.facebook.buck.apple.AppleCxxPlatforms] In /Applications/Xcode.app/Contents/Developer/Platforms/MacOSX.platform/version.plist, missing ProductBuildVersion. Build version will be unset for this platform.
[2017-10-04 15:08:13.461][debug][command:dcb7d9ee-2759-4440-8b1c-b044bb1dfd00][tid:32][com.facebook.buck.apple.AppleCxxPlatforms] Apple toolchain path: /Applications/Xcode.app/Contents/Developer/Toolchains/XcodeDefault.xctoolchain
[2017-10-04 15:08:13.462][debug][command:dcb7d9ee-2759-4440-8b1c-b044bb1dfd00][tid:32][com.facebook.buck.apple.AppleCxxPlatforms] Headers verification platform whitelist: [^\Q/Applications/Xcode.app/Contents/Developer/Platforms/MacOSX.platform/Developer/Library/Frameworks\E\/.*, ^\Q/Applications/Xcode.app/Contents/Developer/Platforms/MacOSX.platform/Developer/SDKs/MacOSX.sdk\E\/.*, ^\Q/Applications/Xcode.app/Contents/Developer/Toolchains/XcodeDefault.xctoolchain\E\/.*]
[2017-10-04 15:08:13.462][debug][command:dcb7d9ee-2759-4440-8b1c-b044bb1dfd00][tid:32][com.facebook.buck.apple.AppleCxxPlatforms] SDK AppleSdk{name=watchos, version=4.0, applePlatform=ApplePlatform{name=watchos, provisioningProfileName=iOS, architectures=[armv7k], minVersionFlagPrefix=-mwatchos-version-min=, stubBinaryPath=Library/Application Support/WatchKit/WK, appIncludesFrameworks=false}, architectures=[armv7k], toolchains=[AppleToolchain{identifier=com.apple.dt.toolchain.XcodeDefault, path=/Applications/Xcode.app/Contents/Developer/Toolchains/XcodeDefault.xctoolchain}]} using default version 4.0
[2017-10-04 15:08:13.464][debug][command:dcb7d9ee-2759-4440-8b1c-b044bb1dfd00][tid:32][com.facebook.buck.apple.AppleCxxPlatforms] Xcode build version is: 9A235
[2017-10-04 15:08:13.466][debug][command:dcb7d9ee-2759-4440-8b1c-b044bb1dfd00][tid:32][com.facebook.buck.apple.AppleCxxPlatforms] Apple toolchain path: /Applications/Xcode.app/Contents/Developer/Toolchains/XcodeDefault.xctoolchain
[2017-10-04 15:08:13.467][debug][command:dcb7d9ee-2759-4440-8b1c-b044bb1dfd00][tid:32][com.facebook.buck.apple.AppleCxxPlatforms] Headers verification platform whitelist: [^\Q/Applications/Xcode.app/Contents/Developer/Platforms/WatchOS.platform/Developer/Library/Frameworks\E\/.*, ^\Q/Applications/Xcode.app/Contents/Developer/Platforms/WatchOS.platform/Developer/SDKs/WatchOS.sdk\E\/.*, ^\Q/Applications/Xcode.app/Contents/Developer/Toolchains/XcodeDefault.xctoolchain\E\/.*]
[2017-10-04 15:08:13.468][debug][command:dcb7d9ee-2759-4440-8b1c-b044bb1dfd00][tid:32][com.facebook.buck.apple.AppleCxxPlatforms] SDK AppleSdk{name=watchsimulator, version=4.0, applePlatform=ApplePlatform{name=watchsimulator, architectures=[i386], minVersionFlagPrefix=-mwatchos-simulator-version-min=, stubBinaryPath=Library/Application Support/WatchKit/WK, appIncludesFrameworks=false}, architectures=[i386], toolchains=[AppleToolchain{identifier=com.apple.dt.toolchain.XcodeDefault, path=/Applications/Xcode.app/Contents/Developer/Toolchains/XcodeDefault.xctoolchain}]} using default version 4.0
[2017-10-04 15:08:13.470][debug][command:dcb7d9ee-2759-4440-8b1c-b044bb1dfd00][tid:32][com.facebook.buck.apple.AppleCxxPlatforms] Xcode build version is: 9A235
[2017-10-04 15:08:13.473][debug][command:dcb7d9ee-2759-4440-8b1c-b044bb1dfd00][tid:32][com.facebook.buck.apple.AppleCxxPlatforms] Apple toolchain path: /Applications/Xcode.app/Contents/Developer/Toolchains/XcodeDefault.xctoolchain
[2017-10-04 15:08:13.473][debug][command:dcb7d9ee-2759-4440-8b1c-b044bb1dfd00][tid:32][com.facebook.buck.apple.AppleCxxPlatforms] Headers verification platform whitelist: [^\Q/Applications/Xcode.app/Contents/Developer/Platforms/WatchSimulator.platform/Developer/Library/Frameworks\E\/.*, ^\Q/Applications/Xcode.app/Contents/Developer/Platforms/WatchSimulator.platform/Developer/SDKs/WatchSimulator.sdk\E\/.*, ^\Q/Applications/Xcode.app/Contents/Developer/Toolchains/XcodeDefault.xctoolchain\E\/.*]
[2017-10-04 15:08:13.489][debug][command:null][tid:26][com.facebook.buck.util.ListeningProcessExecutor] Wait for process returned 0
[2017-10-04 15:08:13.489][debug][command:null][tid:26][com.facebook.buck.util.ListeningProcessExecutor] Wait for process returned 0
[2017-10-04 15:08:13.489][debug][command:null][tid:26][com.facebook.buck.util.ListeningProcessExecutor] Destroying process com.facebook.buck.util.ListeningProcessExecutor$LaunchedProcessImpl@6b8b542d (force true)
[2017-10-04 15:08:13.489][debug][command:null][tid:26][com.facebook.buck.util.ListeningProcessExecutor] Destroying process com.facebook.buck.util.ListeningProcessExecutor$LaunchedProcessImpl@6b8b542d (force true)
[2017-10-04 15:08:13.492][info ][command:null][tid:26][com.facebook.buck.util.versioncontrol.VersionControlStatsGenerator] Starting generation of version control stats.
[2017-10-04 15:08:13.492][info ][command:null][tid:26][com.facebook.buck.util.versioncontrol.VersionControlStatsGenerator] Starting generation of version control stats.
[2017-10-04 15:08:13.493][warn ][command:null][tid:26][com.facebook.buck.util.versioncontrol.VersionControlStatsGenerator] Skipping generation of version control stats as unsupported repository type.
[2017-10-04 15:08:13.493][warn ][command:null][tid:26][com.facebook.buck.util.versioncontrol.VersionControlStatsGenerator] Skipping generation of version control stats as unsupported repository type.
[2017-10-04 15:08:13.496][debug][command:dcb7d9ee-2759-4440-8b1c-b044bb1dfd00][tid:32][com.facebook.buck.io.ExecutableFinder] Executable 'clang' mapped to 'Optional[/usr/bin/clang]'
[2017-10-04 15:08:13.497][debug][command:dcb7d9ee-2759-4440-8b1c-b044bb1dfd00][tid:32][com.facebook.buck.io.ExecutableFinder] Executable 'clang++' mapped to 'Optional[/usr/bin/clang++]'
[2017-10-04 15:08:13.498][debug][command:dcb7d9ee-2759-4440-8b1c-b044bb1dfd00][tid:32][com.facebook.buck.io.ExecutableFinder] Executable 'ar' mapped to 'Optional[/usr/bin/ar]'
[2017-10-04 15:08:13.500][debug][command:dcb7d9ee-2759-4440-8b1c-b044bb1dfd00][tid:32][com.facebook.buck.io.ExecutableFinder] Executable 'strip' mapped to 'Optional[/usr/bin/strip]'
[2017-10-04 15:08:13.500][debug][command:dcb7d9ee-2759-4440-8b1c-b044bb1dfd00][tid:32][com.facebook.buck.io.ExecutableFinder] Executable 'ranlib' mapped to 'Optional[/usr/bin/ranlib]'
[2017-10-04 15:08:13.503][debug][command:dcb7d9ee-2759-4440-8b1c-b044bb1dfd00][tid:32][com.facebook.buck.io.ExecutableFinder] Executable 'nm' mapped to 'Optional[/usr/bin/nm]'
[2017-10-04 15:08:13.506][debug][command:dcb7d9ee-2759-4440-8b1c-b044bb1dfd00][tid:32][com.facebook.buck.cxx.toolchain.CxxPlatforms] Using config default C++ platform CxxPlatform{flavor=iphonesimulator-x86_64, as=com.facebook.buck.cxx.toolchain.CompilerProvider@719f3f38, asflags=[-isysroot, /Applications/Xcode.app/Contents/Developer/Platforms/iPhoneSimulator.platform/Developer/SDKs/iPhoneSimulator.sdk, -arch, x86_64, -mios-simulator-version-min=10.0, -iquote, /Users/kieranlafferty/Desktop/BuckTest], aspp=com.facebook.buck.cxx.toolchain.PreprocessorProvider@5b38e561, asppflags=[], cc=com.facebook.buck.cxx.toolchain.CompilerProvider@7e32a48c, cflags=[-isysroot, /Applications/Xcode.app/Contents/Developer/Platforms/iPhoneSimulator.platform/Developer/SDKs/iPhoneSimulator.sdk, -arch, x86_64, -mios-simulator-version-min=10.0, -iquote, /Users/kieranlafferty/Desktop/BuckTest, -g, -fmodules, -fobjc-arc, -D, BUCK, -w], cxx=com.facebook.buck.cxx.toolchain.CompilerProvider@12d22897, cxxflags=[-isysroot, /Applications/Xcode.app/Contents/Developer/Platforms/iPhoneSimulator.platform/Developer/SDKs/iPhoneSimulator.sdk, -arch, x86_64, -mios-simulator-version-min=10.0, -iquote, /Users/kieranlafferty/Desktop/BuckTest], cpp=com.facebook.buck.cxx.toolchain.PreprocessorProvider@1a3cb30a, cppflags=[], cxxpp=com.facebook.buck.cxx.toolchain.PreprocessorProvider@6335ec1, cxxppflags=[], cudappflags=[], cudaflags=[], asmppflags=[], asmflags=[], ld=com.facebook.buck.cxx.toolchain.linker.DefaultLinkerProvider@6d4e9c4f, ldflags=[-isysroot, /Applications/Xcode.app/Contents/Developer/Platforms/iPhoneSimulator.platform/Developer/SDKs/iPhoneSimulator.sdk, -arch, x86_64, -mios-simulator-version-min=10.0, -iquote, /Users/kieranlafferty/Desktop/BuckTest, -Wl,-sdk_version, -Wl,11.0, -Wl,-ObjC], runtimeLdflags={}, strip=VersionedTool{path=/Applications/Xcode.app/Contents/Developer/Toolchains/XcodeDefault.xctoolchain/usr/bin/strip, extraArgs=[], name=apple-strip, version=11.0:9A235}, stripFlags=[], ar=com.facebook.buck.cxx.toolchain.ArchiverProvider$1@6e5b87e1, arflags=[], ranlib=com.facebook.buck.rules.ConstantToolProvider@1180cdc3, ranlibflags=[], symbolNameTool=com.facebook.buck.cxx.toolchain.LazyDelegatingSymbolNameTool@d595c64, sharedLibraryExtension=dylib, sharedLibraryVersionedExtensionFormat=%s.dylib, staticLibraryExtension=a, objectFileExtension=o, compilerDebugPathSanitizer=com.facebook.buck.cxx.toolchain.PrefixMapDebugPathSanitizer@146c1564, assemblerDebugPathSanitizer=com.facebook.buck.cxx.toolchain.MungingDebugPathSanitizer@26baec87, headerVerification=HeaderVerification{mode=IGNORE, whitelist=[], platformWhitelist=[^\Q/Applications/Xcode.app/Contents/Developer/Platforms/iPhoneSimulator.platform/Developer/Library/Frameworks\E\/.*, ^\Q/Applications/Xcode.app/Contents/Developer/Platforms/iPhoneSimulator.platform/Developer/SDKs/iPhoneSimulator.sdk\E\/.*, ^\Q/Applications/Xcode.app/Contents/Developer/Toolchains/XcodeDefault.xctoolchain\E\/.*], whitelistPatterns=[^\Q/Applications/Xcode.app/Contents/Developer/Platforms/iPhoneSimulator.platform/Developer/Library/Frameworks\E\/.*, ^\Q/Applications/Xcode.app/Contents/Developer/Platforms/iPhoneSimulator.platform/Developer/SDKs/iPhoneSimulator.sdk\E\/.*, ^\Q/Applications/Xcode.app/Contents/Developer/Toolchains/XcodeDefault.xctoolchain\E\/.*]}, flagMacros={SDKROOT=/Applications/Xcode.app/Contents/Developer/Platforms/iPhoneSimulator.platform/Developer/SDKs/iPhoneSimulator.sdk, PLATFORM_DIR=/Applications/Xcode.app/Contents/Developer/Platforms/iPhoneSimulator.platform, CURRENT_ARCH=x86_64, DEVELOPER_DIR=/Applications/Xcode.app/Contents/Developer}, publicHeadersSymlinksEnabled=true, privateHeadersSymlinksEnabled=true}
[2017-10-04 15:08:13.527][debug][command:dcb7d9ee-2759-4440-8b1c-b044bb1dfd00][tid:32][com.facebook.buck.io.ExecutableFinder] Executable 'python2' mapped to 'Optional.empty'
[2017-10-04 15:08:13.528][debug][command:dcb7d9ee-2759-4440-8b1c-b044bb1dfd00][tid:32][com.facebook.buck.io.ExecutableFinder] Executable 'python' mapped to 'Optional[/usr/bin/python]'
[2017-10-04 15:08:13.674][debug][command:dcb7d9ee-2759-4440-8b1c-b044bb1dfd00][tid:32][com.facebook.buck.apple.ProvisioningProfileStore] Provisioning profile search path: /Users/kieranlafferty/Library/MobileDevice/Provisioning Profiles
[2017-10-04 15:08:13.942][debug][command:dcb7d9ee-2759-4440-8b1c-b044bb1dfd00][tid:32][com.facebook.buck.json.BuckPythonProgram] Writing python rules stub to /Users/kieranlafferty/Desktop/BuckTest/buck-out/tmp/buck_run.JKHz5l/buck_python_program4651059657206352507.
[2017-10-04 15:08:14.696][debug][command:dcb7d9ee-2759-4440-8b1c-b044bb1dfd00][tid:32][com.facebook.buck.json.BuckPythonProgram] Created temporary buck.py instance at /Users/kieranlafferty/Desktop/BuckTest/buck-out/tmp/buck_run.JKHz5l/buck_python_program4651059657206352507.
[2017-10-04 15:08:14.701][debug][command:dcb7d9ee-2759-4440-8b1c-b044bb1dfd00][tid:32][com.facebook.buck.json.PythonDslProjectBuildFileParser] Starting buck.py command: [/usr/bin/python, -u, /Users/kieranlafferty/Desktop/BuckTest/buck-out/tmp/buck_run.JKHz5l/buck_python_program4651059657206352507/__main__.py, --allow_empty_globs, --watchman_glob_stat_results, --project_root, /Users/kieranlafferty/Desktop/BuckTest, --cell_name, , --build_file_name, BUCK, --quiet, --config, /Users/kieranlafferty/Desktop/BuckTest/buck-out/tmp/buck_run.JKHz5l/raw_config3177058466569052463.json, --ignore_paths, /Users/kieranlafferty/Desktop/BuckTest/buck-out/tmp/buck_run.JKHz5l/ignore_paths3876382457158437834.json] environment: Optional[{IRBRC=/Users/kieranlafferty/.rvm/rubies/ruby-2.4.0/.irbrc, PATH=/Users/kieranlafferty/.rvm/gems/ruby-2.4.0/bin:/Users/kieranlafferty/.rvm/gems/ruby-2.4.0@global/bin:/Users/kieranlafferty/.rvm/rubies/ruby-2.4.0/bin:/usr/local/bin:/usr/bin:/bin:/usr/sbin:/sbin:/Users/kieranlafferty/.rvm/bin:/Users/kieranlafferty/.rvm/bin, JAVA_ARCH=x86_64, _system_arch=x86_64, rvm_bin_path=/Users/kieranlafferty/.rvm/bin, BUCK_CLASSPATH=/Users/kieranlafferty/Desktop/BuckTest/.buckd/resources/v2017.09.04.01/buck_server, TERM=xterm-256color, rvm_prefix=/Users/kieranlafferty, LANG=en_US.UTF-8, VERSIONER_PYTHON_VERSION=2.7, BUCK_BUILD_ID=dcb7d9ee-2759-4440-8b1c-b044bb1dfd00, COLUMNS=80, LOGNAME=kieranlafferty, rvm_version=1.29.2 (latest), XPC_SERVICE_NAME=0, PWD=/Users/kieranlafferty/Desktop/BuckTest, TERM_PROGRAM_VERSION=388.1.1, JAVA_MAIN_CLASS_15033=com.facebook.buck.cli.bootstrapper.ClassLoaderBootstrapper, _=./buck/bin/buck, SHELL=/bin/bash, NVM_DIR=/Users/kieranlafferty/.nvm, TERM_PROGRAM=Apple_Terminal, _system_type=Darwin, MY_RUBY_HOME=/Users/kieranlafferty/.rvm/rubies/ruby-2.4.0, BUCK_PYTHON_SPACE_INIT_TIME=7, _system_version=10.12, OLDPWD=/Users/kieranlafferty/Desktop/BuckTest/Apps, GEM_HOME=/Users/kieranlafferty/.rvm/gems/ruby-2.4.0, USER=kieranlafferty, VERSIONER_PYTHON_PREFER_32_BIT=no, CLASSPATH=/Users/kieranlafferty/Desktop/BuckTest/.buckd/resources/v2017.09.04.01/bootstrapper_jar, TMPDIR=/var/folders/zz/v2fpp8m54y1dq0qh5yt0hqvr0000gn/T/, rvm_path=/Users/kieranlafferty/.rvm, SSH_AUTH_SOCK=/private/tmp/com.apple.launchd.6ZK0SrMSVY/Listeners, GEM_PATH=/Users/kieranlafferty/.rvm/gems/ruby-2.4.0:/Users/kieranlafferty/.rvm/gems/ruby-2.4.0@global, XPC_FLAGS=0x0, RUBY_VERSION=ruby-2.4.0, TERM_SESSION_ID=CB4A996C-E3FC-48E1-BE88-F3365BBC9D63, BUCK_TTY=1, _system_name=OSX, __CF_USER_TEXT_ENCODING=0x1F5:0x0:0x0, Apple_PubSub_Socket_Render=/private/tmp/com.apple.launchd.2MgsOd4gbP/Render, com.apple.java.jvmTask=CommandLine, SHLVL=1, HOME=/Users/kieranlafferty}]
[2017-10-04 15:08:14.706][debug][command:dcb7d9ee-2759-4440-8b1c-b044bb1dfd00][tid:32][com.facebook.buck.json.PythonDslProjectBuildFileParser] Started process com.facebook.buck.util.ProcessExecutor$LaunchedProcessImpl@35c923e0 successfully
[2017-10-04 15:08:15.092][debug][command:null][tid:43][com.facebook.buck.json.PythonDslProjectBuildFileParser] Closing buck.py process stdin
[2017-10-04 15:08:15.092][debug][command:null][tid:43][com.facebook.buck.json.PythonDslProjectBuildFileParser] Closing buck.py process stdin
[2017-10-04 15:08:15.095][debug][command:dcb7d9ee-2759-4440-8b1c-b044bb1dfd00][tid:01][com.facebook.buck.rules.ActionGraphCache] Computing TargetGraph HashCode...
[2017-10-04 15:08:15.096][info ][command:dcb7d9ee-2759-4440-8b1c-b044bb1dfd00][tid:01][com.facebook.buck.rules.ActionGraphCache] ActionGraph cache miss. Cache was empty.
[2017-10-04 15:08:15.109][debug][command:null][tid:43][com.facebook.buck.json.PythonDslProjectBuildFileParser] Waiting for process com.facebook.buck.util.ProcessExecutor$LaunchedProcessImpl@35c923e0 to exit...
[2017-10-04 15:08:15.109][debug][command:null][tid:43][com.facebook.buck.json.PythonDslProjectBuildFileParser] Waiting for process com.facebook.buck.util.ProcessExecutor$LaunchedProcessImpl@35c923e0 to exit...
[2017-10-04 15:08:15.110][debug][command:null][tid:43][com.facebook.buck.json.PythonDslProjectBuildFileParser] Process com.facebook.buck.util.ProcessExecutor$LaunchedProcessImpl@35c923e0 exited cleanly.
[2017-10-04 15:08:15.110][debug][command:null][tid:43][com.facebook.buck.json.PythonDslProjectBuildFileParser] Process com.facebook.buck.util.ProcessExecutor$LaunchedProcessImpl@35c923e0 exited cleanly.
[2017-10-04 15:08:15.379][info ][command:dcb7d9ee-2759-4440-8b1c-b044bb1dfd00][tid:01][com.facebook.buck.rules.ActionGraphCache] ActionGraph cache assignment. skipActionGraphCache? false
[2017-10-04 15:08:15.405][debug][command:dcb7d9ee-2759-4440-8b1c-b044bb1dfd00][tid:01][com.facebook.buck.cli.MetadataChecker] Checking metadata_storage for /Users/kieranlafferty/Desktop/BuckTest
[2017-10-04 15:08:15.549][warn ][command:dcb7d9ee-2759-4440-8b1c-b044bb1dfd00][tid:38][com.facebook.buck.rules.keys.RuleKeyBuilder] Attempting to add absolute path to rule key. Only using file name: /usr/bin/codesign
[2017-10-04 15:08:15.595][debug][command:dcb7d9ee-2759-4440-8b1c-b044bb1dfd00][tid:42][com.facebook.buck.rules.CachingBuildRuleBuilder] Cache miss for '//Apps/BuckSwiftDemo:BuckSwiftDemo#dwarf-and-dsym,no-include-frameworks' with rulekey '576fc23dceefaf0565c4d75a053139599bd77c4e'
[2017-10-04 15:08:15.604][debug][command:dcb7d9ee-2759-4440-8b1c-b044bb1dfd00][tid:36][com.facebook.buck.rules.CachingBuildRuleBuilder] Cache miss for '//Apps/BuckSwiftDemo:BuckSwiftDemoBinary#iphonesimulator-x86_64,strip-non-global,stripped' with rulekey 'a56536005bd7a4a1a10e72d4f875c4b4e5fe8734'
[2017-10-04 15:08:15.605][debug][command:dcb7d9ee-2759-4440-8b1c-b044bb1dfd00][tid:42][com.facebook.buck.rules.CachingBuildRuleBuilder] Cache miss for '//Apps/BuckSwiftDemo:BuckSwiftDemoBinary#apple-debuggable-binary,dwarf-and-dsym,iphonesimulator-x86_64,strip-non-global' with rulekey '78cc4d2ac8a343c41d64c002c79e29423899f704'
[2017-10-04 15:08:15.605][debug][command:dcb7d9ee-2759-4440-8b1c-b044bb1dfd00][tid:38][com.facebook.buck.rules.CachingBuildRuleBuilder] Cache miss for '//Apps/BuckSwiftDemo:BuckSwiftDemoBinary#apple-dsym,iphonesimulator-x86_64' with rulekey '02c1d88d1b87900e076a8d39ed8389169c516549'
[2017-10-04 15:08:15.605][debug][command:dcb7d9ee-2759-4440-8b1c-b044bb1dfd00][tid:41][com.facebook.buck.rules.CachingBuildRuleBuilder] Cache miss for '//Apps/BuckSwiftDemo:BuckSwiftDemoBinary#iphonesimulator-x86_64,strip-non-global' with rulekey '5c5a1175c2498a0ef389c8bec272fa57fe31c539'
[2017-10-04 15:08:15.607][debug][command:dcb7d9ee-2759-4440-8b1c-b044bb1dfd00][tid:41][com.facebook.buck.rules.CachingBuildRuleBuilder] Cache miss for '//Apps/BuckSwiftDemo:BuckSwiftDemoBinary#iphonesimulator-x86_64' with rulekey '9e26489cccf08df096442c8101d03f2db68d8c08'
[2017-10-04 15:08:15.607][debug][command:dcb7d9ee-2759-4440-8b1c-b044bb1dfd00][tid:38][com.facebook.buck.rules.CachingBuildRuleBuilder] Cache miss for '//Apps/BuckSwiftDemo:BuckSwiftDemoBinary#binary,iphonesimulator-x86_64' with rulekey '4f3975ff5bb00671fe52804952459027dd3626eb'
[2017-10-04 15:08:15.607][debug][command:dcb7d9ee-2759-4440-8b1c-b044bb1dfd00][tid:37][com.facebook.buck.rules.CachingBuildRuleBuilder] Cache miss for '//Apps/BuckSwiftDemo:BuckSwiftDemoBinary#compile-main.m.oefe8068e,iphonesimulator-x86_64' with rulekey 'b5e4fb747d4d568a150dfd2683e255e48cbe725b'
[2017-10-04 15:08:15.608][debug][command:dcb7d9ee-2759-4440-8b1c-b044bb1dfd00][tid:36][com.facebook.buck.rules.CachingBuildRuleBuilder] Cache miss for '//Apps/BuckSwiftDemo:BuckSwiftDemoLibrary#iphonesimulator-x86_64,swift-compile' with rulekey '2795746c7c0e28bdadddebef59156e519047ecf4'
[2017-10-04 15:08:15.615][debug][command:dcb7d9ee-2759-4440-8b1c-b044bb1dfd00][tid:32][com.facebook.buck.rules.CachingBuildRuleBuilder] Building locally: //Apps/BuckSwiftDemo:BuckSwiftDemoLibrary#iphonesimulator-x86_64,swift-compile
[2017-10-04 15:08:15.640][debug][command:dcb7d9ee-2759-4440-8b1c-b044bb1dfd00][tid:32][com.facebook.buck.swift.SwiftCompileStep] [/Applications/Xcode.app/Contents/Developer/Toolchains/XcodeDefault.xctoolchain/usr/bin/swiftc, -frontend, -sdk, /Applications/Xcode.app/Contents/Developer/Platforms/iPhoneSimulator.platform/Developer/SDKs/iPhoneSimulator.sdk, -target, x86_64-apple-ios10.0, -F, /Applications/Xcode.app/Contents/Developer/Platforms/iPhoneSimulator.platform/Developer/SDKs/iPhoneSimulator.sdk/System/Library/Frameworks, -F, /Applications/Xcode.app/Contents/Developer/Platforms/iPhoneSimulator.platform/Developer/SDKs/iPhoneSimulator.sdk/System/Library/Frameworks, -DBUCK, -whole-module-optimization, -enable-testing, -suppress-warnings, -c, -enable-objc-interop, -parse-as-library, -module-name, BuckSwiftDemoLibrary, -emit-module, -emit-module-path, buck-out/gen/Apps/BuckSwiftDemo/BuckSwiftDemoLibrary#iphonesimulator-x86_64,swift-compile/BuckSwiftDemoLibrary.swiftmodule, -o, buck-out/gen/Apps/BuckSwiftDemo/BuckSwiftDemoLibrary#iphonesimulator-x86_64,swift-compile/BuckSwiftDemoLibrary.o, -emit-objc-header-path, buck-out/gen/Apps/BuckSwiftDemo/BuckSwiftDemoLibrary#iphonesimulator-x86_64,swift-compile/BuckSwiftDemoLibrary-Swift.h, -swift-version, 3, Apps/BuckSwiftDemo/BuckSwiftDemo/AppDelegate.swift, Apps/BuckSwiftDemo/BuckSwiftDemo/ViewController.swift]
[2017-10-04 15:08:15.640][debug][command:dcb7d9ee-2759-4440-8b1c-b044bb1dfd00][tid:32][com.facebook.buck.util.ListeningProcessExecutor] Launching process with params ProcessExecutorParams{command=[/Applications/Xcode.app/Contents/Developer/Toolchains/XcodeDefault.xctoolchain/usr/bin/swiftc, -frontend, -sdk, /Applications/Xcode.app/Contents/Developer/Platforms/iPhoneSimulator.platform/Developer/SDKs/iPhoneSimulator.sdk, -target, x86_64-apple-ios10.0, -F, /Applications/Xcode.app/Contents/Developer/Platforms/iPhoneSimulator.platform/Developer/SDKs/iPhoneSimulator.sdk/System/Library/Frameworks, -F, /Applications/Xcode.app/Contents/Developer/Platforms/iPhoneSimulator.platform/Developer/SDKs/iPhoneSimulator.sdk/System/Library/Frameworks, -DBUCK, -whole-module-optimization, -enable-testing, -suppress-warnings, -c, -enable-objc-interop, -parse-as-library, -module-name, BuckSwiftDemoLibrary, -emit-module, -emit-module-path, buck-out/gen/Apps/BuckSwiftDemo/BuckSwiftDemoLibrary#iphonesimulator-x86_64,swift-compile/BuckSwiftDemoLibrary.swiftmodule, -o, buck-out/gen/Apps/BuckSwiftDemo/BuckSwiftDemoLibrary#iphonesimulator-x86_64,swift-compile/BuckSwiftDemoLibrary.o, -emit-objc-header-path, buck-out/gen/Apps/BuckSwiftDemo/BuckSwiftDemoLibrary#iphonesimulator-x86_64,swift-compile/BuckSwiftDemoLibrary-Swift.h, -swift-version, 3, Apps/BuckSwiftDemo/BuckSwiftDemo/AppDelegate.swift, Apps/BuckSwiftDemo/BuckSwiftDemo/ViewController.swift], directory=/Users/kieranlafferty/Desktop/BuckTest, environment={}}
[2017-10-04 15:08:15.649][debug][command:dcb7d9ee-2759-4440-8b1c-b044bb1dfd00][tid:32][com.facebook.buck.util.ListeningProcessExecutor] Successfully launched process com.zaxxer.nuprocess.osx.OsxProcess@a2f7e6f
[2017-10-04 15:08:15.650][debug][command:dcb7d9ee-2759-4440-8b1c-b044bb1dfd00][tid:32][com.facebook.buck.util.ListeningProcessExecutor] Waiting for process com.facebook.buck.util.ListeningProcessExecutor$LaunchedProcessImpl@7f795a0e timeout 0 SECONDS
[2017-10-04 15:08:15.959][debug][command:dcb7d9ee-2759-4440-8b1c-b044bb1dfd00][tid:32][com.facebook.buck.util.ListeningProcessExecutor] Wait for process returned 0
[2017-10-04 15:08:15.960][debug][command:dcb7d9ee-2759-4440-8b1c-b044bb1dfd00][tid:32][com.facebook.buck.rules.CachingBuildRuleBuilder] Build completed: swift_compile //Apps/BuckSwiftDemo:BuckSwiftDemoLibrary#iphonesimulator-x86_64,swift-compile (344477292ns)
[2017-10-04 15:08:15.978][debug][command:dcb7d9ee-2759-4440-8b1c-b044bb1dfd00][tid:41][com.facebook.buck.rules.CachingBuildRuleBuilder] Building locally: //Apps/BuckSwiftDemo:BuckSwiftDemoBinary#iphonesimulator-x86_64,preprocessor-deps
[2017-10-04 15:08:15.978][debug][command:dcb7d9ee-2759-4440-8b1c-b044bb1dfd00][tid:41][com.facebook.buck.rules.CachingBuildRuleBuilder] Build completed: dependency_aggregation //Apps/BuckSwiftDemo:BuckSwiftDemoBinary#iphonesimulator-x86_64,preprocessor-deps (94194ns)
[2017-10-04 15:08:16.001][debug][command:dcb7d9ee-2759-4440-8b1c-b044bb1dfd00][tid:36][com.facebook.buck.rules.CachingBuildRuleBuilder] Cache miss for '//Apps/BuckSwiftDemo:BuckSwiftDemoBinary#compile-main.m.oefe8068e,iphonesimulator-x86_64' with rulekey '90b3632ad4c2cb92136160d696e35c692852de41'
[2017-10-04 15:08:16.002][debug][command:dcb7d9ee-2759-4440-8b1c-b044bb1dfd00][tid:32][com.facebook.buck.rules.CachingBuildRuleBuilder] Building locally: //Apps/BuckSwiftDemo:BuckSwiftDemoBinary#compile-main.m.oefe8068e,iphonesimulator-x86_64
[2017-10-04 15:08:16.025][debug][command:dcb7d9ee-2759-4440-8b1c-b044bb1dfd00][tid:32][com.facebook.buck.cxx.CxxPreprocessAndCompileStep] preprocess_and_compile Apps/BuckSwiftDemo/BuckSwiftDemo/main.m -> buck-out/gen/Apps/BuckSwiftDemo/BuckSwiftDemoBinary#compile-main.m.oefe8068e,iphonesimulator-x86_64/BuckSwiftDemo/main.m.o
[2017-10-04 15:08:16.031][debug][command:dcb7d9ee-2759-4440-8b1c-b044bb1dfd00][tid:32][com.facebook.buck.cxx.CxxPreprocessAndCompileStep] Running command (pwd=Optional[/Users/kieranlafferty/Desktop/BuckTest]): (verbosity level disables command output)
[2017-10-04 15:08:16.541][warn ][command:dcb7d9ee-2759-4440-8b1c-b044bb1dfd00][tid:32][com.facebook.buck.cxx.CxxPreprocessAndCompileStep] error 1 preprocess_and_compile Apps/BuckSwiftDemo/BuckSwiftDemo/main.m
[2017-10-04 15:08:16.542][warn ][command:dcb7d9ee-2759-4440-8b1c-b044bb1dfd00][tid:25][com.facebook.buck.event.listener.LoggingBuildListener] [1mApps/BuckSwiftDemo/BuckSwiftDemo/main.m:10:9: [0m[0;1;31mfatal error: [0m[1m'BuckSwiftDemoLibrary/BuckSwiftDemoLibrary-swift.h' file not found[0m
#import <BuckSwiftDemoLibrary/BuckSwiftDemoLibrary-swift.h>
[0;1;32m        ^~~~~~~~~~~~~~~~~~~~~~~~~~~~~~~~~~~~~~~~~~~~~~~~~~~
[0m1 error generated.
[2017-10-04 15:08:16.543][debug][command:dcb7d9ee-2759-4440-8b1c-b044bb1dfd00][tid:39][com.facebook.buck.rules.CachingBuildRuleBuilder] Building rule [//Apps/BuckSwiftDemo:BuckSwiftDemoBinary#compile-main.m.oefe8068e,iphonesimulator-x86_64] failed.
com.facebook.buck.step.StepFailedException: //Apps/BuckSwiftDemo:BuckSwiftDemoBinary#compile-main.m.oefe8068e,iphonesimulator-x86_64 failed with exit code 1:
objective-c preprocess_and_compile
stderr: [1mApps/BuckSwiftDemo/BuckSwiftDemo/main.m:10:9: [0m[0;1;31mfatal error: [0m[1m'BuckSwiftDemoLibrary/BuckSwiftDemoLibrary-swift.h' file not found[0m
#import <BuckSwiftDemoLibrary/BuckSwiftDemoLibrary-swift.h>
[0;1;32m        ^~~~~~~~~~~~~~~~~~~~~~~~~~~~~~~~~~~~~~~~~~~~~~~~~~~
[0m1 error generated.
	at com.facebook.buck.step.StepFailedException.createForFailingStepWithExitCode(StepFailedException.java:63)
	at com.facebook.buck.step.DefaultStepRunner.runStepForBuildTarget(DefaultStepRunner.java:54)
	at com.facebook.buck.rules.CachingBuildRuleBuilder$BuildRuleSteps.executeCommandsNowThatDepsAreBuilt(CachingBuildRuleBuilder.java:1682)
	at com.facebook.buck.rules.CachingBuildRuleBuilder$BuildRuleSteps.run(CachingBuildRuleBuilder.java:1638)
	at com.facebook.buck.util.concurrent.WeightedListeningExecutorService.lambda$submit$2(WeightedListeningExecutorService.java:104)
	at com.facebook.buck.util.concurrent.WeightedListeningExecutorService.lambda$submitWithSemaphore$0(WeightedListeningExecutorService.java:78)
	at com.google.common.util.concurrent.AbstractTransformFuture$AsyncTransformFuture.doTransform(AbstractTransformFuture.java:211)
	at com.google.common.util.concurrent.AbstractTransformFuture$AsyncTransformFuture.doTransform(AbstractTransformFuture.java:200)
	at com.google.common.util.concurrent.AbstractTransformFuture.run(AbstractTransformFuture.java:130)
	at com.google.common.util.concurrent.MoreExecutors$5$1.run(MoreExecutors.java:988)
	at java.util.concurrent.ThreadPoolExecutor.runWorker(ThreadPoolExecutor.java:1142)
	at java.util.concurrent.ThreadPoolExecutor$Worker.run(ThreadPoolExecutor.java:617)
	at java.lang.Thread.run(Thread.java:748)

[2017-10-04 15:08:16.546][debug][command:dcb7d9ee-2759-4440-8b1c-b044bb1dfd00][tid:01][com.facebook.buck.command.Build] Got an exception during the build.
com.facebook.buck.step.StepFailedException: //Apps/BuckSwiftDemo:BuckSwiftDemoBinary#compile-main.m.oefe8068e,iphonesimulator-x86_64 failed with exit code 1:
objective-c preprocess_and_compile
stderr: [1mApps/BuckSwiftDemo/BuckSwiftDemo/main.m:10:9: [0m[0;1;31mfatal error: [0m[1m'BuckSwiftDemoLibrary/BuckSwiftDemoLibrary-swift.h' file not found[0m
#import <BuckSwiftDemoLibrary/BuckSwiftDemoLibrary-swift.h>
[0;1;32m        ^~~~~~~~~~~~~~~~~~~~~~~~~~~~~~~~~~~~~~~~~~~~~~~~~~~
[0m1 error generated.
	at com.facebook.buck.step.StepFailedException.createForFailingStepWithExitCode(StepFailedException.java:63)
	at com.facebook.buck.step.DefaultStepRunner.runStepForBuildTarget(DefaultStepRunner.java:54)
	at com.facebook.buck.rules.CachingBuildRuleBuilder$BuildRuleSteps.executeCommandsNowThatDepsAreBuilt(CachingBuildRuleBuilder.java:1682)
	at com.facebook.buck.rules.CachingBuildRuleBuilder$BuildRuleSteps.run(CachingBuildRuleBuilder.java:1638)
	at com.facebook.buck.util.concurrent.WeightedListeningExecutorService.lambda$submit$2(WeightedListeningExecutorService.java:104)
	at com.facebook.buck.util.concurrent.WeightedListeningExecutorService.lambda$submitWithSemaphore$0(WeightedListeningExecutorService.java:78)
	at com.google.common.util.concurrent.AbstractTransformFuture$AsyncTransformFuture.doTransform(AbstractTransformFuture.java:211)
	at com.google.common.util.concurrent.AbstractTransformFuture$AsyncTransformFuture.doTransform(AbstractTransformFuture.java:200)
	at com.google.common.util.concurrent.AbstractTransformFuture.run(AbstractTransformFuture.java:130)
	at com.google.common.util.concurrent.MoreExecutors$5$1.run(MoreExecutors.java:988)
	at java.util.concurrent.ThreadPoolExecutor.runWorker(ThreadPoolExecutor.java:1142)
	at java.util.concurrent.ThreadPoolExecutor$Worker.run(ThreadPoolExecutor.java:617)
	at java.lang.Thread.run(Thread.java:748)

[2017-10-04 15:08:16.547][warn ][command:dcb7d9ee-2759-4440-8b1c-b044bb1dfd00][tid:25][com.facebook.buck.event.listener.LoggingBuildListener] BUILD FAILED: //Apps/BuckSwiftDemo:BuckSwiftDemoBinary#compile-main.m.oefe8068e,iphonesimulator-x86_64 failed with exit code 1:
objective-c preprocess_and_compile
stderr: [1mApps/BuckSwiftDemo/BuckSwiftDemo/main.m:10:9: [0m[0;1;31mfatal error: [0m[1m'BuckSwiftDemoLibrary/BuckSwiftDemoLibrary-swift.h' file not found[0m
#import <BuckSwiftDemoLibrary/BuckSwiftDemoLibrary-swift.h>
[0;1;32m        ^~~~~~~~~~~~~~~~~~~~~~~~~~~~~~~~~~~~~~~~~~~~~~~~~~~
[0m1 error generated.
[2017-10-04 15:08:16.551][info ][command:dcb7d9ee-2759-4440-8b1c-b044bb1dfd00][tid:25][com.facebook.buck.event.listener.LoggingBuildListener] Build finished at 2017-10-04 15:08:16.550
[2017-10-04 15:08:16.553][info ][command:dcb7d9ee-2759-4440-8b1c-b044bb1dfd00][tid:01][com.facebook.buck.cli.Main] Awaiting termination of HTTP Write executor service. Waiting for all jobs to complete, or up to maximum of 1800 seconds...
[2017-10-04 15:08:16.553][info ][command:dcb7d9ee-2759-4440-8b1c-b044bb1dfd00][tid:01][com.facebook.buck.cli.Main] Awaiting termination of CounterAggregatorExecutor executor service. Waiting for all jobs to complete, or up to maximum of 20 seconds...
[2017-10-04 15:08:16.556][debug][command:dcb7d9ee-2759-4440-8b1c-b044bb1dfd00][tid:21][com.facebook.buck.util.perf.ProcessTracker] shutDown
[2017-10-04 15:08:16.557][debug][command:dcb7d9ee-2759-4440-8b1c-b044bb1dfd00][tid:20][com.google.common.util.concurrent.ServiceManager] Service PerfStatsTracking [TERMINATED] has terminated. Previous state was: STOPPING
[2017-10-04 15:08:16.557][debug][command:dcb7d9ee-2759-4440-8b1c-b044bb1dfd00][tid:01][com.facebook.buck.event.listener.SuperConsoleEventBusListener] Stopping render scheduler
[2017-10-04 15:08:16.558][debug][command:dcb7d9ee-2759-4440-8b1c-b044bb1dfd00][tid:21][com.google.common.util.concurrent.ServiceManager] Service ProcessTracker [TERMINATED] has terminated. Previous state was: STOPPING
[2017-10-04 15:08:16.565][info ][command:null][tid:01][com.facebook.buck.cli.Main] Awaiting termination of PROJECT executor service. Waiting for all jobs to complete, or up to maximum of 60 seconds...
[2017-10-04 15:08:16.566][info ][command:null][tid:01][com.facebook.buck.cli.Main] Awaiting termination of NETWORK executor service. Waiting for all jobs to complete, or up to maximum of 60 seconds...
[2017-10-04 15:08:16.566][info ][command:null][tid:01][com.facebook.buck.cli.Main] Awaiting termination of CPU executor service. Waiting for all jobs to complete, or up to maximum of 60 seconds...
[2017-10-04 15:08:16.566][info ][command:null][tid:01][com.facebook.buck.cli.Main] Awaiting termination of ScheduledExecutorService executor service. Waiting for all jobs to complete, or up to maximum of 60 seconds...
[2017-10-04 15:08:16.566][info ][command:null][tid:01][com.facebook.buck.cli.Main] Awaiting termination of Disk IO executor service. Waiting for all jobs to complete, or up to maximum of 10 seconds...
[2017-10-04 15:08:16.566][debug][command:null][tid:01][com.facebook.buck.event.listener.SuperConsoleEventBusListener] Stopping render scheduler
[2017-10-04 15:08:16.566][debug][command:null][tid:01][com.facebook.buck.event.listener.ChromeTraceBuildListener] Writing Chrome trace to buck-out/log/2017-10-04_22h08m11s_buildcommand_dcb7d9ee-2759-4440-8b1c-b044bb1dfd00/build.2017-10-04.15-08-12.dcb7d9ee-2759-4440-8b1c-b044bb1dfd00.trace
[2017-10-04 15:08:16.585][debug][command:null][tid:01][com.facebook.buck.cli.Main] Done.
