[2017-10-04 15:04:09.105][debug][command:2d6a25f9-b433-4769-951d-aa1d96437d99][tid:01][com.facebook.buck.event.listener.SuperConsoleEventBusListener] Starting render scheduler (interval 100 ms)
[2017-10-04 15:04:09.167][debug][command:2d6a25f9-b433-4769-951d-aa1d96437d99][tid:01][com.google.common.util.concurrent.ServiceManager] Starting PerfStatsTracking [RUNNING].
[2017-10-04 15:04:09.167][debug][command:2d6a25f9-b433-4769-951d-aa1d96437d99][tid:01][com.google.common.util.concurrent.ServiceManager] Started PerfStatsTracking [RUNNING] in 348.6 μs.
[2017-10-04 15:04:09.171][debug][command:2d6a25f9-b433-4769-951d-aa1d96437d99][tid:01][com.google.common.util.concurrent.ServiceManager] Starting ProcessTracker [STARTING].
[2017-10-04 15:04:09.171][debug][command:null][tid:21][com.facebook.buck.util.perf.ProcessTracker] startUp
[2017-10-04 15:04:09.171][debug][command:null][tid:21][com.facebook.buck.util.perf.ProcessTracker] startUp
[2017-10-04 15:04:09.171][debug][command:2d6a25f9-b433-4769-951d-aa1d96437d99][tid:01][com.facebook.buck.cli.Main] InvocationInfo BuildId=[2d6a25f9-b433-4769-951d-aa1d96437d99] Args=[project, //Apps/BuckSwiftDemo:BuckSwiftDemo, --ide, xcode]
[2017-10-04 15:04:09.189][debug][command:2d6a25f9-b433-4769-951d-aa1d96437d99][tid:01][com.facebook.buck.util.environment.MacWifiSsidFinder] Getting current SSID..
[2017-10-04 15:04:09.239][debug][command:2d6a25f9-b433-4769-951d-aa1d96437d99][tid:01][com.facebook.buck.util.environment.MacWifiSsidFinder] Getting SSID from Wi-Fi interface: <CWInterface: 0x7f84ca8c2c40> [interfaceName=en0]
[2017-10-04 15:04:09.241][debug][command:2d6a25f9-b433-4769-951d-aa1d96437d99][tid:01][com.facebook.buck.util.environment.MacWifiSsidFinder] Found SSID: SciFi
[2017-10-04 15:04:09.256][debug][command:null][tid:21][com.google.common.util.concurrent.ServiceManager] Started ProcessTracker [RUNNING] in 84.78 ms.
[2017-10-04 15:04:09.256][debug][command:null][tid:21][com.google.common.util.concurrent.ServiceManager] Started ProcessTracker [RUNNING] in 84.78 ms.
[2017-10-04 15:04:09.905][debug][command:2d6a25f9-b433-4769-951d-aa1d96437d99][tid:01][com.facebook.buck.cli.Main] new Buck daemon
[2017-10-04 15:04:09.906][warn ][command:null][tid:24][com.facebook.buck.event.listener.PublicAnnouncementManager] Failed to get public announcements. Reason: Failed to establish connection to server.
[2017-10-04 15:04:09.906][warn ][command:null][tid:24][com.facebook.buck.event.listener.PublicAnnouncementManager] Failed to get public announcements. Reason: Failed to establish connection to server.
[2017-10-04 15:04:09.928][info ][command:null][tid:26][com.facebook.buck.util.versioncontrol.VersionControlStatsGenerator] Starting generation of version control stats.
[2017-10-04 15:04:09.928][info ][command:null][tid:26][com.facebook.buck.util.versioncontrol.VersionControlStatsGenerator] Starting generation of version control stats.
[2017-10-04 15:04:09.932][debug][command:null][tid:26][com.facebook.buck.util.versioncontrol.VersionControlCmdLineInterface] Executing command: hg log -l 1 --template {node|short}
[2017-10-04 15:04:09.932][debug][command:null][tid:26][com.facebook.buck.util.versioncontrol.VersionControlCmdLineInterface] Executing command: hg log -l 1 --template {node|short}
[2017-10-04 15:04:09.936][warn ][command:null][tid:26][com.facebook.buck.util.versioncontrol.DelegatingVersionControlCmdLineInterface] Mercurial is the only VCS supported for VCS stats generation, however current project (which has enabled VCS stats generation in its .buckconfig) does not appear to be a Mercurial repository: 
com.facebook.buck.util.versioncontrol.VersionControlCommandFailedException: java.io.IOException: Cannot run program "hg" (in directory "/Users/kieranlafferty/Desktop/BuckTest"): error=2, No such file or directory
[2017-10-04 15:04:09.936][warn ][command:null][tid:26][com.facebook.buck.util.versioncontrol.DelegatingVersionControlCmdLineInterface] Mercurial is the only VCS supported for VCS stats generation, however current project (which has enabled VCS stats generation in its .buckconfig) does not appear to be a Mercurial repository: 
com.facebook.buck.util.versioncontrol.VersionControlCommandFailedException: java.io.IOException: Cannot run program "hg" (in directory "/Users/kieranlafferty/Desktop/BuckTest"): error=2, No such file or directory
[2017-10-04 15:04:09.937][debug][command:null][tid:26][com.facebook.buck.util.versioncontrol.DelegatingVersionControlCmdLineInterface] Using NoOpCmdLineInterface.
[2017-10-04 15:04:09.937][debug][command:null][tid:26][com.facebook.buck.util.versioncontrol.DelegatingVersionControlCmdLineInterface] Using NoOpCmdLineInterface.
[2017-10-04 15:04:09.938][warn ][command:null][tid:26][com.facebook.buck.util.versioncontrol.VersionControlStatsGenerator] Skipping generation of version control stats as unsupported repository type.
[2017-10-04 15:04:09.938][warn ][command:null][tid:26][com.facebook.buck.util.versioncontrol.VersionControlStatsGenerator] Skipping generation of version control stats as unsupported repository type.
[2017-10-04 15:04:09.945][debug][command:null][tid:26][com.facebook.buck.util.environment.MacNetworkConfiguration] Determine network service order and extract device names
[2017-10-04 15:04:09.945][debug][command:null][tid:26][com.facebook.buck.util.environment.MacNetworkConfiguration] Determine network service order and extract device names
[2017-10-04 15:04:09.983][debug][command:null][tid:26][com.facebook.buck.util.ListeningProcessExecutor] Launching process with params ProcessExecutorParams{command=[networksetup, -listnetworkserviceorder, ]}
[2017-10-04 15:04:09.983][debug][command:null][tid:26][com.facebook.buck.util.ListeningProcessExecutor] Launching process with params ProcessExecutorParams{command=[networksetup, -listnetworkserviceorder, ]}
[2017-10-04 15:04:10.050][debug][command:null][tid:26][com.facebook.buck.util.ListeningProcessExecutor] Successfully launched process com.zaxxer.nuprocess.osx.OsxProcess@2ff8ace2
[2017-10-04 15:04:10.050][debug][command:null][tid:26][com.facebook.buck.util.ListeningProcessExecutor] Successfully launched process com.zaxxer.nuprocess.osx.OsxProcess@2ff8ace2
[2017-10-04 15:04:10.054][debug][command:null][tid:26][com.facebook.buck.util.ListeningProcessExecutor] Waiting for process com.facebook.buck.util.ListeningProcessExecutor$LaunchedProcessImpl@5cd3e634 timeout 1000 MILLISECONDS
[2017-10-04 15:04:10.054][debug][command:null][tid:26][com.facebook.buck.util.ListeningProcessExecutor] Waiting for process com.facebook.buck.util.ListeningProcessExecutor$LaunchedProcessImpl@5cd3e634 timeout 1000 MILLISECONDS
[2017-10-04 15:04:10.103][debug][command:null][tid:26][com.facebook.buck.util.ListeningProcessExecutor] Wait for process returned 0
[2017-10-04 15:04:10.103][debug][command:null][tid:26][com.facebook.buck.util.ListeningProcessExecutor] Wait for process returned 0
[2017-10-04 15:04:10.104][debug][command:null][tid:26][com.facebook.buck.util.ListeningProcessExecutor] Destroying process com.facebook.buck.util.ListeningProcessExecutor$LaunchedProcessImpl@5cd3e634 (force true)
[2017-10-04 15:04:10.104][debug][command:null][tid:26][com.facebook.buck.util.ListeningProcessExecutor] Destroying process com.facebook.buck.util.ListeningProcessExecutor$LaunchedProcessImpl@5cd3e634 (force true)
[2017-10-04 15:04:10.104][debug][command:null][tid:26][com.facebook.buck.util.environment.MacNetworkConfiguration] Determine active state of media for device
[2017-10-04 15:04:10.104][debug][command:null][tid:26][com.facebook.buck.util.environment.MacNetworkConfiguration] Determine active state of media for device
[2017-10-04 15:04:10.104][debug][command:null][tid:26][com.facebook.buck.util.ListeningProcessExecutor] Launching process with params ProcessExecutorParams{command=[networksetup, -getMedia, usbmodem14110]}
[2017-10-04 15:04:10.104][debug][command:null][tid:26][com.facebook.buck.util.ListeningProcessExecutor] Launching process with params ProcessExecutorParams{command=[networksetup, -getMedia, usbmodem14110]}
[2017-10-04 15:04:10.106][debug][command:null][tid:26][com.facebook.buck.util.ListeningProcessExecutor] Successfully launched process com.zaxxer.nuprocess.osx.OsxProcess@3626def0
[2017-10-04 15:04:10.106][debug][command:null][tid:26][com.facebook.buck.util.ListeningProcessExecutor] Successfully launched process com.zaxxer.nuprocess.osx.OsxProcess@3626def0
[2017-10-04 15:04:10.108][debug][command:null][tid:26][com.facebook.buck.util.ListeningProcessExecutor] Waiting for process com.facebook.buck.util.ListeningProcessExecutor$LaunchedProcessImpl@6d5889d7 timeout 1000 MILLISECONDS
[2017-10-04 15:04:10.108][debug][command:null][tid:26][com.facebook.buck.util.ListeningProcessExecutor] Waiting for process com.facebook.buck.util.ListeningProcessExecutor$LaunchedProcessImpl@6d5889d7 timeout 1000 MILLISECONDS
[2017-10-04 15:04:10.132][debug][command:2d6a25f9-b433-4769-951d-aa1d96437d99][tid:01][com.facebook.buck.apple.project_generator.XCodeProjectCommandHelper] Xcode project generation: Getting the target graph
[2017-10-04 15:04:10.148][debug][command:null][tid:26][com.facebook.buck.util.ListeningProcessExecutor] Wait for process returned 4
[2017-10-04 15:04:10.148][debug][command:null][tid:26][com.facebook.buck.util.ListeningProcessExecutor] Wait for process returned 4
[2017-10-04 15:04:10.149][debug][command:null][tid:26][com.facebook.buck.util.ListeningProcessExecutor] Destroying process com.facebook.buck.util.ListeningProcessExecutor$LaunchedProcessImpl@6d5889d7 (force true)
[2017-10-04 15:04:10.149][debug][command:null][tid:26][com.facebook.buck.util.ListeningProcessExecutor] Destroying process com.facebook.buck.util.ListeningProcessExecutor$LaunchedProcessImpl@6d5889d7 (force true)
[2017-10-04 15:04:10.149][debug][command:null][tid:26][com.facebook.buck.util.environment.MacNetworkConfiguration] Determine active state of media for device
[2017-10-04 15:04:10.149][debug][command:null][tid:26][com.facebook.buck.util.environment.MacNetworkConfiguration] Determine active state of media for device
[2017-10-04 15:04:10.149][debug][command:null][tid:26][com.facebook.buck.util.ListeningProcessExecutor] Launching process with params ProcessExecutorParams{command=[networksetup, -getMedia, lpss-serial1]}
[2017-10-04 15:04:10.149][debug][command:null][tid:26][com.facebook.buck.util.ListeningProcessExecutor] Launching process with params ProcessExecutorParams{command=[networksetup, -getMedia, lpss-serial1]}
[2017-10-04 15:04:10.151][debug][command:null][tid:26][com.facebook.buck.util.ListeningProcessExecutor] Successfully launched process com.zaxxer.nuprocess.osx.OsxProcess@364c1eb5
[2017-10-04 15:04:10.151][debug][command:null][tid:26][com.facebook.buck.util.ListeningProcessExecutor] Successfully launched process com.zaxxer.nuprocess.osx.OsxProcess@364c1eb5
[2017-10-04 15:04:10.152][debug][command:null][tid:26][com.facebook.buck.util.ListeningProcessExecutor] Waiting for process com.facebook.buck.util.ListeningProcessExecutor$LaunchedProcessImpl@75edbc0e timeout 1000 MILLISECONDS
[2017-10-04 15:04:10.152][debug][command:null][tid:26][com.facebook.buck.util.ListeningProcessExecutor] Waiting for process com.facebook.buck.util.ListeningProcessExecutor$LaunchedProcessImpl@75edbc0e timeout 1000 MILLISECONDS
[2017-10-04 15:04:10.184][debug][command:null][tid:26][com.facebook.buck.util.ListeningProcessExecutor] Wait for process returned 4
[2017-10-04 15:04:10.184][debug][command:null][tid:26][com.facebook.buck.util.ListeningProcessExecutor] Wait for process returned 4
[2017-10-04 15:04:10.185][debug][command:null][tid:26][com.facebook.buck.util.ListeningProcessExecutor] Destroying process com.facebook.buck.util.ListeningProcessExecutor$LaunchedProcessImpl@75edbc0e (force true)
[2017-10-04 15:04:10.185][debug][command:null][tid:26][com.facebook.buck.util.ListeningProcessExecutor] Destroying process com.facebook.buck.util.ListeningProcessExecutor$LaunchedProcessImpl@75edbc0e (force true)
[2017-10-04 15:04:10.185][debug][command:null][tid:26][com.facebook.buck.util.environment.MacNetworkConfiguration] Determine active state of media for device
[2017-10-04 15:04:10.185][debug][command:null][tid:26][com.facebook.buck.util.environment.MacNetworkConfiguration] Determine active state of media for device
[2017-10-04 15:04:10.185][debug][command:null][tid:26][com.facebook.buck.util.ListeningProcessExecutor] Launching process with params ProcessExecutorParams{command=[networksetup, -getMedia, lpss-serial2]}
[2017-10-04 15:04:10.185][debug][command:null][tid:26][com.facebook.buck.util.ListeningProcessExecutor] Launching process with params ProcessExecutorParams{command=[networksetup, -getMedia, lpss-serial2]}
[2017-10-04 15:04:10.187][debug][command:null][tid:26][com.facebook.buck.util.ListeningProcessExecutor] Successfully launched process com.zaxxer.nuprocess.osx.OsxProcess@75bc3d1d
[2017-10-04 15:04:10.187][debug][command:null][tid:26][com.facebook.buck.util.ListeningProcessExecutor] Successfully launched process com.zaxxer.nuprocess.osx.OsxProcess@75bc3d1d
[2017-10-04 15:04:10.188][debug][command:null][tid:26][com.facebook.buck.util.ListeningProcessExecutor] Waiting for process com.facebook.buck.util.ListeningProcessExecutor$LaunchedProcessImpl@5c03044c timeout 1000 MILLISECONDS
[2017-10-04 15:04:10.188][debug][command:null][tid:26][com.facebook.buck.util.ListeningProcessExecutor] Waiting for process com.facebook.buck.util.ListeningProcessExecutor$LaunchedProcessImpl@5c03044c timeout 1000 MILLISECONDS
[2017-10-04 15:04:10.221][debug][command:null][tid:26][com.facebook.buck.util.ListeningProcessExecutor] Wait for process returned 4
[2017-10-04 15:04:10.221][debug][command:null][tid:26][com.facebook.buck.util.ListeningProcessExecutor] Wait for process returned 4
[2017-10-04 15:04:10.221][debug][command:null][tid:26][com.facebook.buck.util.ListeningProcessExecutor] Destroying process com.facebook.buck.util.ListeningProcessExecutor$LaunchedProcessImpl@5c03044c (force true)
[2017-10-04 15:04:10.221][debug][command:null][tid:26][com.facebook.buck.util.ListeningProcessExecutor] Destroying process com.facebook.buck.util.ListeningProcessExecutor$LaunchedProcessImpl@5c03044c (force true)
[2017-10-04 15:04:10.221][debug][command:null][tid:26][com.facebook.buck.util.environment.MacNetworkConfiguration] Determine active state of media for device
[2017-10-04 15:04:10.221][debug][command:null][tid:26][com.facebook.buck.util.environment.MacNetworkConfiguration] Determine active state of media for device
[2017-10-04 15:04:10.221][debug][command:null][tid:26][com.facebook.buck.util.ListeningProcessExecutor] Launching process with params ProcessExecutorParams{command=[networksetup, -getMedia, en8]}
[2017-10-04 15:04:10.221][debug][command:null][tid:26][com.facebook.buck.util.ListeningProcessExecutor] Launching process with params ProcessExecutorParams{command=[networksetup, -getMedia, en8]}
[2017-10-04 15:04:10.224][debug][command:null][tid:26][com.facebook.buck.util.ListeningProcessExecutor] Successfully launched process com.zaxxer.nuprocess.osx.OsxProcess@aec00cf
[2017-10-04 15:04:10.224][debug][command:null][tid:26][com.facebook.buck.util.ListeningProcessExecutor] Successfully launched process com.zaxxer.nuprocess.osx.OsxProcess@aec00cf
[2017-10-04 15:04:10.225][debug][command:null][tid:26][com.facebook.buck.util.ListeningProcessExecutor] Waiting for process com.facebook.buck.util.ListeningProcessExecutor$LaunchedProcessImpl@12f9c050 timeout 1000 MILLISECONDS
[2017-10-04 15:04:10.225][debug][command:null][tid:26][com.facebook.buck.util.ListeningProcessExecutor] Waiting for process com.facebook.buck.util.ListeningProcessExecutor$LaunchedProcessImpl@12f9c050 timeout 1000 MILLISECONDS
[2017-10-04 15:04:10.264][debug][command:null][tid:26][com.facebook.buck.util.ListeningProcessExecutor] Wait for process returned 4
[2017-10-04 15:04:10.264][debug][command:null][tid:26][com.facebook.buck.util.ListeningProcessExecutor] Wait for process returned 4
[2017-10-04 15:04:10.264][debug][command:null][tid:26][com.facebook.buck.util.ListeningProcessExecutor] Destroying process com.facebook.buck.util.ListeningProcessExecutor$LaunchedProcessImpl@12f9c050 (force true)
[2017-10-04 15:04:10.264][debug][command:null][tid:26][com.facebook.buck.util.ListeningProcessExecutor] Destroying process com.facebook.buck.util.ListeningProcessExecutor$LaunchedProcessImpl@12f9c050 (force true)
[2017-10-04 15:04:10.265][debug][command:null][tid:26][com.facebook.buck.util.environment.MacNetworkConfiguration] Determine active state of media for device
[2017-10-04 15:04:10.265][debug][command:null][tid:26][com.facebook.buck.util.environment.MacNetworkConfiguration] Determine active state of media for device
[2017-10-04 15:04:10.266][debug][command:null][tid:26][com.facebook.buck.util.ListeningProcessExecutor] Launching process with params ProcessExecutorParams{command=[networksetup, -getMedia, en9]}
[2017-10-04 15:04:10.266][debug][command:null][tid:26][com.facebook.buck.util.ListeningProcessExecutor] Launching process with params ProcessExecutorParams{command=[networksetup, -getMedia, en9]}
[2017-10-04 15:04:10.271][debug][command:null][tid:26][com.facebook.buck.util.ListeningProcessExecutor] Successfully launched process com.zaxxer.nuprocess.osx.OsxProcess@6b943c7
[2017-10-04 15:04:10.271][debug][command:null][tid:26][com.facebook.buck.util.ListeningProcessExecutor] Successfully launched process com.zaxxer.nuprocess.osx.OsxProcess@6b943c7
[2017-10-04 15:04:10.272][debug][command:null][tid:26][com.facebook.buck.util.ListeningProcessExecutor] Waiting for process com.facebook.buck.util.ListeningProcessExecutor$LaunchedProcessImpl@42dc0638 timeout 1000 MILLISECONDS
[2017-10-04 15:04:10.272][debug][command:null][tid:26][com.facebook.buck.util.ListeningProcessExecutor] Waiting for process com.facebook.buck.util.ListeningProcessExecutor$LaunchedProcessImpl@42dc0638 timeout 1000 MILLISECONDS
[2017-10-04 15:04:10.290][debug][command:2d6a25f9-b433-4769-951d-aa1d96437d99][tid:01][com.facebook.buck.parser.DaemonicParserState] Starting to invalidate caches for /Users/kieranlafferty/Desktop/BuckTest..
[2017-10-04 15:04:10.291][debug][command:2d6a25f9-b433-4769-951d-aa1d96437d99][tid:01][com.facebook.buck.parser.DaemonicParserState] Cell caches were empty, no data invalidated.
[2017-10-04 15:04:10.322][debug][command:null][tid:26][com.facebook.buck.util.ListeningProcessExecutor] Wait for process returned 4
[2017-10-04 15:04:10.322][debug][command:null][tid:26][com.facebook.buck.util.ListeningProcessExecutor] Wait for process returned 4
[2017-10-04 15:04:10.322][debug][command:null][tid:26][com.facebook.buck.util.ListeningProcessExecutor] Destroying process com.facebook.buck.util.ListeningProcessExecutor$LaunchedProcessImpl@42dc0638 (force true)
[2017-10-04 15:04:10.322][debug][command:null][tid:26][com.facebook.buck.util.ListeningProcessExecutor] Destroying process com.facebook.buck.util.ListeningProcessExecutor$LaunchedProcessImpl@42dc0638 (force true)
[2017-10-04 15:04:10.322][debug][command:null][tid:26][com.facebook.buck.util.environment.MacNetworkConfiguration] Determine active state of media for device
[2017-10-04 15:04:10.322][debug][command:null][tid:26][com.facebook.buck.util.environment.MacNetworkConfiguration] Determine active state of media for device
[2017-10-04 15:04:10.323][debug][command:null][tid:26][com.facebook.buck.util.ListeningProcessExecutor] Launching process with params ProcessExecutorParams{command=[networksetup, -getMedia, en12]}
[2017-10-04 15:04:10.323][debug][command:null][tid:26][com.facebook.buck.util.ListeningProcessExecutor] Launching process with params ProcessExecutorParams{command=[networksetup, -getMedia, en12]}
[2017-10-04 15:04:10.330][debug][command:null][tid:26][com.facebook.buck.util.ListeningProcessExecutor] Successfully launched process com.zaxxer.nuprocess.osx.OsxProcess@285c9cd4
[2017-10-04 15:04:10.330][debug][command:null][tid:26][com.facebook.buck.util.ListeningProcessExecutor] Successfully launched process com.zaxxer.nuprocess.osx.OsxProcess@285c9cd4
[2017-10-04 15:04:10.332][debug][command:null][tid:26][com.facebook.buck.util.ListeningProcessExecutor] Waiting for process com.facebook.buck.util.ListeningProcessExecutor$LaunchedProcessImpl@3810e0fc timeout 1000 MILLISECONDS
[2017-10-04 15:04:10.332][debug][command:null][tid:26][com.facebook.buck.util.ListeningProcessExecutor] Waiting for process com.facebook.buck.util.ListeningProcessExecutor$LaunchedProcessImpl@3810e0fc timeout 1000 MILLISECONDS
[2017-10-04 15:04:10.333][debug][command:2d6a25f9-b433-4769-951d-aa1d96437d99][tid:32][com.facebook.buck.io.ExecutableFinder] Executable 'python2' mapped to 'Optional.empty'
[2017-10-04 15:04:10.335][debug][command:2d6a25f9-b433-4769-951d-aa1d96437d99][tid:32][com.facebook.buck.io.ExecutableFinder] Executable 'python' mapped to 'Optional[/usr/bin/python]'
[2017-10-04 15:04:10.376][debug][command:null][tid:26][com.facebook.buck.util.ListeningProcessExecutor] Wait for process returned 4
[2017-10-04 15:04:10.376][debug][command:null][tid:26][com.facebook.buck.util.ListeningProcessExecutor] Wait for process returned 4
[2017-10-04 15:04:10.376][debug][command:null][tid:26][com.facebook.buck.util.ListeningProcessExecutor] Destroying process com.facebook.buck.util.ListeningProcessExecutor$LaunchedProcessImpl@3810e0fc (force true)
[2017-10-04 15:04:10.376][debug][command:null][tid:26][com.facebook.buck.util.ListeningProcessExecutor] Destroying process com.facebook.buck.util.ListeningProcessExecutor$LaunchedProcessImpl@3810e0fc (force true)
[2017-10-04 15:04:10.376][debug][command:null][tid:26][com.facebook.buck.util.environment.MacNetworkConfiguration] Determine active state of media for device
[2017-10-04 15:04:10.376][debug][command:null][tid:26][com.facebook.buck.util.environment.MacNetworkConfiguration] Determine active state of media for device
[2017-10-04 15:04:10.377][debug][command:null][tid:26][com.facebook.buck.util.ListeningProcessExecutor] Launching process with params ProcessExecutorParams{command=[networksetup, -getMedia, en10]}
[2017-10-04 15:04:10.377][debug][command:null][tid:26][com.facebook.buck.util.ListeningProcessExecutor] Launching process with params ProcessExecutorParams{command=[networksetup, -getMedia, en10]}
[2017-10-04 15:04:10.379][debug][command:null][tid:26][com.facebook.buck.util.ListeningProcessExecutor] Successfully launched process com.zaxxer.nuprocess.osx.OsxProcess@1a5fcc00
[2017-10-04 15:04:10.379][debug][command:null][tid:26][com.facebook.buck.util.ListeningProcessExecutor] Successfully launched process com.zaxxer.nuprocess.osx.OsxProcess@1a5fcc00
[2017-10-04 15:04:10.380][debug][command:null][tid:26][com.facebook.buck.util.ListeningProcessExecutor] Waiting for process com.facebook.buck.util.ListeningProcessExecutor$LaunchedProcessImpl@562959a3 timeout 1000 MILLISECONDS
[2017-10-04 15:04:10.380][debug][command:null][tid:26][com.facebook.buck.util.ListeningProcessExecutor] Waiting for process com.facebook.buck.util.ListeningProcessExecutor$LaunchedProcessImpl@562959a3 timeout 1000 MILLISECONDS
[2017-10-04 15:04:10.382][debug][command:2d6a25f9-b433-4769-951d-aa1d96437d99][tid:32][com.facebook.buck.apple.AppleCxxPlatforms] SDK AppleSdk{name=appletvos11.0, version=11.0, applePlatform=ApplePlatform{name=appletvos, provisioningProfileName=tvOS, architectures=[arm64], minVersionFlagPrefix=-mtvos-version-min=, appIncludesFrameworks=false}, architectures=[arm64], toolchains=[AppleToolchain{identifier=com.apple.dt.toolchain.XcodeDefault, path=/Applications/Xcode.app/Contents/Developer/Toolchains/XcodeDefault.xctoolchain}]} using default version 11.0
[2017-10-04 15:04:10.392][debug][command:2d6a25f9-b433-4769-951d-aa1d96437d99][tid:32][com.facebook.buck.apple.AppleCxxPlatforms] Xcode build version is: 9A235
[2017-10-04 15:04:10.422][debug][command:null][tid:26][com.facebook.buck.util.ListeningProcessExecutor] Wait for process returned 4
[2017-10-04 15:04:10.422][debug][command:null][tid:26][com.facebook.buck.util.ListeningProcessExecutor] Wait for process returned 4
[2017-10-04 15:04:10.422][debug][command:null][tid:26][com.facebook.buck.util.ListeningProcessExecutor] Destroying process com.facebook.buck.util.ListeningProcessExecutor$LaunchedProcessImpl@562959a3 (force true)
[2017-10-04 15:04:10.422][debug][command:null][tid:26][com.facebook.buck.util.ListeningProcessExecutor] Destroying process com.facebook.buck.util.ListeningProcessExecutor$LaunchedProcessImpl@562959a3 (force true)
[2017-10-04 15:04:10.422][debug][command:null][tid:26][com.facebook.buck.util.environment.MacNetworkConfiguration] Determine active state of media for device
[2017-10-04 15:04:10.422][debug][command:null][tid:26][com.facebook.buck.util.environment.MacNetworkConfiguration] Determine active state of media for device
[2017-10-04 15:04:10.422][debug][command:null][tid:26][com.facebook.buck.util.ListeningProcessExecutor] Launching process with params ProcessExecutorParams{command=[networksetup, -getMedia, fw0]}
[2017-10-04 15:04:10.422][debug][command:null][tid:26][com.facebook.buck.util.ListeningProcessExecutor] Launching process with params ProcessExecutorParams{command=[networksetup, -getMedia, fw0]}
[2017-10-04 15:04:10.426][debug][command:null][tid:26][com.facebook.buck.util.ListeningProcessExecutor] Successfully launched process com.zaxxer.nuprocess.osx.OsxProcess@7b6964f3
[2017-10-04 15:04:10.426][debug][command:null][tid:26][com.facebook.buck.util.ListeningProcessExecutor] Successfully launched process com.zaxxer.nuprocess.osx.OsxProcess@7b6964f3
[2017-10-04 15:04:10.428][debug][command:null][tid:26][com.facebook.buck.util.ListeningProcessExecutor] Waiting for process com.facebook.buck.util.ListeningProcessExecutor$LaunchedProcessImpl@44c17c62 timeout 1000 MILLISECONDS
[2017-10-04 15:04:10.428][debug][command:null][tid:26][com.facebook.buck.util.ListeningProcessExecutor] Waiting for process com.facebook.buck.util.ListeningProcessExecutor$LaunchedProcessImpl@44c17c62 timeout 1000 MILLISECONDS
[2017-10-04 15:04:10.433][debug][command:2d6a25f9-b433-4769-951d-aa1d96437d99][tid:32][com.facebook.buck.apple.AppleCxxPlatforms] Apple toolchain path: /Applications/Xcode.app/Contents/Developer/Toolchains/XcodeDefault.xctoolchain
[2017-10-04 15:04:10.441][debug][command:2d6a25f9-b433-4769-951d-aa1d96437d99][tid:32][com.facebook.buck.apple.AppleCxxPlatforms] Headers verification platform whitelist: [^\Q/Applications/Xcode.app/Contents/Developer/Platforms/AppleTVOS.platform/Developer/Library/Frameworks\E\/.*, ^\Q/Applications/Xcode.app/Contents/Developer/Platforms/AppleTVOS.platform/Developer/SDKs/AppleTVOS.sdk\E\/.*, ^\Q/Applications/Xcode.app/Contents/Developer/Toolchains/XcodeDefault.xctoolchain\E\/.*]
[2017-10-04 15:04:10.481][debug][command:null][tid:26][com.facebook.buck.util.ListeningProcessExecutor] Wait for process returned 4
[2017-10-04 15:04:10.481][debug][command:null][tid:26][com.facebook.buck.util.ListeningProcessExecutor] Wait for process returned 4
[2017-10-04 15:04:10.481][debug][command:null][tid:26][com.facebook.buck.util.ListeningProcessExecutor] Destroying process com.facebook.buck.util.ListeningProcessExecutor$LaunchedProcessImpl@44c17c62 (force true)
[2017-10-04 15:04:10.481][debug][command:null][tid:26][com.facebook.buck.util.ListeningProcessExecutor] Destroying process com.facebook.buck.util.ListeningProcessExecutor$LaunchedProcessImpl@44c17c62 (force true)
[2017-10-04 15:04:10.482][debug][command:null][tid:26][com.facebook.buck.util.environment.MacNetworkConfiguration] Determine active state of media for device
[2017-10-04 15:04:10.482][debug][command:null][tid:26][com.facebook.buck.util.environment.MacNetworkConfiguration] Determine active state of media for device
[2017-10-04 15:04:10.482][debug][command:null][tid:26][com.facebook.buck.util.ListeningProcessExecutor] Launching process with params ProcessExecutorParams{command=[networksetup, -getMedia, en0]}
[2017-10-04 15:04:10.482][debug][command:null][tid:26][com.facebook.buck.util.ListeningProcessExecutor] Launching process with params ProcessExecutorParams{command=[networksetup, -getMedia, en0]}
[2017-10-04 15:04:10.486][debug][command:null][tid:26][com.facebook.buck.util.ListeningProcessExecutor] Successfully launched process com.zaxxer.nuprocess.osx.OsxProcess@209a9736
[2017-10-04 15:04:10.486][debug][command:null][tid:26][com.facebook.buck.util.ListeningProcessExecutor] Successfully launched process com.zaxxer.nuprocess.osx.OsxProcess@209a9736
[2017-10-04 15:04:10.488][debug][command:null][tid:26][com.facebook.buck.util.ListeningProcessExecutor] Waiting for process com.facebook.buck.util.ListeningProcessExecutor$LaunchedProcessImpl@3c6226c7 timeout 1000 MILLISECONDS
[2017-10-04 15:04:10.488][debug][command:null][tid:26][com.facebook.buck.util.ListeningProcessExecutor] Waiting for process com.facebook.buck.util.ListeningProcessExecutor$LaunchedProcessImpl@3c6226c7 timeout 1000 MILLISECONDS
[2017-10-04 15:04:10.494][debug][command:2d6a25f9-b433-4769-951d-aa1d96437d99][tid:32][com.facebook.buck.apple.AppleCxxPlatforms] SDK AppleSdk{name=appletvsimulator11.0, version=11.0, applePlatform=ApplePlatform{name=appletvsimulator, swiftName=tvos, architectures=[x86_64], minVersionFlagPrefix=-mtvos-simulator-version-min=, appIncludesFrameworks=false}, architectures=[x86_64], toolchains=[AppleToolchain{identifier=com.apple.dt.toolchain.XcodeDefault, path=/Applications/Xcode.app/Contents/Developer/Toolchains/XcodeDefault.xctoolchain}]} using default version 11.0
[2017-10-04 15:04:10.497][debug][command:2d6a25f9-b433-4769-951d-aa1d96437d99][tid:32][com.facebook.buck.apple.AppleCxxPlatforms] Xcode build version is: 9A235
[2017-10-04 15:04:10.501][warn ][command:2d6a25f9-b433-4769-951d-aa1d96437d99][tid:32][com.facebook.buck.apple.AppleCxxPlatforms] /Applications/Xcode.app/Contents/Developer/Platforms/AppleTVSimulator.platform/version.plist does not exist. Build version will be unset for this platform.
[2017-10-04 15:04:10.501][debug][command:2d6a25f9-b433-4769-951d-aa1d96437d99][tid:32][com.facebook.buck.apple.AppleCxxPlatforms] Apple toolchain path: /Applications/Xcode.app/Contents/Developer/Toolchains/XcodeDefault.xctoolchain
[2017-10-04 15:04:10.502][debug][command:2d6a25f9-b433-4769-951d-aa1d96437d99][tid:32][com.facebook.buck.apple.AppleCxxPlatforms] Headers verification platform whitelist: [^\Q/Applications/Xcode.app/Contents/Developer/Platforms/AppleTVSimulator.platform/Developer/Library/Frameworks\E\/.*, ^\Q/Applications/Xcode.app/Contents/Developer/Platforms/AppleTVSimulator.platform/Developer/SDKs/AppleTVSimulator.sdk\E\/.*, ^\Q/Applications/Xcode.app/Contents/Developer/Toolchains/XcodeDefault.xctoolchain\E\/.*]
[2017-10-04 15:04:10.504][debug][command:2d6a25f9-b433-4769-951d-aa1d96437d99][tid:32][com.facebook.buck.apple.AppleCxxPlatforms] SDK AppleSdk{name=iphoneos11.0, version=11.0, applePlatform=ApplePlatform{name=iphoneos, swiftName=ios, provisioningProfileName=iOS, architectures=[armv7, arm64], minVersionFlagPrefix=-mios-version-min=, stubBinaryPath=Library/Application Support/WatchKit/WK, appIncludesFrameworks=false}, architectures=[armv7, arm64], toolchains=[AppleToolchain{identifier=com.apple.dt.toolchain.XcodeDefault, path=/Applications/Xcode.app/Contents/Developer/Toolchains/XcodeDefault.xctoolchain}]} using default version 10.0
[2017-10-04 15:04:10.506][debug][command:2d6a25f9-b433-4769-951d-aa1d96437d99][tid:32][com.facebook.buck.apple.AppleCxxPlatforms] Xcode build version is: 9A235
[2017-10-04 15:04:10.513][debug][command:2d6a25f9-b433-4769-951d-aa1d96437d99][tid:32][com.facebook.buck.apple.AppleCxxPlatforms] Apple toolchain path: /Applications/Xcode.app/Contents/Developer/Toolchains/XcodeDefault.xctoolchain
[2017-10-04 15:04:10.516][debug][command:2d6a25f9-b433-4769-951d-aa1d96437d99][tid:32][com.facebook.buck.apple.AppleCxxPlatforms] Headers verification platform whitelist: [^\Q/Applications/Xcode.app/Contents/Developer/Platforms/iPhoneOS.platform/Developer/Library/Frameworks\E\/.*, ^\Q/Applications/Xcode.app/Contents/Developer/Platforms/iPhoneOS.platform/Developer/SDKs/iPhoneOS.sdk\E\/.*, ^\Q/Applications/Xcode.app/Contents/Developer/Toolchains/XcodeDefault.xctoolchain\E\/.*]
[2017-10-04 15:04:10.521][debug][command:2d6a25f9-b433-4769-951d-aa1d96437d99][tid:32][com.facebook.buck.apple.AppleCxxPlatforms] Xcode build version is: 9A235
[2017-10-04 15:04:10.529][debug][command:2d6a25f9-b433-4769-951d-aa1d96437d99][tid:32][com.facebook.buck.apple.AppleCxxPlatforms] Apple toolchain path: /Applications/Xcode.app/Contents/Developer/Toolchains/XcodeDefault.xctoolchain
[2017-10-04 15:04:10.530][debug][command:2d6a25f9-b433-4769-951d-aa1d96437d99][tid:32][com.facebook.buck.apple.AppleCxxPlatforms] Headers verification platform whitelist: [^\Q/Applications/Xcode.app/Contents/Developer/Platforms/iPhoneOS.platform/Developer/Library/Frameworks\E\/.*, ^\Q/Applications/Xcode.app/Contents/Developer/Platforms/iPhoneOS.platform/Developer/SDKs/iPhoneOS.sdk\E\/.*, ^\Q/Applications/Xcode.app/Contents/Developer/Toolchains/XcodeDefault.xctoolchain\E\/.*]
[2017-10-04 15:04:10.531][debug][command:2d6a25f9-b433-4769-951d-aa1d96437d99][tid:32][com.facebook.buck.apple.AppleCxxPlatforms] SDK AppleSdk{name=iphonesimulator11.0, version=11.0, applePlatform=ApplePlatform{name=iphonesimulator, swiftName=ios, architectures=[i386, x86_64], minVersionFlagPrefix=-mios-simulator-version-min=, stubBinaryPath=Library/Application Support/WatchKit/WK, appIncludesFrameworks=false}, architectures=[i386, x86_64], toolchains=[AppleToolchain{identifier=com.apple.dt.toolchain.XcodeDefault, path=/Applications/Xcode.app/Contents/Developer/Toolchains/XcodeDefault.xctoolchain}]} using default version 10.0
[2017-10-04 15:04:10.534][debug][command:2d6a25f9-b433-4769-951d-aa1d96437d99][tid:32][com.facebook.buck.apple.AppleCxxPlatforms] Xcode build version is: 9A235
[2017-10-04 15:04:10.537][warn ][command:2d6a25f9-b433-4769-951d-aa1d96437d99][tid:32][com.facebook.buck.apple.AppleCxxPlatforms] /Applications/Xcode.app/Contents/Developer/Platforms/iPhoneSimulator.platform/version.plist does not exist. Build version will be unset for this platform.
[2017-10-04 15:04:10.538][debug][command:2d6a25f9-b433-4769-951d-aa1d96437d99][tid:32][com.facebook.buck.apple.AppleCxxPlatforms] Apple toolchain path: /Applications/Xcode.app/Contents/Developer/Toolchains/XcodeDefault.xctoolchain
[2017-10-04 15:04:10.538][debug][command:2d6a25f9-b433-4769-951d-aa1d96437d99][tid:32][com.facebook.buck.apple.AppleCxxPlatforms] Headers verification platform whitelist: [^\Q/Applications/Xcode.app/Contents/Developer/Platforms/iPhoneSimulator.platform/Developer/Library/Frameworks\E\/.*, ^\Q/Applications/Xcode.app/Contents/Developer/Platforms/iPhoneSimulator.platform/Developer/SDKs/iPhoneSimulator.sdk\E\/.*, ^\Q/Applications/Xcode.app/Contents/Developer/Toolchains/XcodeDefault.xctoolchain\E\/.*]
[2017-10-04 15:04:10.541][debug][command:2d6a25f9-b433-4769-951d-aa1d96437d99][tid:32][com.facebook.buck.apple.AppleCxxPlatforms] Xcode build version is: 9A235
[2017-10-04 15:04:10.544][warn ][command:2d6a25f9-b433-4769-951d-aa1d96437d99][tid:32][com.facebook.buck.apple.AppleCxxPlatforms] /Applications/Xcode.app/Contents/Developer/Platforms/iPhoneSimulator.platform/version.plist does not exist. Build version will be unset for this platform.
[2017-10-04 15:04:10.545][debug][command:2d6a25f9-b433-4769-951d-aa1d96437d99][tid:32][com.facebook.buck.apple.AppleCxxPlatforms] Apple toolchain path: /Applications/Xcode.app/Contents/Developer/Toolchains/XcodeDefault.xctoolchain
[2017-10-04 15:04:10.547][debug][command:2d6a25f9-b433-4769-951d-aa1d96437d99][tid:32][com.facebook.buck.apple.AppleCxxPlatforms] Headers verification platform whitelist: [^\Q/Applications/Xcode.app/Contents/Developer/Platforms/iPhoneSimulator.platform/Developer/Library/Frameworks\E\/.*, ^\Q/Applications/Xcode.app/Contents/Developer/Platforms/iPhoneSimulator.platform/Developer/SDKs/iPhoneSimulator.sdk\E\/.*, ^\Q/Applications/Xcode.app/Contents/Developer/Toolchains/XcodeDefault.xctoolchain\E\/.*]
[2017-10-04 15:04:10.549][debug][command:2d6a25f9-b433-4769-951d-aa1d96437d99][tid:32][com.facebook.buck.apple.AppleCxxPlatforms] SDK AppleSdk{name=macosx10.13, version=10.13, applePlatform=ApplePlatform{name=macosx, architectures=[i386, x86_64], minVersionFlagPrefix=-mmacosx-version-min=, appIncludesFrameworks=true}, architectures=[i386, x86_64], toolchains=[AppleToolchain{identifier=com.apple.dt.toolchain.XcodeDefault, path=/Applications/Xcode.app/Contents/Developer/Toolchains/XcodeDefault.xctoolchain}]} using default version 10.13
[2017-10-04 15:04:10.551][debug][command:2d6a25f9-b433-4769-951d-aa1d96437d99][tid:32][com.facebook.buck.apple.AppleCxxPlatforms] Xcode build version is: 9A235
[2017-10-04 15:04:10.553][debug][command:null][tid:26][com.facebook.buck.util.ListeningProcessExecutor] Wait for process returned 0
[2017-10-04 15:04:10.553][debug][command:null][tid:26][com.facebook.buck.util.ListeningProcessExecutor] Wait for process returned 0
[2017-10-04 15:04:10.553][debug][command:null][tid:26][com.facebook.buck.util.ListeningProcessExecutor] Destroying process com.facebook.buck.util.ListeningProcessExecutor$LaunchedProcessImpl@3c6226c7 (force true)
[2017-10-04 15:04:10.553][debug][command:null][tid:26][com.facebook.buck.util.ListeningProcessExecutor] Destroying process com.facebook.buck.util.ListeningProcessExecutor$LaunchedProcessImpl@3c6226c7 (force true)
[2017-10-04 15:04:10.553][debug][command:null][tid:26][com.facebook.buck.util.environment.MacNetworkConfiguration] Determine WiFi SSID of device
[2017-10-04 15:04:10.553][debug][command:null][tid:26][com.facebook.buck.util.environment.MacNetworkConfiguration] Determine WiFi SSID of device
[2017-10-04 15:04:10.554][debug][command:null][tid:26][com.facebook.buck.util.ListeningProcessExecutor] Launching process with params ProcessExecutorParams{command=[networksetup, -getairportnetwork, en0]}
[2017-10-04 15:04:10.554][debug][command:null][tid:26][com.facebook.buck.util.ListeningProcessExecutor] Launching process with params ProcessExecutorParams{command=[networksetup, -getairportnetwork, en0]}
[2017-10-04 15:04:10.556][debug][command:null][tid:26][com.facebook.buck.util.ListeningProcessExecutor] Successfully launched process com.zaxxer.nuprocess.osx.OsxProcess@c1c8344
[2017-10-04 15:04:10.556][debug][command:null][tid:26][com.facebook.buck.util.ListeningProcessExecutor] Successfully launched process com.zaxxer.nuprocess.osx.OsxProcess@c1c8344
[2017-10-04 15:04:10.556][warn ][command:2d6a25f9-b433-4769-951d-aa1d96437d99][tid:32][com.facebook.buck.apple.AppleCxxPlatforms] In /Applications/Xcode.app/Contents/Developer/Platforms/MacOSX.platform/version.plist, missing ProductBuildVersion. Build version will be unset for this platform.
[2017-10-04 15:04:10.557][debug][command:2d6a25f9-b433-4769-951d-aa1d96437d99][tid:32][com.facebook.buck.apple.AppleCxxPlatforms] Apple toolchain path: /Applications/Xcode.app/Contents/Developer/Toolchains/XcodeDefault.xctoolchain
[2017-10-04 15:04:10.557][debug][command:2d6a25f9-b433-4769-951d-aa1d96437d99][tid:32][com.facebook.buck.apple.AppleCxxPlatforms] Headers verification platform whitelist: [^\Q/Applications/Xcode.app/Contents/Developer/Platforms/MacOSX.platform/Developer/Library/Frameworks\E\/.*, ^\Q/Applications/Xcode.app/Contents/Developer/Platforms/MacOSX.platform/Developer/SDKs/MacOSX.sdk\E\/.*, ^\Q/Applications/Xcode.app/Contents/Developer/Toolchains/XcodeDefault.xctoolchain\E\/.*]
[2017-10-04 15:04:10.558][debug][command:null][tid:26][com.facebook.buck.util.ListeningProcessExecutor] Waiting for process com.facebook.buck.util.ListeningProcessExecutor$LaunchedProcessImpl@43f1dcc9 timeout 1000 MILLISECONDS
[2017-10-04 15:04:10.558][debug][command:null][tid:26][com.facebook.buck.util.ListeningProcessExecutor] Waiting for process com.facebook.buck.util.ListeningProcessExecutor$LaunchedProcessImpl@43f1dcc9 timeout 1000 MILLISECONDS
[2017-10-04 15:04:10.560][debug][command:2d6a25f9-b433-4769-951d-aa1d96437d99][tid:32][com.facebook.buck.apple.AppleCxxPlatforms] Xcode build version is: 9A235
[2017-10-04 15:04:10.563][warn ][command:2d6a25f9-b433-4769-951d-aa1d96437d99][tid:32][com.facebook.buck.apple.AppleCxxPlatforms] In /Applications/Xcode.app/Contents/Developer/Platforms/MacOSX.platform/version.plist, missing ProductBuildVersion. Build version will be unset for this platform.
[2017-10-04 15:04:10.563][debug][command:2d6a25f9-b433-4769-951d-aa1d96437d99][tid:32][com.facebook.buck.apple.AppleCxxPlatforms] Apple toolchain path: /Applications/Xcode.app/Contents/Developer/Toolchains/XcodeDefault.xctoolchain
[2017-10-04 15:04:10.564][debug][command:2d6a25f9-b433-4769-951d-aa1d96437d99][tid:32][com.facebook.buck.apple.AppleCxxPlatforms] Headers verification platform whitelist: [^\Q/Applications/Xcode.app/Contents/Developer/Platforms/MacOSX.platform/Developer/Library/Frameworks\E\/.*, ^\Q/Applications/Xcode.app/Contents/Developer/Platforms/MacOSX.platform/Developer/SDKs/MacOSX.sdk\E\/.*, ^\Q/Applications/Xcode.app/Contents/Developer/Toolchains/XcodeDefault.xctoolchain\E\/.*]
[2017-10-04 15:04:10.565][debug][command:2d6a25f9-b433-4769-951d-aa1d96437d99][tid:32][com.facebook.buck.apple.AppleCxxPlatforms] SDK AppleSdk{name=watchos4.0, version=4.0, applePlatform=ApplePlatform{name=watchos, provisioningProfileName=iOS, architectures=[armv7k], minVersionFlagPrefix=-mwatchos-version-min=, stubBinaryPath=Library/Application Support/WatchKit/WK, appIncludesFrameworks=false}, architectures=[armv7k], toolchains=[AppleToolchain{identifier=com.apple.dt.toolchain.XcodeDefault, path=/Applications/Xcode.app/Contents/Developer/Toolchains/XcodeDefault.xctoolchain}]} using default version 4.0
[2017-10-04 15:04:10.567][debug][command:2d6a25f9-b433-4769-951d-aa1d96437d99][tid:32][com.facebook.buck.apple.AppleCxxPlatforms] Xcode build version is: 9A235
[2017-10-04 15:04:10.570][debug][command:2d6a25f9-b433-4769-951d-aa1d96437d99][tid:32][com.facebook.buck.apple.AppleCxxPlatforms] Apple toolchain path: /Applications/Xcode.app/Contents/Developer/Toolchains/XcodeDefault.xctoolchain
[2017-10-04 15:04:10.571][debug][command:2d6a25f9-b433-4769-951d-aa1d96437d99][tid:32][com.facebook.buck.apple.AppleCxxPlatforms] Headers verification platform whitelist: [^\Q/Applications/Xcode.app/Contents/Developer/Platforms/WatchOS.platform/Developer/Library/Frameworks\E\/.*, ^\Q/Applications/Xcode.app/Contents/Developer/Platforms/WatchOS.platform/Developer/SDKs/WatchOS.sdk\E\/.*, ^\Q/Applications/Xcode.app/Contents/Developer/Toolchains/XcodeDefault.xctoolchain\E\/.*]
[2017-10-04 15:04:10.572][debug][command:2d6a25f9-b433-4769-951d-aa1d96437d99][tid:32][com.facebook.buck.apple.AppleCxxPlatforms] SDK AppleSdk{name=watchsimulator4.0, version=4.0, applePlatform=ApplePlatform{name=watchsimulator, architectures=[i386], minVersionFlagPrefix=-mwatchos-simulator-version-min=, stubBinaryPath=Library/Application Support/WatchKit/WK, appIncludesFrameworks=false}, architectures=[i386], toolchains=[AppleToolchain{identifier=com.apple.dt.toolchain.XcodeDefault, path=/Applications/Xcode.app/Contents/Developer/Toolchains/XcodeDefault.xctoolchain}]} using default version 4.0
[2017-10-04 15:04:10.573][debug][command:2d6a25f9-b433-4769-951d-aa1d96437d99][tid:32][com.facebook.buck.apple.AppleCxxPlatforms] Xcode build version is: 9A235
[2017-10-04 15:04:10.577][debug][command:2d6a25f9-b433-4769-951d-aa1d96437d99][tid:32][com.facebook.buck.apple.AppleCxxPlatforms] Apple toolchain path: /Applications/Xcode.app/Contents/Developer/Toolchains/XcodeDefault.xctoolchain
[2017-10-04 15:04:10.578][debug][command:2d6a25f9-b433-4769-951d-aa1d96437d99][tid:32][com.facebook.buck.apple.AppleCxxPlatforms] Headers verification platform whitelist: [^\Q/Applications/Xcode.app/Contents/Developer/Platforms/WatchSimulator.platform/Developer/Library/Frameworks\E\/.*, ^\Q/Applications/Xcode.app/Contents/Developer/Platforms/WatchSimulator.platform/Developer/SDKs/WatchSimulator.sdk\E\/.*, ^\Q/Applications/Xcode.app/Contents/Developer/Toolchains/XcodeDefault.xctoolchain\E\/.*]
[2017-10-04 15:04:10.579][debug][command:2d6a25f9-b433-4769-951d-aa1d96437d99][tid:32][com.facebook.buck.apple.AppleCxxPlatforms] SDK AppleSdk{name=appletvos, version=11.0, applePlatform=ApplePlatform{name=appletvos, provisioningProfileName=tvOS, architectures=[arm64], minVersionFlagPrefix=-mtvos-version-min=, appIncludesFrameworks=false}, architectures=[arm64], toolchains=[AppleToolchain{identifier=com.apple.dt.toolchain.XcodeDefault, path=/Applications/Xcode.app/Contents/Developer/Toolchains/XcodeDefault.xctoolchain}]} using default version 11.0
[2017-10-04 15:04:10.581][debug][command:2d6a25f9-b433-4769-951d-aa1d96437d99][tid:32][com.facebook.buck.apple.AppleCxxPlatforms] Xcode build version is: 9A235
[2017-10-04 15:04:10.585][debug][command:2d6a25f9-b433-4769-951d-aa1d96437d99][tid:32][com.facebook.buck.apple.AppleCxxPlatforms] Apple toolchain path: /Applications/Xcode.app/Contents/Developer/Toolchains/XcodeDefault.xctoolchain
[2017-10-04 15:04:10.586][debug][command:2d6a25f9-b433-4769-951d-aa1d96437d99][tid:32][com.facebook.buck.apple.AppleCxxPlatforms] Headers verification platform whitelist: [^\Q/Applications/Xcode.app/Contents/Developer/Platforms/AppleTVOS.platform/Developer/Library/Frameworks\E\/.*, ^\Q/Applications/Xcode.app/Contents/Developer/Platforms/AppleTVOS.platform/Developer/SDKs/AppleTVOS.sdk\E\/.*, ^\Q/Applications/Xcode.app/Contents/Developer/Toolchains/XcodeDefault.xctoolchain\E\/.*]
[2017-10-04 15:04:10.587][debug][command:2d6a25f9-b433-4769-951d-aa1d96437d99][tid:32][com.facebook.buck.apple.AppleCxxPlatforms] SDK AppleSdk{name=appletvsimulator, version=11.0, applePlatform=ApplePlatform{name=appletvsimulator, swiftName=tvos, architectures=[x86_64], minVersionFlagPrefix=-mtvos-simulator-version-min=, appIncludesFrameworks=false}, architectures=[x86_64], toolchains=[AppleToolchain{identifier=com.apple.dt.toolchain.XcodeDefault, path=/Applications/Xcode.app/Contents/Developer/Toolchains/XcodeDefault.xctoolchain}]} using default version 11.0
[2017-10-04 15:04:10.589][debug][command:2d6a25f9-b433-4769-951d-aa1d96437d99][tid:32][com.facebook.buck.apple.AppleCxxPlatforms] Xcode build version is: 9A235
[2017-10-04 15:04:10.590][warn ][command:2d6a25f9-b433-4769-951d-aa1d96437d99][tid:32][com.facebook.buck.apple.AppleCxxPlatforms] /Applications/Xcode.app/Contents/Developer/Platforms/AppleTVSimulator.platform/version.plist does not exist. Build version will be unset for this platform.
[2017-10-04 15:04:10.591][debug][command:2d6a25f9-b433-4769-951d-aa1d96437d99][tid:32][com.facebook.buck.apple.AppleCxxPlatforms] Apple toolchain path: /Applications/Xcode.app/Contents/Developer/Toolchains/XcodeDefault.xctoolchain
[2017-10-04 15:04:10.591][debug][command:2d6a25f9-b433-4769-951d-aa1d96437d99][tid:32][com.facebook.buck.apple.AppleCxxPlatforms] Headers verification platform whitelist: [^\Q/Applications/Xcode.app/Contents/Developer/Platforms/AppleTVSimulator.platform/Developer/Library/Frameworks\E\/.*, ^\Q/Applications/Xcode.app/Contents/Developer/Platforms/AppleTVSimulator.platform/Developer/SDKs/AppleTVSimulator.sdk\E\/.*, ^\Q/Applications/Xcode.app/Contents/Developer/Toolchains/XcodeDefault.xctoolchain\E\/.*]
[2017-10-04 15:04:10.593][debug][command:2d6a25f9-b433-4769-951d-aa1d96437d99][tid:32][com.facebook.buck.apple.AppleCxxPlatforms] SDK AppleSdk{name=iphoneos, version=11.0, applePlatform=ApplePlatform{name=iphoneos, swiftName=ios, provisioningProfileName=iOS, architectures=[armv7, arm64], minVersionFlagPrefix=-mios-version-min=, stubBinaryPath=Library/Application Support/WatchKit/WK, appIncludesFrameworks=false}, architectures=[armv7, arm64], toolchains=[AppleToolchain{identifier=com.apple.dt.toolchain.XcodeDefault, path=/Applications/Xcode.app/Contents/Developer/Toolchains/XcodeDefault.xctoolchain}]} using default version 10.0
[2017-10-04 15:04:10.594][debug][command:2d6a25f9-b433-4769-951d-aa1d96437d99][tid:32][com.facebook.buck.apple.AppleCxxPlatforms] Xcode build version is: 9A235
[2017-10-04 15:04:10.598][debug][command:2d6a25f9-b433-4769-951d-aa1d96437d99][tid:32][com.facebook.buck.apple.AppleCxxPlatforms] Apple toolchain path: /Applications/Xcode.app/Contents/Developer/Toolchains/XcodeDefault.xctoolchain
[2017-10-04 15:04:10.598][debug][command:2d6a25f9-b433-4769-951d-aa1d96437d99][tid:32][com.facebook.buck.apple.AppleCxxPlatforms] Headers verification platform whitelist: [^\Q/Applications/Xcode.app/Contents/Developer/Platforms/iPhoneOS.platform/Developer/Library/Frameworks\E\/.*, ^\Q/Applications/Xcode.app/Contents/Developer/Platforms/iPhoneOS.platform/Developer/SDKs/iPhoneOS.sdk\E\/.*, ^\Q/Applications/Xcode.app/Contents/Developer/Toolchains/XcodeDefault.xctoolchain\E\/.*]
[2017-10-04 15:04:10.601][debug][command:2d6a25f9-b433-4769-951d-aa1d96437d99][tid:32][com.facebook.buck.apple.AppleCxxPlatforms] Xcode build version is: 9A235
[2017-10-04 15:04:10.604][debug][command:null][tid:26][com.facebook.buck.util.ListeningProcessExecutor] Wait for process returned 0
[2017-10-04 15:04:10.604][debug][command:null][tid:26][com.facebook.buck.util.ListeningProcessExecutor] Wait for process returned 0
[2017-10-04 15:04:10.604][debug][command:2d6a25f9-b433-4769-951d-aa1d96437d99][tid:32][com.facebook.buck.apple.AppleCxxPlatforms] Apple toolchain path: /Applications/Xcode.app/Contents/Developer/Toolchains/XcodeDefault.xctoolchain
[2017-10-04 15:04:10.604][debug][command:null][tid:26][com.facebook.buck.util.ListeningProcessExecutor] Destroying process com.facebook.buck.util.ListeningProcessExecutor$LaunchedProcessImpl@43f1dcc9 (force true)
[2017-10-04 15:04:10.604][debug][command:null][tid:26][com.facebook.buck.util.ListeningProcessExecutor] Destroying process com.facebook.buck.util.ListeningProcessExecutor$LaunchedProcessImpl@43f1dcc9 (force true)
[2017-10-04 15:04:10.605][debug][command:2d6a25f9-b433-4769-951d-aa1d96437d99][tid:32][com.facebook.buck.apple.AppleCxxPlatforms] Headers verification platform whitelist: [^\Q/Applications/Xcode.app/Contents/Developer/Platforms/iPhoneOS.platform/Developer/Library/Frameworks\E\/.*, ^\Q/Applications/Xcode.app/Contents/Developer/Platforms/iPhoneOS.platform/Developer/SDKs/iPhoneOS.sdk\E\/.*, ^\Q/Applications/Xcode.app/Contents/Developer/Toolchains/XcodeDefault.xctoolchain\E\/.*]
[2017-10-04 15:04:10.606][debug][command:2d6a25f9-b433-4769-951d-aa1d96437d99][tid:32][com.facebook.buck.apple.AppleCxxPlatforms] SDK AppleSdk{name=iphonesimulator, version=11.0, applePlatform=ApplePlatform{name=iphonesimulator, swiftName=ios, architectures=[i386, x86_64], minVersionFlagPrefix=-mios-simulator-version-min=, stubBinaryPath=Library/Application Support/WatchKit/WK, appIncludesFrameworks=false}, architectures=[i386, x86_64], toolchains=[AppleToolchain{identifier=com.apple.dt.toolchain.XcodeDefault, path=/Applications/Xcode.app/Contents/Developer/Toolchains/XcodeDefault.xctoolchain}]} using default version 10.0
[2017-10-04 15:04:10.607][debug][command:2d6a25f9-b433-4769-951d-aa1d96437d99][tid:32][com.facebook.buck.apple.AppleCxxPlatforms] Xcode build version is: 9A235
[2017-10-04 15:04:10.608][info ][command:null][tid:26][com.facebook.buck.util.versioncontrol.VersionControlStatsGenerator] Starting generation of version control stats.
[2017-10-04 15:04:10.608][info ][command:null][tid:26][com.facebook.buck.util.versioncontrol.VersionControlStatsGenerator] Starting generation of version control stats.
[2017-10-04 15:04:10.608][warn ][command:null][tid:26][com.facebook.buck.util.versioncontrol.VersionControlStatsGenerator] Skipping generation of version control stats as unsupported repository type.
[2017-10-04 15:04:10.608][warn ][command:null][tid:26][com.facebook.buck.util.versioncontrol.VersionControlStatsGenerator] Skipping generation of version control stats as unsupported repository type.
[2017-10-04 15:04:10.609][warn ][command:2d6a25f9-b433-4769-951d-aa1d96437d99][tid:32][com.facebook.buck.apple.AppleCxxPlatforms] /Applications/Xcode.app/Contents/Developer/Platforms/iPhoneSimulator.platform/version.plist does not exist. Build version will be unset for this platform.
[2017-10-04 15:04:10.609][debug][command:2d6a25f9-b433-4769-951d-aa1d96437d99][tid:32][com.facebook.buck.apple.AppleCxxPlatforms] Apple toolchain path: /Applications/Xcode.app/Contents/Developer/Toolchains/XcodeDefault.xctoolchain
[2017-10-04 15:04:10.610][debug][command:2d6a25f9-b433-4769-951d-aa1d96437d99][tid:32][com.facebook.buck.apple.AppleCxxPlatforms] Headers verification platform whitelist: [^\Q/Applications/Xcode.app/Contents/Developer/Platforms/iPhoneSimulator.platform/Developer/Library/Frameworks\E\/.*, ^\Q/Applications/Xcode.app/Contents/Developer/Platforms/iPhoneSimulator.platform/Developer/SDKs/iPhoneSimulator.sdk\E\/.*, ^\Q/Applications/Xcode.app/Contents/Developer/Toolchains/XcodeDefault.xctoolchain\E\/.*]
[2017-10-04 15:04:10.611][debug][command:2d6a25f9-b433-4769-951d-aa1d96437d99][tid:32][com.facebook.buck.apple.AppleCxxPlatforms] Xcode build version is: 9A235
[2017-10-04 15:04:10.613][warn ][command:2d6a25f9-b433-4769-951d-aa1d96437d99][tid:32][com.facebook.buck.apple.AppleCxxPlatforms] /Applications/Xcode.app/Contents/Developer/Platforms/iPhoneSimulator.platform/version.plist does not exist. Build version will be unset for this platform.
[2017-10-04 15:04:10.613][debug][command:2d6a25f9-b433-4769-951d-aa1d96437d99][tid:32][com.facebook.buck.apple.AppleCxxPlatforms] Apple toolchain path: /Applications/Xcode.app/Contents/Developer/Toolchains/XcodeDefault.xctoolchain
[2017-10-04 15:04:10.613][debug][command:2d6a25f9-b433-4769-951d-aa1d96437d99][tid:32][com.facebook.buck.apple.AppleCxxPlatforms] Headers verification platform whitelist: [^\Q/Applications/Xcode.app/Contents/Developer/Platforms/iPhoneSimulator.platform/Developer/Library/Frameworks\E\/.*, ^\Q/Applications/Xcode.app/Contents/Developer/Platforms/iPhoneSimulator.platform/Developer/SDKs/iPhoneSimulator.sdk\E\/.*, ^\Q/Applications/Xcode.app/Contents/Developer/Toolchains/XcodeDefault.xctoolchain\E\/.*]
[2017-10-04 15:04:10.615][debug][command:2d6a25f9-b433-4769-951d-aa1d96437d99][tid:32][com.facebook.buck.apple.AppleCxxPlatforms] SDK AppleSdk{name=macosx, version=10.13, applePlatform=ApplePlatform{name=macosx, architectures=[i386, x86_64], minVersionFlagPrefix=-mmacosx-version-min=, appIncludesFrameworks=true}, architectures=[i386, x86_64], toolchains=[AppleToolchain{identifier=com.apple.dt.toolchain.XcodeDefault, path=/Applications/Xcode.app/Contents/Developer/Toolchains/XcodeDefault.xctoolchain}]} using default version 10.13
[2017-10-04 15:04:10.616][debug][command:2d6a25f9-b433-4769-951d-aa1d96437d99][tid:32][com.facebook.buck.apple.AppleCxxPlatforms] Xcode build version is: 9A235
[2017-10-04 15:04:10.618][warn ][command:2d6a25f9-b433-4769-951d-aa1d96437d99][tid:32][com.facebook.buck.apple.AppleCxxPlatforms] In /Applications/Xcode.app/Contents/Developer/Platforms/MacOSX.platform/version.plist, missing ProductBuildVersion. Build version will be unset for this platform.
[2017-10-04 15:04:10.619][debug][command:2d6a25f9-b433-4769-951d-aa1d96437d99][tid:32][com.facebook.buck.apple.AppleCxxPlatforms] Apple toolchain path: /Applications/Xcode.app/Contents/Developer/Toolchains/XcodeDefault.xctoolchain
[2017-10-04 15:04:10.619][debug][command:2d6a25f9-b433-4769-951d-aa1d96437d99][tid:32][com.facebook.buck.apple.AppleCxxPlatforms] Headers verification platform whitelist: [^\Q/Applications/Xcode.app/Contents/Developer/Platforms/MacOSX.platform/Developer/Library/Frameworks\E\/.*, ^\Q/Applications/Xcode.app/Contents/Developer/Platforms/MacOSX.platform/Developer/SDKs/MacOSX.sdk\E\/.*, ^\Q/Applications/Xcode.app/Contents/Developer/Toolchains/XcodeDefault.xctoolchain\E\/.*]
[2017-10-04 15:04:10.621][debug][command:2d6a25f9-b433-4769-951d-aa1d96437d99][tid:32][com.facebook.buck.apple.AppleCxxPlatforms] Xcode build version is: 9A235
[2017-10-04 15:04:10.623][warn ][command:2d6a25f9-b433-4769-951d-aa1d96437d99][tid:32][com.facebook.buck.apple.AppleCxxPlatforms] In /Applications/Xcode.app/Contents/Developer/Platforms/MacOSX.platform/version.plist, missing ProductBuildVersion. Build version will be unset for this platform.
[2017-10-04 15:04:10.624][debug][command:2d6a25f9-b433-4769-951d-aa1d96437d99][tid:32][com.facebook.buck.apple.AppleCxxPlatforms] Apple toolchain path: /Applications/Xcode.app/Contents/Developer/Toolchains/XcodeDefault.xctoolchain
[2017-10-04 15:04:10.624][debug][command:2d6a25f9-b433-4769-951d-aa1d96437d99][tid:32][com.facebook.buck.apple.AppleCxxPlatforms] Headers verification platform whitelist: [^\Q/Applications/Xcode.app/Contents/Developer/Platforms/MacOSX.platform/Developer/Library/Frameworks\E\/.*, ^\Q/Applications/Xcode.app/Contents/Developer/Platforms/MacOSX.platform/Developer/SDKs/MacOSX.sdk\E\/.*, ^\Q/Applications/Xcode.app/Contents/Developer/Toolchains/XcodeDefault.xctoolchain\E\/.*]
[2017-10-04 15:04:10.625][debug][command:2d6a25f9-b433-4769-951d-aa1d96437d99][tid:32][com.facebook.buck.apple.AppleCxxPlatforms] SDK AppleSdk{name=watchos, version=4.0, applePlatform=ApplePlatform{name=watchos, provisioningProfileName=iOS, architectures=[armv7k], minVersionFlagPrefix=-mwatchos-version-min=, stubBinaryPath=Library/Application Support/WatchKit/WK, appIncludesFrameworks=false}, architectures=[armv7k], toolchains=[AppleToolchain{identifier=com.apple.dt.toolchain.XcodeDefault, path=/Applications/Xcode.app/Contents/Developer/Toolchains/XcodeDefault.xctoolchain}]} using default version 4.0
[2017-10-04 15:04:10.629][debug][command:2d6a25f9-b433-4769-951d-aa1d96437d99][tid:32][com.facebook.buck.apple.AppleCxxPlatforms] Xcode build version is: 9A235
[2017-10-04 15:04:10.631][debug][command:2d6a25f9-b433-4769-951d-aa1d96437d99][tid:32][com.facebook.buck.apple.AppleCxxPlatforms] Apple toolchain path: /Applications/Xcode.app/Contents/Developer/Toolchains/XcodeDefault.xctoolchain
[2017-10-04 15:04:10.631][debug][command:2d6a25f9-b433-4769-951d-aa1d96437d99][tid:32][com.facebook.buck.apple.AppleCxxPlatforms] Headers verification platform whitelist: [^\Q/Applications/Xcode.app/Contents/Developer/Platforms/WatchOS.platform/Developer/Library/Frameworks\E\/.*, ^\Q/Applications/Xcode.app/Contents/Developer/Platforms/WatchOS.platform/Developer/SDKs/WatchOS.sdk\E\/.*, ^\Q/Applications/Xcode.app/Contents/Developer/Toolchains/XcodeDefault.xctoolchain\E\/.*]
[2017-10-04 15:04:10.632][debug][command:2d6a25f9-b433-4769-951d-aa1d96437d99][tid:32][com.facebook.buck.apple.AppleCxxPlatforms] SDK AppleSdk{name=watchsimulator, version=4.0, applePlatform=ApplePlatform{name=watchsimulator, architectures=[i386], minVersionFlagPrefix=-mwatchos-simulator-version-min=, stubBinaryPath=Library/Application Support/WatchKit/WK, appIncludesFrameworks=false}, architectures=[i386], toolchains=[AppleToolchain{identifier=com.apple.dt.toolchain.XcodeDefault, path=/Applications/Xcode.app/Contents/Developer/Toolchains/XcodeDefault.xctoolchain}]} using default version 4.0
[2017-10-04 15:04:10.633][debug][command:2d6a25f9-b433-4769-951d-aa1d96437d99][tid:32][com.facebook.buck.apple.AppleCxxPlatforms] Xcode build version is: 9A235
[2017-10-04 15:04:10.635][debug][command:2d6a25f9-b433-4769-951d-aa1d96437d99][tid:32][com.facebook.buck.apple.AppleCxxPlatforms] Apple toolchain path: /Applications/Xcode.app/Contents/Developer/Toolchains/XcodeDefault.xctoolchain
[2017-10-04 15:04:10.635][debug][command:2d6a25f9-b433-4769-951d-aa1d96437d99][tid:32][com.facebook.buck.apple.AppleCxxPlatforms] Headers verification platform whitelist: [^\Q/Applications/Xcode.app/Contents/Developer/Platforms/WatchSimulator.platform/Developer/Library/Frameworks\E\/.*, ^\Q/Applications/Xcode.app/Contents/Developer/Platforms/WatchSimulator.platform/Developer/SDKs/WatchSimulator.sdk\E\/.*, ^\Q/Applications/Xcode.app/Contents/Developer/Toolchains/XcodeDefault.xctoolchain\E\/.*]
[2017-10-04 15:04:10.656][debug][command:2d6a25f9-b433-4769-951d-aa1d96437d99][tid:32][com.facebook.buck.io.ExecutableFinder] Executable 'clang' mapped to 'Optional[/usr/bin/clang]'
[2017-10-04 15:04:10.657][debug][command:2d6a25f9-b433-4769-951d-aa1d96437d99][tid:32][com.facebook.buck.io.ExecutableFinder] Executable 'clang++' mapped to 'Optional[/usr/bin/clang++]'
[2017-10-04 15:04:10.658][debug][command:2d6a25f9-b433-4769-951d-aa1d96437d99][tid:32][com.facebook.buck.io.ExecutableFinder] Executable 'ar' mapped to 'Optional[/usr/bin/ar]'
[2017-10-04 15:04:10.660][debug][command:2d6a25f9-b433-4769-951d-aa1d96437d99][tid:32][com.facebook.buck.io.ExecutableFinder] Executable 'strip' mapped to 'Optional[/usr/bin/strip]'
[2017-10-04 15:04:10.661][debug][command:2d6a25f9-b433-4769-951d-aa1d96437d99][tid:32][com.facebook.buck.io.ExecutableFinder] Executable 'ranlib' mapped to 'Optional[/usr/bin/ranlib]'
[2017-10-04 15:04:10.661][debug][command:2d6a25f9-b433-4769-951d-aa1d96437d99][tid:32][com.facebook.buck.io.ExecutableFinder] Executable 'nm' mapped to 'Optional[/usr/bin/nm]'
[2017-10-04 15:04:10.663][debug][command:2d6a25f9-b433-4769-951d-aa1d96437d99][tid:32][com.facebook.buck.cxx.toolchain.CxxPlatforms] Using config default C++ platform CxxPlatform{flavor=iphonesimulator-x86_64, as=com.facebook.buck.cxx.toolchain.CompilerProvider@4d4601da, asflags=[-isysroot, /Applications/Xcode.app/Contents/Developer/Platforms/iPhoneSimulator.platform/Developer/SDKs/iPhoneSimulator.sdk, -arch, x86_64, -mios-simulator-version-min=10.0, -iquote, /Users/kieranlafferty/Desktop/BuckTest], aspp=com.facebook.buck.cxx.toolchain.PreprocessorProvider@5849f235, asppflags=[], cc=com.facebook.buck.cxx.toolchain.CompilerProvider@7c32b573, cflags=[-isysroot, /Applications/Xcode.app/Contents/Developer/Platforms/iPhoneSimulator.platform/Developer/SDKs/iPhoneSimulator.sdk, -arch, x86_64, -mios-simulator-version-min=10.0, -iquote, /Users/kieranlafferty/Desktop/BuckTest, -g, -fmodules, -fobjc-arc, -D, BUCK, -w], cxx=com.facebook.buck.cxx.toolchain.CompilerProvider@c845bd7, cxxflags=[-isysroot, /Applications/Xcode.app/Contents/Developer/Platforms/iPhoneSimulator.platform/Developer/SDKs/iPhoneSimulator.sdk, -arch, x86_64, -mios-simulator-version-min=10.0, -iquote, /Users/kieranlafferty/Desktop/BuckTest], cpp=com.facebook.buck.cxx.toolchain.PreprocessorProvider@71b1c34c, cppflags=[], cxxpp=com.facebook.buck.cxx.toolchain.PreprocessorProvider@66fe4f15, cxxppflags=[], cudappflags=[], cudaflags=[], asmppflags=[], asmflags=[], ld=com.facebook.buck.cxx.toolchain.linker.DefaultLinkerProvider@f0ee794, ldflags=[-isysroot, /Applications/Xcode.app/Contents/Developer/Platforms/iPhoneSimulator.platform/Developer/SDKs/iPhoneSimulator.sdk, -arch, x86_64, -mios-simulator-version-min=10.0, -iquote, /Users/kieranlafferty/Desktop/BuckTest, -Wl,-sdk_version, -Wl,11.0, -Wl,-ObjC], runtimeLdflags={}, strip=VersionedTool{path=/Applications/Xcode.app/Contents/Developer/Toolchains/XcodeDefault.xctoolchain/usr/bin/strip, extraArgs=[], name=apple-strip, version=11.0:9A235}, stripFlags=[], ar=com.facebook.buck.cxx.toolchain.ArchiverProvider$1@217a4f41, arflags=[], ranlib=com.facebook.buck.rules.ConstantToolProvider@5e2e5381, ranlibflags=[], symbolNameTool=com.facebook.buck.cxx.toolchain.LazyDelegatingSymbolNameTool@4abc39b6, sharedLibraryExtension=dylib, sharedLibraryVersionedExtensionFormat=%s.dylib, staticLibraryExtension=a, objectFileExtension=o, compilerDebugPathSanitizer=com.facebook.buck.cxx.toolchain.PrefixMapDebugPathSanitizer@32764532, assemblerDebugPathSanitizer=com.facebook.buck.cxx.toolchain.MungingDebugPathSanitizer@4105147a, headerVerification=HeaderVerification{mode=IGNORE, whitelist=[], platformWhitelist=[^\Q/Applications/Xcode.app/Contents/Developer/Platforms/iPhoneSimulator.platform/Developer/Library/Frameworks\E\/.*, ^\Q/Applications/Xcode.app/Contents/Developer/Platforms/iPhoneSimulator.platform/Developer/SDKs/iPhoneSimulator.sdk\E\/.*, ^\Q/Applications/Xcode.app/Contents/Developer/Toolchains/XcodeDefault.xctoolchain\E\/.*], whitelistPatterns=[^\Q/Applications/Xcode.app/Contents/Developer/Platforms/iPhoneSimulator.platform/Developer/Library/Frameworks\E\/.*, ^\Q/Applications/Xcode.app/Contents/Developer/Platforms/iPhoneSimulator.platform/Developer/SDKs/iPhoneSimulator.sdk\E\/.*, ^\Q/Applications/Xcode.app/Contents/Developer/Toolchains/XcodeDefault.xctoolchain\E\/.*]}, flagMacros={SDKROOT=/Applications/Xcode.app/Contents/Developer/Platforms/iPhoneSimulator.platform/Developer/SDKs/iPhoneSimulator.sdk, PLATFORM_DIR=/Applications/Xcode.app/Contents/Developer/Platforms/iPhoneSimulator.platform, CURRENT_ARCH=x86_64, DEVELOPER_DIR=/Applications/Xcode.app/Contents/Developer}, publicHeadersSymlinksEnabled=true, privateHeadersSymlinksEnabled=true}
[2017-10-04 15:04:10.685][debug][command:2d6a25f9-b433-4769-951d-aa1d96437d99][tid:32][com.facebook.buck.io.ExecutableFinder] Executable 'python2' mapped to 'Optional.empty'
[2017-10-04 15:04:10.685][debug][command:2d6a25f9-b433-4769-951d-aa1d96437d99][tid:32][com.facebook.buck.io.ExecutableFinder] Executable 'python' mapped to 'Optional[/usr/bin/python]'
[2017-10-04 15:04:10.848][debug][command:2d6a25f9-b433-4769-951d-aa1d96437d99][tid:32][com.facebook.buck.apple.ProvisioningProfileStore] Provisioning profile search path: /Users/kieranlafferty/Library/MobileDevice/Provisioning Profiles
[2017-10-04 15:04:11.116][debug][command:2d6a25f9-b433-4769-951d-aa1d96437d99][tid:32][com.facebook.buck.json.BuckPythonProgram] Writing python rules stub to /Users/kieranlafferty/Desktop/BuckTest/buck-out/tmp/buck_run.O630MF/buck_python_program5918913074906018518.
[2017-10-04 15:04:11.872][debug][command:2d6a25f9-b433-4769-951d-aa1d96437d99][tid:32][com.facebook.buck.json.BuckPythonProgram] Created temporary buck.py instance at /Users/kieranlafferty/Desktop/BuckTest/buck-out/tmp/buck_run.O630MF/buck_python_program5918913074906018518.
[2017-10-04 15:04:11.878][debug][command:2d6a25f9-b433-4769-951d-aa1d96437d99][tid:32][com.facebook.buck.json.PythonDslProjectBuildFileParser] Starting buck.py command: [/usr/bin/python, -u, /Users/kieranlafferty/Desktop/BuckTest/buck-out/tmp/buck_run.O630MF/buck_python_program5918913074906018518/__main__.py, --allow_empty_globs, --watchman_glob_stat_results, --project_root, /Users/kieranlafferty/Desktop/BuckTest, --cell_name, , --build_file_name, BUCK, --quiet, --config, /Users/kieranlafferty/Desktop/BuckTest/buck-out/tmp/buck_run.O630MF/raw_config8904707832253760025.json, --ignore_paths, /Users/kieranlafferty/Desktop/BuckTest/buck-out/tmp/buck_run.O630MF/ignore_paths8172125139192218168.json] environment: Optional[{IRBRC=/Users/kieranlafferty/.rvm/rubies/ruby-2.4.0/.irbrc, PATH=/Users/kieranlafferty/.rvm/gems/ruby-2.4.0/bin:/Users/kieranlafferty/.rvm/gems/ruby-2.4.0@global/bin:/Users/kieranlafferty/.rvm/rubies/ruby-2.4.0/bin:/usr/local/bin:/usr/bin:/bin:/usr/sbin:/sbin:/Users/kieranlafferty/.rvm/bin:/Users/kieranlafferty/.rvm/bin, JAVA_MAIN_CLASS_14411=com.facebook.buck.cli.bootstrapper.ClassLoaderBootstrapper, JAVA_ARCH=x86_64, _system_arch=x86_64, rvm_bin_path=/Users/kieranlafferty/.rvm/bin, BUCK_CLASSPATH=/Users/kieranlafferty/Desktop/BuckTest/.buckd/resources/v2017.09.04.01/buck_server, TERM=xterm-256color, rvm_prefix=/Users/kieranlafferty, LANG=en_US.UTF-8, VERSIONER_PYTHON_VERSION=2.7, BUCK_BUILD_ID=2d6a25f9-b433-4769-951d-aa1d96437d99, COLUMNS=80, LOGNAME=kieranlafferty, rvm_version=1.29.2 (latest), XPC_SERVICE_NAME=0, PWD=/Users/kieranlafferty/Desktop/BuckTest, TERM_PROGRAM_VERSION=388.1.1, _=./buck/bin/buck, SHELL=/bin/bash, NVM_DIR=/Users/kieranlafferty/.nvm, TERM_PROGRAM=Apple_Terminal, _system_type=Darwin, MY_RUBY_HOME=/Users/kieranlafferty/.rvm/rubies/ruby-2.4.0, BUCK_PYTHON_SPACE_INIT_TIME=7, _system_version=10.12, OLDPWD=/Users/kieranlafferty/Desktop/BuckTest/Apps, GEM_HOME=/Users/kieranlafferty/.rvm/gems/ruby-2.4.0, USER=kieranlafferty, VERSIONER_PYTHON_PREFER_32_BIT=no, CLASSPATH=/Users/kieranlafferty/Desktop/BuckTest/.buckd/resources/v2017.09.04.01/bootstrapper_jar, TMPDIR=/var/folders/zz/v2fpp8m54y1dq0qh5yt0hqvr0000gn/T/, rvm_path=/Users/kieranlafferty/.rvm, SSH_AUTH_SOCK=/private/tmp/com.apple.launchd.6ZK0SrMSVY/Listeners, GEM_PATH=/Users/kieranlafferty/.rvm/gems/ruby-2.4.0:/Users/kieranlafferty/.rvm/gems/ruby-2.4.0@global, XPC_FLAGS=0x0, RUBY_VERSION=ruby-2.4.0, TERM_SESSION_ID=CB4A996C-E3FC-48E1-BE88-F3365BBC9D63, BUCK_TTY=1, _system_name=OSX, __CF_USER_TEXT_ENCODING=0x1F5:0x0:0x0, Apple_PubSub_Socket_Render=/private/tmp/com.apple.launchd.2MgsOd4gbP/Render, com.apple.java.jvmTask=CommandLine, SHLVL=1, HOME=/Users/kieranlafferty}]
[2017-10-04 15:04:11.884][debug][command:2d6a25f9-b433-4769-951d-aa1d96437d99][tid:32][com.facebook.buck.json.PythonDslProjectBuildFileParser] Started process com.facebook.buck.util.ProcessExecutor$LaunchedProcessImpl@3a6f0234 successfully
[2017-10-04 15:04:12.240][debug][command:null][tid:40][com.facebook.buck.json.PythonDslProjectBuildFileParser] Closing buck.py process stdin
[2017-10-04 15:04:12.240][debug][command:null][tid:40][com.facebook.buck.json.PythonDslProjectBuildFileParser] Closing buck.py process stdin
[2017-10-04 15:04:12.261][debug][command:null][tid:40][com.facebook.buck.json.PythonDslProjectBuildFileParser] Waiting for process com.facebook.buck.util.ProcessExecutor$LaunchedProcessImpl@3a6f0234 to exit...
[2017-10-04 15:04:12.261][debug][command:null][tid:40][com.facebook.buck.json.PythonDslProjectBuildFileParser] Waiting for process com.facebook.buck.util.ProcessExecutor$LaunchedProcessImpl@3a6f0234 to exit...
[2017-10-04 15:04:12.261][debug][command:null][tid:40][com.facebook.buck.json.PythonDslProjectBuildFileParser] Process com.facebook.buck.util.ProcessExecutor$LaunchedProcessImpl@3a6f0234 exited cleanly.
[2017-10-04 15:04:12.261][debug][command:null][tid:40][com.facebook.buck.json.PythonDslProjectBuildFileParser] Process com.facebook.buck.util.ProcessExecutor$LaunchedProcessImpl@3a6f0234 exited cleanly.
[2017-10-04 15:04:12.268][debug][command:2d6a25f9-b433-4769-951d-aa1d96437d99][tid:01][com.facebook.buck.apple.project_generator.XCodeProjectCommandHelper] Xcode project generation: Killing existing Xcode if needed
[2017-10-04 15:04:12.268][debug][command:2d6a25f9-b433-4769-951d-aa1d96437d99][tid:01][com.facebook.buck.util.PkillProcessManager] Checking if Xcode is running...
[2017-10-04 15:04:12.313][debug][command:2d6a25f9-b433-4769-951d-aa1d96437d99][tid:01][com.facebook.buck.util.PkillProcessManager] Process Xcode is running
[2017-10-04 15:04:12.314][debug][command:2d6a25f9-b433-4769-951d-aa1d96437d99][tid:01][com.facebook.buck.apple.project_generator.XCodeProjectCommandHelper] Displaying prompt Xcode is currently running. Buck will modify files Xcode currently has open, which can cause it to become unstable.

Kill Xcode and continue?..
[2017-10-04 15:04:12.317][debug][command:null][tid:18][com.facebook.buck.event.listener.SuperConsoleEventBusListener] Stopping render scheduler
[2017-10-04 15:04:12.317][debug][command:null][tid:18][com.facebook.buck.event.listener.SuperConsoleEventBusListener] Stopping render scheduler
[2017-10-04 15:04:12.317][debug][command:null][tid:18][com.facebook.buck.event.listener.SuperConsoleEventBusListener] Stopping console output (stdout dirty true, stderr dirty false).
[2017-10-04 15:04:12.317][debug][command:null][tid:18][com.facebook.buck.event.listener.SuperConsoleEventBusListener] Stopping console output (stdout dirty true, stderr dirty false).
[2017-10-04 15:04:13.818][debug][command:2d6a25f9-b433-4769-951d-aa1d96437d99][tid:01][com.facebook.buck.apple.project_generator.XCodeProjectCommandHelper] Result of prompt: [Optional[Y]]
[2017-10-04 15:04:13.819][debug][command:2d6a25f9-b433-4769-951d-aa1d96437d99][tid:01][com.facebook.buck.util.PkillProcessManager] Killing process Xcode...
[2017-10-04 15:04:13.862][debug][command:2d6a25f9-b433-4769-951d-aa1d96437d99][tid:01][com.facebook.buck.util.PkillProcessManager] Killed process Xcode.
[2017-10-04 15:04:13.863][debug][command:2d6a25f9-b433-4769-951d-aa1d96437d99][tid:01][com.facebook.buck.apple.project_generator.XCodeProjectCommandHelper] Xcode project generation: Computing graph roots
[2017-10-04 15:04:13.863][debug][command:2d6a25f9-b433-4769-951d-aa1d96437d99][tid:01][com.facebook.buck.apple.project_generator.XCodeProjectCommandHelper] Xcode project generation: Getting more part of the target graph
[2017-10-04 15:04:13.876][debug][command:2d6a25f9-b433-4769-951d-aa1d96437d99][tid:01][com.facebook.buck.apple.project_generator.XCodeProjectCommandHelper] Xcode project generation: Run the project generator
[2017-10-04 15:04:13.921][debug][command:2d6a25f9-b433-4769-951d-aa1d96437d99][tid:01][com.facebook.buck.apple.project_generator.XCodeProjectCommandHelper] Xcode project generation: Generates workspaces for targets
[2017-10-04 15:04:13.957][debug][command:2d6a25f9-b433-4769-951d-aa1d96437d99][tid:01][com.facebook.buck.apple.project_generator.XCodeProjectCommandHelper] Generating workspace for config targets [//Apps/BuckSwiftDemo:BuckSwiftDemo]
[2017-10-04 15:04:13.969][debug][command:2d6a25f9-b433-4769-951d-aa1d96437d99][tid:01][com.facebook.buck.apple.project_generator.WorkspaceAndProjectGenerator] Generating workspace for target //Apps/BuckSwiftDemo:BuckSwiftDemo
[2017-10-04 15:04:13.977][debug][command:2d6a25f9-b433-4769-951d-aa1d96437d99][tid:01][com.facebook.buck.apple.project_generator.WorkspaceAndProjectGenerator] Adding scheme BuckSwiftDemo
[2017-10-04 15:04:13.992][debug][command:2d6a25f9-b433-4769-951d-aa1d96437d99][tid:01][com.facebook.buck.apple.project_generator.WorkspaceAndProjectGenerator] Getting ordered test target nodes for [//Apps/BuckSwiftDemo:BuckSwiftDemoLibrary, //Apps/BuckSwiftDemo:BuckSwiftDemo]
[2017-10-04 15:04:14.004][debug][command:null][tid:48][com.facebook.buck.apple.project_generator.WorkspaceAndProjectGenerator] Generating project for directory Apps/BuckSwiftDemo with targets [//Apps/BuckSwiftDemo:BuckSwiftDemoLibrary, //Apps/BuckSwiftDemo:BuckSwiftDemo]
[2017-10-04 15:04:14.004][debug][command:null][tid:48][com.facebook.buck.apple.project_generator.WorkspaceAndProjectGenerator] Generating project for directory Apps/BuckSwiftDemo with targets [//Apps/BuckSwiftDemo:BuckSwiftDemoLibrary, //Apps/BuckSwiftDemo:BuckSwiftDemo]
[2017-10-04 15:04:14.009][debug][command:null][tid:48][com.facebook.buck.apple.project_generator.ProjectGenerator] Output directory Apps/BuckSwiftDemo, profile fs root path /Users/kieranlafferty/Desktop/BuckTest, repo root relative to output dir ../..
[2017-10-04 15:04:14.009][debug][command:null][tid:48][com.facebook.buck.apple.project_generator.ProjectGenerator] Output directory Apps/BuckSwiftDemo, profile fs root path /Users/kieranlafferty/Desktop/BuckTest, repo root relative to output dir ../..
[2017-10-04 15:04:14.018][debug][command:null][tid:48][com.facebook.buck.apple.project_generator.ProjectGenerator] Creating projects for targets [//Apps/BuckSwiftDemo:BuckSwiftDemoLibrary, //Apps/BuckSwiftDemo:BuckSwiftDemo]
[2017-10-04 15:04:14.018][debug][command:null][tid:48][com.facebook.buck.apple.project_generator.ProjectGenerator] Creating projects for targets [//Apps/BuckSwiftDemo:BuckSwiftDemoLibrary, //Apps/BuckSwiftDemo:BuckSwiftDemo]
[2017-10-04 15:04:14.018][debug][command:null][tid:48][com.facebook.buck.apple.project_generator.ProjectGenerator] Including rule //Apps/BuckSwiftDemo:BuckSwiftDemoLibrary in project
[2017-10-04 15:04:14.018][debug][command:null][tid:48][com.facebook.buck.apple.project_generator.ProjectGenerator] Including rule //Apps/BuckSwiftDemo:BuckSwiftDemoLibrary in project
[2017-10-04 15:04:14.022][debug][command:null][tid:48][com.facebook.buck.apple.project_generator.ProjectGenerator] Generating binary target for node //Apps/BuckSwiftDemo:BuckSwiftDemoLibrary
[2017-10-04 15:04:14.022][debug][command:null][tid:48][com.facebook.buck.apple.project_generator.ProjectGenerator] Generating binary target for node //Apps/BuckSwiftDemo:BuckSwiftDemoLibrary
[2017-10-04 15:04:14.086][debug][command:null][tid:48][com.facebook.buck.apple.project_generator.CxxPlatformXcodeConfigGenerator] Cannot determine value of CLANG_CXX_LANGUAGE_STANDARD
[2017-10-04 15:04:14.086][debug][command:null][tid:48][com.facebook.buck.apple.project_generator.CxxPlatformXcodeConfigGenerator] Cannot determine value of CLANG_CXX_LANGUAGE_STANDARD
[2017-10-04 15:04:14.086][debug][command:null][tid:48][com.facebook.buck.apple.project_generator.CxxPlatformXcodeConfigGenerator] Cannot determine value of CLANG_CXX_LIBRARY
[2017-10-04 15:04:14.086][debug][command:null][tid:48][com.facebook.buck.apple.project_generator.CxxPlatformXcodeConfigGenerator] Cannot determine value of CLANG_CXX_LIBRARY
[2017-10-04 15:04:14.094][debug][command:null][tid:48][com.facebook.buck.apple.project_generator.ProjectGenerator] Updating symlink tree at buck-out/gen/_p/3-qm1IN0ow-pub (old key Optional.empty, new key 6c926957c04af21d984037bfdf0d16bfa60c20ea).
[2017-10-04 15:04:14.094][debug][command:null][tid:48][com.facebook.buck.apple.project_generator.ProjectGenerator] Updating symlink tree at buck-out/gen/_p/3-qm1IN0ow-pub (old key Optional.empty, new key 6c926957c04af21d984037bfdf0d16bfa60c20ea).
[2017-10-04 15:04:14.106][debug][command:null][tid:48][com.facebook.buck.apple.project_generator.ProjectGenerator] Updating symlink tree at buck-out/gen/_p/3-qm1IN0ow-priv (old key Optional.empty, new key 99d339744204dd3a8711cf8a2e9793d3eed37aa9).
[2017-10-04 15:04:14.106][debug][command:null][tid:48][com.facebook.buck.apple.project_generator.ProjectGenerator] Updating symlink tree at buck-out/gen/_p/3-qm1IN0ow-priv (old key Optional.empty, new key 99d339744204dd3a8711cf8a2e9793d3eed37aa9).
[2017-10-04 15:04:14.108][debug][command:null][tid:48][com.facebook.buck.apple.project_generator.ProjectGenerator] Generated Cxx library target com.facebook.buck.apple.xcode.xcodeproj.PBXNativeTarget@5340d763 isa=PBXNativeTarget gid=null
[2017-10-04 15:04:14.108][debug][command:null][tid:48][com.facebook.buck.apple.project_generator.ProjectGenerator] Generated Cxx library target com.facebook.buck.apple.xcode.xcodeproj.PBXNativeTarget@5340d763 isa=PBXNativeTarget gid=null
[2017-10-04 15:04:14.108][debug][command:null][tid:48][com.facebook.buck.apple.project_generator.ProjectGenerator] Generated iOS library target com.facebook.buck.apple.xcode.xcodeproj.PBXNativeTarget@5340d763 isa=PBXNativeTarget gid=null
[2017-10-04 15:04:14.108][debug][command:null][tid:48][com.facebook.buck.apple.project_generator.ProjectGenerator] Generated iOS library target com.facebook.buck.apple.xcode.xcodeproj.PBXNativeTarget@5340d763 isa=PBXNativeTarget gid=null
[2017-10-04 15:04:14.109][debug][command:null][tid:48][com.facebook.buck.apple.project_generator.ProjectGenerator] Including rule //Apps/BuckSwiftDemo:BuckSwiftDemo in project
[2017-10-04 15:04:14.109][debug][command:null][tid:48][com.facebook.buck.apple.project_generator.ProjectGenerator] Including rule //Apps/BuckSwiftDemo:BuckSwiftDemo in project
[2017-10-04 15:04:14.116][debug][command:null][tid:48][com.facebook.buck.apple.project_generator.ProjectGenerator] Generating binary target for node //Apps/BuckSwiftDemo:BuckSwiftDemoBinary
[2017-10-04 15:04:14.116][debug][command:null][tid:48][com.facebook.buck.apple.project_generator.ProjectGenerator] Generating binary target for node //Apps/BuckSwiftDemo:BuckSwiftDemoBinary
[2017-10-04 15:04:14.120][debug][command:null][tid:48][com.facebook.buck.apple.project_generator.CxxPlatformXcodeConfigGenerator] Cannot determine value of CLANG_CXX_LANGUAGE_STANDARD
[2017-10-04 15:04:14.120][debug][command:null][tid:48][com.facebook.buck.apple.project_generator.CxxPlatformXcodeConfigGenerator] Cannot determine value of CLANG_CXX_LANGUAGE_STANDARD
[2017-10-04 15:04:14.120][debug][command:null][tid:48][com.facebook.buck.apple.project_generator.CxxPlatformXcodeConfigGenerator] Cannot determine value of CLANG_CXX_LIBRARY
[2017-10-04 15:04:14.120][debug][command:null][tid:48][com.facebook.buck.apple.project_generator.CxxPlatformXcodeConfigGenerator] Cannot determine value of CLANG_CXX_LIBRARY
[2017-10-04 15:04:14.122][debug][command:null][tid:48][com.facebook.buck.apple.project_generator.ProjectGenerator] Updating symlink tree at buck-out/gen/_p/aUAL8KG4gc-pub (old key Optional.empty, new key 99d339744204dd3a8711cf8a2e9793d3eed37aa9).
[2017-10-04 15:04:14.122][debug][command:null][tid:48][com.facebook.buck.apple.project_generator.ProjectGenerator] Updating symlink tree at buck-out/gen/_p/aUAL8KG4gc-pub (old key Optional.empty, new key 99d339744204dd3a8711cf8a2e9793d3eed37aa9).
[2017-10-04 15:04:14.122][debug][command:null][tid:48][com.facebook.buck.apple.project_generator.ProjectGenerator] Updating symlink tree at buck-out/gen/_p/aUAL8KG4gc-priv (old key Optional.empty, new key 99d339744204dd3a8711cf8a2e9793d3eed37aa9).
[2017-10-04 15:04:14.122][debug][command:null][tid:48][com.facebook.buck.apple.project_generator.ProjectGenerator] Updating symlink tree at buck-out/gen/_p/aUAL8KG4gc-priv (old key Optional.empty, new key 99d339744204dd3a8711cf8a2e9793d3eed37aa9).
[2017-10-04 15:04:14.123][debug][command:null][tid:48][com.facebook.buck.apple.project_generator.ProjectGenerator] Generated iOS bundle target com.facebook.buck.apple.xcode.xcodeproj.PBXNativeTarget@1acc14c3 isa=PBXNativeTarget gid=null
[2017-10-04 15:04:14.123][debug][command:null][tid:48][com.facebook.buck.apple.project_generator.ProjectGenerator] Generated iOS bundle target com.facebook.buck.apple.xcode.xcodeproj.PBXNativeTarget@1acc14c3 isa=PBXNativeTarget gid=null
[2017-10-04 15:04:14.139][debug][command:null][tid:48][com.facebook.buck.apple.project_generator.ProjectGenerator] Not regenerating project at Apps/BuckSwiftDemo/BuckSwiftDemo.xcodeproj/project.pbxproj (contents have not changed)
[2017-10-04 15:04:14.139][debug][command:null][tid:48][com.facebook.buck.apple.project_generator.ProjectGenerator] Not regenerating project at Apps/BuckSwiftDemo/BuckSwiftDemo.xcodeproj/project.pbxproj (contents have not changed)
[2017-10-04 15:04:14.149][debug][command:2d6a25f9-b433-4769-951d-aa1d96437d99][tid:01][com.facebook.buck.apple.project_generator.SchemeGenerator] Generating scheme with build targets [com.facebook.buck.apple.xcode.xcodeproj.PBXNativeTarget@5340d763 isa=PBXNativeTarget gid=E66DC04E08964B8000000000, com.facebook.buck.apple.xcode.xcodeproj.PBXNativeTarget@1acc14c3 isa=PBXNativeTarget gid=E66DC04E73F738BB00000000], test build targets [], test bundle targets []
[2017-10-04 15:04:14.207][debug][command:2d6a25f9-b433-4769-951d-aa1d96437d99][tid:01][com.facebook.buck.apple.project_generator.XCodeProjectCommandHelper] Required build targets for workspace //Apps/BuckSwiftDemo:BuckSwiftDemo: []
[2017-10-04 15:04:14.209][info ][command:2d6a25f9-b433-4769-951d-aa1d96437d99][tid:01][com.facebook.buck.cli.Main] Awaiting termination of HTTP Write executor service. Waiting for all jobs to complete, or up to maximum of 1800 seconds...
[2017-10-04 15:04:14.210][info ][command:2d6a25f9-b433-4769-951d-aa1d96437d99][tid:01][com.facebook.buck.cli.Main] Awaiting termination of CounterAggregatorExecutor executor service. Waiting for all jobs to complete, or up to maximum of 20 seconds...
[2017-10-04 15:04:14.214][debug][command:2d6a25f9-b433-4769-951d-aa1d96437d99][tid:21][com.facebook.buck.util.perf.ProcessTracker] shutDown
[2017-10-04 15:04:14.214][debug][command:2d6a25f9-b433-4769-951d-aa1d96437d99][tid:20][com.google.common.util.concurrent.ServiceManager] Service PerfStatsTracking [TERMINATED] has terminated. Previous state was: STOPPING
[2017-10-04 15:04:14.215][debug][command:2d6a25f9-b433-4769-951d-aa1d96437d99][tid:01][com.facebook.buck.event.listener.SuperConsoleEventBusListener] Stopping render scheduler
[2017-10-04 15:04:14.215][debug][command:2d6a25f9-b433-4769-951d-aa1d96437d99][tid:01][com.facebook.buck.event.listener.SuperConsoleEventBusListener] Stopping render scheduler
[2017-10-04 15:04:14.215][debug][command:2d6a25f9-b433-4769-951d-aa1d96437d99][tid:01][com.facebook.buck.event.listener.SuperConsoleEventBusListener] Stopping console output (stdout dirty true, stderr dirty false).
[2017-10-04 15:04:14.215][debug][command:2d6a25f9-b433-4769-951d-aa1d96437d99][tid:21][com.google.common.util.concurrent.ServiceManager] Service ProcessTracker [TERMINATED] has terminated. Previous state was: STOPPING
[2017-10-04 15:04:14.225][info ][command:null][tid:01][com.facebook.buck.cli.Main] Awaiting termination of CPU executor service. Waiting for all jobs to complete, or up to maximum of 60 seconds...
[2017-10-04 15:04:14.225][info ][command:null][tid:01][com.facebook.buck.cli.Main] Awaiting termination of NETWORK executor service. Waiting for all jobs to complete, or up to maximum of 60 seconds...
[2017-10-04 15:04:14.225][info ][command:null][tid:01][com.facebook.buck.cli.Main] Awaiting termination of PROJECT executor service. Waiting for all jobs to complete, or up to maximum of 60 seconds...
[2017-10-04 15:04:14.225][info ][command:null][tid:01][com.facebook.buck.cli.Main] Awaiting termination of ScheduledExecutorService executor service. Waiting for all jobs to complete, or up to maximum of 60 seconds...
[2017-10-04 15:04:14.225][info ][command:null][tid:01][com.facebook.buck.cli.Main] Awaiting termination of Disk IO executor service. Waiting for all jobs to complete, or up to maximum of 10 seconds...
[2017-10-04 15:04:14.225][debug][command:null][tid:01][com.facebook.buck.event.listener.SuperConsoleEventBusListener] Stopping render scheduler
[2017-10-04 15:04:14.226][debug][command:null][tid:01][com.facebook.buck.event.listener.SuperConsoleEventBusListener] Stopping render scheduler
[2017-10-04 15:04:14.226][debug][command:null][tid:01][com.facebook.buck.event.listener.SuperConsoleEventBusListener] Stopping console output (stdout dirty true, stderr dirty false).
[2017-10-04 15:04:14.226][debug][command:null][tid:01][com.facebook.buck.event.listener.ChromeTraceBuildListener] Writing Chrome trace to buck-out/log/2017-10-04_22h04m09s_projectcommand_2d6a25f9-b433-4769-951d-aa1d96437d99/build.2017-10-04.15-04-09.2d6a25f9-b433-4769-951d-aa1d96437d99.trace
[2017-10-04 15:04:14.251][debug][command:null][tid:01][com.facebook.buck.cli.Main] Done.
