[2017-10-04 15:08:29.362][debug][command:null][tid:01][com.facebook.buck.cli.Main] Starting up (build date 2017-09-05 09:32:04 -0700, rev v2017.09.04.01), args: [project, //Apps/BuckSwiftDemo:BuckSwiftDemo, --ide, xcode]
[2017-10-04 15:08:29.365][debug][command:null][tid:01][com.facebook.buck.cli.Main] System properties: {java.vendor=Oracle Corporation, sun.java.launcher=SUN_STANDARD, sun.management.compiler=HotSpot 64-Bit Tiered Compilers, jnidispatch.path=/Users/kieranlafferty/Desktop/BuckTest/buck-out/tmp/buck_run.YuNKHg/jna-1773210207/jna1871216483601251751.tmp, os.name=Mac OS X, buck.enable_objc=true, sun.boot.class.path=/Library/Java/JavaVirtualMachines/jdk1.8.0_131.jdk/Contents/Home/jre/lib/resources.jar:/Library/Java/JavaVirtualMachines/jdk1.8.0_131.jdk/Contents/Home/jre/lib/rt.jar:/Library/Java/JavaVirtualMachines/jdk1.8.0_131.jdk/Contents/Home/jre/lib/sunrsasign.jar:/Library/Java/JavaVirtualMachines/jdk1.8.0_131.jdk/Contents/Home/jre/lib/jsse.jar:/Library/Java/JavaVirtualMachines/jdk1.8.0_131.jdk/Contents/Home/jre/lib/jce.jar:/Library/Java/JavaVirtualMachines/jdk1.8.0_131.jdk/Contents/Home/jre/lib/charsets.jar:/Library/Java/JavaVirtualMachines/jdk1.8.0_131.jdk/Contents/Home/jre/lib/jfr.jar:/Library/Java/JavaVirtualMachines/jdk1.8.0_131.jdk/Contents/Home/jre/classes, buck.resource_lock_path=/Users/kieranlafferty/Desktop/BuckTest/.buckd/resources/v2017.09.04.01/.buck_lock, java.vm.specification.vendor=Oracle Corporation, java.runtime.version=1.8.0_131-b11, jna.loaded=true, buck.testrunner_classes=/Users/kieranlafferty/Desktop/BuckTest/.buckd/resources/v2017.09.04.01/testrunner_classes, buck.logging_config_file=/Users/kieranlafferty/Desktop/BuckTest/.buckd/resources/v2017.09.04.01/logging_config_file, buck.path_to_sh_binary_template=/Users/kieranlafferty/Desktop/BuckTest/.buckd/resources/v2017.09.04.01/path_to_sh_binary_template, user.name=kieranlafferty, buck.path_to_pywatchman=/Users/kieranlafferty/Desktop/BuckTest/.buckd/resources/v2017.09.04.01/path_to_pywatchman, buck.report_generator_jar=/Users/kieranlafferty/Desktop/BuckTest/.buckd/resources/v2017.09.04.01/report_generator_jar, buck.git_commit=v2017.09.04.01, user.language=en, sun.boot.library.path=/Library/Java/JavaVirtualMachines/jdk1.8.0_131.jdk/Contents/Home/jre/lib, java.version=1.8.0_131, user.timezone=America/Los_Angeles, buck.test_util_no_tests_dir=true, sun.arch.data.model=64, http.nonProxyHosts=local|*.local|169.254/16|*.169.254/16, java.endorsed.dirs=/Library/Java/JavaVirtualMachines/jdk1.8.0_131.jdk/Contents/Home/jre/lib/endorsed, sun.cpu.isalist=, sun.jnu.encoding=UTF-8, file.encoding.pkg=sun.io, file.separator=/, java.specification.name=Java Platform API Specification, buck.jacoco_agent_jar=/Users/kieranlafferty/Desktop/BuckTest/.buckd/resources/v2017.09.04.01/jacoco_agent_jar, java.class.version=52.0, user.country=US, java.home=/Library/Java/JavaVirtualMachines/jdk1.8.0_131.jdk/Contents/Home/jre, java.vm.info=mixed mode, os.version=10.12.6, buck.external_executor_jar=/Users/kieranlafferty/Desktop/BuckTest/.buckd/resources/v2017.09.04.01/external_executor_jar, buck.version_uid=v2017.09.04.01, org.eclipse.jetty.util.log.class=org.eclipse.jetty.util.log.JavaUtilLog, path.separator=:, java.vm.version=25.131-b11, java.awt.printerjob=sun.lwawt.macosx.CPrinterJob, sun.io.unicode.encoding=UnicodeBig, awt.toolkit=sun.lwawt.macosx.LWCToolkit, socksNonProxyHosts=local|*.local|169.254/16|*.169.254/16, buck.buck_build_type_info=/Users/kieranlafferty/Desktop/BuckTest/.buckd/resources/v2017.09.04.01/buck_build_type_info, ftp.nonProxyHosts=local|*.local|169.254/16|*.169.254/16, buck.dx=/Users/kieranlafferty/Desktop/BuckTest/.buckd/resources/v2017.09.04.01/dx, buck.git_commit_timestamp=1504629124, user.home=/Users/kieranlafferty, buck.path_to_asm_jar=/Users/kieranlafferty/Desktop/BuckTest/.buckd/resources/v2017.09.04.01/path_to_asm_jar, java.specification.vendor=Oracle Corporation, buck.git_dirty=0, java.library.path=/Users/kieranlafferty/Desktop/BuckTest/.buckd/resources/v2017.09.04.01, java.vendor.url=http://java.oracle.com/, java.vm.vendor=Oracle Corporation, gopherProxySet=false, java.runtime.name=Java(TM) SE Runtime Environment, sun.java.command=com.facebook.buck.cli.bootstrapper.ClassLoaderBootstrapper com.facebook.buck.cli.Main project //Apps/BuckSwiftDemo:BuckSwiftDemo --ide xcode, java.class.path=/Users/kieranlafferty/Desktop/BuckTest/.buckd/resources/v2017.09.04.01/bootstrapper_jar, buck.buckd_dir=/Users/kieranlafferty/Desktop/BuckTest/.buckd, buck.path_to_pathlib_py=/Users/kieranlafferty/Desktop/BuckTest/.buckd/resources/v2017.09.04.01/pathlib.py, java.vm.specification.name=Java Virtual Machine Specification, java.vm.specification.version=1.8, sun.cpu.endian=little, buck.path_to_rawmanifest_py=/Users/kieranlafferty/Desktop/BuckTest/.buckd/resources/v2017.09.04.01/rawmanifest.py, sun.os.patch.level=unknown, java.awt.headless=true, java.io.tmpdir=/Users/kieranlafferty/Desktop/BuckTest/buck-out/tmp/buck_run.YuNKHg, buck.android_agent_path=/Users/kieranlafferty/Desktop/BuckTest/.buckd/resources/v2017.09.04.01/android_agent_path, java.vendor.url.bug=http://bugreport.sun.com/bugreport/, buck.path_to_python_dsl=, os.arch=x86_64, java.awt.graphicsenv=sun.awt.CGraphicsEnvironment, buck.path_to_pex=/Users/kieranlafferty/Desktop/BuckTest/.buckd/resources/v2017.09.04.01/path_to_pex, java.ext.dirs=/Users/kieranlafferty/Library/Java/Extensions:/Library/Java/JavaVirtualMachines/jdk1.8.0_131.jdk/Contents/Home/jre/lib/ext:/Library/Java/Extensions:/Network/Library/Java/Extensions:/System/Library/Java/Extensions:/usr/lib/java, java.util.logging.config.class=com.facebook.buck.cli.bootstrapper.LogConfig, user.dir=/Users/kieranlafferty/Desktop/BuckTest, line.separator=
, java.vm.name=Java HotSpot(TM) 64-Bit Server VM, buck.path_to_typing=/Users/kieranlafferty/Desktop/BuckTest/.buckd/resources/v2017.09.04.01/path_to_typing, buck.native_exopackage_fake_path=/Users/kieranlafferty/Desktop/BuckTest/.buckd/resources/v2017.09.04.01/native_exopackage_fake_path, file.encoding=UTF-8, java.specification.version=1.8}
[2017-10-04 15:08:29.377][debug][command:null][tid:01][com.facebook.buck.config.Configs] Loading configuration for /Users/kieranlafferty/Desktop/BuckTest
[2017-10-04 15:08:29.431][debug][command:null][tid:01][com.facebook.buck.config.Configs] Loaded a configuration file /Users/kieranlafferty/Desktop/BuckTest/.buckconfig: {project={ide_force_kill=always}, cxx={default_platform=iphonesimulator-x86_64, cflags=-g -fmodules -fobjc-arc -D BUCK -w, combined_preprocess_and_compile=true}, swift={version=3.0, compiler_flags=-DBUCK -whole-module-optimization -enable-testing -suppress-warnings}, apple={iphonesimulator_target_sdk_version=10.0, iphoneos_target_sdk_version=10.0, use_swift_delegate=false}}
[2017-10-04 15:08:29.432][debug][command:null][tid:01][com.facebook.buck.config.Configs] Adding configuration overrides RawConfig{values={}}
[2017-10-04 15:08:29.496][debug][command:null][tid:01][com.facebook.buck.config.Configs] Loading configuration for /Users/kieranlafferty/Desktop/BuckTest
[2017-10-04 15:08:29.497][debug][command:null][tid:01][com.facebook.buck.config.Configs] Loaded a configuration file /Users/kieranlafferty/Desktop/BuckTest/.buckconfig: {project={ide_force_kill=always}, cxx={default_platform=iphonesimulator-x86_64, cflags=-g -fmodules -fobjc-arc -D BUCK -w, combined_preprocess_and_compile=true}, swift={version=3.0, compiler_flags=-DBUCK -whole-module-optimization -enable-testing -suppress-warnings}, apple={iphonesimulator_target_sdk_version=10.0, iphoneos_target_sdk_version=10.0, use_swift_delegate=false}}
[2017-10-04 15:08:29.497][debug][command:null][tid:01][com.facebook.buck.config.Configs] Adding configuration overrides RawConfig{values={}}
[2017-10-04 15:08:29.695][debug][command:null][tid:01][com.facebook.buck.apple.AppleToolchainDiscovery] Searching for Xcode toolchains under /Applications/Xcode.app/Contents/Developer/Toolchains
[2017-10-04 15:08:29.695][debug][command:null][tid:01][com.facebook.buck.apple.AppleToolchainDiscovery] Searching for Xcode toolchains in /Applications/Xcode.app/Contents/Developer/Toolchains
[2017-10-04 15:08:29.697][debug][command:null][tid:01][com.facebook.buck.apple.AppleToolchainDiscovery] Getting identifier for for Xcode toolchain under /Applications/Xcode.app/Contents/Developer/Toolchains/XcodeDefault.xctoolchain
[2017-10-04 15:08:29.710][debug][command:null][tid:01][com.facebook.buck.apple.AppleToolchainDiscovery] Mapped SDK identifier com.apple.dt.toolchain.XcodeDefault to path /Applications/Xcode.app/Contents/Developer/Toolchains/XcodeDefault.xctoolchain
[2017-10-04 15:08:29.719][debug][command:null][tid:01][com.facebook.buck.apple.AppleSdkDiscovery] Searching for Xcode platforms under /Applications/Xcode.app/Contents/Developer/Platforms
[2017-10-04 15:08:29.722][debug][command:null][tid:01][com.facebook.buck.apple.AppleSdkDiscovery] Searching for Xcode SDKs in /Applications/Xcode.app/Contents/Developer/Platforms
[2017-10-04 15:08:29.723][debug][command:null][tid:01][com.facebook.buck.apple.AppleSdkDiscovery] Fetching SDK name for /Applications/Xcode.app/Contents/Developer/Platforms/AppleTVOS.platform/Developer/SDKs/AppleTVOS.sdk
[2017-10-04 15:08:29.730][debug][command:null][tid:01][com.facebook.buck.apple.AppleSdkDiscovery] Found SDK AppleSdk{name=appletvos11.0, version=11.0, applePlatform=ApplePlatform{name=appletvos, provisioningProfileName=tvOS, architectures=[arm64], minVersionFlagPrefix=-mtvos-version-min=, appIncludesFrameworks=false}, architectures=[arm64], toolchains=[AppleToolchain{identifier=com.apple.dt.toolchain.XcodeDefault, path=/Applications/Xcode.app/Contents/Developer/Toolchains/XcodeDefault.xctoolchain}]}
[2017-10-04 15:08:29.732][debug][command:null][tid:01][com.facebook.buck.apple.AppleSdkDiscovery] Fetching SDK name for /Applications/Xcode.app/Contents/Developer/Platforms/AppleTVOS.platform/Developer/SDKs/AppleTVOS11.0.sdk
[2017-10-04 15:08:29.732][debug][command:null][tid:01][com.facebook.buck.apple.AppleSdkDiscovery] Skipping already scanned SDK directory /Applications/Xcode.app/Contents/Developer/Platforms/AppleTVOS.platform/Developer/SDKs/AppleTVOS.sdk
[2017-10-04 15:08:29.732][debug][command:null][tid:01][com.facebook.buck.apple.AppleSdkDiscovery] Fetching SDK name for /Applications/Xcode.app/Contents/Developer/Platforms/AppleTVSimulator.platform/Developer/SDKs/AppleTVSimulator.sdk
[2017-10-04 15:08:29.733][debug][command:null][tid:01][com.facebook.buck.apple.AppleSdkDiscovery] Found SDK AppleSdk{name=appletvsimulator11.0, version=11.0, applePlatform=ApplePlatform{name=appletvsimulator, swiftName=tvos, architectures=[x86_64], minVersionFlagPrefix=-mtvos-simulator-version-min=, appIncludesFrameworks=false}, architectures=[x86_64], toolchains=[AppleToolchain{identifier=com.apple.dt.toolchain.XcodeDefault, path=/Applications/Xcode.app/Contents/Developer/Toolchains/XcodeDefault.xctoolchain}]}
[2017-10-04 15:08:29.733][debug][command:null][tid:01][com.facebook.buck.apple.AppleSdkDiscovery] Fetching SDK name for /Applications/Xcode.app/Contents/Developer/Platforms/AppleTVSimulator.platform/Developer/SDKs/AppleTVSimulator11.0.sdk
[2017-10-04 15:08:29.733][debug][command:null][tid:01][com.facebook.buck.apple.AppleSdkDiscovery] Skipping already scanned SDK directory /Applications/Xcode.app/Contents/Developer/Platforms/AppleTVSimulator.platform/Developer/SDKs/AppleTVSimulator.sdk
[2017-10-04 15:08:29.734][debug][command:null][tid:01][com.facebook.buck.apple.AppleSdkDiscovery] Fetching SDK name for /Applications/Xcode.app/Contents/Developer/Platforms/iPhoneOS.platform/Developer/SDKs/iPhoneOS.sdk
[2017-10-04 15:08:29.734][debug][command:null][tid:01][com.facebook.buck.apple.AppleSdkDiscovery] Found SDK AppleSdk{name=iphoneos11.0, version=11.0, applePlatform=ApplePlatform{name=iphoneos, swiftName=ios, provisioningProfileName=iOS, architectures=[armv7, arm64], minVersionFlagPrefix=-mios-version-min=, stubBinaryPath=Library/Application Support/WatchKit/WK, appIncludesFrameworks=false}, architectures=[armv7, arm64], toolchains=[AppleToolchain{identifier=com.apple.dt.toolchain.XcodeDefault, path=/Applications/Xcode.app/Contents/Developer/Toolchains/XcodeDefault.xctoolchain}]}
[2017-10-04 15:08:29.735][debug][command:null][tid:01][com.facebook.buck.apple.AppleSdkDiscovery] Fetching SDK name for /Applications/Xcode.app/Contents/Developer/Platforms/iPhoneOS.platform/Developer/SDKs/iPhoneOS11.0.sdk
[2017-10-04 15:08:29.735][debug][command:null][tid:01][com.facebook.buck.apple.AppleSdkDiscovery] Skipping already scanned SDK directory /Applications/Xcode.app/Contents/Developer/Platforms/iPhoneOS.platform/Developer/SDKs/iPhoneOS.sdk
[2017-10-04 15:08:29.735][debug][command:null][tid:01][com.facebook.buck.apple.AppleSdkDiscovery] Fetching SDK name for /Applications/Xcode.app/Contents/Developer/Platforms/iPhoneSimulator.platform/Developer/SDKs/iPhoneSimulator.sdk
[2017-10-04 15:08:29.736][debug][command:null][tid:01][com.facebook.buck.apple.AppleSdkDiscovery] Found SDK AppleSdk{name=iphonesimulator11.0, version=11.0, applePlatform=ApplePlatform{name=iphonesimulator, swiftName=ios, architectures=[i386, x86_64], minVersionFlagPrefix=-mios-simulator-version-min=, stubBinaryPath=Library/Application Support/WatchKit/WK, appIncludesFrameworks=false}, architectures=[i386, x86_64], toolchains=[AppleToolchain{identifier=com.apple.dt.toolchain.XcodeDefault, path=/Applications/Xcode.app/Contents/Developer/Toolchains/XcodeDefault.xctoolchain}]}
[2017-10-04 15:08:29.736][debug][command:null][tid:01][com.facebook.buck.apple.AppleSdkDiscovery] Fetching SDK name for /Applications/Xcode.app/Contents/Developer/Platforms/iPhoneSimulator.platform/Developer/SDKs/iPhoneSimulator11.0.sdk
[2017-10-04 15:08:29.736][debug][command:null][tid:01][com.facebook.buck.apple.AppleSdkDiscovery] Skipping already scanned SDK directory /Applications/Xcode.app/Contents/Developer/Platforms/iPhoneSimulator.platform/Developer/SDKs/iPhoneSimulator.sdk
[2017-10-04 15:08:29.736][debug][command:null][tid:01][com.facebook.buck.apple.AppleSdkDiscovery] Fetching SDK name for /Applications/Xcode.app/Contents/Developer/Platforms/MacOSX.platform/Developer/SDKs/MacOSX.sdk
[2017-10-04 15:08:29.762][debug][command:null][tid:01][com.facebook.buck.apple.AppleSdkDiscovery] Found SDK AppleSdk{name=macosx10.13, version=10.13, applePlatform=ApplePlatform{name=macosx, architectures=[i386, x86_64], minVersionFlagPrefix=-mmacosx-version-min=, appIncludesFrameworks=true}, architectures=[i386, x86_64], toolchains=[AppleToolchain{identifier=com.apple.dt.toolchain.XcodeDefault, path=/Applications/Xcode.app/Contents/Developer/Toolchains/XcodeDefault.xctoolchain}]}
[2017-10-04 15:08:29.762][debug][command:null][tid:01][com.facebook.buck.apple.AppleSdkDiscovery] Fetching SDK name for /Applications/Xcode.app/Contents/Developer/Platforms/MacOSX.platform/Developer/SDKs/MacOSX10.13.sdk
[2017-10-04 15:08:29.762][debug][command:null][tid:01][com.facebook.buck.apple.AppleSdkDiscovery] Skipping already scanned SDK directory /Applications/Xcode.app/Contents/Developer/Platforms/MacOSX.platform/Developer/SDKs/MacOSX.sdk
[2017-10-04 15:08:29.763][debug][command:null][tid:01][com.facebook.buck.apple.AppleSdkDiscovery] Fetching SDK name for /Applications/Xcode.app/Contents/Developer/Platforms/WatchOS.platform/Developer/SDKs/WatchOS.sdk
[2017-10-04 15:08:29.763][debug][command:null][tid:01][com.facebook.buck.apple.AppleSdkDiscovery] Found SDK AppleSdk{name=watchos4.0, version=4.0, applePlatform=ApplePlatform{name=watchos, provisioningProfileName=iOS, architectures=[armv7k], minVersionFlagPrefix=-mwatchos-version-min=, stubBinaryPath=Library/Application Support/WatchKit/WK, appIncludesFrameworks=false}, architectures=[armv7k], toolchains=[AppleToolchain{identifier=com.apple.dt.toolchain.XcodeDefault, path=/Applications/Xcode.app/Contents/Developer/Toolchains/XcodeDefault.xctoolchain}]}
[2017-10-04 15:08:29.764][debug][command:null][tid:01][com.facebook.buck.apple.AppleSdkDiscovery] Fetching SDK name for /Applications/Xcode.app/Contents/Developer/Platforms/WatchOS.platform/Developer/SDKs/WatchOS4.0.sdk
[2017-10-04 15:08:29.764][debug][command:null][tid:01][com.facebook.buck.apple.AppleSdkDiscovery] Skipping already scanned SDK directory /Applications/Xcode.app/Contents/Developer/Platforms/WatchOS.platform/Developer/SDKs/WatchOS.sdk
[2017-10-04 15:08:29.764][debug][command:null][tid:01][com.facebook.buck.apple.AppleSdkDiscovery] Fetching SDK name for /Applications/Xcode.app/Contents/Developer/Platforms/WatchSimulator.platform/Developer/SDKs/WatchSimulator.sdk
[2017-10-04 15:08:29.765][debug][command:null][tid:01][com.facebook.buck.apple.AppleSdkDiscovery] Found SDK AppleSdk{name=watchsimulator4.0, version=4.0, applePlatform=ApplePlatform{name=watchsimulator, architectures=[i386], minVersionFlagPrefix=-mwatchos-simulator-version-min=, stubBinaryPath=Library/Application Support/WatchKit/WK, appIncludesFrameworks=false}, architectures=[i386], toolchains=[AppleToolchain{identifier=com.apple.dt.toolchain.XcodeDefault, path=/Applications/Xcode.app/Contents/Developer/Toolchains/XcodeDefault.xctoolchain}]}
[2017-10-04 15:08:29.765][debug][command:null][tid:01][com.facebook.buck.apple.AppleSdkDiscovery] Fetching SDK name for /Applications/Xcode.app/Contents/Developer/Platforms/WatchSimulator.platform/Developer/SDKs/WatchSimulator4.0.sdk
[2017-10-04 15:08:29.765][debug][command:null][tid:01][com.facebook.buck.apple.AppleSdkDiscovery] Skipping already scanned SDK directory /Applications/Xcode.app/Contents/Developer/Platforms/WatchSimulator.platform/Developer/SDKs/WatchSimulator.sdk
[2017-10-04 15:08:29.781][debug][command:null][tid:01][com.facebook.buck.cli.Main] Not using Watchman, context present: false, glob handler: PYTHON
[2017-10-04 15:08:29.884][debug][command:c507e5d5-7c1c-492a-9882-73e011eaecb0][tid:01][com.facebook.buck.event.listener.SuperConsoleEventBusListener] Starting render scheduler (interval 100 ms)
[2017-10-04 15:08:29.948][debug][command:c507e5d5-7c1c-492a-9882-73e011eaecb0][tid:01][com.google.common.util.concurrent.ServiceManager] Starting PerfStatsTracking [RUNNING].
[2017-10-04 15:08:29.948][debug][command:c507e5d5-7c1c-492a-9882-73e011eaecb0][tid:01][com.google.common.util.concurrent.ServiceManager] Started PerfStatsTracking [RUNNING] in 374.4 μs.
[2017-10-04 15:08:29.952][debug][command:c507e5d5-7c1c-492a-9882-73e011eaecb0][tid:01][com.google.common.util.concurrent.ServiceManager] Starting ProcessTracker [STARTING].
[2017-10-04 15:08:29.952][debug][command:null][tid:21][com.facebook.buck.util.perf.ProcessTracker] startUp
[2017-10-04 15:08:29.953][debug][command:c507e5d5-7c1c-492a-9882-73e011eaecb0][tid:01][com.facebook.buck.cli.Main] InvocationInfo BuildId=[c507e5d5-7c1c-492a-9882-73e011eaecb0] Args=[project, //Apps/BuckSwiftDemo:BuckSwiftDemo, --ide, xcode]
[2017-10-04 15:08:29.971][debug][command:c507e5d5-7c1c-492a-9882-73e011eaecb0][tid:01][com.facebook.buck.util.environment.MacWifiSsidFinder] Getting current SSID..
[2017-10-04 15:08:30.021][debug][command:c507e5d5-7c1c-492a-9882-73e011eaecb0][tid:01][com.facebook.buck.util.environment.MacWifiSsidFinder] Getting SSID from Wi-Fi interface: <CWInterface: 0x7f944ec30ca0> [interfaceName=en0]
[2017-10-04 15:08:30.022][debug][command:c507e5d5-7c1c-492a-9882-73e011eaecb0][tid:01][com.facebook.buck.util.environment.MacWifiSsidFinder] Found SSID: SciFi
[2017-10-04 15:08:30.038][debug][command:null][tid:21][com.google.common.util.concurrent.ServiceManager] Started ProcessTracker [RUNNING] in 86.36 ms.
[2017-10-04 15:08:30.725][debug][command:c507e5d5-7c1c-492a-9882-73e011eaecb0][tid:01][com.facebook.buck.cli.Main] new Buck daemon
[2017-10-04 15:08:30.725][warn ][command:null][tid:24][com.facebook.buck.event.listener.PublicAnnouncementManager] Failed to get public announcements. Reason: Failed to establish connection to server.
[2017-10-04 15:08:30.749][info ][command:null][tid:26][com.facebook.buck.util.versioncontrol.VersionControlStatsGenerator] Starting generation of version control stats.
[2017-10-04 15:08:30.753][debug][command:null][tid:26][com.facebook.buck.util.versioncontrol.VersionControlCmdLineInterface] Executing command: hg log -l 1 --template {node|short}
[2017-10-04 15:08:30.764][warn ][command:null][tid:26][com.facebook.buck.util.versioncontrol.DelegatingVersionControlCmdLineInterface] Mercurial is the only VCS supported for VCS stats generation, however current project (which has enabled VCS stats generation in its .buckconfig) does not appear to be a Mercurial repository: 
com.facebook.buck.util.versioncontrol.VersionControlCommandFailedException: java.io.IOException: Cannot run program "hg" (in directory "/Users/kieranlafferty/Desktop/BuckTest"): error=2, No such file or directory
[2017-10-04 15:08:30.765][debug][command:null][tid:26][com.facebook.buck.util.versioncontrol.DelegatingVersionControlCmdLineInterface] Using NoOpCmdLineInterface.
[2017-10-04 15:08:30.768][warn ][command:null][tid:26][com.facebook.buck.util.versioncontrol.VersionControlStatsGenerator] Skipping generation of version control stats as unsupported repository type.
[2017-10-04 15:08:30.781][debug][command:null][tid:26][com.facebook.buck.util.environment.MacNetworkConfiguration] Determine network service order and extract device names
[2017-10-04 15:08:30.812][debug][command:null][tid:26][com.facebook.buck.util.ListeningProcessExecutor] Launching process with params ProcessExecutorParams{command=[networksetup, -listnetworkserviceorder, ]}
[2017-10-04 15:08:30.879][debug][command:null][tid:26][com.facebook.buck.util.ListeningProcessExecutor] Successfully launched process com.zaxxer.nuprocess.osx.OsxProcess@a13af9
[2017-10-04 15:08:30.883][debug][command:null][tid:26][com.facebook.buck.util.ListeningProcessExecutor] Waiting for process com.facebook.buck.util.ListeningProcessExecutor$LaunchedProcessImpl@252d3ca1 timeout 1000 MILLISECONDS
[2017-10-04 15:08:30.954][debug][command:null][tid:26][com.facebook.buck.util.ListeningProcessExecutor] Wait for process returned 0
[2017-10-04 15:08:30.955][debug][command:null][tid:26][com.facebook.buck.util.ListeningProcessExecutor] Destroying process com.facebook.buck.util.ListeningProcessExecutor$LaunchedProcessImpl@252d3ca1 (force true)
[2017-10-04 15:08:30.955][debug][command:null][tid:26][com.facebook.buck.util.environment.MacNetworkConfiguration] Determine active state of media for device
[2017-10-04 15:08:30.955][debug][command:null][tid:26][com.facebook.buck.util.ListeningProcessExecutor] Launching process with params ProcessExecutorParams{command=[networksetup, -getMedia, usbmodem14110]}
[2017-10-04 15:08:30.959][debug][command:null][tid:26][com.facebook.buck.util.ListeningProcessExecutor] Successfully launched process com.zaxxer.nuprocess.osx.OsxProcess@2cd2ac0f
[2017-10-04 15:08:30.961][debug][command:null][tid:26][com.facebook.buck.util.ListeningProcessExecutor] Waiting for process com.facebook.buck.util.ListeningProcessExecutor$LaunchedProcessImpl@66c2aa2f timeout 1000 MILLISECONDS
[2017-10-04 15:08:30.968][debug][command:c507e5d5-7c1c-492a-9882-73e011eaecb0][tid:01][com.facebook.buck.apple.project_generator.XCodeProjectCommandHelper] Xcode project generation: Getting the target graph
[2017-10-04 15:08:30.997][debug][command:null][tid:26][com.facebook.buck.util.ListeningProcessExecutor] Wait for process returned 4
[2017-10-04 15:08:30.998][debug][command:null][tid:26][com.facebook.buck.util.ListeningProcessExecutor] Destroying process com.facebook.buck.util.ListeningProcessExecutor$LaunchedProcessImpl@66c2aa2f (force true)
[2017-10-04 15:08:30.998][debug][command:null][tid:26][com.facebook.buck.util.environment.MacNetworkConfiguration] Determine active state of media for device
[2017-10-04 15:08:30.998][debug][command:null][tid:26][com.facebook.buck.util.ListeningProcessExecutor] Launching process with params ProcessExecutorParams{command=[networksetup, -getMedia, lpss-serial1]}
[2017-10-04 15:08:31.000][debug][command:null][tid:26][com.facebook.buck.util.ListeningProcessExecutor] Successfully launched process com.zaxxer.nuprocess.osx.OsxProcess@16d36db6
[2017-10-04 15:08:31.002][debug][command:null][tid:26][com.facebook.buck.util.ListeningProcessExecutor] Waiting for process com.facebook.buck.util.ListeningProcessExecutor$LaunchedProcessImpl@5ad793f9 timeout 1000 MILLISECONDS
[2017-10-04 15:08:31.043][debug][command:null][tid:26][com.facebook.buck.util.ListeningProcessExecutor] Wait for process returned 4
[2017-10-04 15:08:31.044][debug][command:null][tid:26][com.facebook.buck.util.ListeningProcessExecutor] Destroying process com.facebook.buck.util.ListeningProcessExecutor$LaunchedProcessImpl@5ad793f9 (force true)
[2017-10-04 15:08:31.044][debug][command:null][tid:26][com.facebook.buck.util.environment.MacNetworkConfiguration] Determine active state of media for device
[2017-10-04 15:08:31.044][debug][command:null][tid:26][com.facebook.buck.util.ListeningProcessExecutor] Launching process with params ProcessExecutorParams{command=[networksetup, -getMedia, lpss-serial2]}
[2017-10-04 15:08:31.046][debug][command:null][tid:26][com.facebook.buck.util.ListeningProcessExecutor] Successfully launched process com.zaxxer.nuprocess.osx.OsxProcess@63dcee78
[2017-10-04 15:08:31.048][debug][command:null][tid:26][com.facebook.buck.util.ListeningProcessExecutor] Waiting for process com.facebook.buck.util.ListeningProcessExecutor$LaunchedProcessImpl@1d8fd282 timeout 1000 MILLISECONDS
[2017-10-04 15:08:31.086][debug][command:null][tid:26][com.facebook.buck.util.ListeningProcessExecutor] Wait for process returned 4
[2017-10-04 15:08:31.086][debug][command:null][tid:26][com.facebook.buck.util.ListeningProcessExecutor] Destroying process com.facebook.buck.util.ListeningProcessExecutor$LaunchedProcessImpl@1d8fd282 (force true)
[2017-10-04 15:08:31.086][debug][command:null][tid:26][com.facebook.buck.util.environment.MacNetworkConfiguration] Determine active state of media for device
[2017-10-04 15:08:31.086][debug][command:null][tid:26][com.facebook.buck.util.ListeningProcessExecutor] Launching process with params ProcessExecutorParams{command=[networksetup, -getMedia, en8]}
[2017-10-04 15:08:31.089][debug][command:null][tid:26][com.facebook.buck.util.ListeningProcessExecutor] Successfully launched process com.zaxxer.nuprocess.osx.OsxProcess@7ba1c291
[2017-10-04 15:08:31.091][debug][command:null][tid:26][com.facebook.buck.util.ListeningProcessExecutor] Waiting for process com.facebook.buck.util.ListeningProcessExecutor$LaunchedProcessImpl@7f8a4cb3 timeout 1000 MILLISECONDS
[2017-10-04 15:08:31.097][debug][command:c507e5d5-7c1c-492a-9882-73e011eaecb0][tid:01][com.facebook.buck.parser.DaemonicParserState] Starting to invalidate caches for /Users/kieranlafferty/Desktop/BuckTest..
[2017-10-04 15:08:31.098][debug][command:c507e5d5-7c1c-492a-9882-73e011eaecb0][tid:01][com.facebook.buck.parser.DaemonicParserState] Cell caches were empty, no data invalidated.
[2017-10-04 15:08:31.128][debug][command:c507e5d5-7c1c-492a-9882-73e011eaecb0][tid:32][com.facebook.buck.io.ExecutableFinder] Executable 'python2' mapped to 'Optional.empty'
[2017-10-04 15:08:31.130][debug][command:null][tid:26][com.facebook.buck.util.ListeningProcessExecutor] Wait for process returned 4
[2017-10-04 15:08:31.130][debug][command:c507e5d5-7c1c-492a-9882-73e011eaecb0][tid:32][com.facebook.buck.io.ExecutableFinder] Executable 'python' mapped to 'Optional[/usr/bin/python]'
[2017-10-04 15:08:31.130][debug][command:null][tid:26][com.facebook.buck.util.ListeningProcessExecutor] Destroying process com.facebook.buck.util.ListeningProcessExecutor$LaunchedProcessImpl@7f8a4cb3 (force true)
[2017-10-04 15:08:31.130][debug][command:null][tid:26][com.facebook.buck.util.environment.MacNetworkConfiguration] Determine active state of media for device
[2017-10-04 15:08:31.130][debug][command:null][tid:26][com.facebook.buck.util.ListeningProcessExecutor] Launching process with params ProcessExecutorParams{command=[networksetup, -getMedia, en9]}
[2017-10-04 15:08:31.132][debug][command:null][tid:26][com.facebook.buck.util.ListeningProcessExecutor] Successfully launched process com.zaxxer.nuprocess.osx.OsxProcess@a5ca3ef
[2017-10-04 15:08:31.134][debug][command:null][tid:26][com.facebook.buck.util.ListeningProcessExecutor] Waiting for process com.facebook.buck.util.ListeningProcessExecutor$LaunchedProcessImpl@69246be4 timeout 1000 MILLISECONDS
[2017-10-04 15:08:31.171][debug][command:null][tid:26][com.facebook.buck.util.ListeningProcessExecutor] Wait for process returned 4
[2017-10-04 15:08:31.171][debug][command:null][tid:26][com.facebook.buck.util.ListeningProcessExecutor] Destroying process com.facebook.buck.util.ListeningProcessExecutor$LaunchedProcessImpl@69246be4 (force true)
[2017-10-04 15:08:31.171][debug][command:null][tid:26][com.facebook.buck.util.environment.MacNetworkConfiguration] Determine active state of media for device
[2017-10-04 15:08:31.172][debug][command:null][tid:26][com.facebook.buck.util.ListeningProcessExecutor] Launching process with params ProcessExecutorParams{command=[networksetup, -getMedia, en12]}
[2017-10-04 15:08:31.173][debug][command:null][tid:26][com.facebook.buck.util.ListeningProcessExecutor] Successfully launched process com.zaxxer.nuprocess.osx.OsxProcess@1ce4891b
[2017-10-04 15:08:31.175][debug][command:null][tid:26][com.facebook.buck.util.ListeningProcessExecutor] Waiting for process com.facebook.buck.util.ListeningProcessExecutor$LaunchedProcessImpl@31a6a1e0 timeout 1000 MILLISECONDS
[2017-10-04 15:08:31.178][debug][command:c507e5d5-7c1c-492a-9882-73e011eaecb0][tid:32][com.facebook.buck.apple.AppleCxxPlatforms] SDK AppleSdk{name=appletvos11.0, version=11.0, applePlatform=ApplePlatform{name=appletvos, provisioningProfileName=tvOS, architectures=[arm64], minVersionFlagPrefix=-mtvos-version-min=, appIncludesFrameworks=false}, architectures=[arm64], toolchains=[AppleToolchain{identifier=com.apple.dt.toolchain.XcodeDefault, path=/Applications/Xcode.app/Contents/Developer/Toolchains/XcodeDefault.xctoolchain}]} using default version 11.0
[2017-10-04 15:08:31.189][debug][command:c507e5d5-7c1c-492a-9882-73e011eaecb0][tid:32][com.facebook.buck.apple.AppleCxxPlatforms] Xcode build version is: 9A235
[2017-10-04 15:08:31.213][debug][command:null][tid:26][com.facebook.buck.util.ListeningProcessExecutor] Wait for process returned 4
[2017-10-04 15:08:31.213][debug][command:null][tid:26][com.facebook.buck.util.ListeningProcessExecutor] Destroying process com.facebook.buck.util.ListeningProcessExecutor$LaunchedProcessImpl@31a6a1e0 (force true)
[2017-10-04 15:08:31.213][debug][command:null][tid:26][com.facebook.buck.util.environment.MacNetworkConfiguration] Determine active state of media for device
[2017-10-04 15:08:31.214][debug][command:null][tid:26][com.facebook.buck.util.ListeningProcessExecutor] Launching process with params ProcessExecutorParams{command=[networksetup, -getMedia, en10]}
[2017-10-04 15:08:31.216][debug][command:null][tid:26][com.facebook.buck.util.ListeningProcessExecutor] Successfully launched process com.zaxxer.nuprocess.osx.OsxProcess@5e8a3fe0
[2017-10-04 15:08:31.217][debug][command:null][tid:26][com.facebook.buck.util.ListeningProcessExecutor] Waiting for process com.facebook.buck.util.ListeningProcessExecutor$LaunchedProcessImpl@143b049e timeout 1000 MILLISECONDS
[2017-10-04 15:08:31.226][debug][command:c507e5d5-7c1c-492a-9882-73e011eaecb0][tid:32][com.facebook.buck.apple.AppleCxxPlatforms] Apple toolchain path: /Applications/Xcode.app/Contents/Developer/Toolchains/XcodeDefault.xctoolchain
[2017-10-04 15:08:31.233][debug][command:c507e5d5-7c1c-492a-9882-73e011eaecb0][tid:32][com.facebook.buck.apple.AppleCxxPlatforms] Headers verification platform whitelist: [^\Q/Applications/Xcode.app/Contents/Developer/Platforms/AppleTVOS.platform/Developer/Library/Frameworks\E\/.*, ^\Q/Applications/Xcode.app/Contents/Developer/Platforms/AppleTVOS.platform/Developer/SDKs/AppleTVOS.sdk\E\/.*, ^\Q/Applications/Xcode.app/Contents/Developer/Toolchains/XcodeDefault.xctoolchain\E\/.*]
[2017-10-04 15:08:31.256][debug][command:null][tid:26][com.facebook.buck.util.ListeningProcessExecutor] Wait for process returned 4
[2017-10-04 15:08:31.256][debug][command:null][tid:26][com.facebook.buck.util.ListeningProcessExecutor] Destroying process com.facebook.buck.util.ListeningProcessExecutor$LaunchedProcessImpl@143b049e (force true)
[2017-10-04 15:08:31.257][debug][command:null][tid:26][com.facebook.buck.util.environment.MacNetworkConfiguration] Determine active state of media for device
[2017-10-04 15:08:31.257][debug][command:null][tid:26][com.facebook.buck.util.ListeningProcessExecutor] Launching process with params ProcessExecutorParams{command=[networksetup, -getMedia, fw0]}
[2017-10-04 15:08:31.259][debug][command:null][tid:26][com.facebook.buck.util.ListeningProcessExecutor] Successfully launched process com.zaxxer.nuprocess.osx.OsxProcess@2c2feb53
[2017-10-04 15:08:31.260][debug][command:null][tid:26][com.facebook.buck.util.ListeningProcessExecutor] Waiting for process com.facebook.buck.util.ListeningProcessExecutor$LaunchedProcessImpl@27f8a958 timeout 1000 MILLISECONDS
[2017-10-04 15:08:31.271][debug][command:c507e5d5-7c1c-492a-9882-73e011eaecb0][tid:32][com.facebook.buck.apple.AppleCxxPlatforms] SDK AppleSdk{name=appletvsimulator11.0, version=11.0, applePlatform=ApplePlatform{name=appletvsimulator, swiftName=tvos, architectures=[x86_64], minVersionFlagPrefix=-mtvos-simulator-version-min=, appIncludesFrameworks=false}, architectures=[x86_64], toolchains=[AppleToolchain{identifier=com.apple.dt.toolchain.XcodeDefault, path=/Applications/Xcode.app/Contents/Developer/Toolchains/XcodeDefault.xctoolchain}]} using default version 11.0
[2017-10-04 15:08:31.273][debug][command:c507e5d5-7c1c-492a-9882-73e011eaecb0][tid:32][com.facebook.buck.apple.AppleCxxPlatforms] Xcode build version is: 9A235
[2017-10-04 15:08:31.278][warn ][command:c507e5d5-7c1c-492a-9882-73e011eaecb0][tid:32][com.facebook.buck.apple.AppleCxxPlatforms] /Applications/Xcode.app/Contents/Developer/Platforms/AppleTVSimulator.platform/version.plist does not exist. Build version will be unset for this platform.
[2017-10-04 15:08:31.278][debug][command:c507e5d5-7c1c-492a-9882-73e011eaecb0][tid:32][com.facebook.buck.apple.AppleCxxPlatforms] Apple toolchain path: /Applications/Xcode.app/Contents/Developer/Toolchains/XcodeDefault.xctoolchain
[2017-10-04 15:08:31.278][debug][command:c507e5d5-7c1c-492a-9882-73e011eaecb0][tid:32][com.facebook.buck.apple.AppleCxxPlatforms] Headers verification platform whitelist: [^\Q/Applications/Xcode.app/Contents/Developer/Platforms/AppleTVSimulator.platform/Developer/Library/Frameworks\E\/.*, ^\Q/Applications/Xcode.app/Contents/Developer/Platforms/AppleTVSimulator.platform/Developer/SDKs/AppleTVSimulator.sdk\E\/.*, ^\Q/Applications/Xcode.app/Contents/Developer/Toolchains/XcodeDefault.xctoolchain\E\/.*]
[2017-10-04 15:08:31.280][debug][command:c507e5d5-7c1c-492a-9882-73e011eaecb0][tid:32][com.facebook.buck.apple.AppleCxxPlatforms] SDK AppleSdk{name=iphoneos11.0, version=11.0, applePlatform=ApplePlatform{name=iphoneos, swiftName=ios, provisioningProfileName=iOS, architectures=[armv7, arm64], minVersionFlagPrefix=-mios-version-min=, stubBinaryPath=Library/Application Support/WatchKit/WK, appIncludesFrameworks=false}, architectures=[armv7, arm64], toolchains=[AppleToolchain{identifier=com.apple.dt.toolchain.XcodeDefault, path=/Applications/Xcode.app/Contents/Developer/Toolchains/XcodeDefault.xctoolchain}]} using default version 10.0
[2017-10-04 15:08:31.282][debug][command:c507e5d5-7c1c-492a-9882-73e011eaecb0][tid:32][com.facebook.buck.apple.AppleCxxPlatforms] Xcode build version is: 9A235
[2017-10-04 15:08:31.287][debug][command:c507e5d5-7c1c-492a-9882-73e011eaecb0][tid:32][com.facebook.buck.apple.AppleCxxPlatforms] Apple toolchain path: /Applications/Xcode.app/Contents/Developer/Toolchains/XcodeDefault.xctoolchain
[2017-10-04 15:08:31.287][debug][command:c507e5d5-7c1c-492a-9882-73e011eaecb0][tid:32][com.facebook.buck.apple.AppleCxxPlatforms] Headers verification platform whitelist: [^\Q/Applications/Xcode.app/Contents/Developer/Platforms/iPhoneOS.platform/Developer/Library/Frameworks\E\/.*, ^\Q/Applications/Xcode.app/Contents/Developer/Platforms/iPhoneOS.platform/Developer/SDKs/iPhoneOS.sdk\E\/.*, ^\Q/Applications/Xcode.app/Contents/Developer/Toolchains/XcodeDefault.xctoolchain\E\/.*]
[2017-10-04 15:08:31.289][debug][command:c507e5d5-7c1c-492a-9882-73e011eaecb0][tid:32][com.facebook.buck.apple.AppleCxxPlatforms] Xcode build version is: 9A235
[2017-10-04 15:08:31.294][debug][command:c507e5d5-7c1c-492a-9882-73e011eaecb0][tid:32][com.facebook.buck.apple.AppleCxxPlatforms] Apple toolchain path: /Applications/Xcode.app/Contents/Developer/Toolchains/XcodeDefault.xctoolchain
[2017-10-04 15:08:31.295][debug][command:c507e5d5-7c1c-492a-9882-73e011eaecb0][tid:32][com.facebook.buck.apple.AppleCxxPlatforms] Headers verification platform whitelist: [^\Q/Applications/Xcode.app/Contents/Developer/Platforms/iPhoneOS.platform/Developer/Library/Frameworks\E\/.*, ^\Q/Applications/Xcode.app/Contents/Developer/Platforms/iPhoneOS.platform/Developer/SDKs/iPhoneOS.sdk\E\/.*, ^\Q/Applications/Xcode.app/Contents/Developer/Toolchains/XcodeDefault.xctoolchain\E\/.*]
[2017-10-04 15:08:31.296][debug][command:c507e5d5-7c1c-492a-9882-73e011eaecb0][tid:32][com.facebook.buck.apple.AppleCxxPlatforms] SDK AppleSdk{name=iphonesimulator11.0, version=11.0, applePlatform=ApplePlatform{name=iphonesimulator, swiftName=ios, architectures=[i386, x86_64], minVersionFlagPrefix=-mios-simulator-version-min=, stubBinaryPath=Library/Application Support/WatchKit/WK, appIncludesFrameworks=false}, architectures=[i386, x86_64], toolchains=[AppleToolchain{identifier=com.apple.dt.toolchain.XcodeDefault, path=/Applications/Xcode.app/Contents/Developer/Toolchains/XcodeDefault.xctoolchain}]} using default version 10.0
[2017-10-04 15:08:31.298][debug][command:c507e5d5-7c1c-492a-9882-73e011eaecb0][tid:32][com.facebook.buck.apple.AppleCxxPlatforms] Xcode build version is: 9A235
[2017-10-04 15:08:31.300][debug][command:null][tid:26][com.facebook.buck.util.ListeningProcessExecutor] Wait for process returned 4
[2017-10-04 15:08:31.300][debug][command:null][tid:26][com.facebook.buck.util.ListeningProcessExecutor] Destroying process com.facebook.buck.util.ListeningProcessExecutor$LaunchedProcessImpl@27f8a958 (force true)
[2017-10-04 15:08:31.300][debug][command:null][tid:26][com.facebook.buck.util.environment.MacNetworkConfiguration] Determine active state of media for device
[2017-10-04 15:08:31.300][debug][command:null][tid:26][com.facebook.buck.util.ListeningProcessExecutor] Launching process with params ProcessExecutorParams{command=[networksetup, -getMedia, en0]}
[2017-10-04 15:08:31.301][warn ][command:c507e5d5-7c1c-492a-9882-73e011eaecb0][tid:32][com.facebook.buck.apple.AppleCxxPlatforms] /Applications/Xcode.app/Contents/Developer/Platforms/iPhoneSimulator.platform/version.plist does not exist. Build version will be unset for this platform.
[2017-10-04 15:08:31.302][debug][command:c507e5d5-7c1c-492a-9882-73e011eaecb0][tid:32][com.facebook.buck.apple.AppleCxxPlatforms] Apple toolchain path: /Applications/Xcode.app/Contents/Developer/Toolchains/XcodeDefault.xctoolchain
[2017-10-04 15:08:31.302][debug][command:c507e5d5-7c1c-492a-9882-73e011eaecb0][tid:32][com.facebook.buck.apple.AppleCxxPlatforms] Headers verification platform whitelist: [^\Q/Applications/Xcode.app/Contents/Developer/Platforms/iPhoneSimulator.platform/Developer/Library/Frameworks\E\/.*, ^\Q/Applications/Xcode.app/Contents/Developer/Platforms/iPhoneSimulator.platform/Developer/SDKs/iPhoneSimulator.sdk\E\/.*, ^\Q/Applications/Xcode.app/Contents/Developer/Toolchains/XcodeDefault.xctoolchain\E\/.*]
[2017-10-04 15:08:31.302][debug][command:null][tid:26][com.facebook.buck.util.ListeningProcessExecutor] Successfully launched process com.zaxxer.nuprocess.osx.OsxProcess@6bab46cd
[2017-10-04 15:08:31.304][debug][command:null][tid:26][com.facebook.buck.util.ListeningProcessExecutor] Waiting for process com.facebook.buck.util.ListeningProcessExecutor$LaunchedProcessImpl@388d4d98 timeout 1000 MILLISECONDS
[2017-10-04 15:08:31.305][debug][command:c507e5d5-7c1c-492a-9882-73e011eaecb0][tid:32][com.facebook.buck.apple.AppleCxxPlatforms] Xcode build version is: 9A235
[2017-10-04 15:08:31.308][warn ][command:c507e5d5-7c1c-492a-9882-73e011eaecb0][tid:32][com.facebook.buck.apple.AppleCxxPlatforms] /Applications/Xcode.app/Contents/Developer/Platforms/iPhoneSimulator.platform/version.plist does not exist. Build version will be unset for this platform.
[2017-10-04 15:08:31.309][debug][command:c507e5d5-7c1c-492a-9882-73e011eaecb0][tid:32][com.facebook.buck.apple.AppleCxxPlatforms] Apple toolchain path: /Applications/Xcode.app/Contents/Developer/Toolchains/XcodeDefault.xctoolchain
[2017-10-04 15:08:31.309][debug][command:c507e5d5-7c1c-492a-9882-73e011eaecb0][tid:32][com.facebook.buck.apple.AppleCxxPlatforms] Headers verification platform whitelist: [^\Q/Applications/Xcode.app/Contents/Developer/Platforms/iPhoneSimulator.platform/Developer/Library/Frameworks\E\/.*, ^\Q/Applications/Xcode.app/Contents/Developer/Platforms/iPhoneSimulator.platform/Developer/SDKs/iPhoneSimulator.sdk\E\/.*, ^\Q/Applications/Xcode.app/Contents/Developer/Toolchains/XcodeDefault.xctoolchain\E\/.*]
[2017-10-04 15:08:31.311][debug][command:c507e5d5-7c1c-492a-9882-73e011eaecb0][tid:32][com.facebook.buck.apple.AppleCxxPlatforms] SDK AppleSdk{name=macosx10.13, version=10.13, applePlatform=ApplePlatform{name=macosx, architectures=[i386, x86_64], minVersionFlagPrefix=-mmacosx-version-min=, appIncludesFrameworks=true}, architectures=[i386, x86_64], toolchains=[AppleToolchain{identifier=com.apple.dt.toolchain.XcodeDefault, path=/Applications/Xcode.app/Contents/Developer/Toolchains/XcodeDefault.xctoolchain}]} using default version 10.13
[2017-10-04 15:08:31.312][debug][command:c507e5d5-7c1c-492a-9882-73e011eaecb0][tid:32][com.facebook.buck.apple.AppleCxxPlatforms] Xcode build version is: 9A235
[2017-10-04 15:08:31.316][warn ][command:c507e5d5-7c1c-492a-9882-73e011eaecb0][tid:32][com.facebook.buck.apple.AppleCxxPlatforms] In /Applications/Xcode.app/Contents/Developer/Platforms/MacOSX.platform/version.plist, missing ProductBuildVersion. Build version will be unset for this platform.
[2017-10-04 15:08:31.316][debug][command:c507e5d5-7c1c-492a-9882-73e011eaecb0][tid:32][com.facebook.buck.apple.AppleCxxPlatforms] Apple toolchain path: /Applications/Xcode.app/Contents/Developer/Toolchains/XcodeDefault.xctoolchain
[2017-10-04 15:08:31.317][debug][command:c507e5d5-7c1c-492a-9882-73e011eaecb0][tid:32][com.facebook.buck.apple.AppleCxxPlatforms] Headers verification platform whitelist: [^\Q/Applications/Xcode.app/Contents/Developer/Platforms/MacOSX.platform/Developer/Library/Frameworks\E\/.*, ^\Q/Applications/Xcode.app/Contents/Developer/Platforms/MacOSX.platform/Developer/SDKs/MacOSX.sdk\E\/.*, ^\Q/Applications/Xcode.app/Contents/Developer/Toolchains/XcodeDefault.xctoolchain\E\/.*]
[2017-10-04 15:08:31.319][debug][command:c507e5d5-7c1c-492a-9882-73e011eaecb0][tid:32][com.facebook.buck.apple.AppleCxxPlatforms] Xcode build version is: 9A235
[2017-10-04 15:08:31.323][warn ][command:c507e5d5-7c1c-492a-9882-73e011eaecb0][tid:32][com.facebook.buck.apple.AppleCxxPlatforms] In /Applications/Xcode.app/Contents/Developer/Platforms/MacOSX.platform/version.plist, missing ProductBuildVersion. Build version will be unset for this platform.
[2017-10-04 15:08:31.323][debug][command:c507e5d5-7c1c-492a-9882-73e011eaecb0][tid:32][com.facebook.buck.apple.AppleCxxPlatforms] Apple toolchain path: /Applications/Xcode.app/Contents/Developer/Toolchains/XcodeDefault.xctoolchain
[2017-10-04 15:08:31.323][debug][command:c507e5d5-7c1c-492a-9882-73e011eaecb0][tid:32][com.facebook.buck.apple.AppleCxxPlatforms] Headers verification platform whitelist: [^\Q/Applications/Xcode.app/Contents/Developer/Platforms/MacOSX.platform/Developer/Library/Frameworks\E\/.*, ^\Q/Applications/Xcode.app/Contents/Developer/Platforms/MacOSX.platform/Developer/SDKs/MacOSX.sdk\E\/.*, ^\Q/Applications/Xcode.app/Contents/Developer/Toolchains/XcodeDefault.xctoolchain\E\/.*]
[2017-10-04 15:08:31.324][debug][command:c507e5d5-7c1c-492a-9882-73e011eaecb0][tid:32][com.facebook.buck.apple.AppleCxxPlatforms] SDK AppleSdk{name=watchos4.0, version=4.0, applePlatform=ApplePlatform{name=watchos, provisioningProfileName=iOS, architectures=[armv7k], minVersionFlagPrefix=-mwatchos-version-min=, stubBinaryPath=Library/Application Support/WatchKit/WK, appIncludesFrameworks=false}, architectures=[armv7k], toolchains=[AppleToolchain{identifier=com.apple.dt.toolchain.XcodeDefault, path=/Applications/Xcode.app/Contents/Developer/Toolchains/XcodeDefault.xctoolchain}]} using default version 4.0
[2017-10-04 15:08:31.326][debug][command:c507e5d5-7c1c-492a-9882-73e011eaecb0][tid:32][com.facebook.buck.apple.AppleCxxPlatforms] Xcode build version is: 9A235
[2017-10-04 15:08:31.330][debug][command:c507e5d5-7c1c-492a-9882-73e011eaecb0][tid:32][com.facebook.buck.apple.AppleCxxPlatforms] Apple toolchain path: /Applications/Xcode.app/Contents/Developer/Toolchains/XcodeDefault.xctoolchain
[2017-10-04 15:08:31.331][debug][command:c507e5d5-7c1c-492a-9882-73e011eaecb0][tid:32][com.facebook.buck.apple.AppleCxxPlatforms] Headers verification platform whitelist: [^\Q/Applications/Xcode.app/Contents/Developer/Platforms/WatchOS.platform/Developer/Library/Frameworks\E\/.*, ^\Q/Applications/Xcode.app/Contents/Developer/Platforms/WatchOS.platform/Developer/SDKs/WatchOS.sdk\E\/.*, ^\Q/Applications/Xcode.app/Contents/Developer/Toolchains/XcodeDefault.xctoolchain\E\/.*]
[2017-10-04 15:08:31.332][debug][command:c507e5d5-7c1c-492a-9882-73e011eaecb0][tid:32][com.facebook.buck.apple.AppleCxxPlatforms] SDK AppleSdk{name=watchsimulator4.0, version=4.0, applePlatform=ApplePlatform{name=watchsimulator, architectures=[i386], minVersionFlagPrefix=-mwatchos-simulator-version-min=, stubBinaryPath=Library/Application Support/WatchKit/WK, appIncludesFrameworks=false}, architectures=[i386], toolchains=[AppleToolchain{identifier=com.apple.dt.toolchain.XcodeDefault, path=/Applications/Xcode.app/Contents/Developer/Toolchains/XcodeDefault.xctoolchain}]} using default version 4.0
[2017-10-04 15:08:31.333][debug][command:c507e5d5-7c1c-492a-9882-73e011eaecb0][tid:32][com.facebook.buck.apple.AppleCxxPlatforms] Xcode build version is: 9A235
[2017-10-04 15:08:31.337][debug][command:c507e5d5-7c1c-492a-9882-73e011eaecb0][tid:32][com.facebook.buck.apple.AppleCxxPlatforms] Apple toolchain path: /Applications/Xcode.app/Contents/Developer/Toolchains/XcodeDefault.xctoolchain
[2017-10-04 15:08:31.338][debug][command:c507e5d5-7c1c-492a-9882-73e011eaecb0][tid:32][com.facebook.buck.apple.AppleCxxPlatforms] Headers verification platform whitelist: [^\Q/Applications/Xcode.app/Contents/Developer/Platforms/WatchSimulator.platform/Developer/Library/Frameworks\E\/.*, ^\Q/Applications/Xcode.app/Contents/Developer/Platforms/WatchSimulator.platform/Developer/SDKs/WatchSimulator.sdk\E\/.*, ^\Q/Applications/Xcode.app/Contents/Developer/Toolchains/XcodeDefault.xctoolchain\E\/.*]
[2017-10-04 15:08:31.339][debug][command:c507e5d5-7c1c-492a-9882-73e011eaecb0][tid:32][com.facebook.buck.apple.AppleCxxPlatforms] SDK AppleSdk{name=appletvos, version=11.0, applePlatform=ApplePlatform{name=appletvos, provisioningProfileName=tvOS, architectures=[arm64], minVersionFlagPrefix=-mtvos-version-min=, appIncludesFrameworks=false}, architectures=[arm64], toolchains=[AppleToolchain{identifier=com.apple.dt.toolchain.XcodeDefault, path=/Applications/Xcode.app/Contents/Developer/Toolchains/XcodeDefault.xctoolchain}]} using default version 11.0
[2017-10-04 15:08:31.340][debug][command:c507e5d5-7c1c-492a-9882-73e011eaecb0][tid:32][com.facebook.buck.apple.AppleCxxPlatforms] Xcode build version is: 9A235
[2017-10-04 15:08:31.343][debug][command:null][tid:26][com.facebook.buck.util.ListeningProcessExecutor] Wait for process returned 0
[2017-10-04 15:08:31.343][debug][command:null][tid:26][com.facebook.buck.util.ListeningProcessExecutor] Destroying process com.facebook.buck.util.ListeningProcessExecutor$LaunchedProcessImpl@388d4d98 (force true)
[2017-10-04 15:08:31.343][debug][command:null][tid:26][com.facebook.buck.util.environment.MacNetworkConfiguration] Determine WiFi SSID of device
[2017-10-04 15:08:31.343][debug][command:null][tid:26][com.facebook.buck.util.ListeningProcessExecutor] Launching process with params ProcessExecutorParams{command=[networksetup, -getairportnetwork, en0]}
[2017-10-04 15:08:31.344][debug][command:c507e5d5-7c1c-492a-9882-73e011eaecb0][tid:32][com.facebook.buck.apple.AppleCxxPlatforms] Apple toolchain path: /Applications/Xcode.app/Contents/Developer/Toolchains/XcodeDefault.xctoolchain
[2017-10-04 15:08:31.345][debug][command:c507e5d5-7c1c-492a-9882-73e011eaecb0][tid:32][com.facebook.buck.apple.AppleCxxPlatforms] Headers verification platform whitelist: [^\Q/Applications/Xcode.app/Contents/Developer/Platforms/AppleTVOS.platform/Developer/Library/Frameworks\E\/.*, ^\Q/Applications/Xcode.app/Contents/Developer/Platforms/AppleTVOS.platform/Developer/SDKs/AppleTVOS.sdk\E\/.*, ^\Q/Applications/Xcode.app/Contents/Developer/Toolchains/XcodeDefault.xctoolchain\E\/.*]
[2017-10-04 15:08:31.345][debug][command:null][tid:26][com.facebook.buck.util.ListeningProcessExecutor] Successfully launched process com.zaxxer.nuprocess.osx.OsxProcess@704a240
[2017-10-04 15:08:31.346][debug][command:c507e5d5-7c1c-492a-9882-73e011eaecb0][tid:32][com.facebook.buck.apple.AppleCxxPlatforms] SDK AppleSdk{name=appletvsimulator, version=11.0, applePlatform=ApplePlatform{name=appletvsimulator, swiftName=tvos, architectures=[x86_64], minVersionFlagPrefix=-mtvos-simulator-version-min=, appIncludesFrameworks=false}, architectures=[x86_64], toolchains=[AppleToolchain{identifier=com.apple.dt.toolchain.XcodeDefault, path=/Applications/Xcode.app/Contents/Developer/Toolchains/XcodeDefault.xctoolchain}]} using default version 11.0
[2017-10-04 15:08:31.346][debug][command:null][tid:26][com.facebook.buck.util.ListeningProcessExecutor] Waiting for process com.facebook.buck.util.ListeningProcessExecutor$LaunchedProcessImpl@65547991 timeout 1000 MILLISECONDS
[2017-10-04 15:08:31.347][debug][command:c507e5d5-7c1c-492a-9882-73e011eaecb0][tid:32][com.facebook.buck.apple.AppleCxxPlatforms] Xcode build version is: 9A235
[2017-10-04 15:08:31.348][warn ][command:c507e5d5-7c1c-492a-9882-73e011eaecb0][tid:32][com.facebook.buck.apple.AppleCxxPlatforms] /Applications/Xcode.app/Contents/Developer/Platforms/AppleTVSimulator.platform/version.plist does not exist. Build version will be unset for this platform.
[2017-10-04 15:08:31.349][debug][command:c507e5d5-7c1c-492a-9882-73e011eaecb0][tid:32][com.facebook.buck.apple.AppleCxxPlatforms] Apple toolchain path: /Applications/Xcode.app/Contents/Developer/Toolchains/XcodeDefault.xctoolchain
[2017-10-04 15:08:31.349][debug][command:c507e5d5-7c1c-492a-9882-73e011eaecb0][tid:32][com.facebook.buck.apple.AppleCxxPlatforms] Headers verification platform whitelist: [^\Q/Applications/Xcode.app/Contents/Developer/Platforms/AppleTVSimulator.platform/Developer/Library/Frameworks\E\/.*, ^\Q/Applications/Xcode.app/Contents/Developer/Platforms/AppleTVSimulator.platform/Developer/SDKs/AppleTVSimulator.sdk\E\/.*, ^\Q/Applications/Xcode.app/Contents/Developer/Toolchains/XcodeDefault.xctoolchain\E\/.*]
[2017-10-04 15:08:31.350][debug][command:c507e5d5-7c1c-492a-9882-73e011eaecb0][tid:32][com.facebook.buck.apple.AppleCxxPlatforms] SDK AppleSdk{name=iphoneos, version=11.0, applePlatform=ApplePlatform{name=iphoneos, swiftName=ios, provisioningProfileName=iOS, architectures=[armv7, arm64], minVersionFlagPrefix=-mios-version-min=, stubBinaryPath=Library/Application Support/WatchKit/WK, appIncludesFrameworks=false}, architectures=[armv7, arm64], toolchains=[AppleToolchain{identifier=com.apple.dt.toolchain.XcodeDefault, path=/Applications/Xcode.app/Contents/Developer/Toolchains/XcodeDefault.xctoolchain}]} using default version 10.0
[2017-10-04 15:08:31.351][debug][command:c507e5d5-7c1c-492a-9882-73e011eaecb0][tid:32][com.facebook.buck.apple.AppleCxxPlatforms] Xcode build version is: 9A235
[2017-10-04 15:08:31.354][debug][command:c507e5d5-7c1c-492a-9882-73e011eaecb0][tid:32][com.facebook.buck.apple.AppleCxxPlatforms] Apple toolchain path: /Applications/Xcode.app/Contents/Developer/Toolchains/XcodeDefault.xctoolchain
[2017-10-04 15:08:31.354][debug][command:c507e5d5-7c1c-492a-9882-73e011eaecb0][tid:32][com.facebook.buck.apple.AppleCxxPlatforms] Headers verification platform whitelist: [^\Q/Applications/Xcode.app/Contents/Developer/Platforms/iPhoneOS.platform/Developer/Library/Frameworks\E\/.*, ^\Q/Applications/Xcode.app/Contents/Developer/Platforms/iPhoneOS.platform/Developer/SDKs/iPhoneOS.sdk\E\/.*, ^\Q/Applications/Xcode.app/Contents/Developer/Toolchains/XcodeDefault.xctoolchain\E\/.*]
[2017-10-04 15:08:31.356][debug][command:c507e5d5-7c1c-492a-9882-73e011eaecb0][tid:32][com.facebook.buck.apple.AppleCxxPlatforms] Xcode build version is: 9A235
[2017-10-04 15:08:31.359][debug][command:c507e5d5-7c1c-492a-9882-73e011eaecb0][tid:32][com.facebook.buck.apple.AppleCxxPlatforms] Apple toolchain path: /Applications/Xcode.app/Contents/Developer/Toolchains/XcodeDefault.xctoolchain
[2017-10-04 15:08:31.360][debug][command:c507e5d5-7c1c-492a-9882-73e011eaecb0][tid:32][com.facebook.buck.apple.AppleCxxPlatforms] Headers verification platform whitelist: [^\Q/Applications/Xcode.app/Contents/Developer/Platforms/iPhoneOS.platform/Developer/Library/Frameworks\E\/.*, ^\Q/Applications/Xcode.app/Contents/Developer/Platforms/iPhoneOS.platform/Developer/SDKs/iPhoneOS.sdk\E\/.*, ^\Q/Applications/Xcode.app/Contents/Developer/Toolchains/XcodeDefault.xctoolchain\E\/.*]
[2017-10-04 15:08:31.361][debug][command:c507e5d5-7c1c-492a-9882-73e011eaecb0][tid:32][com.facebook.buck.apple.AppleCxxPlatforms] SDK AppleSdk{name=iphonesimulator, version=11.0, applePlatform=ApplePlatform{name=iphonesimulator, swiftName=ios, architectures=[i386, x86_64], minVersionFlagPrefix=-mios-simulator-version-min=, stubBinaryPath=Library/Application Support/WatchKit/WK, appIncludesFrameworks=false}, architectures=[i386, x86_64], toolchains=[AppleToolchain{identifier=com.apple.dt.toolchain.XcodeDefault, path=/Applications/Xcode.app/Contents/Developer/Toolchains/XcodeDefault.xctoolchain}]} using default version 10.0
[2017-10-04 15:08:31.362][debug][command:c507e5d5-7c1c-492a-9882-73e011eaecb0][tid:32][com.facebook.buck.apple.AppleCxxPlatforms] Xcode build version is: 9A235
[2017-10-04 15:08:31.363][warn ][command:c507e5d5-7c1c-492a-9882-73e011eaecb0][tid:32][com.facebook.buck.apple.AppleCxxPlatforms] /Applications/Xcode.app/Contents/Developer/Platforms/iPhoneSimulator.platform/version.plist does not exist. Build version will be unset for this platform.
[2017-10-04 15:08:31.364][debug][command:c507e5d5-7c1c-492a-9882-73e011eaecb0][tid:32][com.facebook.buck.apple.AppleCxxPlatforms] Apple toolchain path: /Applications/Xcode.app/Contents/Developer/Toolchains/XcodeDefault.xctoolchain
[2017-10-04 15:08:31.364][debug][command:c507e5d5-7c1c-492a-9882-73e011eaecb0][tid:32][com.facebook.buck.apple.AppleCxxPlatforms] Headers verification platform whitelist: [^\Q/Applications/Xcode.app/Contents/Developer/Platforms/iPhoneSimulator.platform/Developer/Library/Frameworks\E\/.*, ^\Q/Applications/Xcode.app/Contents/Developer/Platforms/iPhoneSimulator.platform/Developer/SDKs/iPhoneSimulator.sdk\E\/.*, ^\Q/Applications/Xcode.app/Contents/Developer/Toolchains/XcodeDefault.xctoolchain\E\/.*]
[2017-10-04 15:08:31.366][debug][command:c507e5d5-7c1c-492a-9882-73e011eaecb0][tid:32][com.facebook.buck.apple.AppleCxxPlatforms] Xcode build version is: 9A235
[2017-10-04 15:08:31.368][warn ][command:c507e5d5-7c1c-492a-9882-73e011eaecb0][tid:32][com.facebook.buck.apple.AppleCxxPlatforms] /Applications/Xcode.app/Contents/Developer/Platforms/iPhoneSimulator.platform/version.plist does not exist. Build version will be unset for this platform.
[2017-10-04 15:08:31.368][debug][command:c507e5d5-7c1c-492a-9882-73e011eaecb0][tid:32][com.facebook.buck.apple.AppleCxxPlatforms] Apple toolchain path: /Applications/Xcode.app/Contents/Developer/Toolchains/XcodeDefault.xctoolchain
[2017-10-04 15:08:31.369][debug][command:c507e5d5-7c1c-492a-9882-73e011eaecb0][tid:32][com.facebook.buck.apple.AppleCxxPlatforms] Headers verification platform whitelist: [^\Q/Applications/Xcode.app/Contents/Developer/Platforms/iPhoneSimulator.platform/Developer/Library/Frameworks\E\/.*, ^\Q/Applications/Xcode.app/Contents/Developer/Platforms/iPhoneSimulator.platform/Developer/SDKs/iPhoneSimulator.sdk\E\/.*, ^\Q/Applications/Xcode.app/Contents/Developer/Toolchains/XcodeDefault.xctoolchain\E\/.*]
[2017-10-04 15:08:31.370][debug][command:c507e5d5-7c1c-492a-9882-73e011eaecb0][tid:32][com.facebook.buck.apple.AppleCxxPlatforms] SDK AppleSdk{name=macosx, version=10.13, applePlatform=ApplePlatform{name=macosx, architectures=[i386, x86_64], minVersionFlagPrefix=-mmacosx-version-min=, appIncludesFrameworks=true}, architectures=[i386, x86_64], toolchains=[AppleToolchain{identifier=com.apple.dt.toolchain.XcodeDefault, path=/Applications/Xcode.app/Contents/Developer/Toolchains/XcodeDefault.xctoolchain}]} using default version 10.13
[2017-10-04 15:08:31.371][debug][command:c507e5d5-7c1c-492a-9882-73e011eaecb0][tid:32][com.facebook.buck.apple.AppleCxxPlatforms] Xcode build version is: 9A235
[2017-10-04 15:08:31.374][warn ][command:c507e5d5-7c1c-492a-9882-73e011eaecb0][tid:32][com.facebook.buck.apple.AppleCxxPlatforms] In /Applications/Xcode.app/Contents/Developer/Platforms/MacOSX.platform/version.plist, missing ProductBuildVersion. Build version will be unset for this platform.
[2017-10-04 15:08:31.375][debug][command:c507e5d5-7c1c-492a-9882-73e011eaecb0][tid:32][com.facebook.buck.apple.AppleCxxPlatforms] Apple toolchain path: /Applications/Xcode.app/Contents/Developer/Toolchains/XcodeDefault.xctoolchain
[2017-10-04 15:08:31.375][debug][command:c507e5d5-7c1c-492a-9882-73e011eaecb0][tid:32][com.facebook.buck.apple.AppleCxxPlatforms] Headers verification platform whitelist: [^\Q/Applications/Xcode.app/Contents/Developer/Platforms/MacOSX.platform/Developer/Library/Frameworks\E\/.*, ^\Q/Applications/Xcode.app/Contents/Developer/Platforms/MacOSX.platform/Developer/SDKs/MacOSX.sdk\E\/.*, ^\Q/Applications/Xcode.app/Contents/Developer/Toolchains/XcodeDefault.xctoolchain\E\/.*]
[2017-10-04 15:08:31.377][debug][command:c507e5d5-7c1c-492a-9882-73e011eaecb0][tid:32][com.facebook.buck.apple.AppleCxxPlatforms] Xcode build version is: 9A235
[2017-10-04 15:08:31.381][warn ][command:c507e5d5-7c1c-492a-9882-73e011eaecb0][tid:32][com.facebook.buck.apple.AppleCxxPlatforms] In /Applications/Xcode.app/Contents/Developer/Platforms/MacOSX.platform/version.plist, missing ProductBuildVersion. Build version will be unset for this platform.
[2017-10-04 15:08:31.381][debug][command:c507e5d5-7c1c-492a-9882-73e011eaecb0][tid:32][com.facebook.buck.apple.AppleCxxPlatforms] Apple toolchain path: /Applications/Xcode.app/Contents/Developer/Toolchains/XcodeDefault.xctoolchain
[2017-10-04 15:08:31.382][debug][command:c507e5d5-7c1c-492a-9882-73e011eaecb0][tid:32][com.facebook.buck.apple.AppleCxxPlatforms] Headers verification platform whitelist: [^\Q/Applications/Xcode.app/Contents/Developer/Platforms/MacOSX.platform/Developer/Library/Frameworks\E\/.*, ^\Q/Applications/Xcode.app/Contents/Developer/Platforms/MacOSX.platform/Developer/SDKs/MacOSX.sdk\E\/.*, ^\Q/Applications/Xcode.app/Contents/Developer/Toolchains/XcodeDefault.xctoolchain\E\/.*]
[2017-10-04 15:08:31.383][debug][command:c507e5d5-7c1c-492a-9882-73e011eaecb0][tid:32][com.facebook.buck.apple.AppleCxxPlatforms] SDK AppleSdk{name=watchos, version=4.0, applePlatform=ApplePlatform{name=watchos, provisioningProfileName=iOS, architectures=[armv7k], minVersionFlagPrefix=-mwatchos-version-min=, stubBinaryPath=Library/Application Support/WatchKit/WK, appIncludesFrameworks=false}, architectures=[armv7k], toolchains=[AppleToolchain{identifier=com.apple.dt.toolchain.XcodeDefault, path=/Applications/Xcode.app/Contents/Developer/Toolchains/XcodeDefault.xctoolchain}]} using default version 4.0
[2017-10-04 15:08:31.384][debug][command:c507e5d5-7c1c-492a-9882-73e011eaecb0][tid:32][com.facebook.buck.apple.AppleCxxPlatforms] Xcode build version is: 9A235
[2017-10-04 15:08:31.387][debug][command:c507e5d5-7c1c-492a-9882-73e011eaecb0][tid:32][com.facebook.buck.apple.AppleCxxPlatforms] Apple toolchain path: /Applications/Xcode.app/Contents/Developer/Toolchains/XcodeDefault.xctoolchain
[2017-10-04 15:08:31.388][debug][command:c507e5d5-7c1c-492a-9882-73e011eaecb0][tid:32][com.facebook.buck.apple.AppleCxxPlatforms] Headers verification platform whitelist: [^\Q/Applications/Xcode.app/Contents/Developer/Platforms/WatchOS.platform/Developer/Library/Frameworks\E\/.*, ^\Q/Applications/Xcode.app/Contents/Developer/Platforms/WatchOS.platform/Developer/SDKs/WatchOS.sdk\E\/.*, ^\Q/Applications/Xcode.app/Contents/Developer/Toolchains/XcodeDefault.xctoolchain\E\/.*]
[2017-10-04 15:08:31.389][debug][command:c507e5d5-7c1c-492a-9882-73e011eaecb0][tid:32][com.facebook.buck.apple.AppleCxxPlatforms] SDK AppleSdk{name=watchsimulator, version=4.0, applePlatform=ApplePlatform{name=watchsimulator, architectures=[i386], minVersionFlagPrefix=-mwatchos-simulator-version-min=, stubBinaryPath=Library/Application Support/WatchKit/WK, appIncludesFrameworks=false}, architectures=[i386], toolchains=[AppleToolchain{identifier=com.apple.dt.toolchain.XcodeDefault, path=/Applications/Xcode.app/Contents/Developer/Toolchains/XcodeDefault.xctoolchain}]} using default version 4.0
[2017-10-04 15:08:31.391][debug][command:c507e5d5-7c1c-492a-9882-73e011eaecb0][tid:32][com.facebook.buck.apple.AppleCxxPlatforms] Xcode build version is: 9A235
[2017-10-04 15:08:31.391][debug][command:null][tid:26][com.facebook.buck.util.ListeningProcessExecutor] Wait for process returned 0
[2017-10-04 15:08:31.391][debug][command:null][tid:26][com.facebook.buck.util.ListeningProcessExecutor] Destroying process com.facebook.buck.util.ListeningProcessExecutor$LaunchedProcessImpl@65547991 (force true)
[2017-10-04 15:08:31.394][debug][command:c507e5d5-7c1c-492a-9882-73e011eaecb0][tid:32][com.facebook.buck.apple.AppleCxxPlatforms] Apple toolchain path: /Applications/Xcode.app/Contents/Developer/Toolchains/XcodeDefault.xctoolchain
[2017-10-04 15:08:31.395][debug][command:c507e5d5-7c1c-492a-9882-73e011eaecb0][tid:32][com.facebook.buck.apple.AppleCxxPlatforms] Headers verification platform whitelist: [^\Q/Applications/Xcode.app/Contents/Developer/Platforms/WatchSimulator.platform/Developer/Library/Frameworks\E\/.*, ^\Q/Applications/Xcode.app/Contents/Developer/Platforms/WatchSimulator.platform/Developer/SDKs/WatchSimulator.sdk\E\/.*, ^\Q/Applications/Xcode.app/Contents/Developer/Toolchains/XcodeDefault.xctoolchain\E\/.*]
[2017-10-04 15:08:31.395][info ][command:null][tid:26][com.facebook.buck.util.versioncontrol.VersionControlStatsGenerator] Starting generation of version control stats.
[2017-10-04 15:08:31.395][warn ][command:null][tid:26][com.facebook.buck.util.versioncontrol.VersionControlStatsGenerator] Skipping generation of version control stats as unsupported repository type.
[2017-10-04 15:08:31.418][debug][command:c507e5d5-7c1c-492a-9882-73e011eaecb0][tid:32][com.facebook.buck.io.ExecutableFinder] Executable 'clang' mapped to 'Optional[/usr/bin/clang]'
[2017-10-04 15:08:31.423][debug][command:c507e5d5-7c1c-492a-9882-73e011eaecb0][tid:32][com.facebook.buck.io.ExecutableFinder] Executable 'clang++' mapped to 'Optional[/usr/bin/clang++]'
[2017-10-04 15:08:31.424][debug][command:c507e5d5-7c1c-492a-9882-73e011eaecb0][tid:32][com.facebook.buck.io.ExecutableFinder] Executable 'ar' mapped to 'Optional[/usr/bin/ar]'
[2017-10-04 15:08:31.425][debug][command:c507e5d5-7c1c-492a-9882-73e011eaecb0][tid:32][com.facebook.buck.io.ExecutableFinder] Executable 'strip' mapped to 'Optional[/usr/bin/strip]'
[2017-10-04 15:08:31.426][debug][command:c507e5d5-7c1c-492a-9882-73e011eaecb0][tid:32][com.facebook.buck.io.ExecutableFinder] Executable 'ranlib' mapped to 'Optional[/usr/bin/ranlib]'
[2017-10-04 15:08:31.427][debug][command:c507e5d5-7c1c-492a-9882-73e011eaecb0][tid:32][com.facebook.buck.io.ExecutableFinder] Executable 'nm' mapped to 'Optional[/usr/bin/nm]'
[2017-10-04 15:08:31.429][debug][command:c507e5d5-7c1c-492a-9882-73e011eaecb0][tid:32][com.facebook.buck.cxx.toolchain.CxxPlatforms] Using config default C++ platform CxxPlatform{flavor=iphonesimulator-x86_64, as=com.facebook.buck.cxx.toolchain.CompilerProvider@6f922e60, asflags=[-isysroot, /Applications/Xcode.app/Contents/Developer/Platforms/iPhoneSimulator.platform/Developer/SDKs/iPhoneSimulator.sdk, -arch, x86_64, -mios-simulator-version-min=10.0, -iquote, /Users/kieranlafferty/Desktop/BuckTest], aspp=com.facebook.buck.cxx.toolchain.PreprocessorProvider@330fb7bd, asppflags=[], cc=com.facebook.buck.cxx.toolchain.CompilerProvider@44ce3ca2, cflags=[-isysroot, /Applications/Xcode.app/Contents/Developer/Platforms/iPhoneSimulator.platform/Developer/SDKs/iPhoneSimulator.sdk, -arch, x86_64, -mios-simulator-version-min=10.0, -iquote, /Users/kieranlafferty/Desktop/BuckTest, -g, -fmodules, -fobjc-arc, -D, BUCK, -w], cxx=com.facebook.buck.cxx.toolchain.CompilerProvider@7a04e97f, cxxflags=[-isysroot, /Applications/Xcode.app/Contents/Developer/Platforms/iPhoneSimulator.platform/Developer/SDKs/iPhoneSimulator.sdk, -arch, x86_64, -mios-simulator-version-min=10.0, -iquote, /Users/kieranlafferty/Desktop/BuckTest], cpp=com.facebook.buck.cxx.toolchain.PreprocessorProvider@41b3971, cppflags=[], cxxpp=com.facebook.buck.cxx.toolchain.PreprocessorProvider@4a67d410, cxxppflags=[], cudappflags=[], cudaflags=[], asmppflags=[], asmflags=[], ld=com.facebook.buck.cxx.toolchain.linker.DefaultLinkerProvider@7f79cad2, ldflags=[-isysroot, /Applications/Xcode.app/Contents/Developer/Platforms/iPhoneSimulator.platform/Developer/SDKs/iPhoneSimulator.sdk, -arch, x86_64, -mios-simulator-version-min=10.0, -iquote, /Users/kieranlafferty/Desktop/BuckTest, -Wl,-sdk_version, -Wl,11.0, -Wl,-ObjC], runtimeLdflags={}, strip=VersionedTool{path=/Applications/Xcode.app/Contents/Developer/Toolchains/XcodeDefault.xctoolchain/usr/bin/strip, extraArgs=[], name=apple-strip, version=11.0:9A235}, stripFlags=[], ar=com.facebook.buck.cxx.toolchain.ArchiverProvider$1@22eb8b53, arflags=[], ranlib=com.facebook.buck.rules.ConstantToolProvider@7fe6eece, ranlibflags=[], symbolNameTool=com.facebook.buck.cxx.toolchain.LazyDelegatingSymbolNameTool@bd56276, sharedLibraryExtension=dylib, sharedLibraryVersionedExtensionFormat=%s.dylib, staticLibraryExtension=a, objectFileExtension=o, compilerDebugPathSanitizer=com.facebook.buck.cxx.toolchain.PrefixMapDebugPathSanitizer@3acb1684, assemblerDebugPathSanitizer=com.facebook.buck.cxx.toolchain.MungingDebugPathSanitizer@4404b39d, headerVerification=HeaderVerification{mode=IGNORE, whitelist=[], platformWhitelist=[^\Q/Applications/Xcode.app/Contents/Developer/Platforms/iPhoneSimulator.platform/Developer/Library/Frameworks\E\/.*, ^\Q/Applications/Xcode.app/Contents/Developer/Platforms/iPhoneSimulator.platform/Developer/SDKs/iPhoneSimulator.sdk\E\/.*, ^\Q/Applications/Xcode.app/Contents/Developer/Toolchains/XcodeDefault.xctoolchain\E\/.*], whitelistPatterns=[^\Q/Applications/Xcode.app/Contents/Developer/Platforms/iPhoneSimulator.platform/Developer/Library/Frameworks\E\/.*, ^\Q/Applications/Xcode.app/Contents/Developer/Platforms/iPhoneSimulator.platform/Developer/SDKs/iPhoneSimulator.sdk\E\/.*, ^\Q/Applications/Xcode.app/Contents/Developer/Toolchains/XcodeDefault.xctoolchain\E\/.*]}, flagMacros={SDKROOT=/Applications/Xcode.app/Contents/Developer/Platforms/iPhoneSimulator.platform/Developer/SDKs/iPhoneSimulator.sdk, PLATFORM_DIR=/Applications/Xcode.app/Contents/Developer/Platforms/iPhoneSimulator.platform, CURRENT_ARCH=x86_64, DEVELOPER_DIR=/Applications/Xcode.app/Contents/Developer}, publicHeadersSymlinksEnabled=true, privateHeadersSymlinksEnabled=true}
[2017-10-04 15:08:31.445][debug][command:c507e5d5-7c1c-492a-9882-73e011eaecb0][tid:32][com.facebook.buck.io.ExecutableFinder] Executable 'python2' mapped to 'Optional.empty'
[2017-10-04 15:08:31.446][debug][command:c507e5d5-7c1c-492a-9882-73e011eaecb0][tid:32][com.facebook.buck.io.ExecutableFinder] Executable 'python' mapped to 'Optional[/usr/bin/python]'
[2017-10-04 15:08:31.600][debug][command:c507e5d5-7c1c-492a-9882-73e011eaecb0][tid:32][com.facebook.buck.apple.ProvisioningProfileStore] Provisioning profile search path: /Users/kieranlafferty/Library/MobileDevice/Provisioning Profiles
[2017-10-04 15:08:31.867][debug][command:c507e5d5-7c1c-492a-9882-73e011eaecb0][tid:32][com.facebook.buck.json.BuckPythonProgram] Writing python rules stub to /Users/kieranlafferty/Desktop/BuckTest/buck-out/tmp/buck_run.YuNKHg/buck_python_program8801547780678376116.
[2017-10-04 15:08:32.604][debug][command:c507e5d5-7c1c-492a-9882-73e011eaecb0][tid:32][com.facebook.buck.json.BuckPythonProgram] Created temporary buck.py instance at /Users/kieranlafferty/Desktop/BuckTest/buck-out/tmp/buck_run.YuNKHg/buck_python_program8801547780678376116.
[2017-10-04 15:08:32.611][debug][command:c507e5d5-7c1c-492a-9882-73e011eaecb0][tid:32][com.facebook.buck.json.PythonDslProjectBuildFileParser] Starting buck.py command: [/usr/bin/python, -u, /Users/kieranlafferty/Desktop/BuckTest/buck-out/tmp/buck_run.YuNKHg/buck_python_program8801547780678376116/__main__.py, --allow_empty_globs, --watchman_glob_stat_results, --project_root, /Users/kieranlafferty/Desktop/BuckTest, --cell_name, , --build_file_name, BUCK, --quiet, --config, /Users/kieranlafferty/Desktop/BuckTest/buck-out/tmp/buck_run.YuNKHg/raw_config4189481723115432473.json, --ignore_paths, /Users/kieranlafferty/Desktop/BuckTest/buck-out/tmp/buck_run.YuNKHg/ignore_paths4310837253500552692.json] environment: Optional[{IRBRC=/Users/kieranlafferty/.rvm/rubies/ruby-2.4.0/.irbrc, PATH=/Users/kieranlafferty/.rvm/gems/ruby-2.4.0/bin:/Users/kieranlafferty/.rvm/gems/ruby-2.4.0@global/bin:/Users/kieranlafferty/.rvm/rubies/ruby-2.4.0/bin:/usr/local/bin:/usr/bin:/bin:/usr/sbin:/sbin:/Users/kieranlafferty/.rvm/bin:/Users/kieranlafferty/.rvm/bin, JAVA_ARCH=x86_64, _system_arch=x86_64, rvm_bin_path=/Users/kieranlafferty/.rvm/bin, BUCK_CLASSPATH=/Users/kieranlafferty/Desktop/BuckTest/.buckd/resources/v2017.09.04.01/buck_server, TERM=xterm-256color, rvm_prefix=/Users/kieranlafferty, LANG=en_US.UTF-8, VERSIONER_PYTHON_VERSION=2.7, BUCK_BUILD_ID=c507e5d5-7c1c-492a-9882-73e011eaecb0, COLUMNS=80, LOGNAME=kieranlafferty, rvm_version=1.29.2 (latest), XPC_SERVICE_NAME=0, PWD=/Users/kieranlafferty/Desktop/BuckTest, TERM_PROGRAM_VERSION=388.1.1, _=./buck/bin/buck, SHELL=/bin/bash, NVM_DIR=/Users/kieranlafferty/.nvm, TERM_PROGRAM=Apple_Terminal, _system_type=Darwin, MY_RUBY_HOME=/Users/kieranlafferty/.rvm/rubies/ruby-2.4.0, BUCK_PYTHON_SPACE_INIT_TIME=7, _system_version=10.12, OLDPWD=/Users/kieranlafferty/Desktop/BuckTest/Apps, GEM_HOME=/Users/kieranlafferty/.rvm/gems/ruby-2.4.0, USER=kieranlafferty, VERSIONER_PYTHON_PREFER_32_BIT=no, CLASSPATH=/Users/kieranlafferty/Desktop/BuckTest/.buckd/resources/v2017.09.04.01/bootstrapper_jar, TMPDIR=/var/folders/zz/v2fpp8m54y1dq0qh5yt0hqvr0000gn/T/, rvm_path=/Users/kieranlafferty/.rvm, SSH_AUTH_SOCK=/private/tmp/com.apple.launchd.6ZK0SrMSVY/Listeners, GEM_PATH=/Users/kieranlafferty/.rvm/gems/ruby-2.4.0:/Users/kieranlafferty/.rvm/gems/ruby-2.4.0@global, XPC_FLAGS=0x0, RUBY_VERSION=ruby-2.4.0, TERM_SESSION_ID=CB4A996C-E3FC-48E1-BE88-F3365BBC9D63, BUCK_TTY=1, _system_name=OSX, __CF_USER_TEXT_ENCODING=0x1F5:0x0:0x0, Apple_PubSub_Socket_Render=/private/tmp/com.apple.launchd.2MgsOd4gbP/Render, com.apple.java.jvmTask=CommandLine, JAVA_MAIN_CLASS_15140=com.facebook.buck.cli.bootstrapper.ClassLoaderBootstrapper, SHLVL=1, HOME=/Users/kieranlafferty}]
[2017-10-04 15:08:32.616][debug][command:c507e5d5-7c1c-492a-9882-73e011eaecb0][tid:32][com.facebook.buck.json.PythonDslProjectBuildFileParser] Started process com.facebook.buck.util.ProcessExecutor$LaunchedProcessImpl@65d8c5fe successfully
[2017-10-04 15:08:32.966][debug][command:null][tid:40][com.facebook.buck.json.PythonDslProjectBuildFileParser] Closing buck.py process stdin
[2017-10-04 15:08:32.984][debug][command:null][tid:40][com.facebook.buck.json.PythonDslProjectBuildFileParser] Waiting for process com.facebook.buck.util.ProcessExecutor$LaunchedProcessImpl@65d8c5fe to exit...
[2017-10-04 15:08:32.985][debug][command:null][tid:40][com.facebook.buck.json.PythonDslProjectBuildFileParser] Process com.facebook.buck.util.ProcessExecutor$LaunchedProcessImpl@65d8c5fe exited cleanly.
[2017-10-04 15:08:32.994][debug][command:c507e5d5-7c1c-492a-9882-73e011eaecb0][tid:01][com.facebook.buck.apple.project_generator.XCodeProjectCommandHelper] Xcode project generation: Killing existing Xcode if needed
[2017-10-04 15:08:32.994][debug][command:c507e5d5-7c1c-492a-9882-73e011eaecb0][tid:01][com.facebook.buck.util.PkillProcessManager] Checking if Xcode is running...
[2017-10-04 15:08:33.033][debug][command:c507e5d5-7c1c-492a-9882-73e011eaecb0][tid:01][com.facebook.buck.util.PkillProcessManager] Process Xcode is running
[2017-10-04 15:08:33.033][debug][command:c507e5d5-7c1c-492a-9882-73e011eaecb0][tid:01][com.facebook.buck.apple.project_generator.XCodeProjectCommandHelper] Displaying prompt Xcode is currently running. Buck will modify files Xcode currently has open, which can cause it to become unstable.

Kill Xcode and continue?..
[2017-10-04 15:08:33.098][debug][command:null][tid:18][com.facebook.buck.event.listener.SuperConsoleEventBusListener] Stopping render scheduler
[2017-10-04 15:08:33.099][debug][command:null][tid:18][com.facebook.buck.event.listener.SuperConsoleEventBusListener] Stopping console output (stdout dirty true, stderr dirty false).
[2017-10-04 15:08:35.102][debug][command:c507e5d5-7c1c-492a-9882-73e011eaecb0][tid:01][com.facebook.buck.apple.project_generator.XCodeProjectCommandHelper] Result of prompt: [Optional[Y]]
[2017-10-04 15:08:35.102][debug][command:c507e5d5-7c1c-492a-9882-73e011eaecb0][tid:01][com.facebook.buck.util.PkillProcessManager] Killing process Xcode...
[2017-10-04 15:08:35.153][debug][command:c507e5d5-7c1c-492a-9882-73e011eaecb0][tid:01][com.facebook.buck.util.PkillProcessManager] Killed process Xcode.
[2017-10-04 15:08:35.154][debug][command:c507e5d5-7c1c-492a-9882-73e011eaecb0][tid:01][com.facebook.buck.apple.project_generator.XCodeProjectCommandHelper] Xcode project generation: Computing graph roots
[2017-10-04 15:08:35.154][debug][command:c507e5d5-7c1c-492a-9882-73e011eaecb0][tid:01][com.facebook.buck.apple.project_generator.XCodeProjectCommandHelper] Xcode project generation: Getting more part of the target graph
[2017-10-04 15:08:35.167][debug][command:c507e5d5-7c1c-492a-9882-73e011eaecb0][tid:01][com.facebook.buck.apple.project_generator.XCodeProjectCommandHelper] Xcode project generation: Run the project generator
[2017-10-04 15:08:35.225][debug][command:c507e5d5-7c1c-492a-9882-73e011eaecb0][tid:01][com.facebook.buck.apple.project_generator.XCodeProjectCommandHelper] Xcode project generation: Generates workspaces for targets
[2017-10-04 15:08:35.239][debug][command:c507e5d5-7c1c-492a-9882-73e011eaecb0][tid:01][com.facebook.buck.apple.project_generator.XCodeProjectCommandHelper] Generating workspace for config targets [//Apps/BuckSwiftDemo:BuckSwiftDemo]
[2017-10-04 15:08:35.249][debug][command:c507e5d5-7c1c-492a-9882-73e011eaecb0][tid:01][com.facebook.buck.apple.project_generator.WorkspaceAndProjectGenerator] Generating workspace for target //Apps/BuckSwiftDemo:BuckSwiftDemo
[2017-10-04 15:08:35.256][debug][command:c507e5d5-7c1c-492a-9882-73e011eaecb0][tid:01][com.facebook.buck.apple.project_generator.WorkspaceAndProjectGenerator] Adding scheme BuckSwiftDemo
[2017-10-04 15:08:35.271][debug][command:c507e5d5-7c1c-492a-9882-73e011eaecb0][tid:01][com.facebook.buck.apple.project_generator.WorkspaceAndProjectGenerator] Getting ordered test target nodes for [//Apps/BuckSwiftDemo:BuckSwiftDemoLibrary, //Apps/BuckSwiftDemo:BuckSwiftDemo]
[2017-10-04 15:08:35.285][debug][command:null][tid:48][com.facebook.buck.apple.project_generator.WorkspaceAndProjectGenerator] Generating project for directory Apps/BuckSwiftDemo with targets [//Apps/BuckSwiftDemo:BuckSwiftDemo, //Apps/BuckSwiftDemo:BuckSwiftDemoLibrary]
[2017-10-04 15:08:35.292][debug][command:null][tid:48][com.facebook.buck.apple.project_generator.ProjectGenerator] Output directory Apps/BuckSwiftDemo, profile fs root path /Users/kieranlafferty/Desktop/BuckTest, repo root relative to output dir ../..
[2017-10-04 15:08:35.303][debug][command:null][tid:48][com.facebook.buck.apple.project_generator.ProjectGenerator] Creating projects for targets [//Apps/BuckSwiftDemo:BuckSwiftDemo, //Apps/BuckSwiftDemo:BuckSwiftDemoLibrary]
[2017-10-04 15:08:35.303][debug][command:null][tid:48][com.facebook.buck.apple.project_generator.ProjectGenerator] Including rule //Apps/BuckSwiftDemo:BuckSwiftDemo in project
[2017-10-04 15:08:35.315][debug][command:null][tid:48][com.facebook.buck.apple.project_generator.ProjectGenerator] Generating binary target for node //Apps/BuckSwiftDemo:BuckSwiftDemoBinary
[2017-10-04 15:08:35.390][debug][command:null][tid:48][com.facebook.buck.apple.project_generator.CxxPlatformXcodeConfigGenerator] Cannot determine value of CLANG_CXX_LANGUAGE_STANDARD
[2017-10-04 15:08:35.390][debug][command:null][tid:48][com.facebook.buck.apple.project_generator.CxxPlatformXcodeConfigGenerator] Cannot determine value of CLANG_CXX_LIBRARY
[2017-10-04 15:08:35.397][debug][command:null][tid:48][com.facebook.buck.apple.project_generator.ProjectGenerator] Symlink tree at buck-out/gen/_p/aUAL8KG4gc-pub is up to date, not regenerating (key 99d339744204dd3a8711cf8a2e9793d3eed37aa9).
[2017-10-04 15:08:35.399][debug][command:null][tid:48][com.facebook.buck.apple.project_generator.ProjectGenerator] Symlink tree at buck-out/gen/_p/aUAL8KG4gc-priv is up to date, not regenerating (key 99d339744204dd3a8711cf8a2e9793d3eed37aa9).
[2017-10-04 15:08:35.400][debug][command:null][tid:48][com.facebook.buck.apple.project_generator.ProjectGenerator] Generated iOS bundle target com.facebook.buck.apple.xcode.xcodeproj.PBXNativeTarget@445ed1f1 isa=PBXNativeTarget gid=null
[2017-10-04 15:08:35.401][debug][command:null][tid:48][com.facebook.buck.apple.project_generator.ProjectGenerator] Including rule //Apps/BuckSwiftDemo:BuckSwiftDemoLibrary in project
[2017-10-04 15:08:35.401][debug][command:null][tid:48][com.facebook.buck.apple.project_generator.ProjectGenerator] Generating binary target for node //Apps/BuckSwiftDemo:BuckSwiftDemoLibrary
[2017-10-04 15:08:35.403][debug][command:null][tid:48][com.facebook.buck.apple.project_generator.CxxPlatformXcodeConfigGenerator] Cannot determine value of CLANG_CXX_LANGUAGE_STANDARD
[2017-10-04 15:08:35.403][debug][command:null][tid:48][com.facebook.buck.apple.project_generator.CxxPlatformXcodeConfigGenerator] Cannot determine value of CLANG_CXX_LIBRARY
[2017-10-04 15:08:35.405][debug][command:null][tid:48][com.facebook.buck.apple.project_generator.ProjectGenerator] Updating symlink tree at buck-out/gen/_p/3-qm1IN0ow-pub (old key Optional[7808a706301c8f474b13c7f0f6ca0f5772472617], new key 6c926957c04af21d984037bfdf0d16bfa60c20ea).
[2017-10-04 15:08:35.414][debug][command:null][tid:48][com.facebook.buck.apple.project_generator.ProjectGenerator] Symlink tree at buck-out/gen/_p/3-qm1IN0ow-priv is up to date, not regenerating (key 99d339744204dd3a8711cf8a2e9793d3eed37aa9).
[2017-10-04 15:08:35.414][debug][command:null][tid:48][com.facebook.buck.apple.project_generator.ProjectGenerator] Generated Cxx library target com.facebook.buck.apple.xcode.xcodeproj.PBXNativeTarget@741dee3e isa=PBXNativeTarget gid=null
[2017-10-04 15:08:35.415][debug][command:null][tid:48][com.facebook.buck.apple.project_generator.ProjectGenerator] Generated iOS library target com.facebook.buck.apple.xcode.xcodeproj.PBXNativeTarget@741dee3e isa=PBXNativeTarget gid=null
[2017-10-04 15:08:35.427][debug][command:null][tid:48][com.facebook.buck.apple.project_generator.ProjectGenerator] Regenerating project at Apps/BuckSwiftDemo/BuckSwiftDemo.xcodeproj/project.pbxproj
[2017-10-04 15:08:35.437][debug][command:c507e5d5-7c1c-492a-9882-73e011eaecb0][tid:01][com.facebook.buck.apple.project_generator.SchemeGenerator] Generating scheme with build targets [com.facebook.buck.apple.xcode.xcodeproj.PBXNativeTarget@741dee3e isa=PBXNativeTarget gid=E66DC04E08964B8000000000, com.facebook.buck.apple.xcode.xcodeproj.PBXNativeTarget@445ed1f1 isa=PBXNativeTarget gid=E66DC04E73F738BB00000000], test build targets [], test bundle targets []
[2017-10-04 15:08:35.479][debug][command:c507e5d5-7c1c-492a-9882-73e011eaecb0][tid:01][com.facebook.buck.apple.project_generator.XCodeProjectCommandHelper] Required build targets for workspace //Apps/BuckSwiftDemo:BuckSwiftDemo: []
[2017-10-04 15:08:35.481][info ][command:c507e5d5-7c1c-492a-9882-73e011eaecb0][tid:01][com.facebook.buck.cli.Main] Awaiting termination of HTTP Write executor service. Waiting for all jobs to complete, or up to maximum of 1800 seconds...
[2017-10-04 15:08:35.483][info ][command:c507e5d5-7c1c-492a-9882-73e011eaecb0][tid:01][com.facebook.buck.cli.Main] Awaiting termination of CounterAggregatorExecutor executor service. Waiting for all jobs to complete, or up to maximum of 20 seconds...
[2017-10-04 15:08:35.486][debug][command:c507e5d5-7c1c-492a-9882-73e011eaecb0][tid:21][com.facebook.buck.util.perf.ProcessTracker] shutDown
[2017-10-04 15:08:35.486][debug][command:c507e5d5-7c1c-492a-9882-73e011eaecb0][tid:20][com.google.common.util.concurrent.ServiceManager] Service PerfStatsTracking [TERMINATED] has terminated. Previous state was: STOPPING
[2017-10-04 15:08:35.486][debug][command:c507e5d5-7c1c-492a-9882-73e011eaecb0][tid:01][com.facebook.buck.event.listener.SuperConsoleEventBusListener] Stopping render scheduler
[2017-10-04 15:08:35.487][debug][command:c507e5d5-7c1c-492a-9882-73e011eaecb0][tid:01][com.facebook.buck.event.listener.SuperConsoleEventBusListener] Stopping render scheduler
[2017-10-04 15:08:35.487][debug][command:c507e5d5-7c1c-492a-9882-73e011eaecb0][tid:01][com.facebook.buck.event.listener.SuperConsoleEventBusListener] Stopping console output (stdout dirty true, stderr dirty false).
[2017-10-04 15:08:35.488][debug][command:null][tid:21][com.google.common.util.concurrent.ServiceManager] Service ProcessTracker [TERMINATED] has terminated. Previous state was: STOPPING
[2017-10-04 15:08:35.497][info ][command:null][tid:01][com.facebook.buck.cli.Main] Awaiting termination of CPU executor service. Waiting for all jobs to complete, or up to maximum of 60 seconds...
[2017-10-04 15:08:35.497][info ][command:null][tid:01][com.facebook.buck.cli.Main] Awaiting termination of NETWORK executor service. Waiting for all jobs to complete, or up to maximum of 60 seconds...
[2017-10-04 15:08:35.497][info ][command:null][tid:01][com.facebook.buck.cli.Main] Awaiting termination of PROJECT executor service. Waiting for all jobs to complete, or up to maximum of 60 seconds...
[2017-10-04 15:08:35.497][info ][command:null][tid:01][com.facebook.buck.cli.Main] Awaiting termination of ScheduledExecutorService executor service. Waiting for all jobs to complete, or up to maximum of 60 seconds...
[2017-10-04 15:08:35.497][info ][command:null][tid:01][com.facebook.buck.cli.Main] Awaiting termination of Disk IO executor service. Waiting for all jobs to complete, or up to maximum of 10 seconds...
[2017-10-04 15:08:35.497][debug][command:null][tid:01][com.facebook.buck.event.listener.SuperConsoleEventBusListener] Stopping render scheduler
[2017-10-04 15:08:35.498][debug][command:null][tid:01][com.facebook.buck.event.listener.SuperConsoleEventBusListener] Stopping render scheduler
[2017-10-04 15:08:35.498][debug][command:null][tid:01][com.facebook.buck.event.listener.SuperConsoleEventBusListener] Stopping console output (stdout dirty true, stderr dirty false).
[2017-10-04 15:08:35.498][debug][command:null][tid:01][com.facebook.buck.event.listener.ChromeTraceBuildListener] Writing Chrome trace to buck-out/log/2017-10-04_22h08m29s_projectcommand_c507e5d5-7c1c-492a-9882-73e011eaecb0/build.2017-10-04.15-08-30.c507e5d5-7c1c-492a-9882-73e011eaecb0.trace
[2017-10-04 15:08:35.521][debug][command:null][tid:01][com.facebook.buck.cli.Main] Done.
