[2017-10-04 14:56:18.041][debug][command:null][tid:01][com.facebook.buck.cli.Main] Starting up (build date 2017-10-01 22:48:39 -0700, rev v2017.10.01.01), args: [project, //Apps/BuckSwiftDemo:BuckSwiftDemo, --ide, xcode]
[2017-10-04 14:56:18.042][debug][command:null][tid:01][com.facebook.buck.cli.Main] System properties: {java.vendor=Oracle Corporation, sun.java.launcher=SUN_STANDARD, sun.management.compiler=HotSpot 64-Bit Tiered Compilers, jnidispatch.path=/Users/kieranlafferty/Desktop/BuckTest/buck-out/tmp/buck_run.l7D5AV/jna-1773210207/jna5451834007473231433.tmp, os.name=Mac OS X, buck.enable_objc=true, sun.boot.class.path=/Library/Java/JavaVirtualMachines/jdk1.8.0_131.jdk/Contents/Home/jre/lib/resources.jar:/Library/Java/JavaVirtualMachines/jdk1.8.0_131.jdk/Contents/Home/jre/lib/rt.jar:/Library/Java/JavaVirtualMachines/jdk1.8.0_131.jdk/Contents/Home/jre/lib/sunrsasign.jar:/Library/Java/JavaVirtualMachines/jdk1.8.0_131.jdk/Contents/Home/jre/lib/jsse.jar:/Library/Java/JavaVirtualMachines/jdk1.8.0_131.jdk/Contents/Home/jre/lib/jce.jar:/Library/Java/JavaVirtualMachines/jdk1.8.0_131.jdk/Contents/Home/jre/lib/charsets.jar:/Library/Java/JavaVirtualMachines/jdk1.8.0_131.jdk/Contents/Home/jre/lib/jfr.jar:/Library/Java/JavaVirtualMachines/jdk1.8.0_131.jdk/Contents/Home/jre/classes, buck.resource_lock_path=/Users/kieranlafferty/Desktop/BuckTest/.buckd/resources/v2017.10.01.01/.buck_lock, java.vm.specification.vendor=Oracle Corporation, java.runtime.version=1.8.0_131-b11, jna.loaded=true, buck.testrunner_classes=/Users/kieranlafferty/Desktop/BuckTest/.buckd/resources/v2017.10.01.01/testrunner_classes, buck.logging_config_file=/Users/kieranlafferty/Desktop/BuckTest/.buckd/resources/v2017.10.01.01/logging_config_file, buck.path_to_sh_binary_template=/Users/kieranlafferty/Desktop/BuckTest/.buckd/resources/v2017.10.01.01/path_to_sh_binary_template, user.name=kieranlafferty, buck.path_to_pywatchman=/Users/kieranlafferty/Desktop/BuckTest/.buckd/resources/v2017.10.01.01/path_to_pywatchman, buck.report_generator_jar=/Users/kieranlafferty/Desktop/BuckTest/.buckd/resources/v2017.10.01.01/report_generator_jar, buck.git_commit=v2017.10.01.01, user.language=en, sun.boot.library.path=/Library/Java/JavaVirtualMachines/jdk1.8.0_131.jdk/Contents/Home/jre/lib, java.version=1.8.0_131, user.timezone=America/Los_Angeles, buck.test_util_no_tests_dir=true, sun.arch.data.model=64, http.nonProxyHosts=local|*.local|169.254/16|*.169.254/16, java.endorsed.dirs=/Library/Java/JavaVirtualMachines/jdk1.8.0_131.jdk/Contents/Home/jre/lib/endorsed, sun.cpu.isalist=, sun.jnu.encoding=UTF-8, file.encoding.pkg=sun.io, file.separator=/, java.specification.name=Java Platform API Specification, buck.jacoco_agent_jar=/Users/kieranlafferty/Desktop/BuckTest/.buckd/resources/v2017.10.01.01/jacoco_agent_jar, java.class.version=52.0, user.country=US, java.home=/Library/Java/JavaVirtualMachines/jdk1.8.0_131.jdk/Contents/Home/jre, java.vm.info=mixed mode, os.version=10.12.6, buck.external_executor_jar=/Users/kieranlafferty/Desktop/BuckTest/.buckd/resources/v2017.10.01.01/external_executor_jar, buck.version_uid=v2017.10.01.01, org.eclipse.jetty.util.log.class=org.eclipse.jetty.util.log.JavaUtilLog, path.separator=:, java.vm.version=25.131-b11, java.awt.printerjob=sun.lwawt.macosx.CPrinterJob, sun.io.unicode.encoding=UnicodeBig, awt.toolkit=sun.lwawt.macosx.LWCToolkit, socksNonProxyHosts=local|*.local|169.254/16|*.169.254/16, buck.buck_build_type_info=/Users/kieranlafferty/Desktop/BuckTest/.buckd/resources/v2017.10.01.01/buck_build_type_info, ftp.nonProxyHosts=local|*.local|169.254/16|*.169.254/16, buck.dx=/Users/kieranlafferty/Desktop/BuckTest/.buckd/resources/v2017.10.01.01/dx, buck.git_commit_timestamp=1506923319, user.home=/Users/kieranlafferty, buck.path_to_asm_jar=/Users/kieranlafferty/Desktop/BuckTest/.buckd/resources/v2017.10.01.01/path_to_asm_jar, java.specification.vendor=Oracle Corporation, buck.git_dirty=0, java.library.path=/Users/kieranlafferty/Desktop/BuckTest/.buckd/resources/v2017.10.01.01, java.vendor.url=http://java.oracle.com/, java.vm.vendor=Oracle Corporation, gopherProxySet=false, java.runtime.name=Java(TM) SE Runtime Environment, sun.java.command=com.facebook.buck.cli.bootstrapper.ClassLoaderBootstrapper com.facebook.buck.cli.Main project //Apps/BuckSwiftDemo:BuckSwiftDemo --ide xcode, java.class.path=/Users/kieranlafferty/Desktop/BuckTest/.buckd/resources/v2017.10.01.01/bootstrapper_jar, buck.buckd_dir=/Users/kieranlafferty/Desktop/BuckTest/.buckd, buck.path_to_pathlib_py=/Users/kieranlafferty/Desktop/BuckTest/.buckd/resources/v2017.10.01.01/pathlib.py, java.vm.specification.name=Java Virtual Machine Specification, java.vm.specification.version=1.8, sun.cpu.endian=little, buck.path_to_rawmanifest_py=/Users/kieranlafferty/Desktop/BuckTest/.buckd/resources/v2017.10.01.01/rawmanifest.py, sun.os.patch.level=unknown, java.awt.headless=true, java.io.tmpdir=/Users/kieranlafferty/Desktop/BuckTest/buck-out/tmp/buck_run.l7D5AV, buck.android_agent_path=/Users/kieranlafferty/Desktop/BuckTest/.buckd/resources/v2017.10.01.01/android_agent_path, java.vendor.url.bug=http://bugreport.sun.com/bugreport/, buck.path_to_python_dsl=, os.arch=x86_64, java.awt.graphicsenv=sun.awt.CGraphicsEnvironment, buck.path_to_pex=/Users/kieranlafferty/Desktop/BuckTest/.buckd/resources/v2017.10.01.01/path_to_pex, java.ext.dirs=/Users/kieranlafferty/Library/Java/Extensions:/Library/Java/JavaVirtualMachines/jdk1.8.0_131.jdk/Contents/Home/jre/lib/ext:/Library/Java/Extensions:/Network/Library/Java/Extensions:/System/Library/Java/Extensions:/usr/lib/java, java.util.logging.config.class=com.facebook.buck.cli.bootstrapper.LogConfig, user.dir=/Users/kieranlafferty/Desktop/BuckTest, line.separator=
, java.vm.name=Java HotSpot(TM) 64-Bit Server VM, buck.path_to_typing=/Users/kieranlafferty/Desktop/BuckTest/.buckd/resources/v2017.10.01.01/path_to_typing, buck.native_exopackage_fake_path=/Users/kieranlafferty/Desktop/BuckTest/.buckd/resources/v2017.10.01.01/native_exopackage_fake_path, file.encoding=UTF-8, java.specification.version=1.8}
[2017-10-04 14:56:18.052][debug][command:null][tid:01][com.facebook.buck.util.config.Configs] Loading configuration for /Users/kieranlafferty/Desktop/BuckTest
[2017-10-04 14:56:18.102][debug][command:null][tid:01][com.facebook.buck.util.config.Configs] Loaded a configuration file /Users/kieranlafferty/Desktop/BuckTest/.buckconfig: {project={ide_force_kill=always}, cxx={default_platform=iphonesimulator-x86_64, cflags=-g -fmodules -fobjc-arc -D BUCK -w, combined_preprocess_and_compile=true}, swift={version=3.0, compiler_flags=-DBUCK -whole-module-optimization -enable-testing -suppress-warnings}, apple={iphonesimulator_target_sdk_version=10.0, iphoneos_target_sdk_version=10.0, use_swift_delegate=false}}
[2017-10-04 14:56:18.103][debug][command:null][tid:01][com.facebook.buck.util.config.Configs] Adding configuration overrides RawConfig{values={}}
[2017-10-04 14:56:18.168][debug][command:null][tid:01][com.facebook.buck.util.config.Configs] Loading configuration for /Users/kieranlafferty/Desktop/BuckTest
[2017-10-04 14:56:18.169][debug][command:null][tid:01][com.facebook.buck.util.config.Configs] Loaded a configuration file /Users/kieranlafferty/Desktop/BuckTest/.buckconfig: {project={ide_force_kill=always}, cxx={default_platform=iphonesimulator-x86_64, cflags=-g -fmodules -fobjc-arc -D BUCK -w, combined_preprocess_and_compile=true}, swift={version=3.0, compiler_flags=-DBUCK -whole-module-optimization -enable-testing -suppress-warnings}, apple={iphonesimulator_target_sdk_version=10.0, iphoneos_target_sdk_version=10.0, use_swift_delegate=false}}
[2017-10-04 14:56:18.169][debug][command:null][tid:01][com.facebook.buck.util.config.Configs] Adding configuration overrides RawConfig{values={}}
[2017-10-04 14:56:18.376][debug][command:null][tid:01][com.facebook.buck.apple.AppleToolchainDiscovery] Searching for Xcode toolchains under /Applications/Xcode.app/Contents/Developer/Toolchains
[2017-10-04 14:56:18.376][debug][command:null][tid:01][com.facebook.buck.apple.AppleToolchainDiscovery] Searching for Xcode toolchains in /Applications/Xcode.app/Contents/Developer/Toolchains
[2017-10-04 14:56:18.378][debug][command:null][tid:01][com.facebook.buck.apple.AppleToolchainDiscovery] Getting identifier for for Xcode toolchain under /Applications/Xcode.app/Contents/Developer/Toolchains/XcodeDefault.xctoolchain
[2017-10-04 14:56:18.392][debug][command:null][tid:01][com.facebook.buck.apple.AppleToolchainDiscovery] Mapped SDK identifier com.apple.dt.toolchain.XcodeDefault to path /Applications/Xcode.app/Contents/Developer/Toolchains/XcodeDefault.xctoolchain
[2017-10-04 14:56:18.400][debug][command:null][tid:01][com.facebook.buck.apple.AppleSdkDiscovery] Searching for Xcode platforms under /Applications/Xcode.app/Contents/Developer/Platforms
[2017-10-04 14:56:18.403][debug][command:null][tid:01][com.facebook.buck.apple.AppleSdkDiscovery] Searching for Xcode SDKs in /Applications/Xcode.app/Contents/Developer/Platforms
[2017-10-04 14:56:18.404][debug][command:null][tid:01][com.facebook.buck.apple.AppleSdkDiscovery] Fetching SDK name for /Applications/Xcode.app/Contents/Developer/Platforms/AppleTVOS.platform/Developer/SDKs/AppleTVOS.sdk
[2017-10-04 14:56:18.410][debug][command:null][tid:01][com.facebook.buck.apple.AppleSdkDiscovery] Found SDK AppleSdk{name=appletvos11.0, version=11.0, applePlatform=ApplePlatform{name=appletvos, provisioningProfileName=tvOS, architectures=[arm64], minVersionFlagPrefix=-mtvos-version-min=, appIncludesFrameworks=false}, architectures=[arm64], toolchains=[AppleToolchain{identifier=com.apple.dt.toolchain.XcodeDefault, path=/Applications/Xcode.app/Contents/Developer/Toolchains/XcodeDefault.xctoolchain}]}
[2017-10-04 14:56:18.412][debug][command:null][tid:01][com.facebook.buck.apple.AppleSdkDiscovery] Fetching SDK name for /Applications/Xcode.app/Contents/Developer/Platforms/AppleTVOS.platform/Developer/SDKs/AppleTVOS11.0.sdk
[2017-10-04 14:56:18.413][debug][command:null][tid:01][com.facebook.buck.apple.AppleSdkDiscovery] Skipping already scanned SDK directory /Applications/Xcode.app/Contents/Developer/Platforms/AppleTVOS.platform/Developer/SDKs/AppleTVOS.sdk
[2017-10-04 14:56:18.413][debug][command:null][tid:01][com.facebook.buck.apple.AppleSdkDiscovery] Fetching SDK name for /Applications/Xcode.app/Contents/Developer/Platforms/AppleTVSimulator.platform/Developer/SDKs/AppleTVSimulator.sdk
[2017-10-04 14:56:18.413][debug][command:null][tid:01][com.facebook.buck.apple.AppleSdkDiscovery] Found SDK AppleSdk{name=appletvsimulator11.0, version=11.0, applePlatform=ApplePlatform{name=appletvsimulator, swiftName=tvos, architectures=[x86_64], minVersionFlagPrefix=-mtvos-simulator-version-min=, appIncludesFrameworks=false}, architectures=[x86_64], toolchains=[AppleToolchain{identifier=com.apple.dt.toolchain.XcodeDefault, path=/Applications/Xcode.app/Contents/Developer/Toolchains/XcodeDefault.xctoolchain}]}
[2017-10-04 14:56:18.414][debug][command:null][tid:01][com.facebook.buck.apple.AppleSdkDiscovery] Fetching SDK name for /Applications/Xcode.app/Contents/Developer/Platforms/AppleTVSimulator.platform/Developer/SDKs/AppleTVSimulator11.0.sdk
[2017-10-04 14:56:18.414][debug][command:null][tid:01][com.facebook.buck.apple.AppleSdkDiscovery] Skipping already scanned SDK directory /Applications/Xcode.app/Contents/Developer/Platforms/AppleTVSimulator.platform/Developer/SDKs/AppleTVSimulator.sdk
[2017-10-04 14:56:18.414][debug][command:null][tid:01][com.facebook.buck.apple.AppleSdkDiscovery] Fetching SDK name for /Applications/Xcode.app/Contents/Developer/Platforms/iPhoneOS.platform/Developer/SDKs/iPhoneOS.sdk
[2017-10-04 14:56:18.415][debug][command:null][tid:01][com.facebook.buck.apple.AppleSdkDiscovery] Found SDK AppleSdk{name=iphoneos11.0, version=11.0, applePlatform=ApplePlatform{name=iphoneos, swiftName=ios, provisioningProfileName=iOS, architectures=[armv7, arm64], minVersionFlagPrefix=-mios-version-min=, stubBinaryPath=Library/Application Support/WatchKit/WK, appIncludesFrameworks=false}, architectures=[armv7, arm64], toolchains=[AppleToolchain{identifier=com.apple.dt.toolchain.XcodeDefault, path=/Applications/Xcode.app/Contents/Developer/Toolchains/XcodeDefault.xctoolchain}]}
[2017-10-04 14:56:18.415][debug][command:null][tid:01][com.facebook.buck.apple.AppleSdkDiscovery] Fetching SDK name for /Applications/Xcode.app/Contents/Developer/Platforms/iPhoneOS.platform/Developer/SDKs/iPhoneOS11.0.sdk
[2017-10-04 14:56:18.415][debug][command:null][tid:01][com.facebook.buck.apple.AppleSdkDiscovery] Skipping already scanned SDK directory /Applications/Xcode.app/Contents/Developer/Platforms/iPhoneOS.platform/Developer/SDKs/iPhoneOS.sdk
[2017-10-04 14:56:18.416][debug][command:null][tid:01][com.facebook.buck.apple.AppleSdkDiscovery] Fetching SDK name for /Applications/Xcode.app/Contents/Developer/Platforms/iPhoneSimulator.platform/Developer/SDKs/iPhoneSimulator.sdk
[2017-10-04 14:56:18.416][debug][command:null][tid:01][com.facebook.buck.apple.AppleSdkDiscovery] Found SDK AppleSdk{name=iphonesimulator11.0, version=11.0, applePlatform=ApplePlatform{name=iphonesimulator, swiftName=ios, architectures=[i386, x86_64], minVersionFlagPrefix=-mios-simulator-version-min=, stubBinaryPath=Library/Application Support/WatchKit/WK, appIncludesFrameworks=false}, architectures=[i386, x86_64], toolchains=[AppleToolchain{identifier=com.apple.dt.toolchain.XcodeDefault, path=/Applications/Xcode.app/Contents/Developer/Toolchains/XcodeDefault.xctoolchain}]}
[2017-10-04 14:56:18.417][debug][command:null][tid:01][com.facebook.buck.apple.AppleSdkDiscovery] Fetching SDK name for /Applications/Xcode.app/Contents/Developer/Platforms/iPhoneSimulator.platform/Developer/SDKs/iPhoneSimulator11.0.sdk
[2017-10-04 14:56:18.417][debug][command:null][tid:01][com.facebook.buck.apple.AppleSdkDiscovery] Skipping already scanned SDK directory /Applications/Xcode.app/Contents/Developer/Platforms/iPhoneSimulator.platform/Developer/SDKs/iPhoneSimulator.sdk
[2017-10-04 14:56:18.417][debug][command:null][tid:01][com.facebook.buck.apple.AppleSdkDiscovery] Fetching SDK name for /Applications/Xcode.app/Contents/Developer/Platforms/MacOSX.platform/Developer/SDKs/MacOSX.sdk
[2017-10-04 14:56:18.443][debug][command:null][tid:01][com.facebook.buck.apple.AppleSdkDiscovery] Found SDK AppleSdk{name=macosx10.13, version=10.13, applePlatform=ApplePlatform{name=macosx, architectures=[i386, x86_64], minVersionFlagPrefix=-mmacosx-version-min=, appIncludesFrameworks=true}, architectures=[i386, x86_64], toolchains=[AppleToolchain{identifier=com.apple.dt.toolchain.XcodeDefault, path=/Applications/Xcode.app/Contents/Developer/Toolchains/XcodeDefault.xctoolchain}]}
[2017-10-04 14:56:18.444][debug][command:null][tid:01][com.facebook.buck.apple.AppleSdkDiscovery] Fetching SDK name for /Applications/Xcode.app/Contents/Developer/Platforms/MacOSX.platform/Developer/SDKs/MacOSX10.13.sdk
[2017-10-04 14:56:18.444][debug][command:null][tid:01][com.facebook.buck.apple.AppleSdkDiscovery] Skipping already scanned SDK directory /Applications/Xcode.app/Contents/Developer/Platforms/MacOSX.platform/Developer/SDKs/MacOSX.sdk
[2017-10-04 14:56:18.444][debug][command:null][tid:01][com.facebook.buck.apple.AppleSdkDiscovery] Fetching SDK name for /Applications/Xcode.app/Contents/Developer/Platforms/WatchOS.platform/Developer/SDKs/WatchOS.sdk
[2017-10-04 14:56:18.445][debug][command:null][tid:01][com.facebook.buck.apple.AppleSdkDiscovery] Found SDK AppleSdk{name=watchos4.0, version=4.0, applePlatform=ApplePlatform{name=watchos, provisioningProfileName=iOS, architectures=[armv7k], minVersionFlagPrefix=-mwatchos-version-min=, stubBinaryPath=Library/Application Support/WatchKit/WK, appIncludesFrameworks=false}, architectures=[armv7k], toolchains=[AppleToolchain{identifier=com.apple.dt.toolchain.XcodeDefault, path=/Applications/Xcode.app/Contents/Developer/Toolchains/XcodeDefault.xctoolchain}]}
[2017-10-04 14:56:18.445][debug][command:null][tid:01][com.facebook.buck.apple.AppleSdkDiscovery] Fetching SDK name for /Applications/Xcode.app/Contents/Developer/Platforms/WatchOS.platform/Developer/SDKs/WatchOS4.0.sdk
[2017-10-04 14:56:18.445][debug][command:null][tid:01][com.facebook.buck.apple.AppleSdkDiscovery] Skipping already scanned SDK directory /Applications/Xcode.app/Contents/Developer/Platforms/WatchOS.platform/Developer/SDKs/WatchOS.sdk
[2017-10-04 14:56:18.445][debug][command:null][tid:01][com.facebook.buck.apple.AppleSdkDiscovery] Fetching SDK name for /Applications/Xcode.app/Contents/Developer/Platforms/WatchSimulator.platform/Developer/SDKs/WatchSimulator.sdk
[2017-10-04 14:56:18.446][debug][command:null][tid:01][com.facebook.buck.apple.AppleSdkDiscovery] Found SDK AppleSdk{name=watchsimulator4.0, version=4.0, applePlatform=ApplePlatform{name=watchsimulator, architectures=[i386], minVersionFlagPrefix=-mwatchos-simulator-version-min=, stubBinaryPath=Library/Application Support/WatchKit/WK, appIncludesFrameworks=false}, architectures=[i386], toolchains=[AppleToolchain{identifier=com.apple.dt.toolchain.XcodeDefault, path=/Applications/Xcode.app/Contents/Developer/Toolchains/XcodeDefault.xctoolchain}]}
[2017-10-04 14:56:18.446][debug][command:null][tid:01][com.facebook.buck.apple.AppleSdkDiscovery] Fetching SDK name for /Applications/Xcode.app/Contents/Developer/Platforms/WatchSimulator.platform/Developer/SDKs/WatchSimulator4.0.sdk
[2017-10-04 14:56:18.446][debug][command:null][tid:01][com.facebook.buck.apple.AppleSdkDiscovery] Skipping already scanned SDK directory /Applications/Xcode.app/Contents/Developer/Platforms/WatchSimulator.platform/Developer/SDKs/WatchSimulator.sdk
[2017-10-04 14:56:18.456][debug][command:null][tid:01][com.facebook.buck.cli.Main] Not using Watchman, context present: false, glob handler: PYTHON
[2017-10-04 14:56:18.569][debug][command:dd68371b-36a8-4379-9b47-824f3d0650b2][tid:01][com.facebook.buck.event.listener.SuperConsoleEventBusListener] Starting render scheduler (interval 100 ms)
[2017-10-04 14:56:18.637][debug][command:dd68371b-36a8-4379-9b47-824f3d0650b2][tid:01][com.google.common.util.concurrent.ServiceManager] Starting PerfStatsTracking [RUNNING].
[2017-10-04 14:56:18.637][debug][command:dd68371b-36a8-4379-9b47-824f3d0650b2][tid:01][com.google.common.util.concurrent.ServiceManager] Started PerfStatsTracking [RUNNING] in 377.1 μs.
[2017-10-04 14:56:18.641][debug][command:dd68371b-36a8-4379-9b47-824f3d0650b2][tid:01][com.google.common.util.concurrent.ServiceManager] Starting ProcessTracker [STARTING].
[2017-10-04 14:56:18.641][debug][command:null][tid:21][com.facebook.buck.util.perf.ProcessTracker] startUp
[2017-10-04 14:56:18.641][debug][command:dd68371b-36a8-4379-9b47-824f3d0650b2][tid:01][com.facebook.buck.cli.Main] InvocationInfo BuildId=[dd68371b-36a8-4379-9b47-824f3d0650b2] Args=[project, //Apps/BuckSwiftDemo:BuckSwiftDemo, --ide, xcode]
[2017-10-04 14:56:18.669][debug][command:dd68371b-36a8-4379-9b47-824f3d0650b2][tid:01][com.facebook.buck.util.environment.MacWifiSsidFinder] Getting current SSID..
[2017-10-04 14:56:18.755][debug][command:dd68371b-36a8-4379-9b47-824f3d0650b2][tid:01][com.facebook.buck.util.environment.MacWifiSsidFinder] Getting SSID from Wi-Fi interface: <CWInterface: 0x7ff68e527440> [interfaceName=en0]
[2017-10-04 14:56:18.757][debug][command:dd68371b-36a8-4379-9b47-824f3d0650b2][tid:01][com.facebook.buck.util.environment.MacWifiSsidFinder] Found SSID: SciFi
[2017-10-04 14:56:18.781][debug][command:null][tid:21][com.google.common.util.concurrent.ServiceManager] Started ProcessTracker [RUNNING] in 140.1 ms.
[2017-10-04 14:56:19.446][debug][command:dd68371b-36a8-4379-9b47-824f3d0650b2][tid:01][com.facebook.buck.cli.Main] new Buck daemon
[2017-10-04 14:56:19.446][warn ][command:null][tid:24][com.facebook.buck.event.listener.PublicAnnouncementManager] Failed to get public announcements. Reason: Failed to establish connection to server.
[2017-10-04 14:56:19.468][info ][command:null][tid:26][com.facebook.buck.util.versioncontrol.VersionControlStatsGenerator] Starting generation of version control stats.
[2017-10-04 14:56:19.477][debug][command:null][tid:26][com.facebook.buck.util.versioncontrol.VersionControlCmdLineInterface] Executing command: hg log -l 1 --template {node|short}
[2017-10-04 14:56:19.484][warn ][command:null][tid:26][com.facebook.buck.util.versioncontrol.DelegatingVersionControlCmdLineInterface] Mercurial is the only VCS supported for VCS stats generation, however current project (which has enabled VCS stats generation in its .buckconfig) does not appear to be a Mercurial repository: 
com.facebook.buck.util.versioncontrol.VersionControlCommandFailedException: java.io.IOException: Cannot run program "hg" (in directory "/Users/kieranlafferty/Desktop/BuckTest"): error=2, No such file or directory
[2017-10-04 14:56:19.484][debug][command:null][tid:26][com.facebook.buck.util.versioncontrol.DelegatingVersionControlCmdLineInterface] Using NoOpCmdLineInterface.
[2017-10-04 14:56:19.486][warn ][command:null][tid:26][com.facebook.buck.util.versioncontrol.VersionControlStatsGenerator] Skipping generation of version control stats as unsupported repository type.
[2017-10-04 14:56:19.492][debug][command:null][tid:26][com.facebook.buck.util.environment.MacNetworkConfiguration] Determine network service order and extract device names
[2017-10-04 14:56:19.517][debug][command:null][tid:26][com.facebook.buck.util.ListeningProcessExecutor] Launching process with params ProcessExecutorParams{command=[networksetup, -listnetworkserviceorder, ]}
[2017-10-04 14:56:19.579][debug][command:null][tid:26][com.facebook.buck.util.ListeningProcessExecutor] Successfully launched process com.zaxxer.nuprocess.osx.OsxProcess@4a8086e7
[2017-10-04 14:56:19.582][debug][command:null][tid:26][com.facebook.buck.util.ListeningProcessExecutor] Waiting for process com.facebook.buck.util.ListeningProcessExecutor$LaunchedProcessImpl@6e99ffc8 timeout 1000 MILLISECONDS
[2017-10-04 14:56:19.646][debug][command:null][tid:26][com.facebook.buck.util.ListeningProcessExecutor] Wait for process returned 0
[2017-10-04 14:56:19.646][debug][command:null][tid:26][com.facebook.buck.util.ListeningProcessExecutor] Destroying process com.facebook.buck.util.ListeningProcessExecutor$LaunchedProcessImpl@6e99ffc8 (force true)
[2017-10-04 14:56:19.647][debug][command:null][tid:26][com.facebook.buck.util.environment.MacNetworkConfiguration] Determine active state of media for device
[2017-10-04 14:56:19.647][debug][command:null][tid:26][com.facebook.buck.util.ListeningProcessExecutor] Launching process with params ProcessExecutorParams{command=[networksetup, -getMedia, usbmodem14110]}
[2017-10-04 14:56:19.650][debug][command:null][tid:26][com.facebook.buck.util.ListeningProcessExecutor] Successfully launched process com.zaxxer.nuprocess.osx.OsxProcess@2060eb42
[2017-10-04 14:56:19.652][debug][command:null][tid:26][com.facebook.buck.util.ListeningProcessExecutor] Waiting for process com.facebook.buck.util.ListeningProcessExecutor$LaunchedProcessImpl@5a7909e2 timeout 1000 MILLISECONDS
[2017-10-04 14:56:19.665][debug][command:dd68371b-36a8-4379-9b47-824f3d0650b2][tid:01][com.facebook.buck.apple.project_generator.XCodeProjectCommandHelper] Xcode project generation: Getting the target graph
[2017-10-04 14:56:19.685][debug][command:null][tid:26][com.facebook.buck.util.ListeningProcessExecutor] Wait for process returned 4
[2017-10-04 14:56:19.685][debug][command:null][tid:26][com.facebook.buck.util.ListeningProcessExecutor] Destroying process com.facebook.buck.util.ListeningProcessExecutor$LaunchedProcessImpl@5a7909e2 (force true)
[2017-10-04 14:56:19.685][debug][command:null][tid:26][com.facebook.buck.util.environment.MacNetworkConfiguration] Determine active state of media for device
[2017-10-04 14:56:19.686][debug][command:null][tid:26][com.facebook.buck.util.ListeningProcessExecutor] Launching process with params ProcessExecutorParams{command=[networksetup, -getMedia, lpss-serial1]}
[2017-10-04 14:56:19.688][debug][command:null][tid:26][com.facebook.buck.util.ListeningProcessExecutor] Successfully launched process com.zaxxer.nuprocess.osx.OsxProcess@149ef367
[2017-10-04 14:56:19.690][debug][command:null][tid:26][com.facebook.buck.util.ListeningProcessExecutor] Waiting for process com.facebook.buck.util.ListeningProcessExecutor$LaunchedProcessImpl@35d83983 timeout 1000 MILLISECONDS
[2017-10-04 14:56:19.728][debug][command:null][tid:26][com.facebook.buck.util.ListeningProcessExecutor] Wait for process returned 4
[2017-10-04 14:56:19.729][debug][command:null][tid:26][com.facebook.buck.util.ListeningProcessExecutor] Destroying process com.facebook.buck.util.ListeningProcessExecutor$LaunchedProcessImpl@35d83983 (force true)
[2017-10-04 14:56:19.729][debug][command:null][tid:26][com.facebook.buck.util.environment.MacNetworkConfiguration] Determine active state of media for device
[2017-10-04 14:56:19.729][debug][command:null][tid:26][com.facebook.buck.util.ListeningProcessExecutor] Launching process with params ProcessExecutorParams{command=[networksetup, -getMedia, lpss-serial2]}
[2017-10-04 14:56:19.732][debug][command:null][tid:26][com.facebook.buck.util.ListeningProcessExecutor] Successfully launched process com.zaxxer.nuprocess.osx.OsxProcess@1245ee81
[2017-10-04 14:56:19.733][debug][command:null][tid:26][com.facebook.buck.util.ListeningProcessExecutor] Waiting for process com.facebook.buck.util.ListeningProcessExecutor$LaunchedProcessImpl@e1c332 timeout 1000 MILLISECONDS
[2017-10-04 14:56:19.774][debug][command:null][tid:26][com.facebook.buck.util.ListeningProcessExecutor] Wait for process returned 4
[2017-10-04 14:56:19.774][debug][command:null][tid:26][com.facebook.buck.util.ListeningProcessExecutor] Destroying process com.facebook.buck.util.ListeningProcessExecutor$LaunchedProcessImpl@e1c332 (force true)
[2017-10-04 14:56:19.774][debug][command:null][tid:26][com.facebook.buck.util.environment.MacNetworkConfiguration] Determine active state of media for device
[2017-10-04 14:56:19.774][debug][command:null][tid:26][com.facebook.buck.util.ListeningProcessExecutor] Launching process with params ProcessExecutorParams{command=[networksetup, -getMedia, en8]}
[2017-10-04 14:56:19.776][debug][command:null][tid:26][com.facebook.buck.util.ListeningProcessExecutor] Successfully launched process com.zaxxer.nuprocess.osx.OsxProcess@63871d82
[2017-10-04 14:56:19.779][debug][command:null][tid:26][com.facebook.buck.util.ListeningProcessExecutor] Waiting for process com.facebook.buck.util.ListeningProcessExecutor$LaunchedProcessImpl@17e73450 timeout 1000 MILLISECONDS
[2017-10-04 14:56:19.783][debug][command:dd68371b-36a8-4379-9b47-824f3d0650b2][tid:01][com.facebook.buck.parser.DaemonicParserState] Starting to invalidate caches for /Users/kieranlafferty/Desktop/BuckTest..
[2017-10-04 14:56:19.784][debug][command:dd68371b-36a8-4379-9b47-824f3d0650b2][tid:01][com.facebook.buck.parser.DaemonicParserState] Cell caches were empty, no data invalidated.
[2017-10-04 14:56:19.818][debug][command:dd68371b-36a8-4379-9b47-824f3d0650b2][tid:32][com.facebook.buck.io.ExecutableFinder] Executable 'python2' mapped to 'Optional.empty'
[2017-10-04 14:56:19.820][debug][command:dd68371b-36a8-4379-9b47-824f3d0650b2][tid:32][com.facebook.buck.io.ExecutableFinder] Executable 'python' mapped to 'Optional[/usr/bin/python]'
[2017-10-04 14:56:19.821][debug][command:null][tid:26][com.facebook.buck.util.ListeningProcessExecutor] Wait for process returned 4
[2017-10-04 14:56:19.822][debug][command:null][tid:26][com.facebook.buck.util.ListeningProcessExecutor] Destroying process com.facebook.buck.util.ListeningProcessExecutor$LaunchedProcessImpl@17e73450 (force true)
[2017-10-04 14:56:19.822][debug][command:null][tid:26][com.facebook.buck.util.environment.MacNetworkConfiguration] Determine active state of media for device
[2017-10-04 14:56:19.822][debug][command:null][tid:26][com.facebook.buck.util.ListeningProcessExecutor] Launching process with params ProcessExecutorParams{command=[networksetup, -getMedia, en9]}
[2017-10-04 14:56:19.824][debug][command:null][tid:26][com.facebook.buck.util.ListeningProcessExecutor] Successfully launched process com.zaxxer.nuprocess.osx.OsxProcess@2aebf1cb
[2017-10-04 14:56:19.826][debug][command:null][tid:26][com.facebook.buck.util.ListeningProcessExecutor] Waiting for process com.facebook.buck.util.ListeningProcessExecutor$LaunchedProcessImpl@249d4ff7 timeout 1000 MILLISECONDS
[2017-10-04 14:56:19.857][debug][command:dd68371b-36a8-4379-9b47-824f3d0650b2][tid:32][com.facebook.buck.apple.AppleCxxPlatforms] SDK AppleSdk{name=appletvos11.0, version=11.0, applePlatform=ApplePlatform{name=appletvos, provisioningProfileName=tvOS, architectures=[arm64], minVersionFlagPrefix=-mtvos-version-min=, appIncludesFrameworks=false}, architectures=[arm64], toolchains=[AppleToolchain{identifier=com.apple.dt.toolchain.XcodeDefault, path=/Applications/Xcode.app/Contents/Developer/Toolchains/XcodeDefault.xctoolchain}]} using default version 11.0
[2017-10-04 14:56:19.862][debug][command:null][tid:26][com.facebook.buck.util.ListeningProcessExecutor] Wait for process returned 4
[2017-10-04 14:56:19.862][debug][command:null][tid:26][com.facebook.buck.util.ListeningProcessExecutor] Destroying process com.facebook.buck.util.ListeningProcessExecutor$LaunchedProcessImpl@249d4ff7 (force true)
[2017-10-04 14:56:19.862][debug][command:null][tid:26][com.facebook.buck.util.environment.MacNetworkConfiguration] Determine active state of media for device
[2017-10-04 14:56:19.862][debug][command:null][tid:26][com.facebook.buck.util.ListeningProcessExecutor] Launching process with params ProcessExecutorParams{command=[networksetup, -getMedia, en12]}
[2017-10-04 14:56:19.864][debug][command:null][tid:26][com.facebook.buck.util.ListeningProcessExecutor] Successfully launched process com.zaxxer.nuprocess.osx.OsxProcess@7f2d2deb
[2017-10-04 14:56:19.866][debug][command:null][tid:26][com.facebook.buck.util.ListeningProcessExecutor] Waiting for process com.facebook.buck.util.ListeningProcessExecutor$LaunchedProcessImpl@245605b0 timeout 1000 MILLISECONDS
[2017-10-04 14:56:19.868][debug][command:dd68371b-36a8-4379-9b47-824f3d0650b2][tid:32][com.facebook.buck.apple.AppleCxxPlatforms] Xcode build version is: 9A235
[2017-10-04 14:56:19.908][debug][command:dd68371b-36a8-4379-9b47-824f3d0650b2][tid:32][com.facebook.buck.apple.AppleCxxPlatforms] Apple toolchain path: /Applications/Xcode.app/Contents/Developer/Toolchains/XcodeDefault.xctoolchain
[2017-10-04 14:56:19.908][debug][command:null][tid:26][com.facebook.buck.util.ListeningProcessExecutor] Wait for process returned 4
[2017-10-04 14:56:19.908][debug][command:null][tid:26][com.facebook.buck.util.ListeningProcessExecutor] Destroying process com.facebook.buck.util.ListeningProcessExecutor$LaunchedProcessImpl@245605b0 (force true)
[2017-10-04 14:56:19.908][debug][command:null][tid:26][com.facebook.buck.util.environment.MacNetworkConfiguration] Determine active state of media for device
[2017-10-04 14:56:19.908][debug][command:null][tid:26][com.facebook.buck.util.ListeningProcessExecutor] Launching process with params ProcessExecutorParams{command=[networksetup, -getMedia, en10]}
[2017-10-04 14:56:19.912][debug][command:null][tid:26][com.facebook.buck.util.ListeningProcessExecutor] Successfully launched process com.zaxxer.nuprocess.osx.OsxProcess@6a7a043a
[2017-10-04 14:56:19.914][debug][command:null][tid:26][com.facebook.buck.util.ListeningProcessExecutor] Waiting for process com.facebook.buck.util.ListeningProcessExecutor$LaunchedProcessImpl@7cae3eeb timeout 1000 MILLISECONDS
[2017-10-04 14:56:19.916][debug][command:dd68371b-36a8-4379-9b47-824f3d0650b2][tid:32][com.facebook.buck.apple.AppleCxxPlatforms] Headers verification platform whitelist: [^\Q/Applications/Xcode.app/Contents/Developer/Platforms/AppleTVOS.platform/Developer/Library/Frameworks\E\/.*, ^\Q/Applications/Xcode.app/Contents/Developer/Platforms/AppleTVOS.platform/Developer/SDKs/AppleTVOS.sdk\E\/.*, ^\Q/Applications/Xcode.app/Contents/Developer/Toolchains/XcodeDefault.xctoolchain\E\/.*]
[2017-10-04 14:56:19.953][debug][command:null][tid:26][com.facebook.buck.util.ListeningProcessExecutor] Wait for process returned 4
[2017-10-04 14:56:19.953][debug][command:null][tid:26][com.facebook.buck.util.ListeningProcessExecutor] Destroying process com.facebook.buck.util.ListeningProcessExecutor$LaunchedProcessImpl@7cae3eeb (force true)
[2017-10-04 14:56:19.954][debug][command:null][tid:26][com.facebook.buck.util.environment.MacNetworkConfiguration] Determine active state of media for device
[2017-10-04 14:56:19.954][debug][command:null][tid:26][com.facebook.buck.util.ListeningProcessExecutor] Launching process with params ProcessExecutorParams{command=[networksetup, -getMedia, fw0]}
[2017-10-04 14:56:19.955][debug][command:null][tid:26][com.facebook.buck.util.ListeningProcessExecutor] Successfully launched process com.zaxxer.nuprocess.osx.OsxProcess@1b106b07
[2017-10-04 14:56:19.957][debug][command:null][tid:26][com.facebook.buck.util.ListeningProcessExecutor] Waiting for process com.facebook.buck.util.ListeningProcessExecutor$LaunchedProcessImpl@f7f8650 timeout 1000 MILLISECONDS
[2017-10-04 14:56:19.958][debug][command:dd68371b-36a8-4379-9b47-824f3d0650b2][tid:32][com.facebook.buck.apple.AppleCxxPlatforms] SDK AppleSdk{name=appletvsimulator11.0, version=11.0, applePlatform=ApplePlatform{name=appletvsimulator, swiftName=tvos, architectures=[x86_64], minVersionFlagPrefix=-mtvos-simulator-version-min=, appIncludesFrameworks=false}, architectures=[x86_64], toolchains=[AppleToolchain{identifier=com.apple.dt.toolchain.XcodeDefault, path=/Applications/Xcode.app/Contents/Developer/Toolchains/XcodeDefault.xctoolchain}]} using default version 11.0
[2017-10-04 14:56:19.959][debug][command:dd68371b-36a8-4379-9b47-824f3d0650b2][tid:32][com.facebook.buck.apple.AppleCxxPlatforms] Xcode build version is: 9A235
[2017-10-04 14:56:19.963][warn ][command:dd68371b-36a8-4379-9b47-824f3d0650b2][tid:32][com.facebook.buck.apple.AppleCxxPlatforms] /Applications/Xcode.app/Contents/Developer/Platforms/AppleTVSimulator.platform/version.plist does not exist. Build version will be unset for this platform.
[2017-10-04 14:56:19.963][debug][command:dd68371b-36a8-4379-9b47-824f3d0650b2][tid:32][com.facebook.buck.apple.AppleCxxPlatforms] Apple toolchain path: /Applications/Xcode.app/Contents/Developer/Toolchains/XcodeDefault.xctoolchain
[2017-10-04 14:56:19.963][debug][command:dd68371b-36a8-4379-9b47-824f3d0650b2][tid:32][com.facebook.buck.apple.AppleCxxPlatforms] Headers verification platform whitelist: [^\Q/Applications/Xcode.app/Contents/Developer/Platforms/AppleTVSimulator.platform/Developer/Library/Frameworks\E\/.*, ^\Q/Applications/Xcode.app/Contents/Developer/Platforms/AppleTVSimulator.platform/Developer/SDKs/AppleTVSimulator.sdk\E\/.*, ^\Q/Applications/Xcode.app/Contents/Developer/Toolchains/XcodeDefault.xctoolchain\E\/.*]
[2017-10-04 14:56:19.965][debug][command:dd68371b-36a8-4379-9b47-824f3d0650b2][tid:32][com.facebook.buck.apple.AppleCxxPlatforms] SDK AppleSdk{name=iphoneos11.0, version=11.0, applePlatform=ApplePlatform{name=iphoneos, swiftName=ios, provisioningProfileName=iOS, architectures=[armv7, arm64], minVersionFlagPrefix=-mios-version-min=, stubBinaryPath=Library/Application Support/WatchKit/WK, appIncludesFrameworks=false}, architectures=[armv7, arm64], toolchains=[AppleToolchain{identifier=com.apple.dt.toolchain.XcodeDefault, path=/Applications/Xcode.app/Contents/Developer/Toolchains/XcodeDefault.xctoolchain}]} using default version 10.0
[2017-10-04 14:56:19.966][debug][command:dd68371b-36a8-4379-9b47-824f3d0650b2][tid:32][com.facebook.buck.apple.AppleCxxPlatforms] Xcode build version is: 9A235
[2017-10-04 14:56:19.972][debug][command:dd68371b-36a8-4379-9b47-824f3d0650b2][tid:32][com.facebook.buck.apple.AppleCxxPlatforms] Apple toolchain path: /Applications/Xcode.app/Contents/Developer/Toolchains/XcodeDefault.xctoolchain
[2017-10-04 14:56:19.972][debug][command:dd68371b-36a8-4379-9b47-824f3d0650b2][tid:32][com.facebook.buck.apple.AppleCxxPlatforms] Headers verification platform whitelist: [^\Q/Applications/Xcode.app/Contents/Developer/Platforms/iPhoneOS.platform/Developer/Library/Frameworks\E\/.*, ^\Q/Applications/Xcode.app/Contents/Developer/Platforms/iPhoneOS.platform/Developer/SDKs/iPhoneOS.sdk\E\/.*, ^\Q/Applications/Xcode.app/Contents/Developer/Toolchains/XcodeDefault.xctoolchain\E\/.*]
[2017-10-04 14:56:19.975][debug][command:dd68371b-36a8-4379-9b47-824f3d0650b2][tid:32][com.facebook.buck.apple.AppleCxxPlatforms] Xcode build version is: 9A235
[2017-10-04 14:56:19.979][debug][command:dd68371b-36a8-4379-9b47-824f3d0650b2][tid:32][com.facebook.buck.apple.AppleCxxPlatforms] Apple toolchain path: /Applications/Xcode.app/Contents/Developer/Toolchains/XcodeDefault.xctoolchain
[2017-10-04 14:56:19.980][debug][command:dd68371b-36a8-4379-9b47-824f3d0650b2][tid:32][com.facebook.buck.apple.AppleCxxPlatforms] Headers verification platform whitelist: [^\Q/Applications/Xcode.app/Contents/Developer/Platforms/iPhoneOS.platform/Developer/Library/Frameworks\E\/.*, ^\Q/Applications/Xcode.app/Contents/Developer/Platforms/iPhoneOS.platform/Developer/SDKs/iPhoneOS.sdk\E\/.*, ^\Q/Applications/Xcode.app/Contents/Developer/Toolchains/XcodeDefault.xctoolchain\E\/.*]
[2017-10-04 14:56:19.982][debug][command:dd68371b-36a8-4379-9b47-824f3d0650b2][tid:32][com.facebook.buck.apple.AppleCxxPlatforms] SDK AppleSdk{name=iphonesimulator11.0, version=11.0, applePlatform=ApplePlatform{name=iphonesimulator, swiftName=ios, architectures=[i386, x86_64], minVersionFlagPrefix=-mios-simulator-version-min=, stubBinaryPath=Library/Application Support/WatchKit/WK, appIncludesFrameworks=false}, architectures=[i386, x86_64], toolchains=[AppleToolchain{identifier=com.apple.dt.toolchain.XcodeDefault, path=/Applications/Xcode.app/Contents/Developer/Toolchains/XcodeDefault.xctoolchain}]} using default version 10.0
[2017-10-04 14:56:19.983][debug][command:dd68371b-36a8-4379-9b47-824f3d0650b2][tid:32][com.facebook.buck.apple.AppleCxxPlatforms] Xcode build version is: 9A235
[2017-10-04 14:56:19.988][warn ][command:dd68371b-36a8-4379-9b47-824f3d0650b2][tid:32][com.facebook.buck.apple.AppleCxxPlatforms] /Applications/Xcode.app/Contents/Developer/Platforms/iPhoneSimulator.platform/version.plist does not exist. Build version will be unset for this platform.
[2017-10-04 14:56:19.988][debug][command:dd68371b-36a8-4379-9b47-824f3d0650b2][tid:32][com.facebook.buck.apple.AppleCxxPlatforms] Apple toolchain path: /Applications/Xcode.app/Contents/Developer/Toolchains/XcodeDefault.xctoolchain
[2017-10-04 14:56:19.989][debug][command:dd68371b-36a8-4379-9b47-824f3d0650b2][tid:32][com.facebook.buck.apple.AppleCxxPlatforms] Headers verification platform whitelist: [^\Q/Applications/Xcode.app/Contents/Developer/Platforms/iPhoneSimulator.platform/Developer/Library/Frameworks\E\/.*, ^\Q/Applications/Xcode.app/Contents/Developer/Platforms/iPhoneSimulator.platform/Developer/SDKs/iPhoneSimulator.sdk\E\/.*, ^\Q/Applications/Xcode.app/Contents/Developer/Toolchains/XcodeDefault.xctoolchain\E\/.*]
[2017-10-04 14:56:19.992][debug][command:dd68371b-36a8-4379-9b47-824f3d0650b2][tid:32][com.facebook.buck.apple.AppleCxxPlatforms] Xcode build version is: 9A235
[2017-10-04 14:56:19.994][warn ][command:dd68371b-36a8-4379-9b47-824f3d0650b2][tid:32][com.facebook.buck.apple.AppleCxxPlatforms] /Applications/Xcode.app/Contents/Developer/Platforms/iPhoneSimulator.platform/version.plist does not exist. Build version will be unset for this platform.
[2017-10-04 14:56:19.995][debug][command:dd68371b-36a8-4379-9b47-824f3d0650b2][tid:32][com.facebook.buck.apple.AppleCxxPlatforms] Apple toolchain path: /Applications/Xcode.app/Contents/Developer/Toolchains/XcodeDefault.xctoolchain
[2017-10-04 14:56:19.995][debug][command:dd68371b-36a8-4379-9b47-824f3d0650b2][tid:32][com.facebook.buck.apple.AppleCxxPlatforms] Headers verification platform whitelist: [^\Q/Applications/Xcode.app/Contents/Developer/Platforms/iPhoneSimulator.platform/Developer/Library/Frameworks\E\/.*, ^\Q/Applications/Xcode.app/Contents/Developer/Platforms/iPhoneSimulator.platform/Developer/SDKs/iPhoneSimulator.sdk\E\/.*, ^\Q/Applications/Xcode.app/Contents/Developer/Toolchains/XcodeDefault.xctoolchain\E\/.*]
[2017-10-04 14:56:19.997][debug][command:null][tid:26][com.facebook.buck.util.ListeningProcessExecutor] Wait for process returned 4
[2017-10-04 14:56:19.997][debug][command:null][tid:26][com.facebook.buck.util.ListeningProcessExecutor] Destroying process com.facebook.buck.util.ListeningProcessExecutor$LaunchedProcessImpl@f7f8650 (force true)
[2017-10-04 14:56:19.997][debug][command:null][tid:26][com.facebook.buck.util.environment.MacNetworkConfiguration] Determine active state of media for device
[2017-10-04 14:56:19.997][debug][command:dd68371b-36a8-4379-9b47-824f3d0650b2][tid:32][com.facebook.buck.apple.AppleCxxPlatforms] SDK AppleSdk{name=macosx10.13, version=10.13, applePlatform=ApplePlatform{name=macosx, architectures=[i386, x86_64], minVersionFlagPrefix=-mmacosx-version-min=, appIncludesFrameworks=true}, architectures=[i386, x86_64], toolchains=[AppleToolchain{identifier=com.apple.dt.toolchain.XcodeDefault, path=/Applications/Xcode.app/Contents/Developer/Toolchains/XcodeDefault.xctoolchain}]} using default version 10.13
[2017-10-04 14:56:19.997][debug][command:null][tid:26][com.facebook.buck.util.ListeningProcessExecutor] Launching process with params ProcessExecutorParams{command=[networksetup, -getMedia, en0]}
[2017-10-04 14:56:19.999][debug][command:dd68371b-36a8-4379-9b47-824f3d0650b2][tid:32][com.facebook.buck.apple.AppleCxxPlatforms] Xcode build version is: 9A235
[2017-10-04 14:56:19.999][debug][command:null][tid:26][com.facebook.buck.util.ListeningProcessExecutor] Successfully launched process com.zaxxer.nuprocess.osx.OsxProcess@359e1851
[2017-10-04 14:56:20.000][debug][command:null][tid:26][com.facebook.buck.util.ListeningProcessExecutor] Waiting for process com.facebook.buck.util.ListeningProcessExecutor$LaunchedProcessImpl@384a216f timeout 1000 MILLISECONDS
[2017-10-04 14:56:20.003][warn ][command:dd68371b-36a8-4379-9b47-824f3d0650b2][tid:32][com.facebook.buck.apple.AppleCxxPlatforms] In /Applications/Xcode.app/Contents/Developer/Platforms/MacOSX.platform/version.plist, missing ProductBuildVersion. Build version will be unset for this platform.
[2017-10-04 14:56:20.004][debug][command:dd68371b-36a8-4379-9b47-824f3d0650b2][tid:32][com.facebook.buck.apple.AppleCxxPlatforms] Apple toolchain path: /Applications/Xcode.app/Contents/Developer/Toolchains/XcodeDefault.xctoolchain
[2017-10-04 14:56:20.004][debug][command:dd68371b-36a8-4379-9b47-824f3d0650b2][tid:32][com.facebook.buck.apple.AppleCxxPlatforms] Headers verification platform whitelist: [^\Q/Applications/Xcode.app/Contents/Developer/Platforms/MacOSX.platform/Developer/Library/Frameworks\E\/.*, ^\Q/Applications/Xcode.app/Contents/Developer/Platforms/MacOSX.platform/Developer/SDKs/MacOSX.sdk\E\/.*, ^\Q/Applications/Xcode.app/Contents/Developer/Toolchains/XcodeDefault.xctoolchain\E\/.*]
[2017-10-04 14:56:20.007][debug][command:dd68371b-36a8-4379-9b47-824f3d0650b2][tid:32][com.facebook.buck.apple.AppleCxxPlatforms] Xcode build version is: 9A235
[2017-10-04 14:56:20.012][warn ][command:dd68371b-36a8-4379-9b47-824f3d0650b2][tid:32][com.facebook.buck.apple.AppleCxxPlatforms] In /Applications/Xcode.app/Contents/Developer/Platforms/MacOSX.platform/version.plist, missing ProductBuildVersion. Build version will be unset for this platform.
[2017-10-04 14:56:20.012][debug][command:dd68371b-36a8-4379-9b47-824f3d0650b2][tid:32][com.facebook.buck.apple.AppleCxxPlatforms] Apple toolchain path: /Applications/Xcode.app/Contents/Developer/Toolchains/XcodeDefault.xctoolchain
[2017-10-04 14:56:20.012][debug][command:dd68371b-36a8-4379-9b47-824f3d0650b2][tid:32][com.facebook.buck.apple.AppleCxxPlatforms] Headers verification platform whitelist: [^\Q/Applications/Xcode.app/Contents/Developer/Platforms/MacOSX.platform/Developer/Library/Frameworks\E\/.*, ^\Q/Applications/Xcode.app/Contents/Developer/Platforms/MacOSX.platform/Developer/SDKs/MacOSX.sdk\E\/.*, ^\Q/Applications/Xcode.app/Contents/Developer/Toolchains/XcodeDefault.xctoolchain\E\/.*]
[2017-10-04 14:56:20.014][debug][command:dd68371b-36a8-4379-9b47-824f3d0650b2][tid:32][com.facebook.buck.apple.AppleCxxPlatforms] SDK AppleSdk{name=watchos4.0, version=4.0, applePlatform=ApplePlatform{name=watchos, provisioningProfileName=iOS, architectures=[armv7k], minVersionFlagPrefix=-mwatchos-version-min=, stubBinaryPath=Library/Application Support/WatchKit/WK, appIncludesFrameworks=false}, architectures=[armv7k], toolchains=[AppleToolchain{identifier=com.apple.dt.toolchain.XcodeDefault, path=/Applications/Xcode.app/Contents/Developer/Toolchains/XcodeDefault.xctoolchain}]} using default version 4.0
[2017-10-04 14:56:20.015][debug][command:dd68371b-36a8-4379-9b47-824f3d0650b2][tid:32][com.facebook.buck.apple.AppleCxxPlatforms] Xcode build version is: 9A235
[2017-10-04 14:56:20.020][debug][command:dd68371b-36a8-4379-9b47-824f3d0650b2][tid:32][com.facebook.buck.apple.AppleCxxPlatforms] Apple toolchain path: /Applications/Xcode.app/Contents/Developer/Toolchains/XcodeDefault.xctoolchain
[2017-10-04 14:56:20.020][debug][command:dd68371b-36a8-4379-9b47-824f3d0650b2][tid:32][com.facebook.buck.apple.AppleCxxPlatforms] Headers verification platform whitelist: [^\Q/Applications/Xcode.app/Contents/Developer/Platforms/WatchOS.platform/Developer/Library/Frameworks\E\/.*, ^\Q/Applications/Xcode.app/Contents/Developer/Platforms/WatchOS.platform/Developer/SDKs/WatchOS.sdk\E\/.*, ^\Q/Applications/Xcode.app/Contents/Developer/Toolchains/XcodeDefault.xctoolchain\E\/.*]
[2017-10-04 14:56:20.022][debug][command:dd68371b-36a8-4379-9b47-824f3d0650b2][tid:32][com.facebook.buck.apple.AppleCxxPlatforms] SDK AppleSdk{name=watchsimulator4.0, version=4.0, applePlatform=ApplePlatform{name=watchsimulator, architectures=[i386], minVersionFlagPrefix=-mwatchos-simulator-version-min=, stubBinaryPath=Library/Application Support/WatchKit/WK, appIncludesFrameworks=false}, architectures=[i386], toolchains=[AppleToolchain{identifier=com.apple.dt.toolchain.XcodeDefault, path=/Applications/Xcode.app/Contents/Developer/Toolchains/XcodeDefault.xctoolchain}]} using default version 4.0
[2017-10-04 14:56:20.023][debug][command:dd68371b-36a8-4379-9b47-824f3d0650b2][tid:32][com.facebook.buck.apple.AppleCxxPlatforms] Xcode build version is: 9A235
[2017-10-04 14:56:20.027][debug][command:dd68371b-36a8-4379-9b47-824f3d0650b2][tid:32][com.facebook.buck.apple.AppleCxxPlatforms] Apple toolchain path: /Applications/Xcode.app/Contents/Developer/Toolchains/XcodeDefault.xctoolchain
[2017-10-04 14:56:20.028][debug][command:dd68371b-36a8-4379-9b47-824f3d0650b2][tid:32][com.facebook.buck.apple.AppleCxxPlatforms] Headers verification platform whitelist: [^\Q/Applications/Xcode.app/Contents/Developer/Platforms/WatchSimulator.platform/Developer/Library/Frameworks\E\/.*, ^\Q/Applications/Xcode.app/Contents/Developer/Platforms/WatchSimulator.platform/Developer/SDKs/WatchSimulator.sdk\E\/.*, ^\Q/Applications/Xcode.app/Contents/Developer/Toolchains/XcodeDefault.xctoolchain\E\/.*]
[2017-10-04 14:56:20.029][debug][command:dd68371b-36a8-4379-9b47-824f3d0650b2][tid:32][com.facebook.buck.apple.AppleCxxPlatforms] SDK AppleSdk{name=appletvos, version=11.0, applePlatform=ApplePlatform{name=appletvos, provisioningProfileName=tvOS, architectures=[arm64], minVersionFlagPrefix=-mtvos-version-min=, appIncludesFrameworks=false}, architectures=[arm64], toolchains=[AppleToolchain{identifier=com.apple.dt.toolchain.XcodeDefault, path=/Applications/Xcode.app/Contents/Developer/Toolchains/XcodeDefault.xctoolchain}]} using default version 11.0
[2017-10-04 14:56:20.030][debug][command:dd68371b-36a8-4379-9b47-824f3d0650b2][tid:32][com.facebook.buck.apple.AppleCxxPlatforms] Xcode build version is: 9A235
[2017-10-04 14:56:20.034][debug][command:dd68371b-36a8-4379-9b47-824f3d0650b2][tid:32][com.facebook.buck.apple.AppleCxxPlatforms] Apple toolchain path: /Applications/Xcode.app/Contents/Developer/Toolchains/XcodeDefault.xctoolchain
[2017-10-04 14:56:20.035][debug][command:dd68371b-36a8-4379-9b47-824f3d0650b2][tid:32][com.facebook.buck.apple.AppleCxxPlatforms] Headers verification platform whitelist: [^\Q/Applications/Xcode.app/Contents/Developer/Platforms/AppleTVOS.platform/Developer/Library/Frameworks\E\/.*, ^\Q/Applications/Xcode.app/Contents/Developer/Platforms/AppleTVOS.platform/Developer/SDKs/AppleTVOS.sdk\E\/.*, ^\Q/Applications/Xcode.app/Contents/Developer/Toolchains/XcodeDefault.xctoolchain\E\/.*]
[2017-10-04 14:56:20.036][debug][command:dd68371b-36a8-4379-9b47-824f3d0650b2][tid:32][com.facebook.buck.apple.AppleCxxPlatforms] SDK AppleSdk{name=appletvsimulator, version=11.0, applePlatform=ApplePlatform{name=appletvsimulator, swiftName=tvos, architectures=[x86_64], minVersionFlagPrefix=-mtvos-simulator-version-min=, appIncludesFrameworks=false}, architectures=[x86_64], toolchains=[AppleToolchain{identifier=com.apple.dt.toolchain.XcodeDefault, path=/Applications/Xcode.app/Contents/Developer/Toolchains/XcodeDefault.xctoolchain}]} using default version 11.0
[2017-10-04 14:56:20.038][debug][command:dd68371b-36a8-4379-9b47-824f3d0650b2][tid:32][com.facebook.buck.apple.AppleCxxPlatforms] Xcode build version is: 9A235
[2017-10-04 14:56:20.040][warn ][command:dd68371b-36a8-4379-9b47-824f3d0650b2][tid:32][com.facebook.buck.apple.AppleCxxPlatforms] /Applications/Xcode.app/Contents/Developer/Platforms/AppleTVSimulator.platform/version.plist does not exist. Build version will be unset for this platform.
[2017-10-04 14:56:20.040][debug][command:dd68371b-36a8-4379-9b47-824f3d0650b2][tid:32][com.facebook.buck.apple.AppleCxxPlatforms] Apple toolchain path: /Applications/Xcode.app/Contents/Developer/Toolchains/XcodeDefault.xctoolchain
[2017-10-04 14:56:20.041][debug][command:dd68371b-36a8-4379-9b47-824f3d0650b2][tid:32][com.facebook.buck.apple.AppleCxxPlatforms] Headers verification platform whitelist: [^\Q/Applications/Xcode.app/Contents/Developer/Platforms/AppleTVSimulator.platform/Developer/Library/Frameworks\E\/.*, ^\Q/Applications/Xcode.app/Contents/Developer/Platforms/AppleTVSimulator.platform/Developer/SDKs/AppleTVSimulator.sdk\E\/.*, ^\Q/Applications/Xcode.app/Contents/Developer/Toolchains/XcodeDefault.xctoolchain\E\/.*]
[2017-10-04 14:56:20.042][debug][command:dd68371b-36a8-4379-9b47-824f3d0650b2][tid:32][com.facebook.buck.apple.AppleCxxPlatforms] SDK AppleSdk{name=iphoneos, version=11.0, applePlatform=ApplePlatform{name=iphoneos, swiftName=ios, provisioningProfileName=iOS, architectures=[armv7, arm64], minVersionFlagPrefix=-mios-version-min=, stubBinaryPath=Library/Application Support/WatchKit/WK, appIncludesFrameworks=false}, architectures=[armv7, arm64], toolchains=[AppleToolchain{identifier=com.apple.dt.toolchain.XcodeDefault, path=/Applications/Xcode.app/Contents/Developer/Toolchains/XcodeDefault.xctoolchain}]} using default version 10.0
[2017-10-04 14:56:20.042][debug][command:null][tid:26][com.facebook.buck.util.ListeningProcessExecutor] Wait for process returned 0
[2017-10-04 14:56:20.042][debug][command:null][tid:26][com.facebook.buck.util.ListeningProcessExecutor] Destroying process com.facebook.buck.util.ListeningProcessExecutor$LaunchedProcessImpl@384a216f (force true)
[2017-10-04 14:56:20.042][debug][command:null][tid:26][com.facebook.buck.util.environment.MacNetworkConfiguration] Determine WiFi SSID of device
[2017-10-04 14:56:20.043][debug][command:null][tid:26][com.facebook.buck.util.ListeningProcessExecutor] Launching process with params ProcessExecutorParams{command=[networksetup, -getairportnetwork, en0]}
[2017-10-04 14:56:20.043][debug][command:dd68371b-36a8-4379-9b47-824f3d0650b2][tid:32][com.facebook.buck.apple.AppleCxxPlatforms] Xcode build version is: 9A235
[2017-10-04 14:56:20.045][debug][command:null][tid:26][com.facebook.buck.util.ListeningProcessExecutor] Successfully launched process com.zaxxer.nuprocess.osx.OsxProcess@201a2d32
[2017-10-04 14:56:20.046][debug][command:null][tid:26][com.facebook.buck.util.ListeningProcessExecutor] Waiting for process com.facebook.buck.util.ListeningProcessExecutor$LaunchedProcessImpl@53247267 timeout 1000 MILLISECONDS
[2017-10-04 14:56:20.047][debug][command:dd68371b-36a8-4379-9b47-824f3d0650b2][tid:32][com.facebook.buck.apple.AppleCxxPlatforms] Apple toolchain path: /Applications/Xcode.app/Contents/Developer/Toolchains/XcodeDefault.xctoolchain
[2017-10-04 14:56:20.048][debug][command:dd68371b-36a8-4379-9b47-824f3d0650b2][tid:32][com.facebook.buck.apple.AppleCxxPlatforms] Headers verification platform whitelist: [^\Q/Applications/Xcode.app/Contents/Developer/Platforms/iPhoneOS.platform/Developer/Library/Frameworks\E\/.*, ^\Q/Applications/Xcode.app/Contents/Developer/Platforms/iPhoneOS.platform/Developer/SDKs/iPhoneOS.sdk\E\/.*, ^\Q/Applications/Xcode.app/Contents/Developer/Toolchains/XcodeDefault.xctoolchain\E\/.*]
[2017-10-04 14:56:20.050][debug][command:dd68371b-36a8-4379-9b47-824f3d0650b2][tid:32][com.facebook.buck.apple.AppleCxxPlatforms] Xcode build version is: 9A235
[2017-10-04 14:56:20.054][debug][command:dd68371b-36a8-4379-9b47-824f3d0650b2][tid:32][com.facebook.buck.apple.AppleCxxPlatforms] Apple toolchain path: /Applications/Xcode.app/Contents/Developer/Toolchains/XcodeDefault.xctoolchain
[2017-10-04 14:56:20.054][debug][command:dd68371b-36a8-4379-9b47-824f3d0650b2][tid:32][com.facebook.buck.apple.AppleCxxPlatforms] Headers verification platform whitelist: [^\Q/Applications/Xcode.app/Contents/Developer/Platforms/iPhoneOS.platform/Developer/Library/Frameworks\E\/.*, ^\Q/Applications/Xcode.app/Contents/Developer/Platforms/iPhoneOS.platform/Developer/SDKs/iPhoneOS.sdk\E\/.*, ^\Q/Applications/Xcode.app/Contents/Developer/Toolchains/XcodeDefault.xctoolchain\E\/.*]
[2017-10-04 14:56:20.056][debug][command:dd68371b-36a8-4379-9b47-824f3d0650b2][tid:32][com.facebook.buck.apple.AppleCxxPlatforms] SDK AppleSdk{name=iphonesimulator, version=11.0, applePlatform=ApplePlatform{name=iphonesimulator, swiftName=ios, architectures=[i386, x86_64], minVersionFlagPrefix=-mios-simulator-version-min=, stubBinaryPath=Library/Application Support/WatchKit/WK, appIncludesFrameworks=false}, architectures=[i386, x86_64], toolchains=[AppleToolchain{identifier=com.apple.dt.toolchain.XcodeDefault, path=/Applications/Xcode.app/Contents/Developer/Toolchains/XcodeDefault.xctoolchain}]} using default version 10.0
[2017-10-04 14:56:20.057][debug][command:dd68371b-36a8-4379-9b47-824f3d0650b2][tid:32][com.facebook.buck.apple.AppleCxxPlatforms] Xcode build version is: 9A235
[2017-10-04 14:56:20.059][warn ][command:dd68371b-36a8-4379-9b47-824f3d0650b2][tid:32][com.facebook.buck.apple.AppleCxxPlatforms] /Applications/Xcode.app/Contents/Developer/Platforms/iPhoneSimulator.platform/version.plist does not exist. Build version will be unset for this platform.
[2017-10-04 14:56:20.059][debug][command:dd68371b-36a8-4379-9b47-824f3d0650b2][tid:32][com.facebook.buck.apple.AppleCxxPlatforms] Apple toolchain path: /Applications/Xcode.app/Contents/Developer/Toolchains/XcodeDefault.xctoolchain
[2017-10-04 14:56:20.059][debug][command:dd68371b-36a8-4379-9b47-824f3d0650b2][tid:32][com.facebook.buck.apple.AppleCxxPlatforms] Headers verification platform whitelist: [^\Q/Applications/Xcode.app/Contents/Developer/Platforms/iPhoneSimulator.platform/Developer/Library/Frameworks\E\/.*, ^\Q/Applications/Xcode.app/Contents/Developer/Platforms/iPhoneSimulator.platform/Developer/SDKs/iPhoneSimulator.sdk\E\/.*, ^\Q/Applications/Xcode.app/Contents/Developer/Toolchains/XcodeDefault.xctoolchain\E\/.*]
[2017-10-04 14:56:20.062][debug][command:dd68371b-36a8-4379-9b47-824f3d0650b2][tid:32][com.facebook.buck.apple.AppleCxxPlatforms] Xcode build version is: 9A235
[2017-10-04 14:56:20.063][warn ][command:dd68371b-36a8-4379-9b47-824f3d0650b2][tid:32][com.facebook.buck.apple.AppleCxxPlatforms] /Applications/Xcode.app/Contents/Developer/Platforms/iPhoneSimulator.platform/version.plist does not exist. Build version will be unset for this platform.
[2017-10-04 14:56:20.064][debug][command:dd68371b-36a8-4379-9b47-824f3d0650b2][tid:32][com.facebook.buck.apple.AppleCxxPlatforms] Apple toolchain path: /Applications/Xcode.app/Contents/Developer/Toolchains/XcodeDefault.xctoolchain
[2017-10-04 14:56:20.064][debug][command:dd68371b-36a8-4379-9b47-824f3d0650b2][tid:32][com.facebook.buck.apple.AppleCxxPlatforms] Headers verification platform whitelist: [^\Q/Applications/Xcode.app/Contents/Developer/Platforms/iPhoneSimulator.platform/Developer/Library/Frameworks\E\/.*, ^\Q/Applications/Xcode.app/Contents/Developer/Platforms/iPhoneSimulator.platform/Developer/SDKs/iPhoneSimulator.sdk\E\/.*, ^\Q/Applications/Xcode.app/Contents/Developer/Toolchains/XcodeDefault.xctoolchain\E\/.*]
[2017-10-04 14:56:20.065][debug][command:dd68371b-36a8-4379-9b47-824f3d0650b2][tid:32][com.facebook.buck.apple.AppleCxxPlatforms] SDK AppleSdk{name=macosx, version=10.13, applePlatform=ApplePlatform{name=macosx, architectures=[i386, x86_64], minVersionFlagPrefix=-mmacosx-version-min=, appIncludesFrameworks=true}, architectures=[i386, x86_64], toolchains=[AppleToolchain{identifier=com.apple.dt.toolchain.XcodeDefault, path=/Applications/Xcode.app/Contents/Developer/Toolchains/XcodeDefault.xctoolchain}]} using default version 10.13
[2017-10-04 14:56:20.067][debug][command:dd68371b-36a8-4379-9b47-824f3d0650b2][tid:32][com.facebook.buck.apple.AppleCxxPlatforms] Xcode build version is: 9A235
[2017-10-04 14:56:20.071][warn ][command:dd68371b-36a8-4379-9b47-824f3d0650b2][tid:32][com.facebook.buck.apple.AppleCxxPlatforms] In /Applications/Xcode.app/Contents/Developer/Platforms/MacOSX.platform/version.plist, missing ProductBuildVersion. Build version will be unset for this platform.
[2017-10-04 14:56:20.072][debug][command:dd68371b-36a8-4379-9b47-824f3d0650b2][tid:32][com.facebook.buck.apple.AppleCxxPlatforms] Apple toolchain path: /Applications/Xcode.app/Contents/Developer/Toolchains/XcodeDefault.xctoolchain
[2017-10-04 14:56:20.073][debug][command:dd68371b-36a8-4379-9b47-824f3d0650b2][tid:32][com.facebook.buck.apple.AppleCxxPlatforms] Headers verification platform whitelist: [^\Q/Applications/Xcode.app/Contents/Developer/Platforms/MacOSX.platform/Developer/Library/Frameworks\E\/.*, ^\Q/Applications/Xcode.app/Contents/Developer/Platforms/MacOSX.platform/Developer/SDKs/MacOSX.sdk\E\/.*, ^\Q/Applications/Xcode.app/Contents/Developer/Toolchains/XcodeDefault.xctoolchain\E\/.*]
[2017-10-04 14:56:20.075][debug][command:dd68371b-36a8-4379-9b47-824f3d0650b2][tid:32][com.facebook.buck.apple.AppleCxxPlatforms] Xcode build version is: 9A235
[2017-10-04 14:56:20.078][warn ][command:dd68371b-36a8-4379-9b47-824f3d0650b2][tid:32][com.facebook.buck.apple.AppleCxxPlatforms] In /Applications/Xcode.app/Contents/Developer/Platforms/MacOSX.platform/version.plist, missing ProductBuildVersion. Build version will be unset for this platform.
[2017-10-04 14:56:20.081][debug][command:dd68371b-36a8-4379-9b47-824f3d0650b2][tid:32][com.facebook.buck.apple.AppleCxxPlatforms] Apple toolchain path: /Applications/Xcode.app/Contents/Developer/Toolchains/XcodeDefault.xctoolchain
[2017-10-04 14:56:20.081][debug][command:dd68371b-36a8-4379-9b47-824f3d0650b2][tid:32][com.facebook.buck.apple.AppleCxxPlatforms] Headers verification platform whitelist: [^\Q/Applications/Xcode.app/Contents/Developer/Platforms/MacOSX.platform/Developer/Library/Frameworks\E\/.*, ^\Q/Applications/Xcode.app/Contents/Developer/Platforms/MacOSX.platform/Developer/SDKs/MacOSX.sdk\E\/.*, ^\Q/Applications/Xcode.app/Contents/Developer/Toolchains/XcodeDefault.xctoolchain\E\/.*]
[2017-10-04 14:56:20.082][debug][command:dd68371b-36a8-4379-9b47-824f3d0650b2][tid:32][com.facebook.buck.apple.AppleCxxPlatforms] SDK AppleSdk{name=watchos, version=4.0, applePlatform=ApplePlatform{name=watchos, provisioningProfileName=iOS, architectures=[armv7k], minVersionFlagPrefix=-mwatchos-version-min=, stubBinaryPath=Library/Application Support/WatchKit/WK, appIncludesFrameworks=false}, architectures=[armv7k], toolchains=[AppleToolchain{identifier=com.apple.dt.toolchain.XcodeDefault, path=/Applications/Xcode.app/Contents/Developer/Toolchains/XcodeDefault.xctoolchain}]} using default version 4.0
[2017-10-04 14:56:20.083][debug][command:dd68371b-36a8-4379-9b47-824f3d0650b2][tid:32][com.facebook.buck.apple.AppleCxxPlatforms] Xcode build version is: 9A235
[2017-10-04 14:56:20.087][debug][command:dd68371b-36a8-4379-9b47-824f3d0650b2][tid:32][com.facebook.buck.apple.AppleCxxPlatforms] Apple toolchain path: /Applications/Xcode.app/Contents/Developer/Toolchains/XcodeDefault.xctoolchain
[2017-10-04 14:56:20.088][debug][command:dd68371b-36a8-4379-9b47-824f3d0650b2][tid:32][com.facebook.buck.apple.AppleCxxPlatforms] Headers verification platform whitelist: [^\Q/Applications/Xcode.app/Contents/Developer/Platforms/WatchOS.platform/Developer/Library/Frameworks\E\/.*, ^\Q/Applications/Xcode.app/Contents/Developer/Platforms/WatchOS.platform/Developer/SDKs/WatchOS.sdk\E\/.*, ^\Q/Applications/Xcode.app/Contents/Developer/Toolchains/XcodeDefault.xctoolchain\E\/.*]
[2017-10-04 14:56:20.089][debug][command:dd68371b-36a8-4379-9b47-824f3d0650b2][tid:32][com.facebook.buck.apple.AppleCxxPlatforms] SDK AppleSdk{name=watchsimulator, version=4.0, applePlatform=ApplePlatform{name=watchsimulator, architectures=[i386], minVersionFlagPrefix=-mwatchos-simulator-version-min=, stubBinaryPath=Library/Application Support/WatchKit/WK, appIncludesFrameworks=false}, architectures=[i386], toolchains=[AppleToolchain{identifier=com.apple.dt.toolchain.XcodeDefault, path=/Applications/Xcode.app/Contents/Developer/Toolchains/XcodeDefault.xctoolchain}]} using default version 4.0
[2017-10-04 14:56:20.090][debug][command:dd68371b-36a8-4379-9b47-824f3d0650b2][tid:32][com.facebook.buck.apple.AppleCxxPlatforms] Xcode build version is: 9A235
[2017-10-04 14:56:20.091][debug][command:null][tid:26][com.facebook.buck.util.ListeningProcessExecutor] Wait for process returned 0
[2017-10-04 14:56:20.092][debug][command:null][tid:26][com.facebook.buck.util.ListeningProcessExecutor] Destroying process com.facebook.buck.util.ListeningProcessExecutor$LaunchedProcessImpl@53247267 (force true)
[2017-10-04 14:56:20.094][debug][command:dd68371b-36a8-4379-9b47-824f3d0650b2][tid:32][com.facebook.buck.apple.AppleCxxPlatforms] Apple toolchain path: /Applications/Xcode.app/Contents/Developer/Toolchains/XcodeDefault.xctoolchain
[2017-10-04 14:56:20.095][debug][command:dd68371b-36a8-4379-9b47-824f3d0650b2][tid:32][com.facebook.buck.apple.AppleCxxPlatforms] Headers verification platform whitelist: [^\Q/Applications/Xcode.app/Contents/Developer/Platforms/WatchSimulator.platform/Developer/Library/Frameworks\E\/.*, ^\Q/Applications/Xcode.app/Contents/Developer/Platforms/WatchSimulator.platform/Developer/SDKs/WatchSimulator.sdk\E\/.*, ^\Q/Applications/Xcode.app/Contents/Developer/Toolchains/XcodeDefault.xctoolchain\E\/.*]
[2017-10-04 14:56:20.096][info ][command:null][tid:26][com.facebook.buck.util.versioncontrol.VersionControlStatsGenerator] Starting generation of version control stats.
[2017-10-04 14:56:20.096][warn ][command:null][tid:26][com.facebook.buck.util.versioncontrol.VersionControlStatsGenerator] Skipping generation of version control stats as unsupported repository type.
[2017-10-04 14:56:20.118][debug][command:dd68371b-36a8-4379-9b47-824f3d0650b2][tid:32][com.facebook.buck.io.ExecutableFinder] Executable 'clang' mapped to 'Optional[/usr/bin/clang]'
[2017-10-04 14:56:20.120][debug][command:dd68371b-36a8-4379-9b47-824f3d0650b2][tid:32][com.facebook.buck.io.ExecutableFinder] Executable 'clang++' mapped to 'Optional[/usr/bin/clang++]'
[2017-10-04 14:56:20.121][debug][command:dd68371b-36a8-4379-9b47-824f3d0650b2][tid:32][com.facebook.buck.io.ExecutableFinder] Executable 'ar' mapped to 'Optional[/usr/bin/ar]'
[2017-10-04 14:56:20.122][debug][command:dd68371b-36a8-4379-9b47-824f3d0650b2][tid:32][com.facebook.buck.io.ExecutableFinder] Executable 'strip' mapped to 'Optional[/usr/bin/strip]'
[2017-10-04 14:56:20.123][debug][command:dd68371b-36a8-4379-9b47-824f3d0650b2][tid:32][com.facebook.buck.io.ExecutableFinder] Executable 'ranlib' mapped to 'Optional[/usr/bin/ranlib]'
[2017-10-04 14:56:20.124][debug][command:dd68371b-36a8-4379-9b47-824f3d0650b2][tid:32][com.facebook.buck.io.ExecutableFinder] Executable 'nm' mapped to 'Optional[/usr/bin/nm]'
[2017-10-04 14:56:20.125][debug][command:dd68371b-36a8-4379-9b47-824f3d0650b2][tid:32][com.facebook.buck.cxx.toolchain.CxxPlatforms] Using config default C++ platform CxxPlatform{flavor=iphonesimulator-x86_64, as=com.facebook.buck.cxx.toolchain.CompilerProvider@13c3d3f8, asflags=[-isysroot, /Applications/Xcode.app/Contents/Developer/Platforms/iPhoneSimulator.platform/Developer/SDKs/iPhoneSimulator.sdk, -arch, x86_64, -mios-simulator-version-min=10.0, -iquote, /Users/kieranlafferty/Desktop/BuckTest], aspp=com.facebook.buck.cxx.toolchain.PreprocessorProvider@3244e219, asppflags=[], cc=com.facebook.buck.cxx.toolchain.CompilerProvider@609d782d, cflags=[-isysroot, /Applications/Xcode.app/Contents/Developer/Platforms/iPhoneSimulator.platform/Developer/SDKs/iPhoneSimulator.sdk, -arch, x86_64, -mios-simulator-version-min=10.0, -iquote, /Users/kieranlafferty/Desktop/BuckTest, -g, -fmodules, -fobjc-arc, -D, BUCK, -w], cxx=com.facebook.buck.cxx.toolchain.CompilerProvider@4121ba24, cxxflags=[-isysroot, /Applications/Xcode.app/Contents/Developer/Platforms/iPhoneSimulator.platform/Developer/SDKs/iPhoneSimulator.sdk, -arch, x86_64, -mios-simulator-version-min=10.0, -iquote, /Users/kieranlafferty/Desktop/BuckTest], cpp=com.facebook.buck.cxx.toolchain.PreprocessorProvider@4c70fdeb, cppflags=[], cxxpp=com.facebook.buck.cxx.toolchain.PreprocessorProvider@59318a56, cxxppflags=[], cudappflags=[], cudaflags=[], asmppflags=[], asmflags=[], ld=com.facebook.buck.cxx.toolchain.linker.DefaultLinkerProvider@5266cd4d, ldflags=[-isysroot, /Applications/Xcode.app/Contents/Developer/Platforms/iPhoneSimulator.platform/Developer/SDKs/iPhoneSimulator.sdk, -arch, x86_64, -mios-simulator-version-min=10.0, -iquote, /Users/kieranlafferty/Desktop/BuckTest, -Wl,-sdk_version, -Wl,11.0, -Wl,-ObjC], runtimeLdflags={}, strip=VersionedTool{path=/Applications/Xcode.app/Contents/Developer/Toolchains/XcodeDefault.xctoolchain/usr/bin/strip, extraArgs=[], name=apple-strip, version=11.0:9A235}, stripFlags=[], ar=com.facebook.buck.cxx.toolchain.ArchiverProvider$1@1edaadbf, arflags=[], ranlib=com.facebook.buck.rules.ConstantToolProvider@558e942a, ranlibflags=[], symbolNameTool=com.facebook.buck.cxx.toolchain.LazyDelegatingSymbolNameTool@38d7f7, sharedLibraryExtension=dylib, sharedLibraryVersionedExtensionFormat=%s.dylib, staticLibraryExtension=a, objectFileExtension=o, compilerDebugPathSanitizer=com.facebook.buck.cxx.toolchain.PrefixMapDebugPathSanitizer@64507e18, assemblerDebugPathSanitizer=com.facebook.buck.cxx.toolchain.MungingDebugPathSanitizer@2f2c9078, headerVerification=HeaderVerification{mode=IGNORE, whitelist=[], platformWhitelist=[^\Q/Applications/Xcode.app/Contents/Developer/Platforms/iPhoneSimulator.platform/Developer/Library/Frameworks\E\/.*, ^\Q/Applications/Xcode.app/Contents/Developer/Platforms/iPhoneSimulator.platform/Developer/SDKs/iPhoneSimulator.sdk\E\/.*, ^\Q/Applications/Xcode.app/Contents/Developer/Toolchains/XcodeDefault.xctoolchain\E\/.*], whitelistPatterns=[^\Q/Applications/Xcode.app/Contents/Developer/Platforms/iPhoneSimulator.platform/Developer/Library/Frameworks\E\/.*, ^\Q/Applications/Xcode.app/Contents/Developer/Platforms/iPhoneSimulator.platform/Developer/SDKs/iPhoneSimulator.sdk\E\/.*, ^\Q/Applications/Xcode.app/Contents/Developer/Toolchains/XcodeDefault.xctoolchain\E\/.*]}, flagMacros={SDKROOT=/Applications/Xcode.app/Contents/Developer/Platforms/iPhoneSimulator.platform/Developer/SDKs/iPhoneSimulator.sdk, PLATFORM_DIR=/Applications/Xcode.app/Contents/Developer/Platforms/iPhoneSimulator.platform, CURRENT_ARCH=x86_64, DEVELOPER_DIR=/Applications/Xcode.app/Contents/Developer}, publicHeadersSymlinksEnabled=true, privateHeadersSymlinksEnabled=true}
[2017-10-04 14:56:20.142][debug][command:dd68371b-36a8-4379-9b47-824f3d0650b2][tid:32][com.facebook.buck.io.ExecutableFinder] Executable 'python2' mapped to 'Optional.empty'
[2017-10-04 14:56:20.143][debug][command:dd68371b-36a8-4379-9b47-824f3d0650b2][tid:32][com.facebook.buck.io.ExecutableFinder] Executable 'python' mapped to 'Optional[/usr/bin/python]'
[2017-10-04 14:56:20.319][debug][command:dd68371b-36a8-4379-9b47-824f3d0650b2][tid:32][com.facebook.buck.apple.ProvisioningProfileStore] Provisioning profile search path: /Users/kieranlafferty/Library/MobileDevice/Provisioning Profiles
[2017-10-04 14:56:20.609][debug][command:dd68371b-36a8-4379-9b47-824f3d0650b2][tid:32][com.facebook.buck.json.BuckPythonProgram] Writing python rules stub to /Users/kieranlafferty/Desktop/BuckTest/buck-out/tmp/buck_run.l7D5AV/buck_python_program322125438903813831.
[2017-10-04 14:56:21.353][debug][command:dd68371b-36a8-4379-9b47-824f3d0650b2][tid:32][com.facebook.buck.json.BuckPythonProgram] Created temporary buck.py instance at /Users/kieranlafferty/Desktop/BuckTest/buck-out/tmp/buck_run.l7D5AV/buck_python_program322125438903813831.
[2017-10-04 14:56:21.361][debug][command:dd68371b-36a8-4379-9b47-824f3d0650b2][tid:32][com.facebook.buck.json.PythonDslProjectBuildFileParser] Starting buck.py command: [/usr/bin/python, -u, /Users/kieranlafferty/Desktop/BuckTest/buck-out/tmp/buck_run.l7D5AV/buck_python_program322125438903813831/__main__.py, --allow_empty_globs, --watchman_glob_stat_results, --project_root, /Users/kieranlafferty/Desktop/BuckTest, --cell_name, , --build_file_name, BUCK, --quiet, --config, /Users/kieranlafferty/Desktop/BuckTest/buck-out/tmp/buck_run.l7D5AV/raw_config291321258382010241.json, --ignore_paths, /Users/kieranlafferty/Desktop/BuckTest/buck-out/tmp/buck_run.l7D5AV/ignore_paths805737846159289997.json] environment: Optional[{IRBRC=/Users/kieranlafferty/.rvm/rubies/ruby-2.4.0/.irbrc, PATH=/Users/kieranlafferty/.rvm/gems/ruby-2.4.0/bin:/Users/kieranlafferty/.rvm/gems/ruby-2.4.0@global/bin:/Users/kieranlafferty/.rvm/rubies/ruby-2.4.0/bin:/usr/local/bin:/usr/bin:/bin:/usr/sbin:/sbin:/Users/kieranlafferty/.rvm/bin:/Users/kieranlafferty/.rvm/bin, JAVA_ARCH=x86_64, _system_arch=x86_64, rvm_bin_path=/Users/kieranlafferty/.rvm/bin, BUCK_CLASSPATH=/Users/kieranlafferty/Desktop/BuckTest/.buckd/resources/v2017.10.01.01/buck_server, JAVA_MAIN_CLASS_13008=com.facebook.buck.cli.bootstrapper.ClassLoaderBootstrapper, TERM=xterm-256color, rvm_prefix=/Users/kieranlafferty, LANG=en_US.UTF-8, VERSIONER_PYTHON_VERSION=2.7, BUCK_BUILD_ID=dd68371b-36a8-4379-9b47-824f3d0650b2, LOGNAME=kieranlafferty, rvm_version=1.29.2 (latest), XPC_SERVICE_NAME=0, PWD=/Users/kieranlafferty/Desktop/BuckTest/Apps/BuckSwiftDemo, TERM_PROGRAM_VERSION=388.1.1, _=/usr/local/bin/buck, SHELL=/bin/bash, NVM_DIR=/Users/kieranlafferty/.nvm, TERM_PROGRAM=Apple_Terminal, _system_type=Darwin, MY_RUBY_HOME=/Users/kieranlafferty/.rvm/rubies/ruby-2.4.0, BUCK_PYTHON_SPACE_INIT_TIME=7, _system_version=10.12, OLDPWD=/Users/kieranlafferty/Desktop/BuckTest/Apps, GEM_HOME=/Users/kieranlafferty/.rvm/gems/ruby-2.4.0, USER=kieranlafferty, VERSIONER_PYTHON_PREFER_32_BIT=no, CLASSPATH=/Users/kieranlafferty/Desktop/BuckTest/.buckd/resources/v2017.10.01.01/bootstrapper_jar, BUCK_TERM_COLUMNS=235, TMPDIR=/var/folders/zz/v2fpp8m54y1dq0qh5yt0hqvr0000gn/T/, rvm_path=/Users/kieranlafferty/.rvm, SSH_AUTH_SOCK=/private/tmp/com.apple.launchd.6ZK0SrMSVY/Listeners, GEM_PATH=/Users/kieranlafferty/.rvm/gems/ruby-2.4.0:/Users/kieranlafferty/.rvm/gems/ruby-2.4.0@global, XPC_FLAGS=0x0, RUBY_VERSION=ruby-2.4.0, TERM_SESSION_ID=CB4A996C-E3FC-48E1-BE88-F3365BBC9D63, BUCK_TTY=1, _system_name=OSX, __CF_USER_TEXT_ENCODING=0x1F5:0x0:0x0, Apple_PubSub_Socket_Render=/private/tmp/com.apple.launchd.2MgsOd4gbP/Render, com.apple.java.jvmTask=CommandLine, SHLVL=1, HOME=/Users/kieranlafferty}]
[2017-10-04 14:56:21.368][debug][command:dd68371b-36a8-4379-9b47-824f3d0650b2][tid:32][com.facebook.buck.json.PythonDslProjectBuildFileParser] Started process com.facebook.buck.util.ProcessExecutor$LaunchedProcessImpl@2bd93a73 successfully
[2017-10-04 14:56:21.716][debug][command:null][tid:41][com.facebook.buck.json.PythonDslProjectBuildFileParser] Closing buck.py process stdin
[2017-10-04 14:56:21.734][debug][command:null][tid:41][com.facebook.buck.json.PythonDslProjectBuildFileParser] Waiting for process com.facebook.buck.util.ProcessExecutor$LaunchedProcessImpl@2bd93a73 to exit...
[2017-10-04 14:56:21.734][debug][command:null][tid:41][com.facebook.buck.json.PythonDslProjectBuildFileParser] Process com.facebook.buck.util.ProcessExecutor$LaunchedProcessImpl@2bd93a73 exited cleanly.
[2017-10-04 14:56:21.743][debug][command:dd68371b-36a8-4379-9b47-824f3d0650b2][tid:01][com.facebook.buck.apple.project_generator.XCodeProjectCommandHelper] Xcode project generation: Killing existing Xcode if needed
[2017-10-04 14:56:21.744][debug][command:dd68371b-36a8-4379-9b47-824f3d0650b2][tid:01][com.facebook.buck.util.PkillProcessManager] Checking if Xcode is running...
[2017-10-04 14:56:21.792][debug][command:dd68371b-36a8-4379-9b47-824f3d0650b2][tid:01][com.facebook.buck.util.PkillProcessManager] Process Xcode is running
[2017-10-04 14:56:21.794][debug][command:dd68371b-36a8-4379-9b47-824f3d0650b2][tid:01][com.facebook.buck.apple.project_generator.XCodeProjectCommandHelper] Will try to force kill Xcode without prompting...
[2017-10-04 14:56:21.794][debug][command:dd68371b-36a8-4379-9b47-824f3d0650b2][tid:01][com.facebook.buck.util.PkillProcessManager] Killing process Xcode...
[2017-10-04 14:56:21.832][debug][command:dd68371b-36a8-4379-9b47-824f3d0650b2][tid:01][com.facebook.buck.util.PkillProcessManager] Killed process Xcode.
[2017-10-04 14:56:21.833][debug][command:dd68371b-36a8-4379-9b47-824f3d0650b2][tid:01][com.facebook.buck.apple.project_generator.XCodeProjectCommandHelper] Xcode project generation: Computing graph roots
[2017-10-04 14:56:21.833][debug][command:dd68371b-36a8-4379-9b47-824f3d0650b2][tid:01][com.facebook.buck.apple.project_generator.XCodeProjectCommandHelper] Xcode project generation: Getting more part of the target graph
[2017-10-04 14:56:21.861][debug][command:dd68371b-36a8-4379-9b47-824f3d0650b2][tid:01][com.facebook.buck.apple.project_generator.XCodeProjectCommandHelper] Xcode project generation: Run the project generator
[2017-10-04 14:56:21.871][debug][command:null][tid:18][com.facebook.buck.event.listener.SuperConsoleEventBusListener] Stopping render scheduler
[2017-10-04 14:56:21.872][debug][command:null][tid:18][com.facebook.buck.event.listener.SuperConsoleEventBusListener] Stopping console output (stdout dirty true, stderr dirty false).
[2017-10-04 14:56:21.913][debug][command:dd68371b-36a8-4379-9b47-824f3d0650b2][tid:01][com.facebook.buck.apple.project_generator.XCodeProjectCommandHelper] Xcode project generation: Generates workspaces for targets
[2017-10-04 14:56:21.932][debug][command:dd68371b-36a8-4379-9b47-824f3d0650b2][tid:01][com.facebook.buck.apple.project_generator.XCodeProjectCommandHelper] Generating workspace for config targets [//Apps/BuckSwiftDemo:BuckSwiftDemo]
[2017-10-04 14:56:21.950][debug][command:dd68371b-36a8-4379-9b47-824f3d0650b2][tid:01][com.facebook.buck.apple.project_generator.WorkspaceAndProjectGenerator] Generating workspace for target //Apps/BuckSwiftDemo:BuckSwiftDemo
[2017-10-04 14:56:21.961][debug][command:dd68371b-36a8-4379-9b47-824f3d0650b2][tid:01][com.facebook.buck.apple.project_generator.WorkspaceAndProjectGenerator] Adding scheme BuckSwiftDemo
[2017-10-04 14:56:21.975][debug][command:dd68371b-36a8-4379-9b47-824f3d0650b2][tid:01][com.facebook.buck.apple.project_generator.WorkspaceAndProjectGenerator] Getting ordered test target nodes for [//Apps/BuckSwiftDemo:BuckSwiftDemoAppLibrary, //Apps/BuckSwiftDemo:BuckSwiftDemo]
[2017-10-04 14:56:21.991][debug][command:null][tid:46][com.facebook.buck.apple.project_generator.WorkspaceAndProjectGenerator] Generating project for directory Apps/BuckSwiftDemo with targets [//Apps/BuckSwiftDemo:BuckSwiftDemoAppLibrary, //Apps/BuckSwiftDemo:BuckSwiftDemo]
[2017-10-04 14:56:22.002][debug][command:null][tid:46][com.facebook.buck.apple.project_generator.ProjectGenerator] Output directory Apps/BuckSwiftDemo, profile fs root path /Users/kieranlafferty/Desktop/BuckTest, repo root relative to output dir ../..
[2017-10-04 14:56:22.013][debug][command:null][tid:46][com.facebook.buck.apple.project_generator.ProjectGenerator] Creating projects for targets [//Apps/BuckSwiftDemo:BuckSwiftDemoAppLibrary, //Apps/BuckSwiftDemo:BuckSwiftDemo]
[2017-10-04 14:56:22.013][debug][command:null][tid:46][com.facebook.buck.apple.project_generator.ProjectGenerator] Including rule //Apps/BuckSwiftDemo:BuckSwiftDemoAppLibrary in project
[2017-10-04 14:56:22.019][debug][command:null][tid:46][com.facebook.buck.apple.project_generator.ProjectGenerator] Generating binary target for node //Apps/BuckSwiftDemo:BuckSwiftDemoAppLibrary
[2017-10-04 14:56:22.102][debug][command:null][tid:46][com.facebook.buck.apple.project_generator.CxxPlatformXcodeConfigGenerator] Cannot determine value of CLANG_CXX_LANGUAGE_STANDARD
[2017-10-04 14:56:22.102][debug][command:null][tid:46][com.facebook.buck.apple.project_generator.CxxPlatformXcodeConfigGenerator] Cannot determine value of CLANG_CXX_LIBRARY
[2017-10-04 14:56:22.109][debug][command:null][tid:46][com.facebook.buck.apple.project_generator.ProjectGenerator] Symlink tree at buck-out/gen/_p/IOwmeDTmoB-pub is up to date, not regenerating (key 02feab3492b353d67cbd771027d79d93b352af37).
[2017-10-04 14:56:22.111][debug][command:null][tid:46][com.facebook.buck.apple.project_generator.ProjectGenerator] Symlink tree at buck-out/gen/_p/IOwmeDTmoB-priv is up to date, not regenerating (key c58dc7ba02beb661c09b820db720001ae268860f).
[2017-10-04 14:56:22.112][debug][command:null][tid:46][com.facebook.buck.apple.project_generator.ProjectGenerator] Generated Cxx library target com.facebook.buck.apple.xcode.xcodeproj.PBXNativeTarget@1a7c1999 isa=PBXNativeTarget gid=null
[2017-10-04 14:56:22.112][debug][command:null][tid:46][com.facebook.buck.apple.project_generator.ProjectGenerator] Generated iOS library target com.facebook.buck.apple.xcode.xcodeproj.PBXNativeTarget@1a7c1999 isa=PBXNativeTarget gid=null
[2017-10-04 14:56:22.113][debug][command:null][tid:46][com.facebook.buck.apple.project_generator.ProjectGenerator] Including rule //Apps/BuckSwiftDemo:BuckSwiftDemo in project
[2017-10-04 14:56:22.120][debug][command:null][tid:46][com.facebook.buck.apple.project_generator.ProjectGenerator] Generating binary target for node //Apps/BuckSwiftDemo:BuckSwiftDemoBinary
[2017-10-04 14:56:22.126][debug][command:null][tid:46][com.facebook.buck.apple.project_generator.CxxPlatformXcodeConfigGenerator] Cannot determine value of CLANG_CXX_LANGUAGE_STANDARD
[2017-10-04 14:56:22.126][debug][command:null][tid:46][com.facebook.buck.apple.project_generator.CxxPlatformXcodeConfigGenerator] Cannot determine value of CLANG_CXX_LIBRARY
[2017-10-04 14:56:22.128][debug][command:null][tid:46][com.facebook.buck.apple.project_generator.ProjectGenerator] Symlink tree at buck-out/gen/_p/aUAL8KG4gc-pub is up to date, not regenerating (key c58dc7ba02beb661c09b820db720001ae268860f).
[2017-10-04 14:56:22.128][debug][command:null][tid:46][com.facebook.buck.apple.project_generator.ProjectGenerator] Symlink tree at buck-out/gen/_p/aUAL8KG4gc-priv is up to date, not regenerating (key c58dc7ba02beb661c09b820db720001ae268860f).
[2017-10-04 14:56:22.129][debug][command:null][tid:46][com.facebook.buck.apple.project_generator.ProjectGenerator] Generated iOS bundle target com.facebook.buck.apple.xcode.xcodeproj.PBXNativeTarget@1b2b581 isa=PBXNativeTarget gid=null
[2017-10-04 14:56:22.143][debug][command:null][tid:46][com.facebook.buck.apple.project_generator.ProjectGenerator] Not regenerating project at Apps/BuckSwiftDemo/BuckSwiftDemo.xcodeproj/project.pbxproj (contents have not changed)
[2017-10-04 14:56:22.161][debug][command:dd68371b-36a8-4379-9b47-824f3d0650b2][tid:01][com.facebook.buck.apple.project_generator.SchemeGenerator] Generating scheme with build targets [com.facebook.buck.apple.xcode.xcodeproj.PBXNativeTarget@1a7c1999 isa=PBXNativeTarget gid=E66DC04EB99A727500000000, com.facebook.buck.apple.xcode.xcodeproj.PBXNativeTarget@1b2b581 isa=PBXNativeTarget gid=E66DC04E73F738BB00000000], test build targets [], test bundle targets []
[2017-10-04 14:56:22.204][debug][command:dd68371b-36a8-4379-9b47-824f3d0650b2][tid:01][com.facebook.buck.apple.project_generator.XCodeProjectCommandHelper] Required build targets for workspace //Apps/BuckSwiftDemo:BuckSwiftDemo: []
[2017-10-04 14:56:22.207][info ][command:dd68371b-36a8-4379-9b47-824f3d0650b2][tid:01][com.facebook.buck.cli.Main] Awaiting termination of HTTP Write executor service. Waiting for all jobs to complete, or up to maximum of 1800 seconds...
[2017-10-04 14:56:22.209][info ][command:dd68371b-36a8-4379-9b47-824f3d0650b2][tid:01][com.facebook.buck.cli.Main] Awaiting termination of CounterAggregatorExecutor executor service. Waiting for all jobs to complete, or up to maximum of 20 seconds...
[2017-10-04 14:56:22.214][debug][command:dd68371b-36a8-4379-9b47-824f3d0650b2][tid:21][com.facebook.buck.util.perf.ProcessTracker] shutDown
[2017-10-04 14:56:22.214][debug][command:dd68371b-36a8-4379-9b47-824f3d0650b2][tid:20][com.google.common.util.concurrent.ServiceManager] Service PerfStatsTracking [TERMINATED] has terminated. Previous state was: STOPPING
[2017-10-04 14:56:22.215][debug][command:dd68371b-36a8-4379-9b47-824f3d0650b2][tid:01][com.facebook.buck.event.listener.SuperConsoleEventBusListener] Stopping render scheduler
[2017-10-04 14:56:22.216][debug][command:dd68371b-36a8-4379-9b47-824f3d0650b2][tid:21][com.google.common.util.concurrent.ServiceManager] Service ProcessTracker [TERMINATED] has terminated. Previous state was: STOPPING
[2017-10-04 14:56:22.216][debug][command:dd68371b-36a8-4379-9b47-824f3d0650b2][tid:01][com.facebook.buck.event.listener.SuperConsoleEventBusListener] Stopping render scheduler
[2017-10-04 14:56:22.216][debug][command:dd68371b-36a8-4379-9b47-824f3d0650b2][tid:01][com.facebook.buck.event.listener.SuperConsoleEventBusListener] Stopping console output (stdout dirty true, stderr dirty false).
[2017-10-04 14:56:22.216][info ][command:dd68371b-36a8-4379-9b47-824f3d0650b2][tid:01][com.facebook.buck.cli.Main] Awaiting termination of CPU executor service. Waiting for all jobs to complete, or up to maximum of 60 seconds...
[2017-10-04 14:56:22.216][info ][command:dd68371b-36a8-4379-9b47-824f3d0650b2][tid:01][com.facebook.buck.cli.Main] Awaiting termination of NETWORK executor service. Waiting for all jobs to complete, or up to maximum of 60 seconds...
[2017-10-04 14:56:22.216][info ][command:dd68371b-36a8-4379-9b47-824f3d0650b2][tid:01][com.facebook.buck.cli.Main] Awaiting termination of PROJECT executor service. Waiting for all jobs to complete, or up to maximum of 60 seconds...
[2017-10-04 14:56:22.217][info ][command:dd68371b-36a8-4379-9b47-824f3d0650b2][tid:01][com.facebook.buck.cli.Main] Awaiting termination of ScheduledExecutorService executor service. Waiting for all jobs to complete, or up to maximum of 60 seconds...
[2017-10-04 14:56:22.217][info ][command:dd68371b-36a8-4379-9b47-824f3d0650b2][tid:01][com.facebook.buck.cli.Main] Awaiting termination of Disk IO executor service. Waiting for all jobs to complete, or up to maximum of 10 seconds...
[2017-10-04 14:56:22.217][debug][command:dd68371b-36a8-4379-9b47-824f3d0650b2][tid:01][com.facebook.buck.event.listener.SuperConsoleEventBusListener] Stopping render scheduler
[2017-10-04 14:56:22.217][debug][command:dd68371b-36a8-4379-9b47-824f3d0650b2][tid:01][com.facebook.buck.event.listener.SuperConsoleEventBusListener] Stopping render scheduler
[2017-10-04 14:56:22.217][debug][command:dd68371b-36a8-4379-9b47-824f3d0650b2][tid:01][com.facebook.buck.event.listener.SuperConsoleEventBusListener] Stopping console output (stdout dirty true, stderr dirty false).
[2017-10-04 14:56:22.218][debug][command:dd68371b-36a8-4379-9b47-824f3d0650b2][tid:01][com.facebook.buck.event.listener.ChromeTraceBuildListener] Writing Chrome trace to buck-out/log/2017-10-04_21h56m18s_projectcommand_dd68371b-36a8-4379-9b47-824f3d0650b2/build.2017-10-04.14-56-18.dd68371b-36a8-4379-9b47-824f3d0650b2.trace
[2017-10-04 14:56:22.249][debug][command:null][tid:01][com.facebook.buck.cli.Main] Done.
