[2017-10-04 15:31:00.558][debug][command:null][tid:01][com.facebook.buck.cli.Main] Starting up (build date 2017-09-05 09:32:04 -0700, rev v2017.09.04.01), args: [project, //Apps/BuckSwiftDemo:BuckSwiftDemo, --ide, xcode]
[2017-10-04 15:31:00.561][debug][command:null][tid:01][com.facebook.buck.cli.Main] System properties: {java.vendor=Oracle Corporation, sun.java.launcher=SUN_STANDARD, sun.management.compiler=HotSpot 64-Bit Tiered Compilers, jnidispatch.path=/Users/kieranlafferty/Code/BuckSwiftDemo/buck-out/tmp/buck_run.sFc1O5/jna-1773210207/jna9009764621295537086.tmp, os.name=Mac OS X, buck.enable_objc=true, sun.boot.class.path=/Library/Java/JavaVirtualMachines/jdk1.8.0_131.jdk/Contents/Home/jre/lib/resources.jar:/Library/Java/JavaVirtualMachines/jdk1.8.0_131.jdk/Contents/Home/jre/lib/rt.jar:/Library/Java/JavaVirtualMachines/jdk1.8.0_131.jdk/Contents/Home/jre/lib/sunrsasign.jar:/Library/Java/JavaVirtualMachines/jdk1.8.0_131.jdk/Contents/Home/jre/lib/jsse.jar:/Library/Java/JavaVirtualMachines/jdk1.8.0_131.jdk/Contents/Home/jre/lib/jce.jar:/Library/Java/JavaVirtualMachines/jdk1.8.0_131.jdk/Contents/Home/jre/lib/charsets.jar:/Library/Java/JavaVirtualMachines/jdk1.8.0_131.jdk/Contents/Home/jre/lib/jfr.jar:/Library/Java/JavaVirtualMachines/jdk1.8.0_131.jdk/Contents/Home/jre/classes, buck.resource_lock_path=/Users/kieranlafferty/Code/BuckSwiftDemo/.buckd/resources/v2017.09.04.01/.buck_lock, java.vm.specification.vendor=Oracle Corporation, java.runtime.version=1.8.0_131-b11, jna.loaded=true, buck.testrunner_classes=/Users/kieranlafferty/Code/BuckSwiftDemo/.buckd/resources/v2017.09.04.01/testrunner_classes, buck.logging_config_file=/Users/kieranlafferty/Code/BuckSwiftDemo/.buckd/resources/v2017.09.04.01/logging_config_file, buck.path_to_sh_binary_template=/Users/kieranlafferty/Code/BuckSwiftDemo/.buckd/resources/v2017.09.04.01/path_to_sh_binary_template, user.name=kieranlafferty, buck.path_to_pywatchman=/Users/kieranlafferty/Code/BuckSwiftDemo/.buckd/resources/v2017.09.04.01/path_to_pywatchman, buck.report_generator_jar=/Users/kieranlafferty/Code/BuckSwiftDemo/.buckd/resources/v2017.09.04.01/report_generator_jar, buck.git_commit=v2017.09.04.01, user.language=en, sun.boot.library.path=/Library/Java/JavaVirtualMachines/jdk1.8.0_131.jdk/Contents/Home/jre/lib, java.version=1.8.0_131, user.timezone=America/Los_Angeles, buck.test_util_no_tests_dir=true, sun.arch.data.model=64, http.nonProxyHosts=local|*.local|169.254/16|*.169.254/16, java.endorsed.dirs=/Library/Java/JavaVirtualMachines/jdk1.8.0_131.jdk/Contents/Home/jre/lib/endorsed, sun.cpu.isalist=, sun.jnu.encoding=UTF-8, file.encoding.pkg=sun.io, file.separator=/, java.specification.name=Java Platform API Specification, buck.jacoco_agent_jar=/Users/kieranlafferty/Code/BuckSwiftDemo/.buckd/resources/v2017.09.04.01/jacoco_agent_jar, java.class.version=52.0, user.country=US, java.home=/Library/Java/JavaVirtualMachines/jdk1.8.0_131.jdk/Contents/Home/jre, java.vm.info=mixed mode, os.version=10.12.6, buck.external_executor_jar=/Users/kieranlafferty/Code/BuckSwiftDemo/.buckd/resources/v2017.09.04.01/external_executor_jar, buck.version_uid=v2017.09.04.01, org.eclipse.jetty.util.log.class=org.eclipse.jetty.util.log.JavaUtilLog, path.separator=:, java.vm.version=25.131-b11, java.awt.printerjob=sun.lwawt.macosx.CPrinterJob, sun.io.unicode.encoding=UnicodeBig, awt.toolkit=sun.lwawt.macosx.LWCToolkit, socksNonProxyHosts=local|*.local|169.254/16|*.169.254/16, buck.buck_build_type_info=/Users/kieranlafferty/Code/BuckSwiftDemo/.buckd/resources/v2017.09.04.01/buck_build_type_info, ftp.nonProxyHosts=local|*.local|169.254/16|*.169.254/16, buck.dx=/Users/kieranlafferty/Code/BuckSwiftDemo/.buckd/resources/v2017.09.04.01/dx, buck.git_commit_timestamp=1504629124, user.home=/Users/kieranlafferty, buck.path_to_asm_jar=/Users/kieranlafferty/Code/BuckSwiftDemo/.buckd/resources/v2017.09.04.01/path_to_asm_jar, java.specification.vendor=Oracle Corporation, buck.git_dirty=0, java.library.path=/Users/kieranlafferty/Code/BuckSwiftDemo/.buckd/resources/v2017.09.04.01, java.vendor.url=http://java.oracle.com/, java.vm.vendor=Oracle Corporation, gopherProxySet=false, java.runtime.name=Java(TM) SE Runtime Environment, sun.java.command=com.facebook.buck.cli.bootstrapper.ClassLoaderBootstrapper com.facebook.buck.cli.Main project //Apps/BuckSwiftDemo:BuckSwiftDemo --ide xcode, java.class.path=/Users/kieranlafferty/Code/BuckSwiftDemo/.buckd/resources/v2017.09.04.01/bootstrapper_jar, buck.buckd_dir=/Users/kieranlafferty/Code/BuckSwiftDemo/.buckd, buck.path_to_pathlib_py=/Users/kieranlafferty/Code/BuckSwiftDemo/.buckd/resources/v2017.09.04.01/pathlib.py, java.vm.specification.name=Java Virtual Machine Specification, java.vm.specification.version=1.8, sun.cpu.endian=little, buck.path_to_rawmanifest_py=/Users/kieranlafferty/Code/BuckSwiftDemo/.buckd/resources/v2017.09.04.01/rawmanifest.py, sun.os.patch.level=unknown, java.awt.headless=true, java.io.tmpdir=/Users/kieranlafferty/Code/BuckSwiftDemo/buck-out/tmp/buck_run.sFc1O5, buck.android_agent_path=/Users/kieranlafferty/Code/BuckSwiftDemo/.buckd/resources/v2017.09.04.01/android_agent_path, java.vendor.url.bug=http://bugreport.sun.com/bugreport/, buck.path_to_python_dsl=, os.arch=x86_64, java.awt.graphicsenv=sun.awt.CGraphicsEnvironment, buck.path_to_pex=/Users/kieranlafferty/Code/BuckSwiftDemo/.buckd/resources/v2017.09.04.01/path_to_pex, java.ext.dirs=/Users/kieranlafferty/Library/Java/Extensions:/Library/Java/JavaVirtualMachines/jdk1.8.0_131.jdk/Contents/Home/jre/lib/ext:/Library/Java/Extensions:/Network/Library/Java/Extensions:/System/Library/Java/Extensions:/usr/lib/java, java.util.logging.config.class=com.facebook.buck.cli.bootstrapper.LogConfig, user.dir=/Users/kieranlafferty/Code/BuckSwiftDemo, line.separator=
, java.vm.name=Java HotSpot(TM) 64-Bit Server VM, buck.path_to_typing=/Users/kieranlafferty/Code/BuckSwiftDemo/.buckd/resources/v2017.09.04.01/path_to_typing, buck.native_exopackage_fake_path=/Users/kieranlafferty/Code/BuckSwiftDemo/.buckd/resources/v2017.09.04.01/native_exopackage_fake_path, file.encoding=UTF-8, java.specification.version=1.8}
[2017-10-04 15:31:00.574][debug][command:null][tid:01][com.facebook.buck.config.Configs] Loading configuration for /Users/kieranlafferty/Code/BuckSwiftDemo
[2017-10-04 15:31:00.635][debug][command:null][tid:01][com.facebook.buck.config.Configs] Loaded a configuration file /Users/kieranlafferty/Code/BuckSwiftDemo/.buckconfig: {project={ide_force_kill=always}, cxx={default_platform=iphonesimulator-x86_64, cflags=-g -fmodules -fobjc-arc -D BUCK -w, combined_preprocess_and_compile=true}, swift={version=3.0, compiler_flags=-DBUCK -whole-module-optimization -enable-testing -suppress-warnings}, apple={iphonesimulator_target_sdk_version=10.0, iphoneos_target_sdk_version=10.0, use_swift_delegate=false}}
[2017-10-04 15:31:00.636][debug][command:null][tid:01][com.facebook.buck.config.Configs] Adding configuration overrides RawConfig{values={}}
[2017-10-04 15:31:00.706][debug][command:null][tid:01][com.facebook.buck.config.Configs] Loading configuration for /Users/kieranlafferty/Code/BuckSwiftDemo
[2017-10-04 15:31:00.707][debug][command:null][tid:01][com.facebook.buck.config.Configs] Loaded a configuration file /Users/kieranlafferty/Code/BuckSwiftDemo/.buckconfig: {project={ide_force_kill=always}, cxx={default_platform=iphonesimulator-x86_64, cflags=-g -fmodules -fobjc-arc -D BUCK -w, combined_preprocess_and_compile=true}, swift={version=3.0, compiler_flags=-DBUCK -whole-module-optimization -enable-testing -suppress-warnings}, apple={iphonesimulator_target_sdk_version=10.0, iphoneos_target_sdk_version=10.0, use_swift_delegate=false}}
[2017-10-04 15:31:00.707][debug][command:null][tid:01][com.facebook.buck.config.Configs] Adding configuration overrides RawConfig{values={}}
[2017-10-04 15:31:00.942][debug][command:null][tid:01][com.facebook.buck.apple.AppleToolchainDiscovery] Searching for Xcode toolchains under /Applications/Xcode.app/Contents/Developer/Toolchains
[2017-10-04 15:31:00.943][debug][command:null][tid:01][com.facebook.buck.apple.AppleToolchainDiscovery] Searching for Xcode toolchains in /Applications/Xcode.app/Contents/Developer/Toolchains
[2017-10-04 15:31:00.947][debug][command:null][tid:01][com.facebook.buck.apple.AppleToolchainDiscovery] Getting identifier for for Xcode toolchain under /Applications/Xcode.app/Contents/Developer/Toolchains/XcodeDefault.xctoolchain
[2017-10-04 15:31:00.964][debug][command:null][tid:01][com.facebook.buck.apple.AppleToolchainDiscovery] Mapped SDK identifier com.apple.dt.toolchain.XcodeDefault to path /Applications/Xcode.app/Contents/Developer/Toolchains/XcodeDefault.xctoolchain
[2017-10-04 15:31:00.974][debug][command:null][tid:01][com.facebook.buck.apple.AppleSdkDiscovery] Searching for Xcode platforms under /Applications/Xcode.app/Contents/Developer/Platforms
[2017-10-04 15:31:00.979][debug][command:null][tid:01][com.facebook.buck.apple.AppleSdkDiscovery] Searching for Xcode SDKs in /Applications/Xcode.app/Contents/Developer/Platforms
[2017-10-04 15:31:00.980][debug][command:null][tid:01][com.facebook.buck.apple.AppleSdkDiscovery] Fetching SDK name for /Applications/Xcode.app/Contents/Developer/Platforms/AppleTVOS.platform/Developer/SDKs/AppleTVOS.sdk
[2017-10-04 15:31:00.989][debug][command:null][tid:01][com.facebook.buck.apple.AppleSdkDiscovery] Found SDK AppleSdk{name=appletvos11.0, version=11.0, applePlatform=ApplePlatform{name=appletvos, provisioningProfileName=tvOS, architectures=[arm64], minVersionFlagPrefix=-mtvos-version-min=, appIncludesFrameworks=false}, architectures=[arm64], toolchains=[AppleToolchain{identifier=com.apple.dt.toolchain.XcodeDefault, path=/Applications/Xcode.app/Contents/Developer/Toolchains/XcodeDefault.xctoolchain}]}
[2017-10-04 15:31:00.991][debug][command:null][tid:01][com.facebook.buck.apple.AppleSdkDiscovery] Fetching SDK name for /Applications/Xcode.app/Contents/Developer/Platforms/AppleTVOS.platform/Developer/SDKs/AppleTVOS11.0.sdk
[2017-10-04 15:31:00.991][debug][command:null][tid:01][com.facebook.buck.apple.AppleSdkDiscovery] Skipping already scanned SDK directory /Applications/Xcode.app/Contents/Developer/Platforms/AppleTVOS.platform/Developer/SDKs/AppleTVOS.sdk
[2017-10-04 15:31:00.991][debug][command:null][tid:01][com.facebook.buck.apple.AppleSdkDiscovery] Fetching SDK name for /Applications/Xcode.app/Contents/Developer/Platforms/AppleTVSimulator.platform/Developer/SDKs/AppleTVSimulator.sdk
[2017-10-04 15:31:00.993][debug][command:null][tid:01][com.facebook.buck.apple.AppleSdkDiscovery] Found SDK AppleSdk{name=appletvsimulator11.0, version=11.0, applePlatform=ApplePlatform{name=appletvsimulator, swiftName=tvos, architectures=[x86_64], minVersionFlagPrefix=-mtvos-simulator-version-min=, appIncludesFrameworks=false}, architectures=[x86_64], toolchains=[AppleToolchain{identifier=com.apple.dt.toolchain.XcodeDefault, path=/Applications/Xcode.app/Contents/Developer/Toolchains/XcodeDefault.xctoolchain}]}
[2017-10-04 15:31:00.993][debug][command:null][tid:01][com.facebook.buck.apple.AppleSdkDiscovery] Fetching SDK name for /Applications/Xcode.app/Contents/Developer/Platforms/AppleTVSimulator.platform/Developer/SDKs/AppleTVSimulator11.0.sdk
[2017-10-04 15:31:00.993][debug][command:null][tid:01][com.facebook.buck.apple.AppleSdkDiscovery] Skipping already scanned SDK directory /Applications/Xcode.app/Contents/Developer/Platforms/AppleTVSimulator.platform/Developer/SDKs/AppleTVSimulator.sdk
[2017-10-04 15:31:00.994][debug][command:null][tid:01][com.facebook.buck.apple.AppleSdkDiscovery] Fetching SDK name for /Applications/Xcode.app/Contents/Developer/Platforms/iPhoneOS.platform/Developer/SDKs/iPhoneOS.sdk
[2017-10-04 15:31:00.995][debug][command:null][tid:01][com.facebook.buck.apple.AppleSdkDiscovery] Found SDK AppleSdk{name=iphoneos11.0, version=11.0, applePlatform=ApplePlatform{name=iphoneos, swiftName=ios, provisioningProfileName=iOS, architectures=[armv7, arm64], minVersionFlagPrefix=-mios-version-min=, stubBinaryPath=Library/Application Support/WatchKit/WK, appIncludesFrameworks=false}, architectures=[armv7, arm64], toolchains=[AppleToolchain{identifier=com.apple.dt.toolchain.XcodeDefault, path=/Applications/Xcode.app/Contents/Developer/Toolchains/XcodeDefault.xctoolchain}]}
[2017-10-04 15:31:00.995][debug][command:null][tid:01][com.facebook.buck.apple.AppleSdkDiscovery] Fetching SDK name for /Applications/Xcode.app/Contents/Developer/Platforms/iPhoneOS.platform/Developer/SDKs/iPhoneOS11.0.sdk
[2017-10-04 15:31:00.995][debug][command:null][tid:01][com.facebook.buck.apple.AppleSdkDiscovery] Skipping already scanned SDK directory /Applications/Xcode.app/Contents/Developer/Platforms/iPhoneOS.platform/Developer/SDKs/iPhoneOS.sdk
[2017-10-04 15:31:00.996][debug][command:null][tid:01][com.facebook.buck.apple.AppleSdkDiscovery] Fetching SDK name for /Applications/Xcode.app/Contents/Developer/Platforms/iPhoneSimulator.platform/Developer/SDKs/iPhoneSimulator.sdk
[2017-10-04 15:31:00.997][debug][command:null][tid:01][com.facebook.buck.apple.AppleSdkDiscovery] Found SDK AppleSdk{name=iphonesimulator11.0, version=11.0, applePlatform=ApplePlatform{name=iphonesimulator, swiftName=ios, architectures=[i386, x86_64], minVersionFlagPrefix=-mios-simulator-version-min=, stubBinaryPath=Library/Application Support/WatchKit/WK, appIncludesFrameworks=false}, architectures=[i386, x86_64], toolchains=[AppleToolchain{identifier=com.apple.dt.toolchain.XcodeDefault, path=/Applications/Xcode.app/Contents/Developer/Toolchains/XcodeDefault.xctoolchain}]}
[2017-10-04 15:31:00.997][debug][command:null][tid:01][com.facebook.buck.apple.AppleSdkDiscovery] Fetching SDK name for /Applications/Xcode.app/Contents/Developer/Platforms/iPhoneSimulator.platform/Developer/SDKs/iPhoneSimulator11.0.sdk
[2017-10-04 15:31:00.997][debug][command:null][tid:01][com.facebook.buck.apple.AppleSdkDiscovery] Skipping already scanned SDK directory /Applications/Xcode.app/Contents/Developer/Platforms/iPhoneSimulator.platform/Developer/SDKs/iPhoneSimulator.sdk
[2017-10-04 15:31:00.998][debug][command:null][tid:01][com.facebook.buck.apple.AppleSdkDiscovery] Fetching SDK name for /Applications/Xcode.app/Contents/Developer/Platforms/MacOSX.platform/Developer/SDKs/MacOSX.sdk
[2017-10-04 15:31:01.067][debug][command:null][tid:01][com.facebook.buck.apple.AppleSdkDiscovery] Found SDK AppleSdk{name=macosx10.13, version=10.13, applePlatform=ApplePlatform{name=macosx, architectures=[i386, x86_64], minVersionFlagPrefix=-mmacosx-version-min=, appIncludesFrameworks=true}, architectures=[i386, x86_64], toolchains=[AppleToolchain{identifier=com.apple.dt.toolchain.XcodeDefault, path=/Applications/Xcode.app/Contents/Developer/Toolchains/XcodeDefault.xctoolchain}]}
[2017-10-04 15:31:01.067][debug][command:null][tid:01][com.facebook.buck.apple.AppleSdkDiscovery] Fetching SDK name for /Applications/Xcode.app/Contents/Developer/Platforms/MacOSX.platform/Developer/SDKs/MacOSX10.13.sdk
[2017-10-04 15:31:01.068][debug][command:null][tid:01][com.facebook.buck.apple.AppleSdkDiscovery] Skipping already scanned SDK directory /Applications/Xcode.app/Contents/Developer/Platforms/MacOSX.platform/Developer/SDKs/MacOSX.sdk
[2017-10-04 15:31:01.068][debug][command:null][tid:01][com.facebook.buck.apple.AppleSdkDiscovery] Fetching SDK name for /Applications/Xcode.app/Contents/Developer/Platforms/WatchOS.platform/Developer/SDKs/WatchOS.sdk
[2017-10-04 15:31:01.070][debug][command:null][tid:01][com.facebook.buck.apple.AppleSdkDiscovery] Found SDK AppleSdk{name=watchos4.0, version=4.0, applePlatform=ApplePlatform{name=watchos, provisioningProfileName=iOS, architectures=[armv7k], minVersionFlagPrefix=-mwatchos-version-min=, stubBinaryPath=Library/Application Support/WatchKit/WK, appIncludesFrameworks=false}, architectures=[armv7k], toolchains=[AppleToolchain{identifier=com.apple.dt.toolchain.XcodeDefault, path=/Applications/Xcode.app/Contents/Developer/Toolchains/XcodeDefault.xctoolchain}]}
[2017-10-04 15:31:01.070][debug][command:null][tid:01][com.facebook.buck.apple.AppleSdkDiscovery] Fetching SDK name for /Applications/Xcode.app/Contents/Developer/Platforms/WatchOS.platform/Developer/SDKs/WatchOS4.0.sdk
[2017-10-04 15:31:01.070][debug][command:null][tid:01][com.facebook.buck.apple.AppleSdkDiscovery] Skipping already scanned SDK directory /Applications/Xcode.app/Contents/Developer/Platforms/WatchOS.platform/Developer/SDKs/WatchOS.sdk
[2017-10-04 15:31:01.071][debug][command:null][tid:01][com.facebook.buck.apple.AppleSdkDiscovery] Fetching SDK name for /Applications/Xcode.app/Contents/Developer/Platforms/WatchSimulator.platform/Developer/SDKs/WatchSimulator.sdk
[2017-10-04 15:31:01.072][debug][command:null][tid:01][com.facebook.buck.apple.AppleSdkDiscovery] Found SDK AppleSdk{name=watchsimulator4.0, version=4.0, applePlatform=ApplePlatform{name=watchsimulator, architectures=[i386], minVersionFlagPrefix=-mwatchos-simulator-version-min=, stubBinaryPath=Library/Application Support/WatchKit/WK, appIncludesFrameworks=false}, architectures=[i386], toolchains=[AppleToolchain{identifier=com.apple.dt.toolchain.XcodeDefault, path=/Applications/Xcode.app/Contents/Developer/Toolchains/XcodeDefault.xctoolchain}]}
[2017-10-04 15:31:01.072][debug][command:null][tid:01][com.facebook.buck.apple.AppleSdkDiscovery] Fetching SDK name for /Applications/Xcode.app/Contents/Developer/Platforms/WatchSimulator.platform/Developer/SDKs/WatchSimulator4.0.sdk
[2017-10-04 15:31:01.073][debug][command:null][tid:01][com.facebook.buck.apple.AppleSdkDiscovery] Skipping already scanned SDK directory /Applications/Xcode.app/Contents/Developer/Platforms/WatchSimulator.platform/Developer/SDKs/WatchSimulator.sdk
[2017-10-04 15:31:01.094][debug][command:null][tid:01][com.facebook.buck.cli.Main] Not using Watchman, context present: false, glob handler: PYTHON
[2017-10-04 15:31:01.211][debug][command:f22250b5-7a9d-4ce5-8b18-26fdce7cd086][tid:01][com.facebook.buck.event.listener.SuperConsoleEventBusListener] Starting render scheduler (interval 100 ms)
[2017-10-04 15:31:01.284][debug][command:f22250b5-7a9d-4ce5-8b18-26fdce7cd086][tid:01][com.google.common.util.concurrent.ServiceManager] Starting PerfStatsTracking [RUNNING].
[2017-10-04 15:31:01.284][debug][command:f22250b5-7a9d-4ce5-8b18-26fdce7cd086][tid:01][com.google.common.util.concurrent.ServiceManager] Started PerfStatsTracking [RUNNING] in 528.6 μs.
[2017-10-04 15:31:01.290][debug][command:f22250b5-7a9d-4ce5-8b18-26fdce7cd086][tid:01][com.google.common.util.concurrent.ServiceManager] Starting ProcessTracker [STARTING].
[2017-10-04 15:31:01.290][debug][command:null][tid:21][com.facebook.buck.util.perf.ProcessTracker] startUp
[2017-10-04 15:31:01.290][debug][command:f22250b5-7a9d-4ce5-8b18-26fdce7cd086][tid:01][com.facebook.buck.cli.Main] InvocationInfo BuildId=[f22250b5-7a9d-4ce5-8b18-26fdce7cd086] Args=[project, //Apps/BuckSwiftDemo:BuckSwiftDemo, --ide, xcode]
[2017-10-04 15:31:01.311][debug][command:f22250b5-7a9d-4ce5-8b18-26fdce7cd086][tid:01][com.facebook.buck.util.environment.MacWifiSsidFinder] Getting current SSID..
[2017-10-04 15:31:01.363][debug][command:f22250b5-7a9d-4ce5-8b18-26fdce7cd086][tid:01][com.facebook.buck.util.environment.MacWifiSsidFinder] Getting SSID from Wi-Fi interface: <CWInterface: 0x7fecf57d2d20> [interfaceName=en0]
[2017-10-04 15:31:01.364][debug][command:f22250b5-7a9d-4ce5-8b18-26fdce7cd086][tid:01][com.facebook.buck.util.environment.MacWifiSsidFinder] Found SSID: SciFi
[2017-10-04 15:31:01.390][debug][command:null][tid:21][com.google.common.util.concurrent.ServiceManager] Started ProcessTracker [RUNNING] in 100.8 ms.
[2017-10-04 15:31:02.138][debug][command:f22250b5-7a9d-4ce5-8b18-26fdce7cd086][tid:01][com.facebook.buck.cli.Main] new Buck daemon
[2017-10-04 15:31:02.138][warn ][command:null][tid:24][com.facebook.buck.event.listener.PublicAnnouncementManager] Failed to get public announcements. Reason: Failed to establish connection to server.
[2017-10-04 15:31:02.161][info ][command:null][tid:26][com.facebook.buck.util.versioncontrol.VersionControlStatsGenerator] Starting generation of version control stats.
[2017-10-04 15:31:02.166][debug][command:null][tid:26][com.facebook.buck.util.versioncontrol.VersionControlCmdLineInterface] Executing command: hg log -l 1 --template {node|short}
[2017-10-04 15:31:02.170][warn ][command:null][tid:26][com.facebook.buck.util.versioncontrol.DelegatingVersionControlCmdLineInterface] Mercurial is the only VCS supported for VCS stats generation, however current project (which has enabled VCS stats generation in its .buckconfig) does not appear to be a Mercurial repository: 
com.facebook.buck.util.versioncontrol.VersionControlCommandFailedException: java.io.IOException: Cannot run program "hg" (in directory "/Users/kieranlafferty/Code/BuckSwiftDemo"): error=2, No such file or directory
[2017-10-04 15:31:02.171][debug][command:null][tid:26][com.facebook.buck.util.versioncontrol.DelegatingVersionControlCmdLineInterface] Using NoOpCmdLineInterface.
[2017-10-04 15:31:02.172][warn ][command:null][tid:26][com.facebook.buck.util.versioncontrol.VersionControlStatsGenerator] Skipping generation of version control stats as unsupported repository type.
[2017-10-04 15:31:02.178][debug][command:null][tid:26][com.facebook.buck.util.environment.MacNetworkConfiguration] Determine network service order and extract device names
[2017-10-04 15:31:02.208][debug][command:null][tid:26][com.facebook.buck.util.ListeningProcessExecutor] Launching process with params ProcessExecutorParams{command=[networksetup, -listnetworkserviceorder, ]}
[2017-10-04 15:31:02.264][debug][command:null][tid:26][com.facebook.buck.util.ListeningProcessExecutor] Successfully launched process com.zaxxer.nuprocess.osx.OsxProcess@53c0be15
[2017-10-04 15:31:02.267][debug][command:null][tid:26][com.facebook.buck.util.ListeningProcessExecutor] Waiting for process com.facebook.buck.util.ListeningProcessExecutor$LaunchedProcessImpl@78314aa2 timeout 1000 MILLISECONDS
[2017-10-04 15:31:02.326][debug][command:null][tid:26][com.facebook.buck.util.ListeningProcessExecutor] Wait for process returned 0
[2017-10-04 15:31:02.326][debug][command:null][tid:26][com.facebook.buck.util.ListeningProcessExecutor] Destroying process com.facebook.buck.util.ListeningProcessExecutor$LaunchedProcessImpl@78314aa2 (force true)
[2017-10-04 15:31:02.326][debug][command:null][tid:26][com.facebook.buck.util.environment.MacNetworkConfiguration] Determine active state of media for device
[2017-10-04 15:31:02.327][debug][command:null][tid:26][com.facebook.buck.util.ListeningProcessExecutor] Launching process with params ProcessExecutorParams{command=[networksetup, -getMedia, usbmodem14110]}
[2017-10-04 15:31:02.329][debug][command:null][tid:26][com.facebook.buck.util.ListeningProcessExecutor] Successfully launched process com.zaxxer.nuprocess.osx.OsxProcess@2e5773a7
[2017-10-04 15:31:02.330][debug][command:null][tid:26][com.facebook.buck.util.ListeningProcessExecutor] Waiting for process com.facebook.buck.util.ListeningProcessExecutor$LaunchedProcessImpl@f4c5a6f timeout 1000 MILLISECONDS
[2017-10-04 15:31:02.367][debug][command:null][tid:26][com.facebook.buck.util.ListeningProcessExecutor] Wait for process returned 4
[2017-10-04 15:31:02.367][debug][command:null][tid:26][com.facebook.buck.util.ListeningProcessExecutor] Destroying process com.facebook.buck.util.ListeningProcessExecutor$LaunchedProcessImpl@f4c5a6f (force true)
[2017-10-04 15:31:02.367][debug][command:null][tid:26][com.facebook.buck.util.environment.MacNetworkConfiguration] Determine active state of media for device
[2017-10-04 15:31:02.367][debug][command:null][tid:26][com.facebook.buck.util.ListeningProcessExecutor] Launching process with params ProcessExecutorParams{command=[networksetup, -getMedia, lpss-serial1]}
[2017-10-04 15:31:02.369][debug][command:null][tid:26][com.facebook.buck.util.ListeningProcessExecutor] Successfully launched process com.zaxxer.nuprocess.osx.OsxProcess@58146e87
[2017-10-04 15:31:02.371][debug][command:null][tid:26][com.facebook.buck.util.ListeningProcessExecutor] Waiting for process com.facebook.buck.util.ListeningProcessExecutor$LaunchedProcessImpl@2a025b7d timeout 1000 MILLISECONDS
[2017-10-04 15:31:02.408][debug][command:null][tid:26][com.facebook.buck.util.ListeningProcessExecutor] Wait for process returned 4
[2017-10-04 15:31:02.408][debug][command:null][tid:26][com.facebook.buck.util.ListeningProcessExecutor] Destroying process com.facebook.buck.util.ListeningProcessExecutor$LaunchedProcessImpl@2a025b7d (force true)
[2017-10-04 15:31:02.408][debug][command:null][tid:26][com.facebook.buck.util.environment.MacNetworkConfiguration] Determine active state of media for device
[2017-10-04 15:31:02.408][debug][command:null][tid:26][com.facebook.buck.util.ListeningProcessExecutor] Launching process with params ProcessExecutorParams{command=[networksetup, -getMedia, lpss-serial2]}
[2017-10-04 15:31:02.411][debug][command:null][tid:26][com.facebook.buck.util.ListeningProcessExecutor] Successfully launched process com.zaxxer.nuprocess.osx.OsxProcess@3fdddfd1
[2017-10-04 15:31:02.412][debug][command:null][tid:26][com.facebook.buck.util.ListeningProcessExecutor] Waiting for process com.facebook.buck.util.ListeningProcessExecutor$LaunchedProcessImpl@522f6567 timeout 1000 MILLISECONDS
[2017-10-04 15:31:02.449][debug][command:null][tid:26][com.facebook.buck.util.ListeningProcessExecutor] Wait for process returned 4
[2017-10-04 15:31:02.449][debug][command:null][tid:26][com.facebook.buck.util.ListeningProcessExecutor] Destroying process com.facebook.buck.util.ListeningProcessExecutor$LaunchedProcessImpl@522f6567 (force true)
[2017-10-04 15:31:02.449][debug][command:null][tid:26][com.facebook.buck.util.environment.MacNetworkConfiguration] Determine active state of media for device
[2017-10-04 15:31:02.450][debug][command:null][tid:26][com.facebook.buck.util.ListeningProcessExecutor] Launching process with params ProcessExecutorParams{command=[networksetup, -getMedia, en8]}
[2017-10-04 15:31:02.453][debug][command:null][tid:26][com.facebook.buck.util.ListeningProcessExecutor] Successfully launched process com.zaxxer.nuprocess.osx.OsxProcess@29b459f3
[2017-10-04 15:31:02.455][debug][command:null][tid:26][com.facebook.buck.util.ListeningProcessExecutor] Waiting for process com.facebook.buck.util.ListeningProcessExecutor$LaunchedProcessImpl@1155260b timeout 1000 MILLISECONDS
[2017-10-04 15:31:02.493][debug][command:null][tid:26][com.facebook.buck.util.ListeningProcessExecutor] Wait for process returned 4
[2017-10-04 15:31:02.493][debug][command:null][tid:26][com.facebook.buck.util.ListeningProcessExecutor] Destroying process com.facebook.buck.util.ListeningProcessExecutor$LaunchedProcessImpl@1155260b (force true)
[2017-10-04 15:31:02.493][debug][command:null][tid:26][com.facebook.buck.util.environment.MacNetworkConfiguration] Determine active state of media for device
[2017-10-04 15:31:02.493][debug][command:null][tid:26][com.facebook.buck.util.ListeningProcessExecutor] Launching process with params ProcessExecutorParams{command=[networksetup, -getMedia, en9]}
[2017-10-04 15:31:02.495][debug][command:null][tid:26][com.facebook.buck.util.ListeningProcessExecutor] Successfully launched process com.zaxxer.nuprocess.osx.OsxProcess@40a740a7
[2017-10-04 15:31:02.499][debug][command:null][tid:26][com.facebook.buck.util.ListeningProcessExecutor] Waiting for process com.facebook.buck.util.ListeningProcessExecutor$LaunchedProcessImpl@698a1189 timeout 1000 MILLISECONDS
[2017-10-04 15:31:02.530][debug][command:f22250b5-7a9d-4ce5-8b18-26fdce7cd086][tid:01][com.facebook.buck.apple.project_generator.XCodeProjectCommandHelper] Xcode project generation: Getting the target graph
[2017-10-04 15:31:02.535][debug][command:null][tid:26][com.facebook.buck.util.ListeningProcessExecutor] Wait for process returned 4
[2017-10-04 15:31:02.535][debug][command:null][tid:26][com.facebook.buck.util.ListeningProcessExecutor] Destroying process com.facebook.buck.util.ListeningProcessExecutor$LaunchedProcessImpl@698a1189 (force true)
[2017-10-04 15:31:02.535][debug][command:null][tid:26][com.facebook.buck.util.environment.MacNetworkConfiguration] Determine active state of media for device
[2017-10-04 15:31:02.535][debug][command:null][tid:26][com.facebook.buck.util.ListeningProcessExecutor] Launching process with params ProcessExecutorParams{command=[networksetup, -getMedia, en12]}
[2017-10-04 15:31:02.537][debug][command:null][tid:26][com.facebook.buck.util.ListeningProcessExecutor] Successfully launched process com.zaxxer.nuprocess.osx.OsxProcess@62faa68a
[2017-10-04 15:31:02.539][debug][command:null][tid:26][com.facebook.buck.util.ListeningProcessExecutor] Waiting for process com.facebook.buck.util.ListeningProcessExecutor$LaunchedProcessImpl@5aa7b1a0 timeout 1000 MILLISECONDS
[2017-10-04 15:31:02.577][debug][command:null][tid:26][com.facebook.buck.util.ListeningProcessExecutor] Wait for process returned 4
[2017-10-04 15:31:02.577][debug][command:null][tid:26][com.facebook.buck.util.ListeningProcessExecutor] Destroying process com.facebook.buck.util.ListeningProcessExecutor$LaunchedProcessImpl@5aa7b1a0 (force true)
[2017-10-04 15:31:02.577][debug][command:null][tid:26][com.facebook.buck.util.environment.MacNetworkConfiguration] Determine active state of media for device
[2017-10-04 15:31:02.577][debug][command:null][tid:26][com.facebook.buck.util.ListeningProcessExecutor] Launching process with params ProcessExecutorParams{command=[networksetup, -getMedia, en10]}
[2017-10-04 15:31:02.580][debug][command:null][tid:26][com.facebook.buck.util.ListeningProcessExecutor] Successfully launched process com.zaxxer.nuprocess.osx.OsxProcess@207f602b
[2017-10-04 15:31:02.581][debug][command:null][tid:26][com.facebook.buck.util.ListeningProcessExecutor] Waiting for process com.facebook.buck.util.ListeningProcessExecutor$LaunchedProcessImpl@19403bf4 timeout 1000 MILLISECONDS
[2017-10-04 15:31:02.618][debug][command:null][tid:26][com.facebook.buck.util.ListeningProcessExecutor] Wait for process returned 4
[2017-10-04 15:31:02.619][debug][command:null][tid:26][com.facebook.buck.util.ListeningProcessExecutor] Destroying process com.facebook.buck.util.ListeningProcessExecutor$LaunchedProcessImpl@19403bf4 (force true)
[2017-10-04 15:31:02.619][debug][command:null][tid:26][com.facebook.buck.util.environment.MacNetworkConfiguration] Determine active state of media for device
[2017-10-04 15:31:02.619][debug][command:null][tid:26][com.facebook.buck.util.ListeningProcessExecutor] Launching process with params ProcessExecutorParams{command=[networksetup, -getMedia, fw0]}
[2017-10-04 15:31:02.623][debug][command:null][tid:26][com.facebook.buck.util.ListeningProcessExecutor] Successfully launched process com.zaxxer.nuprocess.osx.OsxProcess@2e3900a0
[2017-10-04 15:31:02.634][debug][command:null][tid:26][com.facebook.buck.util.ListeningProcessExecutor] Waiting for process com.facebook.buck.util.ListeningProcessExecutor$LaunchedProcessImpl@12d1d14b timeout 1000 MILLISECONDS
[2017-10-04 15:31:02.671][debug][command:f22250b5-7a9d-4ce5-8b18-26fdce7cd086][tid:01][com.facebook.buck.parser.DaemonicParserState] Starting to invalidate caches for /Users/kieranlafferty/Code/BuckSwiftDemo..
[2017-10-04 15:31:02.671][debug][command:f22250b5-7a9d-4ce5-8b18-26fdce7cd086][tid:01][com.facebook.buck.parser.DaemonicParserState] Cell caches were empty, no data invalidated.
[2017-10-04 15:31:02.672][debug][command:null][tid:26][com.facebook.buck.util.ListeningProcessExecutor] Wait for process returned 4
[2017-10-04 15:31:02.673][debug][command:null][tid:26][com.facebook.buck.util.ListeningProcessExecutor] Destroying process com.facebook.buck.util.ListeningProcessExecutor$LaunchedProcessImpl@12d1d14b (force true)
[2017-10-04 15:31:02.673][debug][command:null][tid:26][com.facebook.buck.util.environment.MacNetworkConfiguration] Determine active state of media for device
[2017-10-04 15:31:02.673][debug][command:null][tid:26][com.facebook.buck.util.ListeningProcessExecutor] Launching process with params ProcessExecutorParams{command=[networksetup, -getMedia, en0]}
[2017-10-04 15:31:02.679][debug][command:null][tid:26][com.facebook.buck.util.ListeningProcessExecutor] Successfully launched process com.zaxxer.nuprocess.osx.OsxProcess@a56d77e
[2017-10-04 15:31:02.680][debug][command:null][tid:26][com.facebook.buck.util.ListeningProcessExecutor] Waiting for process com.facebook.buck.util.ListeningProcessExecutor$LaunchedProcessImpl@6c0cea94 timeout 1000 MILLISECONDS
[2017-10-04 15:31:02.718][debug][command:f22250b5-7a9d-4ce5-8b18-26fdce7cd086][tid:32][com.facebook.buck.io.ExecutableFinder] Executable 'python2' mapped to 'Optional.empty'
[2017-10-04 15:31:02.720][debug][command:f22250b5-7a9d-4ce5-8b18-26fdce7cd086][tid:32][com.facebook.buck.io.ExecutableFinder] Executable 'python' mapped to 'Optional[/usr/bin/python]'
[2017-10-04 15:31:02.730][debug][command:null][tid:26][com.facebook.buck.util.ListeningProcessExecutor] Wait for process returned 0
[2017-10-04 15:31:02.731][debug][command:null][tid:26][com.facebook.buck.util.ListeningProcessExecutor] Destroying process com.facebook.buck.util.ListeningProcessExecutor$LaunchedProcessImpl@6c0cea94 (force true)
[2017-10-04 15:31:02.731][debug][command:null][tid:26][com.facebook.buck.util.environment.MacNetworkConfiguration] Determine WiFi SSID of device
[2017-10-04 15:31:02.731][debug][command:null][tid:26][com.facebook.buck.util.ListeningProcessExecutor] Launching process with params ProcessExecutorParams{command=[networksetup, -getairportnetwork, en0]}
[2017-10-04 15:31:02.733][debug][command:null][tid:26][com.facebook.buck.util.ListeningProcessExecutor] Successfully launched process com.zaxxer.nuprocess.osx.OsxProcess@166de5d
[2017-10-04 15:31:02.734][debug][command:null][tid:26][com.facebook.buck.util.ListeningProcessExecutor] Waiting for process com.facebook.buck.util.ListeningProcessExecutor$LaunchedProcessImpl@1da10cb3 timeout 1000 MILLISECONDS
[2017-10-04 15:31:02.769][debug][command:f22250b5-7a9d-4ce5-8b18-26fdce7cd086][tid:32][com.facebook.buck.apple.AppleCxxPlatforms] SDK AppleSdk{name=appletvos11.0, version=11.0, applePlatform=ApplePlatform{name=appletvos, provisioningProfileName=tvOS, architectures=[arm64], minVersionFlagPrefix=-mtvos-version-min=, appIncludesFrameworks=false}, architectures=[arm64], toolchains=[AppleToolchain{identifier=com.apple.dt.toolchain.XcodeDefault, path=/Applications/Xcode.app/Contents/Developer/Toolchains/XcodeDefault.xctoolchain}]} using default version 11.0
[2017-10-04 15:31:02.776][debug][command:null][tid:26][com.facebook.buck.util.ListeningProcessExecutor] Wait for process returned 0
[2017-10-04 15:31:02.777][debug][command:null][tid:26][com.facebook.buck.util.ListeningProcessExecutor] Destroying process com.facebook.buck.util.ListeningProcessExecutor$LaunchedProcessImpl@1da10cb3 (force true)
[2017-10-04 15:31:02.778][debug][command:f22250b5-7a9d-4ce5-8b18-26fdce7cd086][tid:32][com.facebook.buck.apple.AppleCxxPlatforms] Xcode build version is: 9A235
[2017-10-04 15:31:02.780][info ][command:null][tid:26][com.facebook.buck.util.versioncontrol.VersionControlStatsGenerator] Starting generation of version control stats.
[2017-10-04 15:31:02.780][warn ][command:null][tid:26][com.facebook.buck.util.versioncontrol.VersionControlStatsGenerator] Skipping generation of version control stats as unsupported repository type.
[2017-10-04 15:31:02.812][debug][command:f22250b5-7a9d-4ce5-8b18-26fdce7cd086][tid:32][com.facebook.buck.apple.AppleCxxPlatforms] Apple toolchain path: /Applications/Xcode.app/Contents/Developer/Toolchains/XcodeDefault.xctoolchain
[2017-10-04 15:31:02.819][debug][command:f22250b5-7a9d-4ce5-8b18-26fdce7cd086][tid:32][com.facebook.buck.apple.AppleCxxPlatforms] Headers verification platform whitelist: [^\Q/Applications/Xcode.app/Contents/Developer/Platforms/AppleTVOS.platform/Developer/Library/Frameworks\E\/.*, ^\Q/Applications/Xcode.app/Contents/Developer/Platforms/AppleTVOS.platform/Developer/SDKs/AppleTVOS.sdk\E\/.*, ^\Q/Applications/Xcode.app/Contents/Developer/Toolchains/XcodeDefault.xctoolchain\E\/.*]
[2017-10-04 15:31:02.856][debug][command:f22250b5-7a9d-4ce5-8b18-26fdce7cd086][tid:32][com.facebook.buck.apple.AppleCxxPlatforms] SDK AppleSdk{name=appletvsimulator11.0, version=11.0, applePlatform=ApplePlatform{name=appletvsimulator, swiftName=tvos, architectures=[x86_64], minVersionFlagPrefix=-mtvos-simulator-version-min=, appIncludesFrameworks=false}, architectures=[x86_64], toolchains=[AppleToolchain{identifier=com.apple.dt.toolchain.XcodeDefault, path=/Applications/Xcode.app/Contents/Developer/Toolchains/XcodeDefault.xctoolchain}]} using default version 11.0
[2017-10-04 15:31:02.857][debug][command:f22250b5-7a9d-4ce5-8b18-26fdce7cd086][tid:32][com.facebook.buck.apple.AppleCxxPlatforms] Xcode build version is: 9A235
[2017-10-04 15:31:02.861][warn ][command:f22250b5-7a9d-4ce5-8b18-26fdce7cd086][tid:32][com.facebook.buck.apple.AppleCxxPlatforms] /Applications/Xcode.app/Contents/Developer/Platforms/AppleTVSimulator.platform/version.plist does not exist. Build version will be unset for this platform.
[2017-10-04 15:31:02.862][debug][command:f22250b5-7a9d-4ce5-8b18-26fdce7cd086][tid:32][com.facebook.buck.apple.AppleCxxPlatforms] Apple toolchain path: /Applications/Xcode.app/Contents/Developer/Toolchains/XcodeDefault.xctoolchain
[2017-10-04 15:31:02.862][debug][command:f22250b5-7a9d-4ce5-8b18-26fdce7cd086][tid:32][com.facebook.buck.apple.AppleCxxPlatforms] Headers verification platform whitelist: [^\Q/Applications/Xcode.app/Contents/Developer/Platforms/AppleTVSimulator.platform/Developer/Library/Frameworks\E\/.*, ^\Q/Applications/Xcode.app/Contents/Developer/Platforms/AppleTVSimulator.platform/Developer/SDKs/AppleTVSimulator.sdk\E\/.*, ^\Q/Applications/Xcode.app/Contents/Developer/Toolchains/XcodeDefault.xctoolchain\E\/.*]
[2017-10-04 15:31:02.863][debug][command:f22250b5-7a9d-4ce5-8b18-26fdce7cd086][tid:32][com.facebook.buck.apple.AppleCxxPlatforms] SDK AppleSdk{name=iphoneos11.0, version=11.0, applePlatform=ApplePlatform{name=iphoneos, swiftName=ios, provisioningProfileName=iOS, architectures=[armv7, arm64], minVersionFlagPrefix=-mios-version-min=, stubBinaryPath=Library/Application Support/WatchKit/WK, appIncludesFrameworks=false}, architectures=[armv7, arm64], toolchains=[AppleToolchain{identifier=com.apple.dt.toolchain.XcodeDefault, path=/Applications/Xcode.app/Contents/Developer/Toolchains/XcodeDefault.xctoolchain}]} using default version 10.0
[2017-10-04 15:31:02.865][debug][command:f22250b5-7a9d-4ce5-8b18-26fdce7cd086][tid:32][com.facebook.buck.apple.AppleCxxPlatforms] Xcode build version is: 9A235
[2017-10-04 15:31:02.871][debug][command:f22250b5-7a9d-4ce5-8b18-26fdce7cd086][tid:32][com.facebook.buck.apple.AppleCxxPlatforms] Apple toolchain path: /Applications/Xcode.app/Contents/Developer/Toolchains/XcodeDefault.xctoolchain
[2017-10-04 15:31:02.872][debug][command:f22250b5-7a9d-4ce5-8b18-26fdce7cd086][tid:32][com.facebook.buck.apple.AppleCxxPlatforms] Headers verification platform whitelist: [^\Q/Applications/Xcode.app/Contents/Developer/Platforms/iPhoneOS.platform/Developer/Library/Frameworks\E\/.*, ^\Q/Applications/Xcode.app/Contents/Developer/Platforms/iPhoneOS.platform/Developer/SDKs/iPhoneOS.sdk\E\/.*, ^\Q/Applications/Xcode.app/Contents/Developer/Toolchains/XcodeDefault.xctoolchain\E\/.*]
[2017-10-04 15:31:02.874][debug][command:f22250b5-7a9d-4ce5-8b18-26fdce7cd086][tid:32][com.facebook.buck.apple.AppleCxxPlatforms] Xcode build version is: 9A235
[2017-10-04 15:31:02.878][debug][command:f22250b5-7a9d-4ce5-8b18-26fdce7cd086][tid:32][com.facebook.buck.apple.AppleCxxPlatforms] Apple toolchain path: /Applications/Xcode.app/Contents/Developer/Toolchains/XcodeDefault.xctoolchain
[2017-10-04 15:31:02.879][debug][command:f22250b5-7a9d-4ce5-8b18-26fdce7cd086][tid:32][com.facebook.buck.apple.AppleCxxPlatforms] Headers verification platform whitelist: [^\Q/Applications/Xcode.app/Contents/Developer/Platforms/iPhoneOS.platform/Developer/Library/Frameworks\E\/.*, ^\Q/Applications/Xcode.app/Contents/Developer/Platforms/iPhoneOS.platform/Developer/SDKs/iPhoneOS.sdk\E\/.*, ^\Q/Applications/Xcode.app/Contents/Developer/Toolchains/XcodeDefault.xctoolchain\E\/.*]
[2017-10-04 15:31:02.880][debug][command:f22250b5-7a9d-4ce5-8b18-26fdce7cd086][tid:32][com.facebook.buck.apple.AppleCxxPlatforms] SDK AppleSdk{name=iphonesimulator11.0, version=11.0, applePlatform=ApplePlatform{name=iphonesimulator, swiftName=ios, architectures=[i386, x86_64], minVersionFlagPrefix=-mios-simulator-version-min=, stubBinaryPath=Library/Application Support/WatchKit/WK, appIncludesFrameworks=false}, architectures=[i386, x86_64], toolchains=[AppleToolchain{identifier=com.apple.dt.toolchain.XcodeDefault, path=/Applications/Xcode.app/Contents/Developer/Toolchains/XcodeDefault.xctoolchain}]} using default version 10.0
[2017-10-04 15:31:02.881][debug][command:f22250b5-7a9d-4ce5-8b18-26fdce7cd086][tid:32][com.facebook.buck.apple.AppleCxxPlatforms] Xcode build version is: 9A235
[2017-10-04 15:31:02.885][warn ][command:f22250b5-7a9d-4ce5-8b18-26fdce7cd086][tid:32][com.facebook.buck.apple.AppleCxxPlatforms] /Applications/Xcode.app/Contents/Developer/Platforms/iPhoneSimulator.platform/version.plist does not exist. Build version will be unset for this platform.
[2017-10-04 15:31:02.885][debug][command:f22250b5-7a9d-4ce5-8b18-26fdce7cd086][tid:32][com.facebook.buck.apple.AppleCxxPlatforms] Apple toolchain path: /Applications/Xcode.app/Contents/Developer/Toolchains/XcodeDefault.xctoolchain
[2017-10-04 15:31:02.886][debug][command:f22250b5-7a9d-4ce5-8b18-26fdce7cd086][tid:32][com.facebook.buck.apple.AppleCxxPlatforms] Headers verification platform whitelist: [^\Q/Applications/Xcode.app/Contents/Developer/Platforms/iPhoneSimulator.platform/Developer/Library/Frameworks\E\/.*, ^\Q/Applications/Xcode.app/Contents/Developer/Platforms/iPhoneSimulator.platform/Developer/SDKs/iPhoneSimulator.sdk\E\/.*, ^\Q/Applications/Xcode.app/Contents/Developer/Toolchains/XcodeDefault.xctoolchain\E\/.*]
[2017-10-04 15:31:02.889][debug][command:f22250b5-7a9d-4ce5-8b18-26fdce7cd086][tid:32][com.facebook.buck.apple.AppleCxxPlatforms] Xcode build version is: 9A235
[2017-10-04 15:31:02.891][warn ][command:f22250b5-7a9d-4ce5-8b18-26fdce7cd086][tid:32][com.facebook.buck.apple.AppleCxxPlatforms] /Applications/Xcode.app/Contents/Developer/Platforms/iPhoneSimulator.platform/version.plist does not exist. Build version will be unset for this platform.
[2017-10-04 15:31:02.892][debug][command:f22250b5-7a9d-4ce5-8b18-26fdce7cd086][tid:32][com.facebook.buck.apple.AppleCxxPlatforms] Apple toolchain path: /Applications/Xcode.app/Contents/Developer/Toolchains/XcodeDefault.xctoolchain
[2017-10-04 15:31:02.892][debug][command:f22250b5-7a9d-4ce5-8b18-26fdce7cd086][tid:32][com.facebook.buck.apple.AppleCxxPlatforms] Headers verification platform whitelist: [^\Q/Applications/Xcode.app/Contents/Developer/Platforms/iPhoneSimulator.platform/Developer/Library/Frameworks\E\/.*, ^\Q/Applications/Xcode.app/Contents/Developer/Platforms/iPhoneSimulator.platform/Developer/SDKs/iPhoneSimulator.sdk\E\/.*, ^\Q/Applications/Xcode.app/Contents/Developer/Toolchains/XcodeDefault.xctoolchain\E\/.*]
[2017-10-04 15:31:02.893][debug][command:f22250b5-7a9d-4ce5-8b18-26fdce7cd086][tid:32][com.facebook.buck.apple.AppleCxxPlatforms] SDK AppleSdk{name=macosx10.13, version=10.13, applePlatform=ApplePlatform{name=macosx, architectures=[i386, x86_64], minVersionFlagPrefix=-mmacosx-version-min=, appIncludesFrameworks=true}, architectures=[i386, x86_64], toolchains=[AppleToolchain{identifier=com.apple.dt.toolchain.XcodeDefault, path=/Applications/Xcode.app/Contents/Developer/Toolchains/XcodeDefault.xctoolchain}]} using default version 10.13
[2017-10-04 15:31:02.895][debug][command:f22250b5-7a9d-4ce5-8b18-26fdce7cd086][tid:32][com.facebook.buck.apple.AppleCxxPlatforms] Xcode build version is: 9A235
[2017-10-04 15:31:02.900][warn ][command:f22250b5-7a9d-4ce5-8b18-26fdce7cd086][tid:32][com.facebook.buck.apple.AppleCxxPlatforms] In /Applications/Xcode.app/Contents/Developer/Platforms/MacOSX.platform/version.plist, missing ProductBuildVersion. Build version will be unset for this platform.
[2017-10-04 15:31:02.900][debug][command:f22250b5-7a9d-4ce5-8b18-26fdce7cd086][tid:32][com.facebook.buck.apple.AppleCxxPlatforms] Apple toolchain path: /Applications/Xcode.app/Contents/Developer/Toolchains/XcodeDefault.xctoolchain
[2017-10-04 15:31:02.901][debug][command:f22250b5-7a9d-4ce5-8b18-26fdce7cd086][tid:32][com.facebook.buck.apple.AppleCxxPlatforms] Headers verification platform whitelist: [^\Q/Applications/Xcode.app/Contents/Developer/Platforms/MacOSX.platform/Developer/Library/Frameworks\E\/.*, ^\Q/Applications/Xcode.app/Contents/Developer/Platforms/MacOSX.platform/Developer/SDKs/MacOSX.sdk\E\/.*, ^\Q/Applications/Xcode.app/Contents/Developer/Toolchains/XcodeDefault.xctoolchain\E\/.*]
[2017-10-04 15:31:02.903][debug][command:f22250b5-7a9d-4ce5-8b18-26fdce7cd086][tid:32][com.facebook.buck.apple.AppleCxxPlatforms] Xcode build version is: 9A235
[2017-10-04 15:31:02.906][warn ][command:f22250b5-7a9d-4ce5-8b18-26fdce7cd086][tid:32][com.facebook.buck.apple.AppleCxxPlatforms] In /Applications/Xcode.app/Contents/Developer/Platforms/MacOSX.platform/version.plist, missing ProductBuildVersion. Build version will be unset for this platform.
[2017-10-04 15:31:02.907][debug][command:f22250b5-7a9d-4ce5-8b18-26fdce7cd086][tid:32][com.facebook.buck.apple.AppleCxxPlatforms] Apple toolchain path: /Applications/Xcode.app/Contents/Developer/Toolchains/XcodeDefault.xctoolchain
[2017-10-04 15:31:02.907][debug][command:f22250b5-7a9d-4ce5-8b18-26fdce7cd086][tid:32][com.facebook.buck.apple.AppleCxxPlatforms] Headers verification platform whitelist: [^\Q/Applications/Xcode.app/Contents/Developer/Platforms/MacOSX.platform/Developer/Library/Frameworks\E\/.*, ^\Q/Applications/Xcode.app/Contents/Developer/Platforms/MacOSX.platform/Developer/SDKs/MacOSX.sdk\E\/.*, ^\Q/Applications/Xcode.app/Contents/Developer/Toolchains/XcodeDefault.xctoolchain\E\/.*]
[2017-10-04 15:31:02.908][debug][command:f22250b5-7a9d-4ce5-8b18-26fdce7cd086][tid:32][com.facebook.buck.apple.AppleCxxPlatforms] SDK AppleSdk{name=watchos4.0, version=4.0, applePlatform=ApplePlatform{name=watchos, provisioningProfileName=iOS, architectures=[armv7k], minVersionFlagPrefix=-mwatchos-version-min=, stubBinaryPath=Library/Application Support/WatchKit/WK, appIncludesFrameworks=false}, architectures=[armv7k], toolchains=[AppleToolchain{identifier=com.apple.dt.toolchain.XcodeDefault, path=/Applications/Xcode.app/Contents/Developer/Toolchains/XcodeDefault.xctoolchain}]} using default version 4.0
[2017-10-04 15:31:02.910][debug][command:f22250b5-7a9d-4ce5-8b18-26fdce7cd086][tid:32][com.facebook.buck.apple.AppleCxxPlatforms] Xcode build version is: 9A235
[2017-10-04 15:31:02.915][debug][command:f22250b5-7a9d-4ce5-8b18-26fdce7cd086][tid:32][com.facebook.buck.apple.AppleCxxPlatforms] Apple toolchain path: /Applications/Xcode.app/Contents/Developer/Toolchains/XcodeDefault.xctoolchain
[2017-10-04 15:31:02.915][debug][command:f22250b5-7a9d-4ce5-8b18-26fdce7cd086][tid:32][com.facebook.buck.apple.AppleCxxPlatforms] Headers verification platform whitelist: [^\Q/Applications/Xcode.app/Contents/Developer/Platforms/WatchOS.platform/Developer/Library/Frameworks\E\/.*, ^\Q/Applications/Xcode.app/Contents/Developer/Platforms/WatchOS.platform/Developer/SDKs/WatchOS.sdk\E\/.*, ^\Q/Applications/Xcode.app/Contents/Developer/Toolchains/XcodeDefault.xctoolchain\E\/.*]
[2017-10-04 15:31:02.916][debug][command:f22250b5-7a9d-4ce5-8b18-26fdce7cd086][tid:32][com.facebook.buck.apple.AppleCxxPlatforms] SDK AppleSdk{name=watchsimulator4.0, version=4.0, applePlatform=ApplePlatform{name=watchsimulator, architectures=[i386], minVersionFlagPrefix=-mwatchos-simulator-version-min=, stubBinaryPath=Library/Application Support/WatchKit/WK, appIncludesFrameworks=false}, architectures=[i386], toolchains=[AppleToolchain{identifier=com.apple.dt.toolchain.XcodeDefault, path=/Applications/Xcode.app/Contents/Developer/Toolchains/XcodeDefault.xctoolchain}]} using default version 4.0
[2017-10-04 15:31:02.918][debug][command:f22250b5-7a9d-4ce5-8b18-26fdce7cd086][tid:32][com.facebook.buck.apple.AppleCxxPlatforms] Xcode build version is: 9A235
[2017-10-04 15:31:02.923][debug][command:f22250b5-7a9d-4ce5-8b18-26fdce7cd086][tid:32][com.facebook.buck.apple.AppleCxxPlatforms] Apple toolchain path: /Applications/Xcode.app/Contents/Developer/Toolchains/XcodeDefault.xctoolchain
[2017-10-04 15:31:02.924][debug][command:f22250b5-7a9d-4ce5-8b18-26fdce7cd086][tid:32][com.facebook.buck.apple.AppleCxxPlatforms] Headers verification platform whitelist: [^\Q/Applications/Xcode.app/Contents/Developer/Platforms/WatchSimulator.platform/Developer/Library/Frameworks\E\/.*, ^\Q/Applications/Xcode.app/Contents/Developer/Platforms/WatchSimulator.platform/Developer/SDKs/WatchSimulator.sdk\E\/.*, ^\Q/Applications/Xcode.app/Contents/Developer/Toolchains/XcodeDefault.xctoolchain\E\/.*]
[2017-10-04 15:31:02.925][debug][command:f22250b5-7a9d-4ce5-8b18-26fdce7cd086][tid:32][com.facebook.buck.apple.AppleCxxPlatforms] SDK AppleSdk{name=appletvos, version=11.0, applePlatform=ApplePlatform{name=appletvos, provisioningProfileName=tvOS, architectures=[arm64], minVersionFlagPrefix=-mtvos-version-min=, appIncludesFrameworks=false}, architectures=[arm64], toolchains=[AppleToolchain{identifier=com.apple.dt.toolchain.XcodeDefault, path=/Applications/Xcode.app/Contents/Developer/Toolchains/XcodeDefault.xctoolchain}]} using default version 11.0
[2017-10-04 15:31:02.926][debug][command:f22250b5-7a9d-4ce5-8b18-26fdce7cd086][tid:32][com.facebook.buck.apple.AppleCxxPlatforms] Xcode build version is: 9A235
[2017-10-04 15:31:02.929][debug][command:f22250b5-7a9d-4ce5-8b18-26fdce7cd086][tid:32][com.facebook.buck.apple.AppleCxxPlatforms] Apple toolchain path: /Applications/Xcode.app/Contents/Developer/Toolchains/XcodeDefault.xctoolchain
[2017-10-04 15:31:02.931][debug][command:f22250b5-7a9d-4ce5-8b18-26fdce7cd086][tid:32][com.facebook.buck.apple.AppleCxxPlatforms] Headers verification platform whitelist: [^\Q/Applications/Xcode.app/Contents/Developer/Platforms/AppleTVOS.platform/Developer/Library/Frameworks\E\/.*, ^\Q/Applications/Xcode.app/Contents/Developer/Platforms/AppleTVOS.platform/Developer/SDKs/AppleTVOS.sdk\E\/.*, ^\Q/Applications/Xcode.app/Contents/Developer/Toolchains/XcodeDefault.xctoolchain\E\/.*]
[2017-10-04 15:31:02.931][debug][command:f22250b5-7a9d-4ce5-8b18-26fdce7cd086][tid:32][com.facebook.buck.apple.AppleCxxPlatforms] SDK AppleSdk{name=appletvsimulator, version=11.0, applePlatform=ApplePlatform{name=appletvsimulator, swiftName=tvos, architectures=[x86_64], minVersionFlagPrefix=-mtvos-simulator-version-min=, appIncludesFrameworks=false}, architectures=[x86_64], toolchains=[AppleToolchain{identifier=com.apple.dt.toolchain.XcodeDefault, path=/Applications/Xcode.app/Contents/Developer/Toolchains/XcodeDefault.xctoolchain}]} using default version 11.0
[2017-10-04 15:31:02.933][debug][command:f22250b5-7a9d-4ce5-8b18-26fdce7cd086][tid:32][com.facebook.buck.apple.AppleCxxPlatforms] Xcode build version is: 9A235
[2017-10-04 15:31:02.934][warn ][command:f22250b5-7a9d-4ce5-8b18-26fdce7cd086][tid:32][com.facebook.buck.apple.AppleCxxPlatforms] /Applications/Xcode.app/Contents/Developer/Platforms/AppleTVSimulator.platform/version.plist does not exist. Build version will be unset for this platform.
[2017-10-04 15:31:02.934][debug][command:f22250b5-7a9d-4ce5-8b18-26fdce7cd086][tid:32][com.facebook.buck.apple.AppleCxxPlatforms] Apple toolchain path: /Applications/Xcode.app/Contents/Developer/Toolchains/XcodeDefault.xctoolchain
[2017-10-04 15:31:02.934][debug][command:f22250b5-7a9d-4ce5-8b18-26fdce7cd086][tid:32][com.facebook.buck.apple.AppleCxxPlatforms] Headers verification platform whitelist: [^\Q/Applications/Xcode.app/Contents/Developer/Platforms/AppleTVSimulator.platform/Developer/Library/Frameworks\E\/.*, ^\Q/Applications/Xcode.app/Contents/Developer/Platforms/AppleTVSimulator.platform/Developer/SDKs/AppleTVSimulator.sdk\E\/.*, ^\Q/Applications/Xcode.app/Contents/Developer/Toolchains/XcodeDefault.xctoolchain\E\/.*]
[2017-10-04 15:31:02.935][debug][command:f22250b5-7a9d-4ce5-8b18-26fdce7cd086][tid:32][com.facebook.buck.apple.AppleCxxPlatforms] SDK AppleSdk{name=iphoneos, version=11.0, applePlatform=ApplePlatform{name=iphoneos, swiftName=ios, provisioningProfileName=iOS, architectures=[armv7, arm64], minVersionFlagPrefix=-mios-version-min=, stubBinaryPath=Library/Application Support/WatchKit/WK, appIncludesFrameworks=false}, architectures=[armv7, arm64], toolchains=[AppleToolchain{identifier=com.apple.dt.toolchain.XcodeDefault, path=/Applications/Xcode.app/Contents/Developer/Toolchains/XcodeDefault.xctoolchain}]} using default version 10.0
[2017-10-04 15:31:02.944][debug][command:f22250b5-7a9d-4ce5-8b18-26fdce7cd086][tid:32][com.facebook.buck.apple.AppleCxxPlatforms] Xcode build version is: 9A235
[2017-10-04 15:31:02.948][debug][command:f22250b5-7a9d-4ce5-8b18-26fdce7cd086][tid:32][com.facebook.buck.apple.AppleCxxPlatforms] Apple toolchain path: /Applications/Xcode.app/Contents/Developer/Toolchains/XcodeDefault.xctoolchain
[2017-10-04 15:31:02.949][debug][command:f22250b5-7a9d-4ce5-8b18-26fdce7cd086][tid:32][com.facebook.buck.apple.AppleCxxPlatforms] Headers verification platform whitelist: [^\Q/Applications/Xcode.app/Contents/Developer/Platforms/iPhoneOS.platform/Developer/Library/Frameworks\E\/.*, ^\Q/Applications/Xcode.app/Contents/Developer/Platforms/iPhoneOS.platform/Developer/SDKs/iPhoneOS.sdk\E\/.*, ^\Q/Applications/Xcode.app/Contents/Developer/Toolchains/XcodeDefault.xctoolchain\E\/.*]
[2017-10-04 15:31:02.950][debug][command:f22250b5-7a9d-4ce5-8b18-26fdce7cd086][tid:32][com.facebook.buck.apple.AppleCxxPlatforms] Xcode build version is: 9A235
[2017-10-04 15:31:02.954][debug][command:f22250b5-7a9d-4ce5-8b18-26fdce7cd086][tid:32][com.facebook.buck.apple.AppleCxxPlatforms] Apple toolchain path: /Applications/Xcode.app/Contents/Developer/Toolchains/XcodeDefault.xctoolchain
[2017-10-04 15:31:02.954][debug][command:f22250b5-7a9d-4ce5-8b18-26fdce7cd086][tid:32][com.facebook.buck.apple.AppleCxxPlatforms] Headers verification platform whitelist: [^\Q/Applications/Xcode.app/Contents/Developer/Platforms/iPhoneOS.platform/Developer/Library/Frameworks\E\/.*, ^\Q/Applications/Xcode.app/Contents/Developer/Platforms/iPhoneOS.platform/Developer/SDKs/iPhoneOS.sdk\E\/.*, ^\Q/Applications/Xcode.app/Contents/Developer/Toolchains/XcodeDefault.xctoolchain\E\/.*]
[2017-10-04 15:31:02.955][debug][command:f22250b5-7a9d-4ce5-8b18-26fdce7cd086][tid:32][com.facebook.buck.apple.AppleCxxPlatforms] SDK AppleSdk{name=iphonesimulator, version=11.0, applePlatform=ApplePlatform{name=iphonesimulator, swiftName=ios, architectures=[i386, x86_64], minVersionFlagPrefix=-mios-simulator-version-min=, stubBinaryPath=Library/Application Support/WatchKit/WK, appIncludesFrameworks=false}, architectures=[i386, x86_64], toolchains=[AppleToolchain{identifier=com.apple.dt.toolchain.XcodeDefault, path=/Applications/Xcode.app/Contents/Developer/Toolchains/XcodeDefault.xctoolchain}]} using default version 10.0
[2017-10-04 15:31:02.956][debug][command:f22250b5-7a9d-4ce5-8b18-26fdce7cd086][tid:32][com.facebook.buck.apple.AppleCxxPlatforms] Xcode build version is: 9A235
[2017-10-04 15:31:02.956][warn ][command:f22250b5-7a9d-4ce5-8b18-26fdce7cd086][tid:32][com.facebook.buck.apple.AppleCxxPlatforms] /Applications/Xcode.app/Contents/Developer/Platforms/iPhoneSimulator.platform/version.plist does not exist. Build version will be unset for this platform.
[2017-10-04 15:31:02.956][debug][command:f22250b5-7a9d-4ce5-8b18-26fdce7cd086][tid:32][com.facebook.buck.apple.AppleCxxPlatforms] Apple toolchain path: /Applications/Xcode.app/Contents/Developer/Toolchains/XcodeDefault.xctoolchain
[2017-10-04 15:31:02.957][debug][command:f22250b5-7a9d-4ce5-8b18-26fdce7cd086][tid:32][com.facebook.buck.apple.AppleCxxPlatforms] Headers verification platform whitelist: [^\Q/Applications/Xcode.app/Contents/Developer/Platforms/iPhoneSimulator.platform/Developer/Library/Frameworks\E\/.*, ^\Q/Applications/Xcode.app/Contents/Developer/Platforms/iPhoneSimulator.platform/Developer/SDKs/iPhoneSimulator.sdk\E\/.*, ^\Q/Applications/Xcode.app/Contents/Developer/Toolchains/XcodeDefault.xctoolchain\E\/.*]
[2017-10-04 15:31:02.959][debug][command:f22250b5-7a9d-4ce5-8b18-26fdce7cd086][tid:32][com.facebook.buck.apple.AppleCxxPlatforms] Xcode build version is: 9A235
[2017-10-04 15:31:02.960][warn ][command:f22250b5-7a9d-4ce5-8b18-26fdce7cd086][tid:32][com.facebook.buck.apple.AppleCxxPlatforms] /Applications/Xcode.app/Contents/Developer/Platforms/iPhoneSimulator.platform/version.plist does not exist. Build version will be unset for this platform.
[2017-10-04 15:31:02.960][debug][command:f22250b5-7a9d-4ce5-8b18-26fdce7cd086][tid:32][com.facebook.buck.apple.AppleCxxPlatforms] Apple toolchain path: /Applications/Xcode.app/Contents/Developer/Toolchains/XcodeDefault.xctoolchain
[2017-10-04 15:31:02.960][debug][command:f22250b5-7a9d-4ce5-8b18-26fdce7cd086][tid:32][com.facebook.buck.apple.AppleCxxPlatforms] Headers verification platform whitelist: [^\Q/Applications/Xcode.app/Contents/Developer/Platforms/iPhoneSimulator.platform/Developer/Library/Frameworks\E\/.*, ^\Q/Applications/Xcode.app/Contents/Developer/Platforms/iPhoneSimulator.platform/Developer/SDKs/iPhoneSimulator.sdk\E\/.*, ^\Q/Applications/Xcode.app/Contents/Developer/Toolchains/XcodeDefault.xctoolchain\E\/.*]
[2017-10-04 15:31:02.963][debug][command:f22250b5-7a9d-4ce5-8b18-26fdce7cd086][tid:32][com.facebook.buck.apple.AppleCxxPlatforms] SDK AppleSdk{name=macosx, version=10.13, applePlatform=ApplePlatform{name=macosx, architectures=[i386, x86_64], minVersionFlagPrefix=-mmacosx-version-min=, appIncludesFrameworks=true}, architectures=[i386, x86_64], toolchains=[AppleToolchain{identifier=com.apple.dt.toolchain.XcodeDefault, path=/Applications/Xcode.app/Contents/Developer/Toolchains/XcodeDefault.xctoolchain}]} using default version 10.13
[2017-10-04 15:31:02.964][debug][command:f22250b5-7a9d-4ce5-8b18-26fdce7cd086][tid:32][com.facebook.buck.apple.AppleCxxPlatforms] Xcode build version is: 9A235
[2017-10-04 15:31:02.966][warn ][command:f22250b5-7a9d-4ce5-8b18-26fdce7cd086][tid:32][com.facebook.buck.apple.AppleCxxPlatforms] In /Applications/Xcode.app/Contents/Developer/Platforms/MacOSX.platform/version.plist, missing ProductBuildVersion. Build version will be unset for this platform.
[2017-10-04 15:31:02.966][debug][command:f22250b5-7a9d-4ce5-8b18-26fdce7cd086][tid:32][com.facebook.buck.apple.AppleCxxPlatforms] Apple toolchain path: /Applications/Xcode.app/Contents/Developer/Toolchains/XcodeDefault.xctoolchain
[2017-10-04 15:31:02.966][debug][command:f22250b5-7a9d-4ce5-8b18-26fdce7cd086][tid:32][com.facebook.buck.apple.AppleCxxPlatforms] Headers verification platform whitelist: [^\Q/Applications/Xcode.app/Contents/Developer/Platforms/MacOSX.platform/Developer/Library/Frameworks\E\/.*, ^\Q/Applications/Xcode.app/Contents/Developer/Platforms/MacOSX.platform/Developer/SDKs/MacOSX.sdk\E\/.*, ^\Q/Applications/Xcode.app/Contents/Developer/Toolchains/XcodeDefault.xctoolchain\E\/.*]
[2017-10-04 15:31:02.967][debug][command:f22250b5-7a9d-4ce5-8b18-26fdce7cd086][tid:32][com.facebook.buck.apple.AppleCxxPlatforms] Xcode build version is: 9A235
[2017-10-04 15:31:02.969][warn ][command:f22250b5-7a9d-4ce5-8b18-26fdce7cd086][tid:32][com.facebook.buck.apple.AppleCxxPlatforms] In /Applications/Xcode.app/Contents/Developer/Platforms/MacOSX.platform/version.plist, missing ProductBuildVersion. Build version will be unset for this platform.
[2017-10-04 15:31:02.969][debug][command:f22250b5-7a9d-4ce5-8b18-26fdce7cd086][tid:32][com.facebook.buck.apple.AppleCxxPlatforms] Apple toolchain path: /Applications/Xcode.app/Contents/Developer/Toolchains/XcodeDefault.xctoolchain
[2017-10-04 15:31:02.969][debug][command:f22250b5-7a9d-4ce5-8b18-26fdce7cd086][tid:32][com.facebook.buck.apple.AppleCxxPlatforms] Headers verification platform whitelist: [^\Q/Applications/Xcode.app/Contents/Developer/Platforms/MacOSX.platform/Developer/Library/Frameworks\E\/.*, ^\Q/Applications/Xcode.app/Contents/Developer/Platforms/MacOSX.platform/Developer/SDKs/MacOSX.sdk\E\/.*, ^\Q/Applications/Xcode.app/Contents/Developer/Toolchains/XcodeDefault.xctoolchain\E\/.*]
[2017-10-04 15:31:02.970][debug][command:f22250b5-7a9d-4ce5-8b18-26fdce7cd086][tid:32][com.facebook.buck.apple.AppleCxxPlatforms] SDK AppleSdk{name=watchos, version=4.0, applePlatform=ApplePlatform{name=watchos, provisioningProfileName=iOS, architectures=[armv7k], minVersionFlagPrefix=-mwatchos-version-min=, stubBinaryPath=Library/Application Support/WatchKit/WK, appIncludesFrameworks=false}, architectures=[armv7k], toolchains=[AppleToolchain{identifier=com.apple.dt.toolchain.XcodeDefault, path=/Applications/Xcode.app/Contents/Developer/Toolchains/XcodeDefault.xctoolchain}]} using default version 4.0
[2017-10-04 15:31:02.972][debug][command:f22250b5-7a9d-4ce5-8b18-26fdce7cd086][tid:32][com.facebook.buck.apple.AppleCxxPlatforms] Xcode build version is: 9A235
[2017-10-04 15:31:02.975][debug][command:f22250b5-7a9d-4ce5-8b18-26fdce7cd086][tid:32][com.facebook.buck.apple.AppleCxxPlatforms] Apple toolchain path: /Applications/Xcode.app/Contents/Developer/Toolchains/XcodeDefault.xctoolchain
[2017-10-04 15:31:02.975][debug][command:f22250b5-7a9d-4ce5-8b18-26fdce7cd086][tid:32][com.facebook.buck.apple.AppleCxxPlatforms] Headers verification platform whitelist: [^\Q/Applications/Xcode.app/Contents/Developer/Platforms/WatchOS.platform/Developer/Library/Frameworks\E\/.*, ^\Q/Applications/Xcode.app/Contents/Developer/Platforms/WatchOS.platform/Developer/SDKs/WatchOS.sdk\E\/.*, ^\Q/Applications/Xcode.app/Contents/Developer/Toolchains/XcodeDefault.xctoolchain\E\/.*]
[2017-10-04 15:31:02.976][debug][command:f22250b5-7a9d-4ce5-8b18-26fdce7cd086][tid:32][com.facebook.buck.apple.AppleCxxPlatforms] SDK AppleSdk{name=watchsimulator, version=4.0, applePlatform=ApplePlatform{name=watchsimulator, architectures=[i386], minVersionFlagPrefix=-mwatchos-simulator-version-min=, stubBinaryPath=Library/Application Support/WatchKit/WK, appIncludesFrameworks=false}, architectures=[i386], toolchains=[AppleToolchain{identifier=com.apple.dt.toolchain.XcodeDefault, path=/Applications/Xcode.app/Contents/Developer/Toolchains/XcodeDefault.xctoolchain}]} using default version 4.0
[2017-10-04 15:31:02.978][debug][command:f22250b5-7a9d-4ce5-8b18-26fdce7cd086][tid:32][com.facebook.buck.apple.AppleCxxPlatforms] Xcode build version is: 9A235
[2017-10-04 15:31:02.980][debug][command:f22250b5-7a9d-4ce5-8b18-26fdce7cd086][tid:32][com.facebook.buck.apple.AppleCxxPlatforms] Apple toolchain path: /Applications/Xcode.app/Contents/Developer/Toolchains/XcodeDefault.xctoolchain
[2017-10-04 15:31:02.981][debug][command:f22250b5-7a9d-4ce5-8b18-26fdce7cd086][tid:32][com.facebook.buck.apple.AppleCxxPlatforms] Headers verification platform whitelist: [^\Q/Applications/Xcode.app/Contents/Developer/Platforms/WatchSimulator.platform/Developer/Library/Frameworks\E\/.*, ^\Q/Applications/Xcode.app/Contents/Developer/Platforms/WatchSimulator.platform/Developer/SDKs/WatchSimulator.sdk\E\/.*, ^\Q/Applications/Xcode.app/Contents/Developer/Toolchains/XcodeDefault.xctoolchain\E\/.*]
[2017-10-04 15:31:03.010][debug][command:f22250b5-7a9d-4ce5-8b18-26fdce7cd086][tid:32][com.facebook.buck.io.ExecutableFinder] Executable 'clang' mapped to 'Optional[/usr/bin/clang]'
[2017-10-04 15:31:03.012][debug][command:f22250b5-7a9d-4ce5-8b18-26fdce7cd086][tid:32][com.facebook.buck.io.ExecutableFinder] Executable 'clang++' mapped to 'Optional[/usr/bin/clang++]'
[2017-10-04 15:31:03.012][debug][command:f22250b5-7a9d-4ce5-8b18-26fdce7cd086][tid:32][com.facebook.buck.io.ExecutableFinder] Executable 'ar' mapped to 'Optional[/usr/bin/ar]'
[2017-10-04 15:31:03.013][debug][command:f22250b5-7a9d-4ce5-8b18-26fdce7cd086][tid:32][com.facebook.buck.io.ExecutableFinder] Executable 'strip' mapped to 'Optional[/usr/bin/strip]'
[2017-10-04 15:31:03.014][debug][command:f22250b5-7a9d-4ce5-8b18-26fdce7cd086][tid:32][com.facebook.buck.io.ExecutableFinder] Executable 'ranlib' mapped to 'Optional[/usr/bin/ranlib]'
[2017-10-04 15:31:03.016][debug][command:f22250b5-7a9d-4ce5-8b18-26fdce7cd086][tid:32][com.facebook.buck.io.ExecutableFinder] Executable 'nm' mapped to 'Optional[/usr/bin/nm]'
[2017-10-04 15:31:03.017][debug][command:f22250b5-7a9d-4ce5-8b18-26fdce7cd086][tid:32][com.facebook.buck.cxx.toolchain.CxxPlatforms] Using config default C++ platform CxxPlatform{flavor=iphonesimulator-x86_64, as=com.facebook.buck.cxx.toolchain.CompilerProvider@2265f8a4, asflags=[-isysroot, /Applications/Xcode.app/Contents/Developer/Platforms/iPhoneSimulator.platform/Developer/SDKs/iPhoneSimulator.sdk, -arch, x86_64, -mios-simulator-version-min=10.0, -iquote, /Users/kieranlafferty/Code/BuckSwiftDemo], aspp=com.facebook.buck.cxx.toolchain.PreprocessorProvider@4a3139a, asppflags=[], cc=com.facebook.buck.cxx.toolchain.CompilerProvider@6ec3d981, cflags=[-isysroot, /Applications/Xcode.app/Contents/Developer/Platforms/iPhoneSimulator.platform/Developer/SDKs/iPhoneSimulator.sdk, -arch, x86_64, -mios-simulator-version-min=10.0, -iquote, /Users/kieranlafferty/Code/BuckSwiftDemo, -g, -fmodules, -fobjc-arc, -D, BUCK, -w], cxx=com.facebook.buck.cxx.toolchain.CompilerProvider@154b2c11, cxxflags=[-isysroot, /Applications/Xcode.app/Contents/Developer/Platforms/iPhoneSimulator.platform/Developer/SDKs/iPhoneSimulator.sdk, -arch, x86_64, -mios-simulator-version-min=10.0, -iquote, /Users/kieranlafferty/Code/BuckSwiftDemo], cpp=com.facebook.buck.cxx.toolchain.PreprocessorProvider@18e646c4, cppflags=[], cxxpp=com.facebook.buck.cxx.toolchain.PreprocessorProvider@445a981, cxxppflags=[], cudappflags=[], cudaflags=[], asmppflags=[], asmflags=[], ld=com.facebook.buck.cxx.toolchain.linker.DefaultLinkerProvider@74ba7759, ldflags=[-isysroot, /Applications/Xcode.app/Contents/Developer/Platforms/iPhoneSimulator.platform/Developer/SDKs/iPhoneSimulator.sdk, -arch, x86_64, -mios-simulator-version-min=10.0, -iquote, /Users/kieranlafferty/Code/BuckSwiftDemo, -Wl,-sdk_version, -Wl,11.0, -Wl,-ObjC], runtimeLdflags={}, strip=VersionedTool{path=/Applications/Xcode.app/Contents/Developer/Toolchains/XcodeDefault.xctoolchain/usr/bin/strip, extraArgs=[], name=apple-strip, version=11.0:9A235}, stripFlags=[], ar=com.facebook.buck.cxx.toolchain.ArchiverProvider$1@385de67b, arflags=[], ranlib=com.facebook.buck.rules.ConstantToolProvider@122757d2, ranlibflags=[], symbolNameTool=com.facebook.buck.cxx.toolchain.LazyDelegatingSymbolNameTool@3b07edb6, sharedLibraryExtension=dylib, sharedLibraryVersionedExtensionFormat=%s.dylib, staticLibraryExtension=a, objectFileExtension=o, compilerDebugPathSanitizer=com.facebook.buck.cxx.toolchain.PrefixMapDebugPathSanitizer@1c204530, assemblerDebugPathSanitizer=com.facebook.buck.cxx.toolchain.MungingDebugPathSanitizer@4b9906f1, headerVerification=HeaderVerification{mode=IGNORE, whitelist=[], platformWhitelist=[^\Q/Applications/Xcode.app/Contents/Developer/Platforms/iPhoneSimulator.platform/Developer/Library/Frameworks\E\/.*, ^\Q/Applications/Xcode.app/Contents/Developer/Platforms/iPhoneSimulator.platform/Developer/SDKs/iPhoneSimulator.sdk\E\/.*, ^\Q/Applications/Xcode.app/Contents/Developer/Toolchains/XcodeDefault.xctoolchain\E\/.*], whitelistPatterns=[^\Q/Applications/Xcode.app/Contents/Developer/Platforms/iPhoneSimulator.platform/Developer/Library/Frameworks\E\/.*, ^\Q/Applications/Xcode.app/Contents/Developer/Platforms/iPhoneSimulator.platform/Developer/SDKs/iPhoneSimulator.sdk\E\/.*, ^\Q/Applications/Xcode.app/Contents/Developer/Toolchains/XcodeDefault.xctoolchain\E\/.*]}, flagMacros={SDKROOT=/Applications/Xcode.app/Contents/Developer/Platforms/iPhoneSimulator.platform/Developer/SDKs/iPhoneSimulator.sdk, PLATFORM_DIR=/Applications/Xcode.app/Contents/Developer/Platforms/iPhoneSimulator.platform, CURRENT_ARCH=x86_64, DEVELOPER_DIR=/Applications/Xcode.app/Contents/Developer}, publicHeadersSymlinksEnabled=true, privateHeadersSymlinksEnabled=true}
[2017-10-04 15:31:03.035][debug][command:f22250b5-7a9d-4ce5-8b18-26fdce7cd086][tid:32][com.facebook.buck.io.ExecutableFinder] Executable 'python2' mapped to 'Optional.empty'
[2017-10-04 15:31:03.036][debug][command:f22250b5-7a9d-4ce5-8b18-26fdce7cd086][tid:32][com.facebook.buck.io.ExecutableFinder] Executable 'python' mapped to 'Optional[/usr/bin/python]'
[2017-10-04 15:31:03.183][debug][command:f22250b5-7a9d-4ce5-8b18-26fdce7cd086][tid:32][com.facebook.buck.apple.ProvisioningProfileStore] Provisioning profile search path: /Users/kieranlafferty/Library/MobileDevice/Provisioning Profiles
[2017-10-04 15:31:03.530][debug][command:f22250b5-7a9d-4ce5-8b18-26fdce7cd086][tid:32][com.facebook.buck.json.BuckPythonProgram] Writing python rules stub to /Users/kieranlafferty/Code/BuckSwiftDemo/buck-out/tmp/buck_run.sFc1O5/buck_python_program6103595701068224047.
[2017-10-04 15:31:04.322][debug][command:f22250b5-7a9d-4ce5-8b18-26fdce7cd086][tid:32][com.facebook.buck.json.BuckPythonProgram] Created temporary buck.py instance at /Users/kieranlafferty/Code/BuckSwiftDemo/buck-out/tmp/buck_run.sFc1O5/buck_python_program6103595701068224047.
[2017-10-04 15:31:04.327][debug][command:f22250b5-7a9d-4ce5-8b18-26fdce7cd086][tid:32][com.facebook.buck.json.PythonDslProjectBuildFileParser] Starting buck.py command: [/usr/bin/python, -u, /Users/kieranlafferty/Code/BuckSwiftDemo/buck-out/tmp/buck_run.sFc1O5/buck_python_program6103595701068224047/__main__.py, --allow_empty_globs, --watchman_glob_stat_results, --project_root, /Users/kieranlafferty/Code/BuckSwiftDemo, --cell_name, , --build_file_name, BUCK, --quiet, --config, /Users/kieranlafferty/Code/BuckSwiftDemo/buck-out/tmp/buck_run.sFc1O5/raw_config1042912352295461018.json, --ignore_paths, /Users/kieranlafferty/Code/BuckSwiftDemo/buck-out/tmp/buck_run.sFc1O5/ignore_paths6236635001639917041.json] environment: Optional[{IRBRC=/Users/kieranlafferty/.rvm/rubies/ruby-2.4.0/.irbrc, PATH=/Users/kieranlafferty/.rvm/gems/ruby-2.4.0/bin:/Users/kieranlafferty/.rvm/gems/ruby-2.4.0@global/bin:/Users/kieranlafferty/.rvm/rubies/ruby-2.4.0/bin:/usr/local/bin:/usr/bin:/bin:/usr/sbin:/sbin:/Users/kieranlafferty/.rvm/bin:/Users/kieranlafferty/.rvm/bin, JAVA_ARCH=x86_64, _system_arch=x86_64, rvm_bin_path=/Users/kieranlafferty/.rvm/bin, BUCK_CLASSPATH=/Users/kieranlafferty/Code/BuckSwiftDemo/.buckd/resources/v2017.09.04.01/buck_server, TERM=xterm-256color, rvm_prefix=/Users/kieranlafferty, LANG=en_US.UTF-8, VERSIONER_PYTHON_VERSION=2.7, BUCK_BUILD_ID=f22250b5-7a9d-4ce5-8b18-26fdce7cd086, COLUMNS=80, LOGNAME=kieranlafferty, rvm_version=1.29.2 (latest), XPC_SERVICE_NAME=0, PWD=/Users/kieranlafferty/Code/BuckSwiftDemo, TERM_PROGRAM_VERSION=388.1.1, _=./buck/bin/buck, SHELL=/bin/bash, NVM_DIR=/Users/kieranlafferty/.nvm, JAVA_MAIN_CLASS_20668=com.facebook.buck.cli.bootstrapper.ClassLoaderBootstrapper, TERM_PROGRAM=Apple_Terminal, _system_type=Darwin, MY_RUBY_HOME=/Users/kieranlafferty/.rvm/rubies/ruby-2.4.0, BUCK_PYTHON_SPACE_INIT_TIME=8, _system_version=10.12, OLDPWD=/Users/kieranlafferty/Desktop/BuckTest, GEM_HOME=/Users/kieranlafferty/.rvm/gems/ruby-2.4.0, USER=kieranlafferty, VERSIONER_PYTHON_PREFER_32_BIT=no, CLASSPATH=/Users/kieranlafferty/Code/BuckSwiftDemo/.buckd/resources/v2017.09.04.01/bootstrapper_jar, TMPDIR=/var/folders/zz/v2fpp8m54y1dq0qh5yt0hqvr0000gn/T/, rvm_path=/Users/kieranlafferty/.rvm, SSH_AUTH_SOCK=/private/tmp/com.apple.launchd.6ZK0SrMSVY/Listeners, GEM_PATH=/Users/kieranlafferty/.rvm/gems/ruby-2.4.0:/Users/kieranlafferty/.rvm/gems/ruby-2.4.0@global, XPC_FLAGS=0x0, RUBY_VERSION=ruby-2.4.0, TERM_SESSION_ID=CB4A996C-E3FC-48E1-BE88-F3365BBC9D63, BUCK_TTY=1, _system_name=OSX, __CF_USER_TEXT_ENCODING=0x1F5:0x0:0x0, Apple_PubSub_Socket_Render=/private/tmp/com.apple.launchd.2MgsOd4gbP/Render, com.apple.java.jvmTask=CommandLine, SHLVL=1, HOME=/Users/kieranlafferty}]
[2017-10-04 15:31:04.333][debug][command:f22250b5-7a9d-4ce5-8b18-26fdce7cd086][tid:32][com.facebook.buck.json.PythonDslProjectBuildFileParser] Started process com.facebook.buck.util.ProcessExecutor$LaunchedProcessImpl@4473974a successfully
[2017-10-04 15:31:04.684][debug][command:null][tid:41][com.facebook.buck.json.PythonDslProjectBuildFileParser] Closing buck.py process stdin
[2017-10-04 15:31:04.703][debug][command:null][tid:41][com.facebook.buck.json.PythonDslProjectBuildFileParser] Waiting for process com.facebook.buck.util.ProcessExecutor$LaunchedProcessImpl@4473974a to exit...
[2017-10-04 15:31:04.703][debug][command:null][tid:41][com.facebook.buck.json.PythonDslProjectBuildFileParser] Process com.facebook.buck.util.ProcessExecutor$LaunchedProcessImpl@4473974a exited cleanly.
[2017-10-04 15:31:04.710][debug][command:f22250b5-7a9d-4ce5-8b18-26fdce7cd086][tid:43][com.facebook.buck.io.ExecutableFinder] Executable 'python2' mapped to 'Optional.empty'
[2017-10-04 15:31:04.711][debug][command:f22250b5-7a9d-4ce5-8b18-26fdce7cd086][tid:43][com.facebook.buck.io.ExecutableFinder] Executable 'python' mapped to 'Optional[/usr/bin/python]'
[2017-10-04 15:31:04.712][debug][command:f22250b5-7a9d-4ce5-8b18-26fdce7cd086][tid:43][com.facebook.buck.json.BuckPythonProgram] Writing python rules stub to /Users/kieranlafferty/Code/BuckSwiftDemo/buck-out/tmp/buck_run.sFc1O5/buck_python_program1629141616623743703.
[2017-10-04 15:31:04.725][debug][command:f22250b5-7a9d-4ce5-8b18-26fdce7cd086][tid:43][com.facebook.buck.json.BuckPythonProgram] Created temporary buck.py instance at /Users/kieranlafferty/Code/BuckSwiftDemo/buck-out/tmp/buck_run.sFc1O5/buck_python_program1629141616623743703.
[2017-10-04 15:31:04.726][debug][command:f22250b5-7a9d-4ce5-8b18-26fdce7cd086][tid:43][com.facebook.buck.json.PythonDslProjectBuildFileParser] Starting buck.py command: [/usr/bin/python, -u, /Users/kieranlafferty/Code/BuckSwiftDemo/buck-out/tmp/buck_run.sFc1O5/buck_python_program1629141616623743703/__main__.py, --allow_empty_globs, --watchman_glob_stat_results, --project_root, /Users/kieranlafferty/Code/BuckSwiftDemo, --cell_name, , --build_file_name, BUCK, --quiet, --config, /Users/kieranlafferty/Code/BuckSwiftDemo/buck-out/tmp/buck_run.sFc1O5/raw_config5819092261047131539.json, --ignore_paths, /Users/kieranlafferty/Code/BuckSwiftDemo/buck-out/tmp/buck_run.sFc1O5/ignore_paths2142083710568959047.json] environment: Optional[{IRBRC=/Users/kieranlafferty/.rvm/rubies/ruby-2.4.0/.irbrc, PATH=/Users/kieranlafferty/.rvm/gems/ruby-2.4.0/bin:/Users/kieranlafferty/.rvm/gems/ruby-2.4.0@global/bin:/Users/kieranlafferty/.rvm/rubies/ruby-2.4.0/bin:/usr/local/bin:/usr/bin:/bin:/usr/sbin:/sbin:/Users/kieranlafferty/.rvm/bin:/Users/kieranlafferty/.rvm/bin, JAVA_ARCH=x86_64, _system_arch=x86_64, rvm_bin_path=/Users/kieranlafferty/.rvm/bin, BUCK_CLASSPATH=/Users/kieranlafferty/Code/BuckSwiftDemo/.buckd/resources/v2017.09.04.01/buck_server, TERM=xterm-256color, rvm_prefix=/Users/kieranlafferty, LANG=en_US.UTF-8, VERSIONER_PYTHON_VERSION=2.7, BUCK_BUILD_ID=f22250b5-7a9d-4ce5-8b18-26fdce7cd086, COLUMNS=80, LOGNAME=kieranlafferty, rvm_version=1.29.2 (latest), XPC_SERVICE_NAME=0, PWD=/Users/kieranlafferty/Code/BuckSwiftDemo, TERM_PROGRAM_VERSION=388.1.1, _=./buck/bin/buck, SHELL=/bin/bash, NVM_DIR=/Users/kieranlafferty/.nvm, JAVA_MAIN_CLASS_20668=com.facebook.buck.cli.bootstrapper.ClassLoaderBootstrapper, TERM_PROGRAM=Apple_Terminal, _system_type=Darwin, MY_RUBY_HOME=/Users/kieranlafferty/.rvm/rubies/ruby-2.4.0, BUCK_PYTHON_SPACE_INIT_TIME=8, _system_version=10.12, OLDPWD=/Users/kieranlafferty/Desktop/BuckTest, GEM_HOME=/Users/kieranlafferty/.rvm/gems/ruby-2.4.0, USER=kieranlafferty, VERSIONER_PYTHON_PREFER_32_BIT=no, CLASSPATH=/Users/kieranlafferty/Code/BuckSwiftDemo/.buckd/resources/v2017.09.04.01/bootstrapper_jar, TMPDIR=/var/folders/zz/v2fpp8m54y1dq0qh5yt0hqvr0000gn/T/, rvm_path=/Users/kieranlafferty/.rvm, SSH_AUTH_SOCK=/private/tmp/com.apple.launchd.6ZK0SrMSVY/Listeners, GEM_PATH=/Users/kieranlafferty/.rvm/gems/ruby-2.4.0:/Users/kieranlafferty/.rvm/gems/ruby-2.4.0@global, XPC_FLAGS=0x0, RUBY_VERSION=ruby-2.4.0, TERM_SESSION_ID=CB4A996C-E3FC-48E1-BE88-F3365BBC9D63, BUCK_TTY=1, _system_name=OSX, __CF_USER_TEXT_ENCODING=0x1F5:0x0:0x0, Apple_PubSub_Socket_Render=/private/tmp/com.apple.launchd.2MgsOd4gbP/Render, com.apple.java.jvmTask=CommandLine, SHLVL=1, HOME=/Users/kieranlafferty}]
[2017-10-04 15:31:04.730][debug][command:f22250b5-7a9d-4ce5-8b18-26fdce7cd086][tid:43][com.facebook.buck.json.PythonDslProjectBuildFileParser] Started process com.facebook.buck.util.ProcessExecutor$LaunchedProcessImpl@50a3cb70 successfully
[2017-10-04 15:31:05.214][debug][command:f22250b5-7a9d-4ce5-8b18-26fdce7cd086][tid:01][com.facebook.buck.apple.project_generator.XCodeProjectCommandHelper] Xcode project generation: Killing existing Xcode if needed
[2017-10-04 15:31:05.214][debug][command:null][tid:45][com.facebook.buck.json.PythonDslProjectBuildFileParser] Closing buck.py process stdin
[2017-10-04 15:31:05.214][debug][command:f22250b5-7a9d-4ce5-8b18-26fdce7cd086][tid:01][com.facebook.buck.util.PkillProcessManager] Checking if Xcode is running...
[2017-10-04 15:31:05.234][debug][command:null][tid:45][com.facebook.buck.json.PythonDslProjectBuildFileParser] Waiting for process com.facebook.buck.util.ProcessExecutor$LaunchedProcessImpl@50a3cb70 to exit...
[2017-10-04 15:31:05.235][debug][command:null][tid:45][com.facebook.buck.json.PythonDslProjectBuildFileParser] Process com.facebook.buck.util.ProcessExecutor$LaunchedProcessImpl@50a3cb70 exited cleanly.
[2017-10-04 15:31:05.256][debug][command:f22250b5-7a9d-4ce5-8b18-26fdce7cd086][tid:01][com.facebook.buck.util.PkillProcessManager] Process Xcode is running
[2017-10-04 15:31:05.256][debug][command:f22250b5-7a9d-4ce5-8b18-26fdce7cd086][tid:01][com.facebook.buck.apple.project_generator.XCodeProjectCommandHelper] Displaying prompt Xcode is currently running. Buck will modify files Xcode currently has open, which can cause it to become unstable.

Kill Xcode and continue?..
[2017-10-04 15:31:05.317][debug][command:null][tid:18][com.facebook.buck.event.listener.SuperConsoleEventBusListener] Stopping render scheduler
[2017-10-04 15:31:05.318][debug][command:null][tid:18][com.facebook.buck.event.listener.SuperConsoleEventBusListener] Stopping console output (stdout dirty true, stderr dirty false).
