[2017-10-04 14:51:59.866][debug][command:null][tid:01][com.facebook.buck.cli.Main] Starting up (build date 2017-10-01 22:48:39 -0700, rev v2017.10.01.01), args: [build, //Apps/BuckSwiftDemo:BuckSwiftDemo]
[2017-10-04 14:51:59.867][debug][command:null][tid:01][com.facebook.buck.cli.Main] System properties: {java.vendor=Oracle Corporation, sun.java.launcher=SUN_STANDARD, sun.management.compiler=HotSpot 64-Bit Tiered Compilers, jnidispatch.path=/Users/kieranlafferty/Desktop/BuckTest/buck-out/tmp/buck_run.TIh_Tl/jna-1773210207/jna4801814087047466590.tmp, os.name=Mac OS X, buck.enable_objc=true, sun.boot.class.path=/Library/Java/JavaVirtualMachines/jdk1.8.0_131.jdk/Contents/Home/jre/lib/resources.jar:/Library/Java/JavaVirtualMachines/jdk1.8.0_131.jdk/Contents/Home/jre/lib/rt.jar:/Library/Java/JavaVirtualMachines/jdk1.8.0_131.jdk/Contents/Home/jre/lib/sunrsasign.jar:/Library/Java/JavaVirtualMachines/jdk1.8.0_131.jdk/Contents/Home/jre/lib/jsse.jar:/Library/Java/JavaVirtualMachines/jdk1.8.0_131.jdk/Contents/Home/jre/lib/jce.jar:/Library/Java/JavaVirtualMachines/jdk1.8.0_131.jdk/Contents/Home/jre/lib/charsets.jar:/Library/Java/JavaVirtualMachines/jdk1.8.0_131.jdk/Contents/Home/jre/lib/jfr.jar:/Library/Java/JavaVirtualMachines/jdk1.8.0_131.jdk/Contents/Home/jre/classes, buck.resource_lock_path=/Users/kieranlafferty/Desktop/BuckTest/.buckd/resources/v2017.10.01.01/.buck_lock, java.vm.specification.vendor=Oracle Corporation, java.runtime.version=1.8.0_131-b11, jna.loaded=true, buck.testrunner_classes=/Users/kieranlafferty/Desktop/BuckTest/.buckd/resources/v2017.10.01.01/testrunner_classes, buck.logging_config_file=/Users/kieranlafferty/Desktop/BuckTest/.buckd/resources/v2017.10.01.01/logging_config_file, buck.path_to_sh_binary_template=/Users/kieranlafferty/Desktop/BuckTest/.buckd/resources/v2017.10.01.01/path_to_sh_binary_template, user.name=kieranlafferty, buck.path_to_pywatchman=/Users/kieranlafferty/Desktop/BuckTest/.buckd/resources/v2017.10.01.01/path_to_pywatchman, buck.report_generator_jar=/Users/kieranlafferty/Desktop/BuckTest/.buckd/resources/v2017.10.01.01/report_generator_jar, buck.git_commit=v2017.10.01.01, user.language=en, sun.boot.library.path=/Library/Java/JavaVirtualMachines/jdk1.8.0_131.jdk/Contents/Home/jre/lib, java.version=1.8.0_131, user.timezone=America/Los_Angeles, buck.test_util_no_tests_dir=true, sun.arch.data.model=64, http.nonProxyHosts=local|*.local|169.254/16|*.169.254/16, java.endorsed.dirs=/Library/Java/JavaVirtualMachines/jdk1.8.0_131.jdk/Contents/Home/jre/lib/endorsed, sun.cpu.isalist=, sun.jnu.encoding=UTF-8, file.encoding.pkg=sun.io, file.separator=/, java.specification.name=Java Platform API Specification, buck.jacoco_agent_jar=/Users/kieranlafferty/Desktop/BuckTest/.buckd/resources/v2017.10.01.01/jacoco_agent_jar, java.class.version=52.0, user.country=US, java.home=/Library/Java/JavaVirtualMachines/jdk1.8.0_131.jdk/Contents/Home/jre, java.vm.info=mixed mode, os.version=10.12.6, buck.external_executor_jar=/Users/kieranlafferty/Desktop/BuckTest/.buckd/resources/v2017.10.01.01/external_executor_jar, buck.version_uid=v2017.10.01.01, org.eclipse.jetty.util.log.class=org.eclipse.jetty.util.log.JavaUtilLog, path.separator=:, java.vm.version=25.131-b11, java.awt.printerjob=sun.lwawt.macosx.CPrinterJob, sun.io.unicode.encoding=UnicodeBig, awt.toolkit=sun.lwawt.macosx.LWCToolkit, socksNonProxyHosts=local|*.local|169.254/16|*.169.254/16, buck.buck_build_type_info=/Users/kieranlafferty/Desktop/BuckTest/.buckd/resources/v2017.10.01.01/buck_build_type_info, ftp.nonProxyHosts=local|*.local|169.254/16|*.169.254/16, buck.dx=/Users/kieranlafferty/Desktop/BuckTest/.buckd/resources/v2017.10.01.01/dx, buck.git_commit_timestamp=1506923319, user.home=/Users/kieranlafferty, buck.path_to_asm_jar=/Users/kieranlafferty/Desktop/BuckTest/.buckd/resources/v2017.10.01.01/path_to_asm_jar, java.specification.vendor=Oracle Corporation, buck.git_dirty=0, java.library.path=/Users/kieranlafferty/Desktop/BuckTest/.buckd/resources/v2017.10.01.01, java.vendor.url=http://java.oracle.com/, java.vm.vendor=Oracle Corporation, gopherProxySet=false, java.runtime.name=Java(TM) SE Runtime Environment, sun.java.command=com.facebook.buck.cli.bootstrapper.ClassLoaderBootstrapper com.facebook.buck.cli.Main build //Apps/BuckSwiftDemo:BuckSwiftDemo, java.class.path=/Users/kieranlafferty/Desktop/BuckTest/.buckd/resources/v2017.10.01.01/bootstrapper_jar, buck.buckd_dir=/Users/kieranlafferty/Desktop/BuckTest/.buckd, buck.path_to_pathlib_py=/Users/kieranlafferty/Desktop/BuckTest/.buckd/resources/v2017.10.01.01/pathlib.py, java.vm.specification.name=Java Virtual Machine Specification, java.vm.specification.version=1.8, sun.cpu.endian=little, buck.path_to_rawmanifest_py=/Users/kieranlafferty/Desktop/BuckTest/.buckd/resources/v2017.10.01.01/rawmanifest.py, sun.os.patch.level=unknown, java.awt.headless=true, java.io.tmpdir=/Users/kieranlafferty/Desktop/BuckTest/buck-out/tmp/buck_run.TIh_Tl, buck.android_agent_path=/Users/kieranlafferty/Desktop/BuckTest/.buckd/resources/v2017.10.01.01/android_agent_path, java.vendor.url.bug=http://bugreport.sun.com/bugreport/, buck.path_to_python_dsl=, os.arch=x86_64, java.awt.graphicsenv=sun.awt.CGraphicsEnvironment, buck.path_to_pex=/Users/kieranlafferty/Desktop/BuckTest/.buckd/resources/v2017.10.01.01/path_to_pex, java.ext.dirs=/Users/kieranlafferty/Library/Java/Extensions:/Library/Java/JavaVirtualMachines/jdk1.8.0_131.jdk/Contents/Home/jre/lib/ext:/Library/Java/Extensions:/Network/Library/Java/Extensions:/System/Library/Java/Extensions:/usr/lib/java, java.util.logging.config.class=com.facebook.buck.cli.bootstrapper.LogConfig, user.dir=/Users/kieranlafferty/Desktop/BuckTest, line.separator=
, java.vm.name=Java HotSpot(TM) 64-Bit Server VM, buck.path_to_typing=/Users/kieranlafferty/Desktop/BuckTest/.buckd/resources/v2017.10.01.01/path_to_typing, buck.native_exopackage_fake_path=/Users/kieranlafferty/Desktop/BuckTest/.buckd/resources/v2017.10.01.01/native_exopackage_fake_path, file.encoding=UTF-8, java.specification.version=1.8}
[2017-10-04 14:51:59.878][debug][command:null][tid:01][com.facebook.buck.util.config.Configs] Loading configuration for /Users/kieranlafferty/Desktop/BuckTest
[2017-10-04 14:51:59.932][debug][command:null][tid:01][com.facebook.buck.util.config.Configs] Loaded a configuration file /Users/kieranlafferty/Desktop/BuckTest/.buckconfig: {project={ide_force_kill=always}, cxx={default_platform=iphonesimulator-x86_64, cflags=-g -fmodules -fobjc-arc -D BUCK -w, combined_preprocess_and_compile=true}, swift={version=3.0, compiler_flags=-DBUCK -whole-module-optimization -enable-testing -suppress-warnings}, apple={iphonesimulator_target_sdk_version=10.0, iphoneos_target_sdk_version=10.0, use_swift_delegate=false}}
[2017-10-04 14:51:59.933][debug][command:null][tid:01][com.facebook.buck.util.config.Configs] Adding configuration overrides RawConfig{values={}}
[2017-10-04 14:51:59.990][debug][command:null][tid:01][com.facebook.buck.util.config.Configs] Loading configuration for /Users/kieranlafferty/Desktop/BuckTest
[2017-10-04 14:51:59.991][debug][command:null][tid:01][com.facebook.buck.util.config.Configs] Loaded a configuration file /Users/kieranlafferty/Desktop/BuckTest/.buckconfig: {project={ide_force_kill=always}, cxx={default_platform=iphonesimulator-x86_64, cflags=-g -fmodules -fobjc-arc -D BUCK -w, combined_preprocess_and_compile=true}, swift={version=3.0, compiler_flags=-DBUCK -whole-module-optimization -enable-testing -suppress-warnings}, apple={iphonesimulator_target_sdk_version=10.0, iphoneos_target_sdk_version=10.0, use_swift_delegate=false}}
[2017-10-04 14:51:59.991][debug][command:null][tid:01][com.facebook.buck.util.config.Configs] Adding configuration overrides RawConfig{values={}}
[2017-10-04 14:52:00.224][debug][command:null][tid:01][com.facebook.buck.apple.AppleToolchainDiscovery] Searching for Xcode toolchains under /Applications/Xcode.app/Contents/Developer/Toolchains
[2017-10-04 14:52:00.225][debug][command:null][tid:01][com.facebook.buck.apple.AppleToolchainDiscovery] Searching for Xcode toolchains in /Applications/Xcode.app/Contents/Developer/Toolchains
[2017-10-04 14:52:00.231][debug][command:null][tid:01][com.facebook.buck.apple.AppleToolchainDiscovery] Getting identifier for for Xcode toolchain under /Applications/Xcode.app/Contents/Developer/Toolchains/XcodeDefault.xctoolchain
[2017-10-04 14:52:00.247][debug][command:null][tid:01][com.facebook.buck.apple.AppleToolchainDiscovery] Mapped SDK identifier com.apple.dt.toolchain.XcodeDefault to path /Applications/Xcode.app/Contents/Developer/Toolchains/XcodeDefault.xctoolchain
[2017-10-04 14:52:00.255][debug][command:null][tid:01][com.facebook.buck.apple.AppleSdkDiscovery] Searching for Xcode platforms under /Applications/Xcode.app/Contents/Developer/Platforms
[2017-10-04 14:52:00.260][debug][command:null][tid:01][com.facebook.buck.apple.AppleSdkDiscovery] Searching for Xcode SDKs in /Applications/Xcode.app/Contents/Developer/Platforms
[2017-10-04 14:52:00.261][debug][command:null][tid:01][com.facebook.buck.apple.AppleSdkDiscovery] Fetching SDK name for /Applications/Xcode.app/Contents/Developer/Platforms/AppleTVOS.platform/Developer/SDKs/AppleTVOS.sdk
[2017-10-04 14:52:00.268][debug][command:null][tid:01][com.facebook.buck.apple.AppleSdkDiscovery] Found SDK AppleSdk{name=appletvos11.0, version=11.0, applePlatform=ApplePlatform{name=appletvos, provisioningProfileName=tvOS, architectures=[arm64], minVersionFlagPrefix=-mtvos-version-min=, appIncludesFrameworks=false}, architectures=[arm64], toolchains=[AppleToolchain{identifier=com.apple.dt.toolchain.XcodeDefault, path=/Applications/Xcode.app/Contents/Developer/Toolchains/XcodeDefault.xctoolchain}]}
[2017-10-04 14:52:00.270][debug][command:null][tid:01][com.facebook.buck.apple.AppleSdkDiscovery] Fetching SDK name for /Applications/Xcode.app/Contents/Developer/Platforms/AppleTVOS.platform/Developer/SDKs/AppleTVOS11.0.sdk
[2017-10-04 14:52:00.271][debug][command:null][tid:01][com.facebook.buck.apple.AppleSdkDiscovery] Skipping already scanned SDK directory /Applications/Xcode.app/Contents/Developer/Platforms/AppleTVOS.platform/Developer/SDKs/AppleTVOS.sdk
[2017-10-04 14:52:00.271][debug][command:null][tid:01][com.facebook.buck.apple.AppleSdkDiscovery] Fetching SDK name for /Applications/Xcode.app/Contents/Developer/Platforms/AppleTVSimulator.platform/Developer/SDKs/AppleTVSimulator.sdk
[2017-10-04 14:52:00.272][debug][command:null][tid:01][com.facebook.buck.apple.AppleSdkDiscovery] Found SDK AppleSdk{name=appletvsimulator11.0, version=11.0, applePlatform=ApplePlatform{name=appletvsimulator, swiftName=tvos, architectures=[x86_64], minVersionFlagPrefix=-mtvos-simulator-version-min=, appIncludesFrameworks=false}, architectures=[x86_64], toolchains=[AppleToolchain{identifier=com.apple.dt.toolchain.XcodeDefault, path=/Applications/Xcode.app/Contents/Developer/Toolchains/XcodeDefault.xctoolchain}]}
[2017-10-04 14:52:00.273][debug][command:null][tid:01][com.facebook.buck.apple.AppleSdkDiscovery] Fetching SDK name for /Applications/Xcode.app/Contents/Developer/Platforms/AppleTVSimulator.platform/Developer/SDKs/AppleTVSimulator11.0.sdk
[2017-10-04 14:52:00.273][debug][command:null][tid:01][com.facebook.buck.apple.AppleSdkDiscovery] Skipping already scanned SDK directory /Applications/Xcode.app/Contents/Developer/Platforms/AppleTVSimulator.platform/Developer/SDKs/AppleTVSimulator.sdk
[2017-10-04 14:52:00.273][debug][command:null][tid:01][com.facebook.buck.apple.AppleSdkDiscovery] Fetching SDK name for /Applications/Xcode.app/Contents/Developer/Platforms/iPhoneOS.platform/Developer/SDKs/iPhoneOS.sdk
[2017-10-04 14:52:00.274][debug][command:null][tid:01][com.facebook.buck.apple.AppleSdkDiscovery] Found SDK AppleSdk{name=iphoneos11.0, version=11.0, applePlatform=ApplePlatform{name=iphoneos, swiftName=ios, provisioningProfileName=iOS, architectures=[armv7, arm64], minVersionFlagPrefix=-mios-version-min=, stubBinaryPath=Library/Application Support/WatchKit/WK, appIncludesFrameworks=false}, architectures=[armv7, arm64], toolchains=[AppleToolchain{identifier=com.apple.dt.toolchain.XcodeDefault, path=/Applications/Xcode.app/Contents/Developer/Toolchains/XcodeDefault.xctoolchain}]}
[2017-10-04 14:52:00.274][debug][command:null][tid:01][com.facebook.buck.apple.AppleSdkDiscovery] Fetching SDK name for /Applications/Xcode.app/Contents/Developer/Platforms/iPhoneOS.platform/Developer/SDKs/iPhoneOS11.0.sdk
[2017-10-04 14:52:00.274][debug][command:null][tid:01][com.facebook.buck.apple.AppleSdkDiscovery] Skipping already scanned SDK directory /Applications/Xcode.app/Contents/Developer/Platforms/iPhoneOS.platform/Developer/SDKs/iPhoneOS.sdk
[2017-10-04 14:52:00.275][debug][command:null][tid:01][com.facebook.buck.apple.AppleSdkDiscovery] Fetching SDK name for /Applications/Xcode.app/Contents/Developer/Platforms/iPhoneSimulator.platform/Developer/SDKs/iPhoneSimulator.sdk
[2017-10-04 14:52:00.275][debug][command:null][tid:01][com.facebook.buck.apple.AppleSdkDiscovery] Found SDK AppleSdk{name=iphonesimulator11.0, version=11.0, applePlatform=ApplePlatform{name=iphonesimulator, swiftName=ios, architectures=[i386, x86_64], minVersionFlagPrefix=-mios-simulator-version-min=, stubBinaryPath=Library/Application Support/WatchKit/WK, appIncludesFrameworks=false}, architectures=[i386, x86_64], toolchains=[AppleToolchain{identifier=com.apple.dt.toolchain.XcodeDefault, path=/Applications/Xcode.app/Contents/Developer/Toolchains/XcodeDefault.xctoolchain}]}
[2017-10-04 14:52:00.276][debug][command:null][tid:01][com.facebook.buck.apple.AppleSdkDiscovery] Fetching SDK name for /Applications/Xcode.app/Contents/Developer/Platforms/iPhoneSimulator.platform/Developer/SDKs/iPhoneSimulator11.0.sdk
[2017-10-04 14:52:00.276][debug][command:null][tid:01][com.facebook.buck.apple.AppleSdkDiscovery] Skipping already scanned SDK directory /Applications/Xcode.app/Contents/Developer/Platforms/iPhoneSimulator.platform/Developer/SDKs/iPhoneSimulator.sdk
[2017-10-04 14:52:00.276][debug][command:null][tid:01][com.facebook.buck.apple.AppleSdkDiscovery] Fetching SDK name for /Applications/Xcode.app/Contents/Developer/Platforms/MacOSX.platform/Developer/SDKs/MacOSX.sdk
[2017-10-04 14:52:00.349][debug][command:null][tid:01][com.facebook.buck.apple.AppleSdkDiscovery] Found SDK AppleSdk{name=macosx10.13, version=10.13, applePlatform=ApplePlatform{name=macosx, architectures=[i386, x86_64], minVersionFlagPrefix=-mmacosx-version-min=, appIncludesFrameworks=true}, architectures=[i386, x86_64], toolchains=[AppleToolchain{identifier=com.apple.dt.toolchain.XcodeDefault, path=/Applications/Xcode.app/Contents/Developer/Toolchains/XcodeDefault.xctoolchain}]}
[2017-10-04 14:52:00.350][debug][command:null][tid:01][com.facebook.buck.apple.AppleSdkDiscovery] Fetching SDK name for /Applications/Xcode.app/Contents/Developer/Platforms/MacOSX.platform/Developer/SDKs/MacOSX10.13.sdk
[2017-10-04 14:52:00.350][debug][command:null][tid:01][com.facebook.buck.apple.AppleSdkDiscovery] Skipping already scanned SDK directory /Applications/Xcode.app/Contents/Developer/Platforms/MacOSX.platform/Developer/SDKs/MacOSX.sdk
[2017-10-04 14:52:00.350][debug][command:null][tid:01][com.facebook.buck.apple.AppleSdkDiscovery] Fetching SDK name for /Applications/Xcode.app/Contents/Developer/Platforms/WatchOS.platform/Developer/SDKs/WatchOS.sdk
[2017-10-04 14:52:00.352][debug][command:null][tid:01][com.facebook.buck.apple.AppleSdkDiscovery] Found SDK AppleSdk{name=watchos4.0, version=4.0, applePlatform=ApplePlatform{name=watchos, provisioningProfileName=iOS, architectures=[armv7k], minVersionFlagPrefix=-mwatchos-version-min=, stubBinaryPath=Library/Application Support/WatchKit/WK, appIncludesFrameworks=false}, architectures=[armv7k], toolchains=[AppleToolchain{identifier=com.apple.dt.toolchain.XcodeDefault, path=/Applications/Xcode.app/Contents/Developer/Toolchains/XcodeDefault.xctoolchain}]}
[2017-10-04 14:52:00.352][debug][command:null][tid:01][com.facebook.buck.apple.AppleSdkDiscovery] Fetching SDK name for /Applications/Xcode.app/Contents/Developer/Platforms/WatchOS.platform/Developer/SDKs/WatchOS4.0.sdk
[2017-10-04 14:52:00.352][debug][command:null][tid:01][com.facebook.buck.apple.AppleSdkDiscovery] Skipping already scanned SDK directory /Applications/Xcode.app/Contents/Developer/Platforms/WatchOS.platform/Developer/SDKs/WatchOS.sdk
[2017-10-04 14:52:00.353][debug][command:null][tid:01][com.facebook.buck.apple.AppleSdkDiscovery] Fetching SDK name for /Applications/Xcode.app/Contents/Developer/Platforms/WatchSimulator.platform/Developer/SDKs/WatchSimulator.sdk
[2017-10-04 14:52:00.353][debug][command:null][tid:01][com.facebook.buck.apple.AppleSdkDiscovery] Found SDK AppleSdk{name=watchsimulator4.0, version=4.0, applePlatform=ApplePlatform{name=watchsimulator, architectures=[i386], minVersionFlagPrefix=-mwatchos-simulator-version-min=, stubBinaryPath=Library/Application Support/WatchKit/WK, appIncludesFrameworks=false}, architectures=[i386], toolchains=[AppleToolchain{identifier=com.apple.dt.toolchain.XcodeDefault, path=/Applications/Xcode.app/Contents/Developer/Toolchains/XcodeDefault.xctoolchain}]}
[2017-10-04 14:52:00.354][debug][command:null][tid:01][com.facebook.buck.apple.AppleSdkDiscovery] Fetching SDK name for /Applications/Xcode.app/Contents/Developer/Platforms/WatchSimulator.platform/Developer/SDKs/WatchSimulator4.0.sdk
[2017-10-04 14:52:00.354][debug][command:null][tid:01][com.facebook.buck.apple.AppleSdkDiscovery] Skipping already scanned SDK directory /Applications/Xcode.app/Contents/Developer/Platforms/WatchSimulator.platform/Developer/SDKs/WatchSimulator.sdk
[2017-10-04 14:52:00.366][debug][command:null][tid:01][com.facebook.buck.cli.Main] Not using Watchman, context present: false, glob handler: PYTHON
[2017-10-04 14:52:00.380][debug][command:null][tid:17][com.facebook.buck.io.AsynchronousDirectoryContentsCleaner] Starting to clean buck-out/.trash
[2017-10-04 14:52:00.388][debug][command:null][tid:17][com.facebook.buck.io.AsynchronousDirectoryContentsCleaner] Done cleaning buck-out/.trash
[2017-10-04 14:52:00.471][debug][command:f0602980-0d78-46c3-8ec2-83a397389605][tid:01][com.facebook.buck.event.listener.SuperConsoleEventBusListener] Starting render scheduler (interval 100 ms)
[2017-10-04 14:52:00.536][debug][command:f0602980-0d78-46c3-8ec2-83a397389605][tid:01][com.google.common.util.concurrent.ServiceManager] Starting PerfStatsTracking [RUNNING].
[2017-10-04 14:52:00.536][debug][command:f0602980-0d78-46c3-8ec2-83a397389605][tid:01][com.google.common.util.concurrent.ServiceManager] Started PerfStatsTracking [RUNNING] in 386.7 μs.
[2017-10-04 14:52:00.540][debug][command:f0602980-0d78-46c3-8ec2-83a397389605][tid:01][com.google.common.util.concurrent.ServiceManager] Starting ProcessTracker [STARTING].
[2017-10-04 14:52:00.540][debug][command:null][tid:22][com.facebook.buck.util.perf.ProcessTracker] startUp
[2017-10-04 14:52:00.541][debug][command:f0602980-0d78-46c3-8ec2-83a397389605][tid:01][com.facebook.buck.cli.Main] InvocationInfo BuildId=[f0602980-0d78-46c3-8ec2-83a397389605] Args=[build, //Apps/BuckSwiftDemo:BuckSwiftDemo]
[2017-10-04 14:52:00.560][debug][command:f0602980-0d78-46c3-8ec2-83a397389605][tid:01][com.facebook.buck.util.environment.MacWifiSsidFinder] Getting current SSID..
[2017-10-04 14:52:00.615][debug][command:f0602980-0d78-46c3-8ec2-83a397389605][tid:01][com.facebook.buck.util.environment.MacWifiSsidFinder] Getting SSID from Wi-Fi interface: <CWInterface: 0x7ff291b0a9f0> [interfaceName=en0]
[2017-10-04 14:52:00.617][debug][command:f0602980-0d78-46c3-8ec2-83a397389605][tid:01][com.facebook.buck.util.environment.MacWifiSsidFinder] Found SSID: SciFi
[2017-10-04 14:52:00.632][debug][command:null][tid:22][com.google.common.util.concurrent.ServiceManager] Started ProcessTracker [RUNNING] in 92.24 ms.
[2017-10-04 14:52:01.290][debug][command:f0602980-0d78-46c3-8ec2-83a397389605][tid:01][com.facebook.buck.cli.Main] new Buck daemon
[2017-10-04 14:52:01.291][warn ][command:null][tid:25][com.facebook.buck.event.listener.PublicAnnouncementManager] Failed to get public announcements. Reason: Failed to establish connection to server.
[2017-10-04 14:52:01.311][info ][command:null][tid:27][com.facebook.buck.util.versioncontrol.VersionControlStatsGenerator] Starting generation of version control stats.
[2017-10-04 14:52:01.315][debug][command:null][tid:27][com.facebook.buck.util.versioncontrol.VersionControlCmdLineInterface] Executing command: hg log -l 1 --template {node|short}
[2017-10-04 14:52:01.321][warn ][command:null][tid:27][com.facebook.buck.util.versioncontrol.DelegatingVersionControlCmdLineInterface] Mercurial is the only VCS supported for VCS stats generation, however current project (which has enabled VCS stats generation in its .buckconfig) does not appear to be a Mercurial repository: 
com.facebook.buck.util.versioncontrol.VersionControlCommandFailedException: java.io.IOException: Cannot run program "hg" (in directory "/Users/kieranlafferty/Desktop/BuckTest"): error=2, No such file or directory
[2017-10-04 14:52:01.321][debug][command:null][tid:27][com.facebook.buck.util.versioncontrol.DelegatingVersionControlCmdLineInterface] Using NoOpCmdLineInterface.
[2017-10-04 14:52:01.322][warn ][command:null][tid:27][com.facebook.buck.util.versioncontrol.VersionControlStatsGenerator] Skipping generation of version control stats as unsupported repository type.
[2017-10-04 14:52:01.328][debug][command:null][tid:27][com.facebook.buck.util.environment.MacNetworkConfiguration] Determine network service order and extract device names
[2017-10-04 14:52:01.361][debug][command:null][tid:27][com.facebook.buck.util.ListeningProcessExecutor] Launching process with params ProcessExecutorParams{command=[networksetup, -listnetworkserviceorder, ]}
[2017-10-04 14:52:01.415][debug][command:null][tid:27][com.facebook.buck.util.ListeningProcessExecutor] Successfully launched process com.zaxxer.nuprocess.osx.OsxProcess@4c6e33cd
[2017-10-04 14:52:01.418][debug][command:null][tid:27][com.facebook.buck.util.ListeningProcessExecutor] Waiting for process com.facebook.buck.util.ListeningProcessExecutor$LaunchedProcessImpl@4f926314 timeout 1000 MILLISECONDS
[2017-10-04 14:52:01.466][debug][command:null][tid:27][com.facebook.buck.util.ListeningProcessExecutor] Wait for process returned 0
[2017-10-04 14:52:01.466][debug][command:null][tid:27][com.facebook.buck.util.ListeningProcessExecutor] Destroying process com.facebook.buck.util.ListeningProcessExecutor$LaunchedProcessImpl@4f926314 (force true)
[2017-10-04 14:52:01.466][debug][command:null][tid:27][com.facebook.buck.util.environment.MacNetworkConfiguration] Determine active state of media for device
[2017-10-04 14:52:01.466][debug][command:null][tid:27][com.facebook.buck.util.ListeningProcessExecutor] Launching process with params ProcessExecutorParams{command=[networksetup, -getMedia, usbmodem14110]}
[2017-10-04 14:52:01.469][debug][command:null][tid:27][com.facebook.buck.util.ListeningProcessExecutor] Successfully launched process com.zaxxer.nuprocess.osx.OsxProcess@725fc170
[2017-10-04 14:52:01.471][debug][command:null][tid:27][com.facebook.buck.util.ListeningProcessExecutor] Waiting for process com.facebook.buck.util.ListeningProcessExecutor$LaunchedProcessImpl@13324bec timeout 1000 MILLISECONDS
[2017-10-04 14:52:01.504][debug][command:null][tid:27][com.facebook.buck.util.ListeningProcessExecutor] Wait for process returned 4
[2017-10-04 14:52:01.504][debug][command:null][tid:27][com.facebook.buck.util.ListeningProcessExecutor] Destroying process com.facebook.buck.util.ListeningProcessExecutor$LaunchedProcessImpl@13324bec (force true)
[2017-10-04 14:52:01.504][debug][command:null][tid:27][com.facebook.buck.util.environment.MacNetworkConfiguration] Determine active state of media for device
[2017-10-04 14:52:01.505][debug][command:null][tid:27][com.facebook.buck.util.ListeningProcessExecutor] Launching process with params ProcessExecutorParams{command=[networksetup, -getMedia, lpss-serial1]}
[2017-10-04 14:52:01.508][debug][command:null][tid:27][com.facebook.buck.util.ListeningProcessExecutor] Successfully launched process com.zaxxer.nuprocess.osx.OsxProcess@2d298551
[2017-10-04 14:52:01.510][debug][command:null][tid:27][com.facebook.buck.util.ListeningProcessExecutor] Waiting for process com.facebook.buck.util.ListeningProcessExecutor$LaunchedProcessImpl@717fc923 timeout 1000 MILLISECONDS
[2017-10-04 14:52:01.555][debug][command:null][tid:27][com.facebook.buck.util.ListeningProcessExecutor] Wait for process returned 4
[2017-10-04 14:52:01.555][debug][command:null][tid:27][com.facebook.buck.util.ListeningProcessExecutor] Destroying process com.facebook.buck.util.ListeningProcessExecutor$LaunchedProcessImpl@717fc923 (force true)
[2017-10-04 14:52:01.555][debug][command:null][tid:27][com.facebook.buck.util.environment.MacNetworkConfiguration] Determine active state of media for device
[2017-10-04 14:52:01.555][debug][command:null][tid:27][com.facebook.buck.util.ListeningProcessExecutor] Launching process with params ProcessExecutorParams{command=[networksetup, -getMedia, lpss-serial2]}
[2017-10-04 14:52:01.559][debug][command:null][tid:27][com.facebook.buck.util.ListeningProcessExecutor] Successfully launched process com.zaxxer.nuprocess.osx.OsxProcess@7da7c23d
[2017-10-04 14:52:01.560][debug][command:null][tid:27][com.facebook.buck.util.ListeningProcessExecutor] Waiting for process com.facebook.buck.util.ListeningProcessExecutor$LaunchedProcessImpl@7c4b8b4e timeout 1000 MILLISECONDS
[2017-10-04 14:52:01.602][debug][command:null][tid:27][com.facebook.buck.util.ListeningProcessExecutor] Wait for process returned 4
[2017-10-04 14:52:01.602][debug][command:null][tid:27][com.facebook.buck.util.ListeningProcessExecutor] Destroying process com.facebook.buck.util.ListeningProcessExecutor$LaunchedProcessImpl@7c4b8b4e (force true)
[2017-10-04 14:52:01.603][debug][command:null][tid:27][com.facebook.buck.util.environment.MacNetworkConfiguration] Determine active state of media for device
[2017-10-04 14:52:01.603][debug][command:null][tid:27][com.facebook.buck.util.ListeningProcessExecutor] Launching process with params ProcessExecutorParams{command=[networksetup, -getMedia, en8]}
[2017-10-04 14:52:01.605][debug][command:null][tid:27][com.facebook.buck.util.ListeningProcessExecutor] Successfully launched process com.zaxxer.nuprocess.osx.OsxProcess@1d299a9b
[2017-10-04 14:52:01.606][debug][command:null][tid:27][com.facebook.buck.util.ListeningProcessExecutor] Waiting for process com.facebook.buck.util.ListeningProcessExecutor$LaunchedProcessImpl@12106ecc timeout 1000 MILLISECONDS
[2017-10-04 14:52:01.659][debug][command:null][tid:27][com.facebook.buck.util.ListeningProcessExecutor] Wait for process returned 4
[2017-10-04 14:52:01.659][debug][command:null][tid:27][com.facebook.buck.util.ListeningProcessExecutor] Destroying process com.facebook.buck.util.ListeningProcessExecutor$LaunchedProcessImpl@12106ecc (force true)
[2017-10-04 14:52:01.659][debug][command:null][tid:27][com.facebook.buck.util.environment.MacNetworkConfiguration] Determine active state of media for device
[2017-10-04 14:52:01.659][debug][command:null][tid:27][com.facebook.buck.util.ListeningProcessExecutor] Launching process with params ProcessExecutorParams{command=[networksetup, -getMedia, en9]}
[2017-10-04 14:52:01.661][debug][command:null][tid:27][com.facebook.buck.util.ListeningProcessExecutor] Successfully launched process com.zaxxer.nuprocess.osx.OsxProcess@51e5e099
[2017-10-04 14:52:01.663][debug][command:null][tid:27][com.facebook.buck.util.ListeningProcessExecutor] Waiting for process com.facebook.buck.util.ListeningProcessExecutor$LaunchedProcessImpl@71541010 timeout 1000 MILLISECONDS
[2017-10-04 14:52:01.695][debug][command:null][tid:27][com.facebook.buck.util.ListeningProcessExecutor] Wait for process returned 4
[2017-10-04 14:52:01.695][debug][command:null][tid:27][com.facebook.buck.util.ListeningProcessExecutor] Destroying process com.facebook.buck.util.ListeningProcessExecutor$LaunchedProcessImpl@71541010 (force true)
[2017-10-04 14:52:01.695][debug][command:null][tid:27][com.facebook.buck.util.environment.MacNetworkConfiguration] Determine active state of media for device
[2017-10-04 14:52:01.695][debug][command:null][tid:27][com.facebook.buck.util.ListeningProcessExecutor] Launching process with params ProcessExecutorParams{command=[networksetup, -getMedia, en12]}
[2017-10-04 14:52:01.698][debug][command:null][tid:27][com.facebook.buck.util.ListeningProcessExecutor] Successfully launched process com.zaxxer.nuprocess.osx.OsxProcess@2078a1e3
[2017-10-04 14:52:01.699][debug][command:null][tid:27][com.facebook.buck.util.ListeningProcessExecutor] Waiting for process com.facebook.buck.util.ListeningProcessExecutor$LaunchedProcessImpl@4f1002be timeout 1000 MILLISECONDS
[2017-10-04 14:52:01.706][info ][command:f0602980-0d78-46c3-8ec2-83a397389605][tid:26][com.facebook.buck.event.listener.LoggingBuildListener] Build started at 2017-10-04 14:52:01.706
[2017-10-04 14:52:01.738][debug][command:null][tid:27][com.facebook.buck.util.ListeningProcessExecutor] Wait for process returned 4
[2017-10-04 14:52:01.738][debug][command:null][tid:27][com.facebook.buck.util.ListeningProcessExecutor] Destroying process com.facebook.buck.util.ListeningProcessExecutor$LaunchedProcessImpl@4f1002be (force true)
[2017-10-04 14:52:01.738][debug][command:null][tid:27][com.facebook.buck.util.environment.MacNetworkConfiguration] Determine active state of media for device
[2017-10-04 14:52:01.739][debug][command:null][tid:27][com.facebook.buck.util.ListeningProcessExecutor] Launching process with params ProcessExecutorParams{command=[networksetup, -getMedia, en10]}
[2017-10-04 14:52:01.741][debug][command:null][tid:27][com.facebook.buck.util.ListeningProcessExecutor] Successfully launched process com.zaxxer.nuprocess.osx.OsxProcess@1e154fdc
[2017-10-04 14:52:01.742][debug][command:null][tid:27][com.facebook.buck.util.ListeningProcessExecutor] Waiting for process com.facebook.buck.util.ListeningProcessExecutor$LaunchedProcessImpl@7b079244 timeout 1000 MILLISECONDS
[2017-10-04 14:52:01.776][debug][command:null][tid:27][com.facebook.buck.util.ListeningProcessExecutor] Wait for process returned 4
[2017-10-04 14:52:01.776][debug][command:null][tid:27][com.facebook.buck.util.ListeningProcessExecutor] Destroying process com.facebook.buck.util.ListeningProcessExecutor$LaunchedProcessImpl@7b079244 (force true)
[2017-10-04 14:52:01.776][debug][command:null][tid:27][com.facebook.buck.util.environment.MacNetworkConfiguration] Determine active state of media for device
[2017-10-04 14:52:01.776][debug][command:null][tid:27][com.facebook.buck.util.ListeningProcessExecutor] Launching process with params ProcessExecutorParams{command=[networksetup, -getMedia, fw0]}
[2017-10-04 14:52:01.778][debug][command:null][tid:27][com.facebook.buck.util.ListeningProcessExecutor] Successfully launched process com.zaxxer.nuprocess.osx.OsxProcess@342ec6a7
[2017-10-04 14:52:01.779][debug][command:null][tid:27][com.facebook.buck.util.ListeningProcessExecutor] Waiting for process com.facebook.buck.util.ListeningProcessExecutor$LaunchedProcessImpl@7be4376e timeout 1000 MILLISECONDS
[2017-10-04 14:52:01.812][debug][command:f0602980-0d78-46c3-8ec2-83a397389605][tid:01][com.facebook.buck.parser.DaemonicParserState] Starting to invalidate caches for /Users/kieranlafferty/Desktop/BuckTest..
[2017-10-04 14:52:01.812][debug][command:f0602980-0d78-46c3-8ec2-83a397389605][tid:01][com.facebook.buck.parser.DaemonicParserState] Cell caches were empty, no data invalidated.
[2017-10-04 14:52:01.819][debug][command:null][tid:27][com.facebook.buck.util.ListeningProcessExecutor] Wait for process returned 4
[2017-10-04 14:52:01.819][debug][command:null][tid:27][com.facebook.buck.util.ListeningProcessExecutor] Destroying process com.facebook.buck.util.ListeningProcessExecutor$LaunchedProcessImpl@7be4376e (force true)
[2017-10-04 14:52:01.819][debug][command:null][tid:27][com.facebook.buck.util.environment.MacNetworkConfiguration] Determine active state of media for device
[2017-10-04 14:52:01.819][debug][command:null][tid:27][com.facebook.buck.util.ListeningProcessExecutor] Launching process with params ProcessExecutorParams{command=[networksetup, -getMedia, en0]}
[2017-10-04 14:52:01.829][debug][command:null][tid:27][com.facebook.buck.util.ListeningProcessExecutor] Successfully launched process com.zaxxer.nuprocess.osx.OsxProcess@4fbbec61
[2017-10-04 14:52:01.831][debug][command:null][tid:27][com.facebook.buck.util.ListeningProcessExecutor] Waiting for process com.facebook.buck.util.ListeningProcessExecutor$LaunchedProcessImpl@8e9d260 timeout 1000 MILLISECONDS
[2017-10-04 14:52:01.856][debug][command:f0602980-0d78-46c3-8ec2-83a397389605][tid:33][com.facebook.buck.io.ExecutableFinder] Executable 'python2' mapped to 'Optional.empty'
[2017-10-04 14:52:01.857][debug][command:f0602980-0d78-46c3-8ec2-83a397389605][tid:33][com.facebook.buck.io.ExecutableFinder] Executable 'python' mapped to 'Optional[/usr/bin/python]'
[2017-10-04 14:52:01.868][debug][command:null][tid:27][com.facebook.buck.util.ListeningProcessExecutor] Wait for process returned 0
[2017-10-04 14:52:01.869][debug][command:null][tid:27][com.facebook.buck.util.ListeningProcessExecutor] Destroying process com.facebook.buck.util.ListeningProcessExecutor$LaunchedProcessImpl@8e9d260 (force true)
[2017-10-04 14:52:01.869][debug][command:null][tid:27][com.facebook.buck.util.environment.MacNetworkConfiguration] Determine WiFi SSID of device
[2017-10-04 14:52:01.869][debug][command:null][tid:27][com.facebook.buck.util.ListeningProcessExecutor] Launching process with params ProcessExecutorParams{command=[networksetup, -getairportnetwork, en0]}
[2017-10-04 14:52:01.871][debug][command:null][tid:27][com.facebook.buck.util.ListeningProcessExecutor] Successfully launched process com.zaxxer.nuprocess.osx.OsxProcess@4ab03624
[2017-10-04 14:52:01.872][debug][command:null][tid:27][com.facebook.buck.util.ListeningProcessExecutor] Waiting for process com.facebook.buck.util.ListeningProcessExecutor$LaunchedProcessImpl@1035275b timeout 1000 MILLISECONDS
[2017-10-04 14:52:01.888][debug][command:f0602980-0d78-46c3-8ec2-83a397389605][tid:33][com.facebook.buck.apple.AppleCxxPlatforms] SDK AppleSdk{name=appletvos11.0, version=11.0, applePlatform=ApplePlatform{name=appletvos, provisioningProfileName=tvOS, architectures=[arm64], minVersionFlagPrefix=-mtvos-version-min=, appIncludesFrameworks=false}, architectures=[arm64], toolchains=[AppleToolchain{identifier=com.apple.dt.toolchain.XcodeDefault, path=/Applications/Xcode.app/Contents/Developer/Toolchains/XcodeDefault.xctoolchain}]} using default version 11.0
[2017-10-04 14:52:01.898][debug][command:f0602980-0d78-46c3-8ec2-83a397389605][tid:33][com.facebook.buck.apple.AppleCxxPlatforms] Xcode build version is: 9A235
[2017-10-04 14:52:01.909][debug][command:null][tid:27][com.facebook.buck.util.ListeningProcessExecutor] Wait for process returned 0
[2017-10-04 14:52:01.909][debug][command:null][tid:27][com.facebook.buck.util.ListeningProcessExecutor] Destroying process com.facebook.buck.util.ListeningProcessExecutor$LaunchedProcessImpl@1035275b (force true)
[2017-10-04 14:52:01.911][info ][command:null][tid:27][com.facebook.buck.util.versioncontrol.VersionControlStatsGenerator] Starting generation of version control stats.
[2017-10-04 14:52:01.911][warn ][command:null][tid:27][com.facebook.buck.util.versioncontrol.VersionControlStatsGenerator] Skipping generation of version control stats as unsupported repository type.
[2017-10-04 14:52:01.926][debug][command:f0602980-0d78-46c3-8ec2-83a397389605][tid:33][com.facebook.buck.apple.AppleCxxPlatforms] Apple toolchain path: /Applications/Xcode.app/Contents/Developer/Toolchains/XcodeDefault.xctoolchain
[2017-10-04 14:52:01.931][debug][command:f0602980-0d78-46c3-8ec2-83a397389605][tid:33][com.facebook.buck.apple.AppleCxxPlatforms] Headers verification platform whitelist: [^\Q/Applications/Xcode.app/Contents/Developer/Platforms/AppleTVOS.platform/Developer/Library/Frameworks\E\/.*, ^\Q/Applications/Xcode.app/Contents/Developer/Platforms/AppleTVOS.platform/Developer/SDKs/AppleTVOS.sdk\E\/.*, ^\Q/Applications/Xcode.app/Contents/Developer/Toolchains/XcodeDefault.xctoolchain\E\/.*]
[2017-10-04 14:52:01.959][debug][command:f0602980-0d78-46c3-8ec2-83a397389605][tid:33][com.facebook.buck.apple.AppleCxxPlatforms] SDK AppleSdk{name=appletvsimulator11.0, version=11.0, applePlatform=ApplePlatform{name=appletvsimulator, swiftName=tvos, architectures=[x86_64], minVersionFlagPrefix=-mtvos-simulator-version-min=, appIncludesFrameworks=false}, architectures=[x86_64], toolchains=[AppleToolchain{identifier=com.apple.dt.toolchain.XcodeDefault, path=/Applications/Xcode.app/Contents/Developer/Toolchains/XcodeDefault.xctoolchain}]} using default version 11.0
[2017-10-04 14:52:01.960][debug][command:f0602980-0d78-46c3-8ec2-83a397389605][tid:33][com.facebook.buck.apple.AppleCxxPlatforms] Xcode build version is: 9A235
[2017-10-04 14:52:01.963][warn ][command:f0602980-0d78-46c3-8ec2-83a397389605][tid:33][com.facebook.buck.apple.AppleCxxPlatforms] /Applications/Xcode.app/Contents/Developer/Platforms/AppleTVSimulator.platform/version.plist does not exist. Build version will be unset for this platform.
[2017-10-04 14:52:01.963][debug][command:f0602980-0d78-46c3-8ec2-83a397389605][tid:33][com.facebook.buck.apple.AppleCxxPlatforms] Apple toolchain path: /Applications/Xcode.app/Contents/Developer/Toolchains/XcodeDefault.xctoolchain
[2017-10-04 14:52:01.964][debug][command:f0602980-0d78-46c3-8ec2-83a397389605][tid:33][com.facebook.buck.apple.AppleCxxPlatforms] Headers verification platform whitelist: [^\Q/Applications/Xcode.app/Contents/Developer/Platforms/AppleTVSimulator.platform/Developer/Library/Frameworks\E\/.*, ^\Q/Applications/Xcode.app/Contents/Developer/Platforms/AppleTVSimulator.platform/Developer/SDKs/AppleTVSimulator.sdk\E\/.*, ^\Q/Applications/Xcode.app/Contents/Developer/Toolchains/XcodeDefault.xctoolchain\E\/.*]
[2017-10-04 14:52:01.965][debug][command:f0602980-0d78-46c3-8ec2-83a397389605][tid:33][com.facebook.buck.apple.AppleCxxPlatforms] SDK AppleSdk{name=iphoneos11.0, version=11.0, applePlatform=ApplePlatform{name=iphoneos, swiftName=ios, provisioningProfileName=iOS, architectures=[armv7, arm64], minVersionFlagPrefix=-mios-version-min=, stubBinaryPath=Library/Application Support/WatchKit/WK, appIncludesFrameworks=false}, architectures=[armv7, arm64], toolchains=[AppleToolchain{identifier=com.apple.dt.toolchain.XcodeDefault, path=/Applications/Xcode.app/Contents/Developer/Toolchains/XcodeDefault.xctoolchain}]} using default version 10.0
[2017-10-04 14:52:01.966][debug][command:f0602980-0d78-46c3-8ec2-83a397389605][tid:33][com.facebook.buck.apple.AppleCxxPlatforms] Xcode build version is: 9A235
[2017-10-04 14:52:01.971][debug][command:f0602980-0d78-46c3-8ec2-83a397389605][tid:33][com.facebook.buck.apple.AppleCxxPlatforms] Apple toolchain path: /Applications/Xcode.app/Contents/Developer/Toolchains/XcodeDefault.xctoolchain
[2017-10-04 14:52:01.972][debug][command:f0602980-0d78-46c3-8ec2-83a397389605][tid:33][com.facebook.buck.apple.AppleCxxPlatforms] Headers verification platform whitelist: [^\Q/Applications/Xcode.app/Contents/Developer/Platforms/iPhoneOS.platform/Developer/Library/Frameworks\E\/.*, ^\Q/Applications/Xcode.app/Contents/Developer/Platforms/iPhoneOS.platform/Developer/SDKs/iPhoneOS.sdk\E\/.*, ^\Q/Applications/Xcode.app/Contents/Developer/Toolchains/XcodeDefault.xctoolchain\E\/.*]
[2017-10-04 14:52:01.975][debug][command:f0602980-0d78-46c3-8ec2-83a397389605][tid:33][com.facebook.buck.apple.AppleCxxPlatforms] Xcode build version is: 9A235
[2017-10-04 14:52:01.979][debug][command:f0602980-0d78-46c3-8ec2-83a397389605][tid:33][com.facebook.buck.apple.AppleCxxPlatforms] Apple toolchain path: /Applications/Xcode.app/Contents/Developer/Toolchains/XcodeDefault.xctoolchain
[2017-10-04 14:52:01.980][debug][command:f0602980-0d78-46c3-8ec2-83a397389605][tid:33][com.facebook.buck.apple.AppleCxxPlatforms] Headers verification platform whitelist: [^\Q/Applications/Xcode.app/Contents/Developer/Platforms/iPhoneOS.platform/Developer/Library/Frameworks\E\/.*, ^\Q/Applications/Xcode.app/Contents/Developer/Platforms/iPhoneOS.platform/Developer/SDKs/iPhoneOS.sdk\E\/.*, ^\Q/Applications/Xcode.app/Contents/Developer/Toolchains/XcodeDefault.xctoolchain\E\/.*]
[2017-10-04 14:52:01.981][debug][command:f0602980-0d78-46c3-8ec2-83a397389605][tid:33][com.facebook.buck.apple.AppleCxxPlatforms] SDK AppleSdk{name=iphonesimulator11.0, version=11.0, applePlatform=ApplePlatform{name=iphonesimulator, swiftName=ios, architectures=[i386, x86_64], minVersionFlagPrefix=-mios-simulator-version-min=, stubBinaryPath=Library/Application Support/WatchKit/WK, appIncludesFrameworks=false}, architectures=[i386, x86_64], toolchains=[AppleToolchain{identifier=com.apple.dt.toolchain.XcodeDefault, path=/Applications/Xcode.app/Contents/Developer/Toolchains/XcodeDefault.xctoolchain}]} using default version 10.0
[2017-10-04 14:52:01.982][debug][command:f0602980-0d78-46c3-8ec2-83a397389605][tid:33][com.facebook.buck.apple.AppleCxxPlatforms] Xcode build version is: 9A235
[2017-10-04 14:52:01.985][warn ][command:f0602980-0d78-46c3-8ec2-83a397389605][tid:33][com.facebook.buck.apple.AppleCxxPlatforms] /Applications/Xcode.app/Contents/Developer/Platforms/iPhoneSimulator.platform/version.plist does not exist. Build version will be unset for this platform.
[2017-10-04 14:52:01.985][debug][command:f0602980-0d78-46c3-8ec2-83a397389605][tid:33][com.facebook.buck.apple.AppleCxxPlatforms] Apple toolchain path: /Applications/Xcode.app/Contents/Developer/Toolchains/XcodeDefault.xctoolchain
[2017-10-04 14:52:01.986][debug][command:f0602980-0d78-46c3-8ec2-83a397389605][tid:33][com.facebook.buck.apple.AppleCxxPlatforms] Headers verification platform whitelist: [^\Q/Applications/Xcode.app/Contents/Developer/Platforms/iPhoneSimulator.platform/Developer/Library/Frameworks\E\/.*, ^\Q/Applications/Xcode.app/Contents/Developer/Platforms/iPhoneSimulator.platform/Developer/SDKs/iPhoneSimulator.sdk\E\/.*, ^\Q/Applications/Xcode.app/Contents/Developer/Toolchains/XcodeDefault.xctoolchain\E\/.*]
[2017-10-04 14:52:01.991][debug][command:f0602980-0d78-46c3-8ec2-83a397389605][tid:33][com.facebook.buck.apple.AppleCxxPlatforms] Xcode build version is: 9A235
[2017-10-04 14:52:01.994][warn ][command:f0602980-0d78-46c3-8ec2-83a397389605][tid:33][com.facebook.buck.apple.AppleCxxPlatforms] /Applications/Xcode.app/Contents/Developer/Platforms/iPhoneSimulator.platform/version.plist does not exist. Build version will be unset for this platform.
[2017-10-04 14:52:01.994][debug][command:f0602980-0d78-46c3-8ec2-83a397389605][tid:33][com.facebook.buck.apple.AppleCxxPlatforms] Apple toolchain path: /Applications/Xcode.app/Contents/Developer/Toolchains/XcodeDefault.xctoolchain
[2017-10-04 14:52:01.994][debug][command:f0602980-0d78-46c3-8ec2-83a397389605][tid:33][com.facebook.buck.apple.AppleCxxPlatforms] Headers verification platform whitelist: [^\Q/Applications/Xcode.app/Contents/Developer/Platforms/iPhoneSimulator.platform/Developer/Library/Frameworks\E\/.*, ^\Q/Applications/Xcode.app/Contents/Developer/Platforms/iPhoneSimulator.platform/Developer/SDKs/iPhoneSimulator.sdk\E\/.*, ^\Q/Applications/Xcode.app/Contents/Developer/Toolchains/XcodeDefault.xctoolchain\E\/.*]
[2017-10-04 14:52:01.995][debug][command:f0602980-0d78-46c3-8ec2-83a397389605][tid:33][com.facebook.buck.apple.AppleCxxPlatforms] SDK AppleSdk{name=macosx10.13, version=10.13, applePlatform=ApplePlatform{name=macosx, architectures=[i386, x86_64], minVersionFlagPrefix=-mmacosx-version-min=, appIncludesFrameworks=true}, architectures=[i386, x86_64], toolchains=[AppleToolchain{identifier=com.apple.dt.toolchain.XcodeDefault, path=/Applications/Xcode.app/Contents/Developer/Toolchains/XcodeDefault.xctoolchain}]} using default version 10.13
[2017-10-04 14:52:01.997][debug][command:f0602980-0d78-46c3-8ec2-83a397389605][tid:33][com.facebook.buck.apple.AppleCxxPlatforms] Xcode build version is: 9A235
[2017-10-04 14:52:02.002][warn ][command:f0602980-0d78-46c3-8ec2-83a397389605][tid:33][com.facebook.buck.apple.AppleCxxPlatforms] In /Applications/Xcode.app/Contents/Developer/Platforms/MacOSX.platform/version.plist, missing ProductBuildVersion. Build version will be unset for this platform.
[2017-10-04 14:52:02.002][debug][command:f0602980-0d78-46c3-8ec2-83a397389605][tid:33][com.facebook.buck.apple.AppleCxxPlatforms] Apple toolchain path: /Applications/Xcode.app/Contents/Developer/Toolchains/XcodeDefault.xctoolchain
[2017-10-04 14:52:02.002][debug][command:f0602980-0d78-46c3-8ec2-83a397389605][tid:33][com.facebook.buck.apple.AppleCxxPlatforms] Headers verification platform whitelist: [^\Q/Applications/Xcode.app/Contents/Developer/Platforms/MacOSX.platform/Developer/Library/Frameworks\E\/.*, ^\Q/Applications/Xcode.app/Contents/Developer/Platforms/MacOSX.platform/Developer/SDKs/MacOSX.sdk\E\/.*, ^\Q/Applications/Xcode.app/Contents/Developer/Toolchains/XcodeDefault.xctoolchain\E\/.*]
[2017-10-04 14:52:02.005][debug][command:f0602980-0d78-46c3-8ec2-83a397389605][tid:33][com.facebook.buck.apple.AppleCxxPlatforms] Xcode build version is: 9A235
[2017-10-04 14:52:02.009][warn ][command:f0602980-0d78-46c3-8ec2-83a397389605][tid:33][com.facebook.buck.apple.AppleCxxPlatforms] In /Applications/Xcode.app/Contents/Developer/Platforms/MacOSX.platform/version.plist, missing ProductBuildVersion. Build version will be unset for this platform.
[2017-10-04 14:52:02.009][debug][command:f0602980-0d78-46c3-8ec2-83a397389605][tid:33][com.facebook.buck.apple.AppleCxxPlatforms] Apple toolchain path: /Applications/Xcode.app/Contents/Developer/Toolchains/XcodeDefault.xctoolchain
[2017-10-04 14:52:02.010][debug][command:f0602980-0d78-46c3-8ec2-83a397389605][tid:33][com.facebook.buck.apple.AppleCxxPlatforms] Headers verification platform whitelist: [^\Q/Applications/Xcode.app/Contents/Developer/Platforms/MacOSX.platform/Developer/Library/Frameworks\E\/.*, ^\Q/Applications/Xcode.app/Contents/Developer/Platforms/MacOSX.platform/Developer/SDKs/MacOSX.sdk\E\/.*, ^\Q/Applications/Xcode.app/Contents/Developer/Toolchains/XcodeDefault.xctoolchain\E\/.*]
[2017-10-04 14:52:02.011][debug][command:f0602980-0d78-46c3-8ec2-83a397389605][tid:33][com.facebook.buck.apple.AppleCxxPlatforms] SDK AppleSdk{name=watchos4.0, version=4.0, applePlatform=ApplePlatform{name=watchos, provisioningProfileName=iOS, architectures=[armv7k], minVersionFlagPrefix=-mwatchos-version-min=, stubBinaryPath=Library/Application Support/WatchKit/WK, appIncludesFrameworks=false}, architectures=[armv7k], toolchains=[AppleToolchain{identifier=com.apple.dt.toolchain.XcodeDefault, path=/Applications/Xcode.app/Contents/Developer/Toolchains/XcodeDefault.xctoolchain}]} using default version 4.0
[2017-10-04 14:52:02.012][debug][command:f0602980-0d78-46c3-8ec2-83a397389605][tid:33][com.facebook.buck.apple.AppleCxxPlatforms] Xcode build version is: 9A235
[2017-10-04 14:52:02.017][debug][command:f0602980-0d78-46c3-8ec2-83a397389605][tid:33][com.facebook.buck.apple.AppleCxxPlatforms] Apple toolchain path: /Applications/Xcode.app/Contents/Developer/Toolchains/XcodeDefault.xctoolchain
[2017-10-04 14:52:02.017][debug][command:f0602980-0d78-46c3-8ec2-83a397389605][tid:33][com.facebook.buck.apple.AppleCxxPlatforms] Headers verification platform whitelist: [^\Q/Applications/Xcode.app/Contents/Developer/Platforms/WatchOS.platform/Developer/Library/Frameworks\E\/.*, ^\Q/Applications/Xcode.app/Contents/Developer/Platforms/WatchOS.platform/Developer/SDKs/WatchOS.sdk\E\/.*, ^\Q/Applications/Xcode.app/Contents/Developer/Toolchains/XcodeDefault.xctoolchain\E\/.*]
[2017-10-04 14:52:02.018][debug][command:f0602980-0d78-46c3-8ec2-83a397389605][tid:33][com.facebook.buck.apple.AppleCxxPlatforms] SDK AppleSdk{name=watchsimulator4.0, version=4.0, applePlatform=ApplePlatform{name=watchsimulator, architectures=[i386], minVersionFlagPrefix=-mwatchos-simulator-version-min=, stubBinaryPath=Library/Application Support/WatchKit/WK, appIncludesFrameworks=false}, architectures=[i386], toolchains=[AppleToolchain{identifier=com.apple.dt.toolchain.XcodeDefault, path=/Applications/Xcode.app/Contents/Developer/Toolchains/XcodeDefault.xctoolchain}]} using default version 4.0
[2017-10-04 14:52:02.019][debug][command:f0602980-0d78-46c3-8ec2-83a397389605][tid:33][com.facebook.buck.apple.AppleCxxPlatforms] Xcode build version is: 9A235
[2017-10-04 14:52:02.024][debug][command:f0602980-0d78-46c3-8ec2-83a397389605][tid:33][com.facebook.buck.apple.AppleCxxPlatforms] Apple toolchain path: /Applications/Xcode.app/Contents/Developer/Toolchains/XcodeDefault.xctoolchain
[2017-10-04 14:52:02.025][debug][command:f0602980-0d78-46c3-8ec2-83a397389605][tid:33][com.facebook.buck.apple.AppleCxxPlatforms] Headers verification platform whitelist: [^\Q/Applications/Xcode.app/Contents/Developer/Platforms/WatchSimulator.platform/Developer/Library/Frameworks\E\/.*, ^\Q/Applications/Xcode.app/Contents/Developer/Platforms/WatchSimulator.platform/Developer/SDKs/WatchSimulator.sdk\E\/.*, ^\Q/Applications/Xcode.app/Contents/Developer/Toolchains/XcodeDefault.xctoolchain\E\/.*]
[2017-10-04 14:52:02.026][debug][command:f0602980-0d78-46c3-8ec2-83a397389605][tid:33][com.facebook.buck.apple.AppleCxxPlatforms] SDK AppleSdk{name=appletvos, version=11.0, applePlatform=ApplePlatform{name=appletvos, provisioningProfileName=tvOS, architectures=[arm64], minVersionFlagPrefix=-mtvos-version-min=, appIncludesFrameworks=false}, architectures=[arm64], toolchains=[AppleToolchain{identifier=com.apple.dt.toolchain.XcodeDefault, path=/Applications/Xcode.app/Contents/Developer/Toolchains/XcodeDefault.xctoolchain}]} using default version 11.0
[2017-10-04 14:52:02.026][debug][command:f0602980-0d78-46c3-8ec2-83a397389605][tid:33][com.facebook.buck.apple.AppleCxxPlatforms] Xcode build version is: 9A235
[2017-10-04 14:52:02.030][debug][command:f0602980-0d78-46c3-8ec2-83a397389605][tid:33][com.facebook.buck.apple.AppleCxxPlatforms] Apple toolchain path: /Applications/Xcode.app/Contents/Developer/Toolchains/XcodeDefault.xctoolchain
[2017-10-04 14:52:02.030][debug][command:f0602980-0d78-46c3-8ec2-83a397389605][tid:33][com.facebook.buck.apple.AppleCxxPlatforms] Headers verification platform whitelist: [^\Q/Applications/Xcode.app/Contents/Developer/Platforms/AppleTVOS.platform/Developer/Library/Frameworks\E\/.*, ^\Q/Applications/Xcode.app/Contents/Developer/Platforms/AppleTVOS.platform/Developer/SDKs/AppleTVOS.sdk\E\/.*, ^\Q/Applications/Xcode.app/Contents/Developer/Toolchains/XcodeDefault.xctoolchain\E\/.*]
[2017-10-04 14:52:02.031][debug][command:f0602980-0d78-46c3-8ec2-83a397389605][tid:33][com.facebook.buck.apple.AppleCxxPlatforms] SDK AppleSdk{name=appletvsimulator, version=11.0, applePlatform=ApplePlatform{name=appletvsimulator, swiftName=tvos, architectures=[x86_64], minVersionFlagPrefix=-mtvos-simulator-version-min=, appIncludesFrameworks=false}, architectures=[x86_64], toolchains=[AppleToolchain{identifier=com.apple.dt.toolchain.XcodeDefault, path=/Applications/Xcode.app/Contents/Developer/Toolchains/XcodeDefault.xctoolchain}]} using default version 11.0
[2017-10-04 14:52:02.032][debug][command:f0602980-0d78-46c3-8ec2-83a397389605][tid:33][com.facebook.buck.apple.AppleCxxPlatforms] Xcode build version is: 9A235
[2017-10-04 14:52:02.033][warn ][command:f0602980-0d78-46c3-8ec2-83a397389605][tid:33][com.facebook.buck.apple.AppleCxxPlatforms] /Applications/Xcode.app/Contents/Developer/Platforms/AppleTVSimulator.platform/version.plist does not exist. Build version will be unset for this platform.
[2017-10-04 14:52:02.033][debug][command:f0602980-0d78-46c3-8ec2-83a397389605][tid:33][com.facebook.buck.apple.AppleCxxPlatforms] Apple toolchain path: /Applications/Xcode.app/Contents/Developer/Toolchains/XcodeDefault.xctoolchain
[2017-10-04 14:52:02.033][debug][command:f0602980-0d78-46c3-8ec2-83a397389605][tid:33][com.facebook.buck.apple.AppleCxxPlatforms] Headers verification platform whitelist: [^\Q/Applications/Xcode.app/Contents/Developer/Platforms/AppleTVSimulator.platform/Developer/Library/Frameworks\E\/.*, ^\Q/Applications/Xcode.app/Contents/Developer/Platforms/AppleTVSimulator.platform/Developer/SDKs/AppleTVSimulator.sdk\E\/.*, ^\Q/Applications/Xcode.app/Contents/Developer/Toolchains/XcodeDefault.xctoolchain\E\/.*]
[2017-10-04 14:52:02.034][debug][command:f0602980-0d78-46c3-8ec2-83a397389605][tid:33][com.facebook.buck.apple.AppleCxxPlatforms] SDK AppleSdk{name=iphoneos, version=11.0, applePlatform=ApplePlatform{name=iphoneos, swiftName=ios, provisioningProfileName=iOS, architectures=[armv7, arm64], minVersionFlagPrefix=-mios-version-min=, stubBinaryPath=Library/Application Support/WatchKit/WK, appIncludesFrameworks=false}, architectures=[armv7, arm64], toolchains=[AppleToolchain{identifier=com.apple.dt.toolchain.XcodeDefault, path=/Applications/Xcode.app/Contents/Developer/Toolchains/XcodeDefault.xctoolchain}]} using default version 10.0
[2017-10-04 14:52:02.036][debug][command:f0602980-0d78-46c3-8ec2-83a397389605][tid:33][com.facebook.buck.apple.AppleCxxPlatforms] Xcode build version is: 9A235
[2017-10-04 14:52:02.041][debug][command:f0602980-0d78-46c3-8ec2-83a397389605][tid:33][com.facebook.buck.apple.AppleCxxPlatforms] Apple toolchain path: /Applications/Xcode.app/Contents/Developer/Toolchains/XcodeDefault.xctoolchain
[2017-10-04 14:52:02.041][debug][command:f0602980-0d78-46c3-8ec2-83a397389605][tid:33][com.facebook.buck.apple.AppleCxxPlatforms] Headers verification platform whitelist: [^\Q/Applications/Xcode.app/Contents/Developer/Platforms/iPhoneOS.platform/Developer/Library/Frameworks\E\/.*, ^\Q/Applications/Xcode.app/Contents/Developer/Platforms/iPhoneOS.platform/Developer/SDKs/iPhoneOS.sdk\E\/.*, ^\Q/Applications/Xcode.app/Contents/Developer/Toolchains/XcodeDefault.xctoolchain\E\/.*]
[2017-10-04 14:52:02.043][debug][command:f0602980-0d78-46c3-8ec2-83a397389605][tid:33][com.facebook.buck.apple.AppleCxxPlatforms] Xcode build version is: 9A235
[2017-10-04 14:52:02.045][debug][command:f0602980-0d78-46c3-8ec2-83a397389605][tid:33][com.facebook.buck.apple.AppleCxxPlatforms] Apple toolchain path: /Applications/Xcode.app/Contents/Developer/Toolchains/XcodeDefault.xctoolchain
[2017-10-04 14:52:02.045][debug][command:f0602980-0d78-46c3-8ec2-83a397389605][tid:33][com.facebook.buck.apple.AppleCxxPlatforms] Headers verification platform whitelist: [^\Q/Applications/Xcode.app/Contents/Developer/Platforms/iPhoneOS.platform/Developer/Library/Frameworks\E\/.*, ^\Q/Applications/Xcode.app/Contents/Developer/Platforms/iPhoneOS.platform/Developer/SDKs/iPhoneOS.sdk\E\/.*, ^\Q/Applications/Xcode.app/Contents/Developer/Toolchains/XcodeDefault.xctoolchain\E\/.*]
[2017-10-04 14:52:02.045][debug][command:f0602980-0d78-46c3-8ec2-83a397389605][tid:33][com.facebook.buck.apple.AppleCxxPlatforms] SDK AppleSdk{name=iphonesimulator, version=11.0, applePlatform=ApplePlatform{name=iphonesimulator, swiftName=ios, architectures=[i386, x86_64], minVersionFlagPrefix=-mios-simulator-version-min=, stubBinaryPath=Library/Application Support/WatchKit/WK, appIncludesFrameworks=false}, architectures=[i386, x86_64], toolchains=[AppleToolchain{identifier=com.apple.dt.toolchain.XcodeDefault, path=/Applications/Xcode.app/Contents/Developer/Toolchains/XcodeDefault.xctoolchain}]} using default version 10.0
[2017-10-04 14:52:02.046][debug][command:f0602980-0d78-46c3-8ec2-83a397389605][tid:33][com.facebook.buck.apple.AppleCxxPlatforms] Xcode build version is: 9A235
[2017-10-04 14:52:02.047][warn ][command:f0602980-0d78-46c3-8ec2-83a397389605][tid:33][com.facebook.buck.apple.AppleCxxPlatforms] /Applications/Xcode.app/Contents/Developer/Platforms/iPhoneSimulator.platform/version.plist does not exist. Build version will be unset for this platform.
[2017-10-04 14:52:02.047][debug][command:f0602980-0d78-46c3-8ec2-83a397389605][tid:33][com.facebook.buck.apple.AppleCxxPlatforms] Apple toolchain path: /Applications/Xcode.app/Contents/Developer/Toolchains/XcodeDefault.xctoolchain
[2017-10-04 14:52:02.047][debug][command:f0602980-0d78-46c3-8ec2-83a397389605][tid:33][com.facebook.buck.apple.AppleCxxPlatforms] Headers verification platform whitelist: [^\Q/Applications/Xcode.app/Contents/Developer/Platforms/iPhoneSimulator.platform/Developer/Library/Frameworks\E\/.*, ^\Q/Applications/Xcode.app/Contents/Developer/Platforms/iPhoneSimulator.platform/Developer/SDKs/iPhoneSimulator.sdk\E\/.*, ^\Q/Applications/Xcode.app/Contents/Developer/Toolchains/XcodeDefault.xctoolchain\E\/.*]
[2017-10-04 14:52:02.049][debug][command:f0602980-0d78-46c3-8ec2-83a397389605][tid:33][com.facebook.buck.apple.AppleCxxPlatforms] Xcode build version is: 9A235
[2017-10-04 14:52:02.050][warn ][command:f0602980-0d78-46c3-8ec2-83a397389605][tid:33][com.facebook.buck.apple.AppleCxxPlatforms] /Applications/Xcode.app/Contents/Developer/Platforms/iPhoneSimulator.platform/version.plist does not exist. Build version will be unset for this platform.
[2017-10-04 14:52:02.050][debug][command:f0602980-0d78-46c3-8ec2-83a397389605][tid:33][com.facebook.buck.apple.AppleCxxPlatforms] Apple toolchain path: /Applications/Xcode.app/Contents/Developer/Toolchains/XcodeDefault.xctoolchain
[2017-10-04 14:52:02.050][debug][command:f0602980-0d78-46c3-8ec2-83a397389605][tid:33][com.facebook.buck.apple.AppleCxxPlatforms] Headers verification platform whitelist: [^\Q/Applications/Xcode.app/Contents/Developer/Platforms/iPhoneSimulator.platform/Developer/Library/Frameworks\E\/.*, ^\Q/Applications/Xcode.app/Contents/Developer/Platforms/iPhoneSimulator.platform/Developer/SDKs/iPhoneSimulator.sdk\E\/.*, ^\Q/Applications/Xcode.app/Contents/Developer/Toolchains/XcodeDefault.xctoolchain\E\/.*]
[2017-10-04 14:52:02.051][debug][command:f0602980-0d78-46c3-8ec2-83a397389605][tid:33][com.facebook.buck.apple.AppleCxxPlatforms] SDK AppleSdk{name=macosx, version=10.13, applePlatform=ApplePlatform{name=macosx, architectures=[i386, x86_64], minVersionFlagPrefix=-mmacosx-version-min=, appIncludesFrameworks=true}, architectures=[i386, x86_64], toolchains=[AppleToolchain{identifier=com.apple.dt.toolchain.XcodeDefault, path=/Applications/Xcode.app/Contents/Developer/Toolchains/XcodeDefault.xctoolchain}]} using default version 10.13
[2017-10-04 14:52:02.052][debug][command:f0602980-0d78-46c3-8ec2-83a397389605][tid:33][com.facebook.buck.apple.AppleCxxPlatforms] Xcode build version is: 9A235
[2017-10-04 14:52:02.053][warn ][command:f0602980-0d78-46c3-8ec2-83a397389605][tid:33][com.facebook.buck.apple.AppleCxxPlatforms] In /Applications/Xcode.app/Contents/Developer/Platforms/MacOSX.platform/version.plist, missing ProductBuildVersion. Build version will be unset for this platform.
[2017-10-04 14:52:02.054][debug][command:f0602980-0d78-46c3-8ec2-83a397389605][tid:33][com.facebook.buck.apple.AppleCxxPlatforms] Apple toolchain path: /Applications/Xcode.app/Contents/Developer/Toolchains/XcodeDefault.xctoolchain
[2017-10-04 14:52:02.054][debug][command:f0602980-0d78-46c3-8ec2-83a397389605][tid:33][com.facebook.buck.apple.AppleCxxPlatforms] Headers verification platform whitelist: [^\Q/Applications/Xcode.app/Contents/Developer/Platforms/MacOSX.platform/Developer/Library/Frameworks\E\/.*, ^\Q/Applications/Xcode.app/Contents/Developer/Platforms/MacOSX.platform/Developer/SDKs/MacOSX.sdk\E\/.*, ^\Q/Applications/Xcode.app/Contents/Developer/Toolchains/XcodeDefault.xctoolchain\E\/.*]
[2017-10-04 14:52:02.055][debug][command:f0602980-0d78-46c3-8ec2-83a397389605][tid:33][com.facebook.buck.apple.AppleCxxPlatforms] Xcode build version is: 9A235
[2017-10-04 14:52:02.058][warn ][command:f0602980-0d78-46c3-8ec2-83a397389605][tid:33][com.facebook.buck.apple.AppleCxxPlatforms] In /Applications/Xcode.app/Contents/Developer/Platforms/MacOSX.platform/version.plist, missing ProductBuildVersion. Build version will be unset for this platform.
[2017-10-04 14:52:02.058][debug][command:f0602980-0d78-46c3-8ec2-83a397389605][tid:33][com.facebook.buck.apple.AppleCxxPlatforms] Apple toolchain path: /Applications/Xcode.app/Contents/Developer/Toolchains/XcodeDefault.xctoolchain
[2017-10-04 14:52:02.058][debug][command:f0602980-0d78-46c3-8ec2-83a397389605][tid:33][com.facebook.buck.apple.AppleCxxPlatforms] Headers verification platform whitelist: [^\Q/Applications/Xcode.app/Contents/Developer/Platforms/MacOSX.platform/Developer/Library/Frameworks\E\/.*, ^\Q/Applications/Xcode.app/Contents/Developer/Platforms/MacOSX.platform/Developer/SDKs/MacOSX.sdk\E\/.*, ^\Q/Applications/Xcode.app/Contents/Developer/Toolchains/XcodeDefault.xctoolchain\E\/.*]
[2017-10-04 14:52:02.059][debug][command:f0602980-0d78-46c3-8ec2-83a397389605][tid:33][com.facebook.buck.apple.AppleCxxPlatforms] SDK AppleSdk{name=watchos, version=4.0, applePlatform=ApplePlatform{name=watchos, provisioningProfileName=iOS, architectures=[armv7k], minVersionFlagPrefix=-mwatchos-version-min=, stubBinaryPath=Library/Application Support/WatchKit/WK, appIncludesFrameworks=false}, architectures=[armv7k], toolchains=[AppleToolchain{identifier=com.apple.dt.toolchain.XcodeDefault, path=/Applications/Xcode.app/Contents/Developer/Toolchains/XcodeDefault.xctoolchain}]} using default version 4.0
[2017-10-04 14:52:02.059][debug][command:f0602980-0d78-46c3-8ec2-83a397389605][tid:33][com.facebook.buck.apple.AppleCxxPlatforms] Xcode build version is: 9A235
[2017-10-04 14:52:02.061][debug][command:f0602980-0d78-46c3-8ec2-83a397389605][tid:33][com.facebook.buck.apple.AppleCxxPlatforms] Apple toolchain path: /Applications/Xcode.app/Contents/Developer/Toolchains/XcodeDefault.xctoolchain
[2017-10-04 14:52:02.062][debug][command:f0602980-0d78-46c3-8ec2-83a397389605][tid:33][com.facebook.buck.apple.AppleCxxPlatforms] Headers verification platform whitelist: [^\Q/Applications/Xcode.app/Contents/Developer/Platforms/WatchOS.platform/Developer/Library/Frameworks\E\/.*, ^\Q/Applications/Xcode.app/Contents/Developer/Platforms/WatchOS.platform/Developer/SDKs/WatchOS.sdk\E\/.*, ^\Q/Applications/Xcode.app/Contents/Developer/Toolchains/XcodeDefault.xctoolchain\E\/.*]
[2017-10-04 14:52:02.062][debug][command:f0602980-0d78-46c3-8ec2-83a397389605][tid:33][com.facebook.buck.apple.AppleCxxPlatforms] SDK AppleSdk{name=watchsimulator, version=4.0, applePlatform=ApplePlatform{name=watchsimulator, architectures=[i386], minVersionFlagPrefix=-mwatchos-simulator-version-min=, stubBinaryPath=Library/Application Support/WatchKit/WK, appIncludesFrameworks=false}, architectures=[i386], toolchains=[AppleToolchain{identifier=com.apple.dt.toolchain.XcodeDefault, path=/Applications/Xcode.app/Contents/Developer/Toolchains/XcodeDefault.xctoolchain}]} using default version 4.0
[2017-10-04 14:52:02.063][debug][command:f0602980-0d78-46c3-8ec2-83a397389605][tid:33][com.facebook.buck.apple.AppleCxxPlatforms] Xcode build version is: 9A235
[2017-10-04 14:52:02.065][debug][command:f0602980-0d78-46c3-8ec2-83a397389605][tid:33][com.facebook.buck.apple.AppleCxxPlatforms] Apple toolchain path: /Applications/Xcode.app/Contents/Developer/Toolchains/XcodeDefault.xctoolchain
[2017-10-04 14:52:02.065][debug][command:f0602980-0d78-46c3-8ec2-83a397389605][tid:33][com.facebook.buck.apple.AppleCxxPlatforms] Headers verification platform whitelist: [^\Q/Applications/Xcode.app/Contents/Developer/Platforms/WatchSimulator.platform/Developer/Library/Frameworks\E\/.*, ^\Q/Applications/Xcode.app/Contents/Developer/Platforms/WatchSimulator.platform/Developer/SDKs/WatchSimulator.sdk\E\/.*, ^\Q/Applications/Xcode.app/Contents/Developer/Toolchains/XcodeDefault.xctoolchain\E\/.*]
[2017-10-04 14:52:02.081][debug][command:f0602980-0d78-46c3-8ec2-83a397389605][tid:33][com.facebook.buck.io.ExecutableFinder] Executable 'clang' mapped to 'Optional[/usr/bin/clang]'
[2017-10-04 14:52:02.082][debug][command:f0602980-0d78-46c3-8ec2-83a397389605][tid:33][com.facebook.buck.io.ExecutableFinder] Executable 'clang++' mapped to 'Optional[/usr/bin/clang++]'
[2017-10-04 14:52:02.083][debug][command:f0602980-0d78-46c3-8ec2-83a397389605][tid:33][com.facebook.buck.io.ExecutableFinder] Executable 'ar' mapped to 'Optional[/usr/bin/ar]'
[2017-10-04 14:52:02.085][debug][command:f0602980-0d78-46c3-8ec2-83a397389605][tid:33][com.facebook.buck.io.ExecutableFinder] Executable 'strip' mapped to 'Optional[/usr/bin/strip]'
[2017-10-04 14:52:02.085][debug][command:f0602980-0d78-46c3-8ec2-83a397389605][tid:33][com.facebook.buck.io.ExecutableFinder] Executable 'ranlib' mapped to 'Optional[/usr/bin/ranlib]'
[2017-10-04 14:52:02.086][debug][command:f0602980-0d78-46c3-8ec2-83a397389605][tid:33][com.facebook.buck.io.ExecutableFinder] Executable 'nm' mapped to 'Optional[/usr/bin/nm]'
[2017-10-04 14:52:02.087][debug][command:f0602980-0d78-46c3-8ec2-83a397389605][tid:33][com.facebook.buck.cxx.toolchain.CxxPlatforms] Using config default C++ platform CxxPlatform{flavor=iphonesimulator-x86_64, as=com.facebook.buck.cxx.toolchain.CompilerProvider@77031a64, asflags=[-isysroot, /Applications/Xcode.app/Contents/Developer/Platforms/iPhoneSimulator.platform/Developer/SDKs/iPhoneSimulator.sdk, -arch, x86_64, -mios-simulator-version-min=10.0, -iquote, /Users/kieranlafferty/Desktop/BuckTest], aspp=com.facebook.buck.cxx.toolchain.PreprocessorProvider@257a27c0, asppflags=[], cc=com.facebook.buck.cxx.toolchain.CompilerProvider@6398690f, cflags=[-isysroot, /Applications/Xcode.app/Contents/Developer/Platforms/iPhoneSimulator.platform/Developer/SDKs/iPhoneSimulator.sdk, -arch, x86_64, -mios-simulator-version-min=10.0, -iquote, /Users/kieranlafferty/Desktop/BuckTest, -g, -fmodules, -fobjc-arc, -D, BUCK, -w], cxx=com.facebook.buck.cxx.toolchain.CompilerProvider@35c5b6bc, cxxflags=[-isysroot, /Applications/Xcode.app/Contents/Developer/Platforms/iPhoneSimulator.platform/Developer/SDKs/iPhoneSimulator.sdk, -arch, x86_64, -mios-simulator-version-min=10.0, -iquote, /Users/kieranlafferty/Desktop/BuckTest], cpp=com.facebook.buck.cxx.toolchain.PreprocessorProvider@5a7a4a5a, cppflags=[], cxxpp=com.facebook.buck.cxx.toolchain.PreprocessorProvider@2e4a32f2, cxxppflags=[], cudappflags=[], cudaflags=[], asmppflags=[], asmflags=[], ld=com.facebook.buck.cxx.toolchain.linker.DefaultLinkerProvider@e3ae625, ldflags=[-isysroot, /Applications/Xcode.app/Contents/Developer/Platforms/iPhoneSimulator.platform/Developer/SDKs/iPhoneSimulator.sdk, -arch, x86_64, -mios-simulator-version-min=10.0, -iquote, /Users/kieranlafferty/Desktop/BuckTest, -Wl,-sdk_version, -Wl,11.0, -Wl,-ObjC], runtimeLdflags={}, strip=VersionedTool{path=/Applications/Xcode.app/Contents/Developer/Toolchains/XcodeDefault.xctoolchain/usr/bin/strip, extraArgs=[], name=apple-strip, version=11.0:9A235}, stripFlags=[], ar=com.facebook.buck.cxx.toolchain.ArchiverProvider$1@16d2c108, arflags=[], ranlib=com.facebook.buck.rules.ConstantToolProvider@1ef26112, ranlibflags=[], symbolNameTool=com.facebook.buck.cxx.toolchain.LazyDelegatingSymbolNameTool@61d00d9c, sharedLibraryExtension=dylib, sharedLibraryVersionedExtensionFormat=%s.dylib, staticLibraryExtension=a, objectFileExtension=o, compilerDebugPathSanitizer=com.facebook.buck.cxx.toolchain.PrefixMapDebugPathSanitizer@3802c44d, assemblerDebugPathSanitizer=com.facebook.buck.cxx.toolchain.MungingDebugPathSanitizer@38d888c4, headerVerification=HeaderVerification{mode=IGNORE, whitelist=[], platformWhitelist=[^\Q/Applications/Xcode.app/Contents/Developer/Platforms/iPhoneSimulator.platform/Developer/Library/Frameworks\E\/.*, ^\Q/Applications/Xcode.app/Contents/Developer/Platforms/iPhoneSimulator.platform/Developer/SDKs/iPhoneSimulator.sdk\E\/.*, ^\Q/Applications/Xcode.app/Contents/Developer/Toolchains/XcodeDefault.xctoolchain\E\/.*], whitelistPatterns=[^\Q/Applications/Xcode.app/Contents/Developer/Platforms/iPhoneSimulator.platform/Developer/Library/Frameworks\E\/.*, ^\Q/Applications/Xcode.app/Contents/Developer/Platforms/iPhoneSimulator.platform/Developer/SDKs/iPhoneSimulator.sdk\E\/.*, ^\Q/Applications/Xcode.app/Contents/Developer/Toolchains/XcodeDefault.xctoolchain\E\/.*]}, flagMacros={SDKROOT=/Applications/Xcode.app/Contents/Developer/Platforms/iPhoneSimulator.platform/Developer/SDKs/iPhoneSimulator.sdk, PLATFORM_DIR=/Applications/Xcode.app/Contents/Developer/Platforms/iPhoneSimulator.platform, CURRENT_ARCH=x86_64, DEVELOPER_DIR=/Applications/Xcode.app/Contents/Developer}, publicHeadersSymlinksEnabled=true, privateHeadersSymlinksEnabled=true}
[2017-10-04 14:52:02.099][debug][command:f0602980-0d78-46c3-8ec2-83a397389605][tid:33][com.facebook.buck.io.ExecutableFinder] Executable 'python2' mapped to 'Optional.empty'
[2017-10-04 14:52:02.099][debug][command:f0602980-0d78-46c3-8ec2-83a397389605][tid:33][com.facebook.buck.io.ExecutableFinder] Executable 'python' mapped to 'Optional[/usr/bin/python]'
[2017-10-04 14:52:02.239][debug][command:f0602980-0d78-46c3-8ec2-83a397389605][tid:33][com.facebook.buck.apple.ProvisioningProfileStore] Provisioning profile search path: /Users/kieranlafferty/Library/MobileDevice/Provisioning Profiles
[2017-10-04 14:52:02.521][debug][command:f0602980-0d78-46c3-8ec2-83a397389605][tid:33][com.facebook.buck.json.BuckPythonProgram] Writing python rules stub to /Users/kieranlafferty/Desktop/BuckTest/buck-out/tmp/buck_run.TIh_Tl/buck_python_program898870357424861954.
[2017-10-04 14:52:03.343][debug][command:f0602980-0d78-46c3-8ec2-83a397389605][tid:33][com.facebook.buck.json.BuckPythonProgram] Created temporary buck.py instance at /Users/kieranlafferty/Desktop/BuckTest/buck-out/tmp/buck_run.TIh_Tl/buck_python_program898870357424861954.
[2017-10-04 14:52:03.350][debug][command:f0602980-0d78-46c3-8ec2-83a397389605][tid:33][com.facebook.buck.json.PythonDslProjectBuildFileParser] Starting buck.py command: [/usr/bin/python, -u, /Users/kieranlafferty/Desktop/BuckTest/buck-out/tmp/buck_run.TIh_Tl/buck_python_program898870357424861954/__main__.py, --allow_empty_globs, --watchman_glob_stat_results, --project_root, /Users/kieranlafferty/Desktop/BuckTest, --cell_name, , --build_file_name, BUCK, --quiet, --config, /Users/kieranlafferty/Desktop/BuckTest/buck-out/tmp/buck_run.TIh_Tl/raw_config6555144951251311414.json, --ignore_paths, /Users/kieranlafferty/Desktop/BuckTest/buck-out/tmp/buck_run.TIh_Tl/ignore_paths6846878755185097712.json] environment: Optional[{IRBRC=/Users/kieranlafferty/.rvm/rubies/ruby-2.4.0/.irbrc, PATH=/Users/kieranlafferty/.rvm/gems/ruby-2.4.0/bin:/Users/kieranlafferty/.rvm/gems/ruby-2.4.0@global/bin:/Users/kieranlafferty/.rvm/rubies/ruby-2.4.0/bin:/usr/local/bin:/usr/bin:/bin:/usr/sbin:/sbin:/Users/kieranlafferty/.rvm/bin:/Users/kieranlafferty/.rvm/bin, JAVA_MAIN_CLASS_12157=com.facebook.buck.cli.bootstrapper.ClassLoaderBootstrapper, JAVA_ARCH=x86_64, _system_arch=x86_64, rvm_bin_path=/Users/kieranlafferty/.rvm/bin, BUCK_CLASSPATH=/Users/kieranlafferty/Desktop/BuckTest/.buckd/resources/v2017.10.01.01/buck_server, TERM=xterm-256color, rvm_prefix=/Users/kieranlafferty, LANG=en_US.UTF-8, VERSIONER_PYTHON_VERSION=2.7, BUCK_BUILD_ID=f0602980-0d78-46c3-8ec2-83a397389605, LOGNAME=kieranlafferty, rvm_version=1.29.2 (latest), XPC_SERVICE_NAME=0, PWD=/Users/kieranlafferty/Desktop/BuckTest, TERM_PROGRAM_VERSION=388.1.1, _=/usr/local/bin/buck, SHELL=/bin/bash, NVM_DIR=/Users/kieranlafferty/.nvm, TERM_PROGRAM=Apple_Terminal, _system_type=Darwin, MY_RUBY_HOME=/Users/kieranlafferty/.rvm/rubies/ruby-2.4.0, BUCK_PYTHON_SPACE_INIT_TIME=785, _system_version=10.12, OLDPWD=/Users/kieranlafferty/Desktop, GEM_HOME=/Users/kieranlafferty/.rvm/gems/ruby-2.4.0, USER=kieranlafferty, VERSIONER_PYTHON_PREFER_32_BIT=no, CLASSPATH=/Users/kieranlafferty/Desktop/BuckTest/.buckd/resources/v2017.10.01.01/bootstrapper_jar, BUCK_TERM_COLUMNS=235, TMPDIR=/var/folders/zz/v2fpp8m54y1dq0qh5yt0hqvr0000gn/T/, rvm_path=/Users/kieranlafferty/.rvm, SSH_AUTH_SOCK=/private/tmp/com.apple.launchd.6ZK0SrMSVY/Listeners, GEM_PATH=/Users/kieranlafferty/.rvm/gems/ruby-2.4.0:/Users/kieranlafferty/.rvm/gems/ruby-2.4.0@global, XPC_FLAGS=0x0, RUBY_VERSION=ruby-2.4.0, TERM_SESSION_ID=CB4A996C-E3FC-48E1-BE88-F3365BBC9D63, BUCK_TTY=1, _system_name=OSX, __CF_USER_TEXT_ENCODING=0x1F5:0x0:0x0, Apple_PubSub_Socket_Render=/private/tmp/com.apple.launchd.2MgsOd4gbP/Render, com.apple.java.jvmTask=CommandLine, SHLVL=1, HOME=/Users/kieranlafferty}]
[2017-10-04 14:52:03.357][debug][command:f0602980-0d78-46c3-8ec2-83a397389605][tid:33][com.facebook.buck.json.PythonDslProjectBuildFileParser] Started process com.facebook.buck.util.ProcessExecutor$LaunchedProcessImpl@6cf3f4ce successfully
[2017-10-04 14:52:03.666][debug][command:null][tid:39][com.facebook.buck.json.PythonDslProjectBuildFileParser] Closing buck.py process stdin
[2017-10-04 14:52:03.667][info ][command:f0602980-0d78-46c3-8ec2-83a397389605][tid:26][com.facebook.buck.event.listener.LoggingBuildListener] Build finished at 2017-10-04 14:52:03.666
[2017-10-04 14:52:03.670][debug][command:f0602980-0d78-46c3-8ec2-83a397389605][tid:22][com.facebook.buck.util.perf.ProcessTracker] shutDown
[2017-10-04 14:52:03.670][debug][command:f0602980-0d78-46c3-8ec2-83a397389605][tid:21][com.google.common.util.concurrent.ServiceManager] Service PerfStatsTracking [TERMINATED] has terminated. Previous state was: STOPPING
[2017-10-04 14:52:03.671][debug][command:f0602980-0d78-46c3-8ec2-83a397389605][tid:01][com.facebook.buck.event.listener.SuperConsoleEventBusListener] Stopping render scheduler
[2017-10-04 14:52:03.671][debug][command:f0602980-0d78-46c3-8ec2-83a397389605][tid:01][com.facebook.buck.cli.Main] Failing build on exception.
com.facebook.buck.util.HumanReadableException: //Apps/BuckSwiftDemo:BuckSwiftDemo: parameter 'infoPlist': no such file or directory 'Apps/BuckSwiftDemo/BuckSwiftDemo/Info.plist'
	at com.facebook.buck.parser.DefaultParserTargetNodeFactory.createTargetNode(DefaultParserTargetNodeFactory.java:203)
	at com.facebook.buck.parser.DefaultParserTargetNodeFactory.createTargetNode(DefaultParserTargetNodeFactory.java:59)
	at com.facebook.buck.parser.TargetNodeParsePipeline.computeNode(TargetNodeParsePipeline.java:118)
	at com.facebook.buck.parser.TargetNodeParsePipeline.computeNode(TargetNodeParsePipeline.java:51)
	at com.facebook.buck.parser.ConvertingPipeline.dispatchComputeNode(ConvertingPipeline.java:139)
	at com.facebook.buck.parser.ConvertingPipeline.lambda$null$2(ConvertingPipeline.java:100)
	at com.google.common.util.concurrent.AbstractTransformFuture$AsyncTransformFuture.doTransform(AbstractTransformFuture.java:211)
	at com.google.common.util.concurrent.AbstractTransformFuture$AsyncTransformFuture.doTransform(AbstractTransformFuture.java:200)
	at com.google.common.util.concurrent.AbstractTransformFuture.run(AbstractTransformFuture.java:130)
	at com.google.common.util.concurrent.MoreExecutors$DirectExecutor.execute(MoreExecutors.java:435)
	at com.google.common.util.concurrent.AbstractFuture.executeListener(AbstractFuture.java:900)
	at com.google.common.util.concurrent.AbstractFuture.complete(AbstractFuture.java:811)
	at com.google.common.util.concurrent.AbstractFuture.setFuture(AbstractFuture.java:711)
	at com.google.common.util.concurrent.AbstractTransformFuture$AsyncTransformFuture.setResult(AbstractTransformFuture.java:221)
	at com.google.common.util.concurrent.AbstractTransformFuture$AsyncTransformFuture.setResult(AbstractTransformFuture.java:200)
	at com.google.common.util.concurrent.AbstractTransformFuture.run(AbstractTransformFuture.java:177)
	at com.google.common.util.concurrent.MoreExecutors$5$1.run(MoreExecutors.java:988)
	at java.util.concurrent.ThreadPoolExecutor.runWorker(ThreadPoolExecutor.java:1142)
	at java.util.concurrent.ThreadPoolExecutor$Worker.run(ThreadPoolExecutor.java:617)
	at java.lang.Thread.run(Thread.java:748)
Caused by: com.facebook.buck.rules.coercer.ParamInfoException: parameter 'infoPlist': no such file or directory 'Apps/BuckSwiftDemo/BuckSwiftDemo/Info.plist'
	at com.facebook.buck.rules.coercer.ParamInfo.set(ParamInfo.java:246)
	at com.facebook.buck.rules.coercer.ParamInfo.setFromParams(ParamInfo.java:220)
	at com.facebook.buck.rules.coercer.ConstructorArgMarshaller.populate(ConstructorArgMarshaller.java:96)
	at com.facebook.buck.parser.DefaultParserTargetNodeFactory.createTargetNode(DefaultParserTargetNodeFactory.java:159)
	... 19 more
Caused by: com.facebook.buck.rules.coercer.CoerceFailedException: no such file or directory 'Apps/BuckSwiftDemo/BuckSwiftDemo/Info.plist'
	at com.facebook.buck.rules.coercer.PathTypeCoercer.coerce(PathTypeCoercer.java:72)
	at com.facebook.buck.rules.coercer.PathTypeCoercer.coerce(PathTypeCoercer.java:26)
	at com.facebook.buck.rules.coercer.SourcePathTypeCoercer.coerce(SourcePathTypeCoercer.java:55)
	at com.facebook.buck.rules.coercer.SourcePathTypeCoercer.coerce(SourcePathTypeCoercer.java:27)
	at com.facebook.buck.rules.coercer.ParamInfo.set(ParamInfo.java:244)
	... 22 more
Caused by: java.lang.RuntimeException: Not an ordinary file: 'Apps/BuckSwiftDemo/BuckSwiftDemo/Info.plist'.
	at com.facebook.buck.io.filesystem.impl.DefaultProjectFilesystem.getPathForRelativeExistingPath(DefaultProjectFilesystem.java:307)
	at com.facebook.buck.rules.coercer.PathTypeCoercer.coerce(PathTypeCoercer.java:69)
	... 26 more

[2017-10-04 14:52:03.672][debug][command:f0602980-0d78-46c3-8ec2-83a397389605][tid:22][com.google.common.util.concurrent.ServiceManager] Service ProcessTracker [TERMINATED] has terminated. Previous state was: STOPPING
[2017-10-04 14:52:03.672][info ][command:f0602980-0d78-46c3-8ec2-83a397389605][tid:01][com.facebook.buck.cli.Main] Awaiting termination of HTTP Write executor service. Waiting for all jobs to complete, or up to maximum of 1800 seconds...
[2017-10-04 14:52:03.672][info ][command:f0602980-0d78-46c3-8ec2-83a397389605][tid:01][com.facebook.buck.cli.Main] Awaiting termination of Disk IO executor service. Waiting for all jobs to complete, or up to maximum of 10 seconds...
[2017-10-04 14:52:03.673][debug][command:f0602980-0d78-46c3-8ec2-83a397389605][tid:01][com.facebook.buck.event.listener.SuperConsoleEventBusListener] Stopping render scheduler
[2017-10-04 14:52:03.673][debug][command:f0602980-0d78-46c3-8ec2-83a397389605][tid:01][com.facebook.buck.event.listener.ChromeTraceBuildListener] Writing Chrome trace to buck-out/log/2017-10-04_21h52m00s_buildcommand_f0602980-0d78-46c3-8ec2-83a397389605/build.2017-10-04.14-52-00.f0602980-0d78-46c3-8ec2-83a397389605.trace
[2017-10-04 14:52:03.685][debug][command:null][tid:39][com.facebook.buck.json.PythonDslProjectBuildFileParser] Waiting for process com.facebook.buck.util.ProcessExecutor$LaunchedProcessImpl@6cf3f4ce to exit...
[2017-10-04 14:52:03.685][debug][command:null][tid:39][com.facebook.buck.json.PythonDslProjectBuildFileParser] Process com.facebook.buck.util.ProcessExecutor$LaunchedProcessImpl@6cf3f4ce exited cleanly.
[2017-10-04 14:52:03.698][info ][command:f0602980-0d78-46c3-8ec2-83a397389605][tid:01][com.facebook.buck.cli.Main] Awaiting termination of PROJECT executor service. Waiting for all jobs to complete, or up to maximum of 60 seconds...
[2017-10-04 14:52:03.699][info ][command:f0602980-0d78-46c3-8ec2-83a397389605][tid:01][com.facebook.buck.cli.Main] Awaiting termination of CPU executor service. Waiting for all jobs to complete, or up to maximum of 60 seconds...
[2017-10-04 14:52:03.699][info ][command:f0602980-0d78-46c3-8ec2-83a397389605][tid:01][com.facebook.buck.cli.Main] Awaiting termination of NETWORK executor service. Waiting for all jobs to complete, or up to maximum of 60 seconds...
[2017-10-04 14:52:03.699][info ][command:f0602980-0d78-46c3-8ec2-83a397389605][tid:01][com.facebook.buck.cli.Main] Awaiting termination of ScheduledExecutorService executor service. Waiting for all jobs to complete, or up to maximum of 60 seconds...
[2017-10-04 14:52:03.702][warn ][command:null][tid:01][com.facebook.buck.util.Console] Build failure: //Apps/BuckSwiftDemo:BuckSwiftDemo: parameter 'infoPlist': no such file or directory 'Apps/BuckSwiftDemo/BuckSwiftDemo/Info.plist'
[2017-10-04 14:52:03.702][debug][command:null][tid:01][com.facebook.buck.cli.Main] Done.
