[2017-10-04 14:54:59.683][debug][command:null][tid:01][com.facebook.buck.cli.Main] Starting up (build date 2017-10-01 22:48:39 -0700, rev v2017.10.01.01), args: [project, //Apps/BuckSwiftDemo:BuckSwiftDemo, --ide, xcode]
[2017-10-04 14:54:59.684][debug][command:null][tid:01][com.facebook.buck.cli.Main] System properties: {java.vendor=Oracle Corporation, sun.java.launcher=SUN_STANDARD, sun.management.compiler=HotSpot 64-Bit Tiered Compilers, jnidispatch.path=/Users/kieranlafferty/Desktop/BuckTest/buck-out/tmp/buck_run.jsGI20/jna-1773210207/jna712593953225052598.tmp, os.name=Mac OS X, buck.enable_objc=true, sun.boot.class.path=/Library/Java/JavaVirtualMachines/jdk1.8.0_131.jdk/Contents/Home/jre/lib/resources.jar:/Library/Java/JavaVirtualMachines/jdk1.8.0_131.jdk/Contents/Home/jre/lib/rt.jar:/Library/Java/JavaVirtualMachines/jdk1.8.0_131.jdk/Contents/Home/jre/lib/sunrsasign.jar:/Library/Java/JavaVirtualMachines/jdk1.8.0_131.jdk/Contents/Home/jre/lib/jsse.jar:/Library/Java/JavaVirtualMachines/jdk1.8.0_131.jdk/Contents/Home/jre/lib/jce.jar:/Library/Java/JavaVirtualMachines/jdk1.8.0_131.jdk/Contents/Home/jre/lib/charsets.jar:/Library/Java/JavaVirtualMachines/jdk1.8.0_131.jdk/Contents/Home/jre/lib/jfr.jar:/Library/Java/JavaVirtualMachines/jdk1.8.0_131.jdk/Contents/Home/jre/classes, buck.resource_lock_path=/Users/kieranlafferty/Desktop/BuckTest/.buckd/resources/v2017.10.01.01/.buck_lock, java.vm.specification.vendor=Oracle Corporation, java.runtime.version=1.8.0_131-b11, jna.loaded=true, buck.testrunner_classes=/Users/kieranlafferty/Desktop/BuckTest/.buckd/resources/v2017.10.01.01/testrunner_classes, buck.logging_config_file=/Users/kieranlafferty/Desktop/BuckTest/.buckd/resources/v2017.10.01.01/logging_config_file, buck.path_to_sh_binary_template=/Users/kieranlafferty/Desktop/BuckTest/.buckd/resources/v2017.10.01.01/path_to_sh_binary_template, user.name=kieranlafferty, buck.path_to_pywatchman=/Users/kieranlafferty/Desktop/BuckTest/.buckd/resources/v2017.10.01.01/path_to_pywatchman, buck.report_generator_jar=/Users/kieranlafferty/Desktop/BuckTest/.buckd/resources/v2017.10.01.01/report_generator_jar, buck.git_commit=v2017.10.01.01, user.language=en, sun.boot.library.path=/Library/Java/JavaVirtualMachines/jdk1.8.0_131.jdk/Contents/Home/jre/lib, java.version=1.8.0_131, user.timezone=America/Los_Angeles, buck.test_util_no_tests_dir=true, sun.arch.data.model=64, http.nonProxyHosts=local|*.local|169.254/16|*.169.254/16, java.endorsed.dirs=/Library/Java/JavaVirtualMachines/jdk1.8.0_131.jdk/Contents/Home/jre/lib/endorsed, sun.cpu.isalist=, sun.jnu.encoding=UTF-8, file.encoding.pkg=sun.io, file.separator=/, java.specification.name=Java Platform API Specification, buck.jacoco_agent_jar=/Users/kieranlafferty/Desktop/BuckTest/.buckd/resources/v2017.10.01.01/jacoco_agent_jar, java.class.version=52.0, user.country=US, java.home=/Library/Java/JavaVirtualMachines/jdk1.8.0_131.jdk/Contents/Home/jre, java.vm.info=mixed mode, os.version=10.12.6, buck.external_executor_jar=/Users/kieranlafferty/Desktop/BuckTest/.buckd/resources/v2017.10.01.01/external_executor_jar, buck.version_uid=v2017.10.01.01, org.eclipse.jetty.util.log.class=org.eclipse.jetty.util.log.JavaUtilLog, path.separator=:, java.vm.version=25.131-b11, java.awt.printerjob=sun.lwawt.macosx.CPrinterJob, sun.io.unicode.encoding=UnicodeBig, awt.toolkit=sun.lwawt.macosx.LWCToolkit, socksNonProxyHosts=local|*.local|169.254/16|*.169.254/16, buck.buck_build_type_info=/Users/kieranlafferty/Desktop/BuckTest/.buckd/resources/v2017.10.01.01/buck_build_type_info, ftp.nonProxyHosts=local|*.local|169.254/16|*.169.254/16, buck.dx=/Users/kieranlafferty/Desktop/BuckTest/.buckd/resources/v2017.10.01.01/dx, buck.git_commit_timestamp=1506923319, user.home=/Users/kieranlafferty, buck.path_to_asm_jar=/Users/kieranlafferty/Desktop/BuckTest/.buckd/resources/v2017.10.01.01/path_to_asm_jar, java.specification.vendor=Oracle Corporation, buck.git_dirty=0, java.library.path=/Users/kieranlafferty/Desktop/BuckTest/.buckd/resources/v2017.10.01.01, java.vendor.url=http://java.oracle.com/, java.vm.vendor=Oracle Corporation, gopherProxySet=false, java.runtime.name=Java(TM) SE Runtime Environment, sun.java.command=com.facebook.buck.cli.bootstrapper.ClassLoaderBootstrapper com.facebook.buck.cli.Main project //Apps/BuckSwiftDemo:BuckSwiftDemo --ide xcode, java.class.path=/Users/kieranlafferty/Desktop/BuckTest/.buckd/resources/v2017.10.01.01/bootstrapper_jar, buck.buckd_dir=/Users/kieranlafferty/Desktop/BuckTest/.buckd, buck.path_to_pathlib_py=/Users/kieranlafferty/Desktop/BuckTest/.buckd/resources/v2017.10.01.01/pathlib.py, java.vm.specification.name=Java Virtual Machine Specification, java.vm.specification.version=1.8, sun.cpu.endian=little, buck.path_to_rawmanifest_py=/Users/kieranlafferty/Desktop/BuckTest/.buckd/resources/v2017.10.01.01/rawmanifest.py, sun.os.patch.level=unknown, java.awt.headless=true, java.io.tmpdir=/Users/kieranlafferty/Desktop/BuckTest/buck-out/tmp/buck_run.jsGI20, buck.android_agent_path=/Users/kieranlafferty/Desktop/BuckTest/.buckd/resources/v2017.10.01.01/android_agent_path, java.vendor.url.bug=http://bugreport.sun.com/bugreport/, buck.path_to_python_dsl=, os.arch=x86_64, java.awt.graphicsenv=sun.awt.CGraphicsEnvironment, buck.path_to_pex=/Users/kieranlafferty/Desktop/BuckTest/.buckd/resources/v2017.10.01.01/path_to_pex, java.ext.dirs=/Users/kieranlafferty/Library/Java/Extensions:/Library/Java/JavaVirtualMachines/jdk1.8.0_131.jdk/Contents/Home/jre/lib/ext:/Library/Java/Extensions:/Network/Library/Java/Extensions:/System/Library/Java/Extensions:/usr/lib/java, java.util.logging.config.class=com.facebook.buck.cli.bootstrapper.LogConfig, user.dir=/Users/kieranlafferty/Desktop/BuckTest, line.separator=
, java.vm.name=Java HotSpot(TM) 64-Bit Server VM, buck.path_to_typing=/Users/kieranlafferty/Desktop/BuckTest/.buckd/resources/v2017.10.01.01/path_to_typing, buck.native_exopackage_fake_path=/Users/kieranlafferty/Desktop/BuckTest/.buckd/resources/v2017.10.01.01/native_exopackage_fake_path, file.encoding=UTF-8, java.specification.version=1.8}
[2017-10-04 14:54:59.695][debug][command:null][tid:01][com.facebook.buck.util.config.Configs] Loading configuration for /Users/kieranlafferty/Desktop/BuckTest
[2017-10-04 14:54:59.743][debug][command:null][tid:01][com.facebook.buck.util.config.Configs] Loaded a configuration file /Users/kieranlafferty/Desktop/BuckTest/.buckconfig: {project={ide_force_kill=always}, cxx={default_platform=iphonesimulator-x86_64, cflags=-g -fmodules -fobjc-arc -D BUCK -w, combined_preprocess_and_compile=true}, swift={version=3.0, compiler_flags=-DBUCK -whole-module-optimization -enable-testing -suppress-warnings}, apple={iphonesimulator_target_sdk_version=10.0, iphoneos_target_sdk_version=10.0, use_swift_delegate=false}}
[2017-10-04 14:54:59.744][debug][command:null][tid:01][com.facebook.buck.util.config.Configs] Adding configuration overrides RawConfig{values={}}
[2017-10-04 14:54:59.805][debug][command:null][tid:01][com.facebook.buck.util.config.Configs] Loading configuration for /Users/kieranlafferty/Desktop/BuckTest
[2017-10-04 14:54:59.806][debug][command:null][tid:01][com.facebook.buck.util.config.Configs] Loaded a configuration file /Users/kieranlafferty/Desktop/BuckTest/.buckconfig: {project={ide_force_kill=always}, cxx={default_platform=iphonesimulator-x86_64, cflags=-g -fmodules -fobjc-arc -D BUCK -w, combined_preprocess_and_compile=true}, swift={version=3.0, compiler_flags=-DBUCK -whole-module-optimization -enable-testing -suppress-warnings}, apple={iphonesimulator_target_sdk_version=10.0, iphoneos_target_sdk_version=10.0, use_swift_delegate=false}}
[2017-10-04 14:54:59.806][debug][command:null][tid:01][com.facebook.buck.util.config.Configs] Adding configuration overrides RawConfig{values={}}
[2017-10-04 14:55:00.024][debug][command:null][tid:01][com.facebook.buck.apple.AppleToolchainDiscovery] Searching for Xcode toolchains under /Applications/Xcode.app/Contents/Developer/Toolchains
[2017-10-04 14:55:00.025][debug][command:null][tid:01][com.facebook.buck.apple.AppleToolchainDiscovery] Searching for Xcode toolchains in /Applications/Xcode.app/Contents/Developer/Toolchains
[2017-10-04 14:55:00.027][debug][command:null][tid:01][com.facebook.buck.apple.AppleToolchainDiscovery] Getting identifier for for Xcode toolchain under /Applications/Xcode.app/Contents/Developer/Toolchains/XcodeDefault.xctoolchain
[2017-10-04 14:55:00.044][debug][command:null][tid:01][com.facebook.buck.apple.AppleToolchainDiscovery] Mapped SDK identifier com.apple.dt.toolchain.XcodeDefault to path /Applications/Xcode.app/Contents/Developer/Toolchains/XcodeDefault.xctoolchain
[2017-10-04 14:55:00.053][debug][command:null][tid:01][com.facebook.buck.apple.AppleSdkDiscovery] Searching for Xcode platforms under /Applications/Xcode.app/Contents/Developer/Platforms
[2017-10-04 14:55:00.058][debug][command:null][tid:01][com.facebook.buck.apple.AppleSdkDiscovery] Searching for Xcode SDKs in /Applications/Xcode.app/Contents/Developer/Platforms
[2017-10-04 14:55:00.058][debug][command:null][tid:01][com.facebook.buck.apple.AppleSdkDiscovery] Fetching SDK name for /Applications/Xcode.app/Contents/Developer/Platforms/AppleTVOS.platform/Developer/SDKs/AppleTVOS.sdk
[2017-10-04 14:55:00.066][debug][command:null][tid:01][com.facebook.buck.apple.AppleSdkDiscovery] Found SDK AppleSdk{name=appletvos11.0, version=11.0, applePlatform=ApplePlatform{name=appletvos, provisioningProfileName=tvOS, architectures=[arm64], minVersionFlagPrefix=-mtvos-version-min=, appIncludesFrameworks=false}, architectures=[arm64], toolchains=[AppleToolchain{identifier=com.apple.dt.toolchain.XcodeDefault, path=/Applications/Xcode.app/Contents/Developer/Toolchains/XcodeDefault.xctoolchain}]}
[2017-10-04 14:55:00.068][debug][command:null][tid:01][com.facebook.buck.apple.AppleSdkDiscovery] Fetching SDK name for /Applications/Xcode.app/Contents/Developer/Platforms/AppleTVOS.platform/Developer/SDKs/AppleTVOS11.0.sdk
[2017-10-04 14:55:00.068][debug][command:null][tid:01][com.facebook.buck.apple.AppleSdkDiscovery] Skipping already scanned SDK directory /Applications/Xcode.app/Contents/Developer/Platforms/AppleTVOS.platform/Developer/SDKs/AppleTVOS.sdk
[2017-10-04 14:55:00.069][debug][command:null][tid:01][com.facebook.buck.apple.AppleSdkDiscovery] Fetching SDK name for /Applications/Xcode.app/Contents/Developer/Platforms/AppleTVSimulator.platform/Developer/SDKs/AppleTVSimulator.sdk
[2017-10-04 14:55:00.069][debug][command:null][tid:01][com.facebook.buck.apple.AppleSdkDiscovery] Found SDK AppleSdk{name=appletvsimulator11.0, version=11.0, applePlatform=ApplePlatform{name=appletvsimulator, swiftName=tvos, architectures=[x86_64], minVersionFlagPrefix=-mtvos-simulator-version-min=, appIncludesFrameworks=false}, architectures=[x86_64], toolchains=[AppleToolchain{identifier=com.apple.dt.toolchain.XcodeDefault, path=/Applications/Xcode.app/Contents/Developer/Toolchains/XcodeDefault.xctoolchain}]}
[2017-10-04 14:55:00.070][debug][command:null][tid:01][com.facebook.buck.apple.AppleSdkDiscovery] Fetching SDK name for /Applications/Xcode.app/Contents/Developer/Platforms/AppleTVSimulator.platform/Developer/SDKs/AppleTVSimulator11.0.sdk
[2017-10-04 14:55:00.070][debug][command:null][tid:01][com.facebook.buck.apple.AppleSdkDiscovery] Skipping already scanned SDK directory /Applications/Xcode.app/Contents/Developer/Platforms/AppleTVSimulator.platform/Developer/SDKs/AppleTVSimulator.sdk
[2017-10-04 14:55:00.070][debug][command:null][tid:01][com.facebook.buck.apple.AppleSdkDiscovery] Fetching SDK name for /Applications/Xcode.app/Contents/Developer/Platforms/iPhoneOS.platform/Developer/SDKs/iPhoneOS.sdk
[2017-10-04 14:55:00.071][debug][command:null][tid:01][com.facebook.buck.apple.AppleSdkDiscovery] Found SDK AppleSdk{name=iphoneos11.0, version=11.0, applePlatform=ApplePlatform{name=iphoneos, swiftName=ios, provisioningProfileName=iOS, architectures=[armv7, arm64], minVersionFlagPrefix=-mios-version-min=, stubBinaryPath=Library/Application Support/WatchKit/WK, appIncludesFrameworks=false}, architectures=[armv7, arm64], toolchains=[AppleToolchain{identifier=com.apple.dt.toolchain.XcodeDefault, path=/Applications/Xcode.app/Contents/Developer/Toolchains/XcodeDefault.xctoolchain}]}
[2017-10-04 14:55:00.071][debug][command:null][tid:01][com.facebook.buck.apple.AppleSdkDiscovery] Fetching SDK name for /Applications/Xcode.app/Contents/Developer/Platforms/iPhoneOS.platform/Developer/SDKs/iPhoneOS11.0.sdk
[2017-10-04 14:55:00.071][debug][command:null][tid:01][com.facebook.buck.apple.AppleSdkDiscovery] Skipping already scanned SDK directory /Applications/Xcode.app/Contents/Developer/Platforms/iPhoneOS.platform/Developer/SDKs/iPhoneOS.sdk
[2017-10-04 14:55:00.072][debug][command:null][tid:01][com.facebook.buck.apple.AppleSdkDiscovery] Fetching SDK name for /Applications/Xcode.app/Contents/Developer/Platforms/iPhoneSimulator.platform/Developer/SDKs/iPhoneSimulator.sdk
[2017-10-04 14:55:00.072][debug][command:null][tid:01][com.facebook.buck.apple.AppleSdkDiscovery] Found SDK AppleSdk{name=iphonesimulator11.0, version=11.0, applePlatform=ApplePlatform{name=iphonesimulator, swiftName=ios, architectures=[i386, x86_64], minVersionFlagPrefix=-mios-simulator-version-min=, stubBinaryPath=Library/Application Support/WatchKit/WK, appIncludesFrameworks=false}, architectures=[i386, x86_64], toolchains=[AppleToolchain{identifier=com.apple.dt.toolchain.XcodeDefault, path=/Applications/Xcode.app/Contents/Developer/Toolchains/XcodeDefault.xctoolchain}]}
[2017-10-04 14:55:00.073][debug][command:null][tid:01][com.facebook.buck.apple.AppleSdkDiscovery] Fetching SDK name for /Applications/Xcode.app/Contents/Developer/Platforms/iPhoneSimulator.platform/Developer/SDKs/iPhoneSimulator11.0.sdk
[2017-10-04 14:55:00.073][debug][command:null][tid:01][com.facebook.buck.apple.AppleSdkDiscovery] Skipping already scanned SDK directory /Applications/Xcode.app/Contents/Developer/Platforms/iPhoneSimulator.platform/Developer/SDKs/iPhoneSimulator.sdk
[2017-10-04 14:55:00.073][debug][command:null][tid:01][com.facebook.buck.apple.AppleSdkDiscovery] Fetching SDK name for /Applications/Xcode.app/Contents/Developer/Platforms/MacOSX.platform/Developer/SDKs/MacOSX.sdk
[2017-10-04 14:55:00.105][debug][command:null][tid:01][com.facebook.buck.apple.AppleSdkDiscovery] Found SDK AppleSdk{name=macosx10.13, version=10.13, applePlatform=ApplePlatform{name=macosx, architectures=[i386, x86_64], minVersionFlagPrefix=-mmacosx-version-min=, appIncludesFrameworks=true}, architectures=[i386, x86_64], toolchains=[AppleToolchain{identifier=com.apple.dt.toolchain.XcodeDefault, path=/Applications/Xcode.app/Contents/Developer/Toolchains/XcodeDefault.xctoolchain}]}
[2017-10-04 14:55:00.105][debug][command:null][tid:01][com.facebook.buck.apple.AppleSdkDiscovery] Fetching SDK name for /Applications/Xcode.app/Contents/Developer/Platforms/MacOSX.platform/Developer/SDKs/MacOSX10.13.sdk
[2017-10-04 14:55:00.106][debug][command:null][tid:01][com.facebook.buck.apple.AppleSdkDiscovery] Skipping already scanned SDK directory /Applications/Xcode.app/Contents/Developer/Platforms/MacOSX.platform/Developer/SDKs/MacOSX.sdk
[2017-10-04 14:55:00.106][debug][command:null][tid:01][com.facebook.buck.apple.AppleSdkDiscovery] Fetching SDK name for /Applications/Xcode.app/Contents/Developer/Platforms/WatchOS.platform/Developer/SDKs/WatchOS.sdk
[2017-10-04 14:55:00.107][debug][command:null][tid:01][com.facebook.buck.apple.AppleSdkDiscovery] Found SDK AppleSdk{name=watchos4.0, version=4.0, applePlatform=ApplePlatform{name=watchos, provisioningProfileName=iOS, architectures=[armv7k], minVersionFlagPrefix=-mwatchos-version-min=, stubBinaryPath=Library/Application Support/WatchKit/WK, appIncludesFrameworks=false}, architectures=[armv7k], toolchains=[AppleToolchain{identifier=com.apple.dt.toolchain.XcodeDefault, path=/Applications/Xcode.app/Contents/Developer/Toolchains/XcodeDefault.xctoolchain}]}
[2017-10-04 14:55:00.107][debug][command:null][tid:01][com.facebook.buck.apple.AppleSdkDiscovery] Fetching SDK name for /Applications/Xcode.app/Contents/Developer/Platforms/WatchOS.platform/Developer/SDKs/WatchOS4.0.sdk
[2017-10-04 14:55:00.107][debug][command:null][tid:01][com.facebook.buck.apple.AppleSdkDiscovery] Skipping already scanned SDK directory /Applications/Xcode.app/Contents/Developer/Platforms/WatchOS.platform/Developer/SDKs/WatchOS.sdk
[2017-10-04 14:55:00.108][debug][command:null][tid:01][com.facebook.buck.apple.AppleSdkDiscovery] Fetching SDK name for /Applications/Xcode.app/Contents/Developer/Platforms/WatchSimulator.platform/Developer/SDKs/WatchSimulator.sdk
[2017-10-04 14:55:00.108][debug][command:null][tid:01][com.facebook.buck.apple.AppleSdkDiscovery] Found SDK AppleSdk{name=watchsimulator4.0, version=4.0, applePlatform=ApplePlatform{name=watchsimulator, architectures=[i386], minVersionFlagPrefix=-mwatchos-simulator-version-min=, stubBinaryPath=Library/Application Support/WatchKit/WK, appIncludesFrameworks=false}, architectures=[i386], toolchains=[AppleToolchain{identifier=com.apple.dt.toolchain.XcodeDefault, path=/Applications/Xcode.app/Contents/Developer/Toolchains/XcodeDefault.xctoolchain}]}
[2017-10-04 14:55:00.109][debug][command:null][tid:01][com.facebook.buck.apple.AppleSdkDiscovery] Fetching SDK name for /Applications/Xcode.app/Contents/Developer/Platforms/WatchSimulator.platform/Developer/SDKs/WatchSimulator4.0.sdk
[2017-10-04 14:55:00.109][debug][command:null][tid:01][com.facebook.buck.apple.AppleSdkDiscovery] Skipping already scanned SDK directory /Applications/Xcode.app/Contents/Developer/Platforms/WatchSimulator.platform/Developer/SDKs/WatchSimulator.sdk
[2017-10-04 14:55:00.120][debug][command:null][tid:01][com.facebook.buck.cli.Main] Not using Watchman, context present: false, glob handler: PYTHON
[2017-10-04 14:55:00.224][debug][command:82c2abe9-9230-45ea-bf77-4bc3f84d0351][tid:01][com.facebook.buck.event.listener.SuperConsoleEventBusListener] Starting render scheduler (interval 100 ms)
[2017-10-04 14:55:00.289][debug][command:82c2abe9-9230-45ea-bf77-4bc3f84d0351][tid:01][com.google.common.util.concurrent.ServiceManager] Starting PerfStatsTracking [RUNNING].
[2017-10-04 14:55:00.289][debug][command:82c2abe9-9230-45ea-bf77-4bc3f84d0351][tid:01][com.google.common.util.concurrent.ServiceManager] Started PerfStatsTracking [RUNNING] in 432.7 μs.
[2017-10-04 14:55:00.295][debug][command:82c2abe9-9230-45ea-bf77-4bc3f84d0351][tid:01][com.google.common.util.concurrent.ServiceManager] Starting ProcessTracker [STARTING].
[2017-10-04 14:55:00.295][debug][command:null][tid:21][com.facebook.buck.util.perf.ProcessTracker] startUp
[2017-10-04 14:55:00.296][debug][command:82c2abe9-9230-45ea-bf77-4bc3f84d0351][tid:01][com.facebook.buck.cli.Main] InvocationInfo BuildId=[82c2abe9-9230-45ea-bf77-4bc3f84d0351] Args=[project, //Apps/BuckSwiftDemo:BuckSwiftDemo, --ide, xcode]
[2017-10-04 14:55:00.317][debug][command:82c2abe9-9230-45ea-bf77-4bc3f84d0351][tid:01][com.facebook.buck.util.environment.MacWifiSsidFinder] Getting current SSID..
[2017-10-04 14:55:00.374][debug][command:82c2abe9-9230-45ea-bf77-4bc3f84d0351][tid:01][com.facebook.buck.util.environment.MacWifiSsidFinder] Getting SSID from Wi-Fi interface: <CWInterface: 0x7f86dc7b38d0> [interfaceName=en0]
[2017-10-04 14:55:00.375][debug][command:82c2abe9-9230-45ea-bf77-4bc3f84d0351][tid:01][com.facebook.buck.util.environment.MacWifiSsidFinder] Found SSID: SciFi
[2017-10-04 14:55:00.382][debug][command:null][tid:21][com.google.common.util.concurrent.ServiceManager] Started ProcessTracker [RUNNING] in 86.44 ms.
[2017-10-04 14:55:01.045][debug][command:82c2abe9-9230-45ea-bf77-4bc3f84d0351][tid:01][com.facebook.buck.cli.Main] new Buck daemon
[2017-10-04 14:55:01.045][warn ][command:null][tid:24][com.facebook.buck.event.listener.PublicAnnouncementManager] Failed to get public announcements. Reason: Failed to establish connection to server.
[2017-10-04 14:55:01.068][info ][command:null][tid:26][com.facebook.buck.util.versioncontrol.VersionControlStatsGenerator] Starting generation of version control stats.
[2017-10-04 14:55:01.072][debug][command:null][tid:26][com.facebook.buck.util.versioncontrol.VersionControlCmdLineInterface] Executing command: hg log -l 1 --template {node|short}
[2017-10-04 14:55:01.076][warn ][command:null][tid:26][com.facebook.buck.util.versioncontrol.DelegatingVersionControlCmdLineInterface] Mercurial is the only VCS supported for VCS stats generation, however current project (which has enabled VCS stats generation in its .buckconfig) does not appear to be a Mercurial repository: 
com.facebook.buck.util.versioncontrol.VersionControlCommandFailedException: java.io.IOException: Cannot run program "hg" (in directory "/Users/kieranlafferty/Desktop/BuckTest"): error=2, No such file or directory
[2017-10-04 14:55:01.076][debug][command:null][tid:26][com.facebook.buck.util.versioncontrol.DelegatingVersionControlCmdLineInterface] Using NoOpCmdLineInterface.
[2017-10-04 14:55:01.078][warn ][command:null][tid:26][com.facebook.buck.util.versioncontrol.VersionControlStatsGenerator] Skipping generation of version control stats as unsupported repository type.
[2017-10-04 14:55:01.083][debug][command:null][tid:26][com.facebook.buck.util.environment.MacNetworkConfiguration] Determine network service order and extract device names
[2017-10-04 14:55:01.122][debug][command:null][tid:26][com.facebook.buck.util.ListeningProcessExecutor] Launching process with params ProcessExecutorParams{command=[networksetup, -listnetworkserviceorder, ]}
[2017-10-04 14:55:01.177][debug][command:null][tid:26][com.facebook.buck.util.ListeningProcessExecutor] Successfully launched process com.zaxxer.nuprocess.osx.OsxProcess@57937bd0
[2017-10-04 14:55:01.180][debug][command:null][tid:26][com.facebook.buck.util.ListeningProcessExecutor] Waiting for process com.facebook.buck.util.ListeningProcessExecutor$LaunchedProcessImpl@48b73cb9 timeout 1000 MILLISECONDS
[2017-10-04 14:55:01.223][debug][command:null][tid:26][com.facebook.buck.util.ListeningProcessExecutor] Wait for process returned 0
[2017-10-04 14:55:01.224][debug][command:null][tid:26][com.facebook.buck.util.ListeningProcessExecutor] Destroying process com.facebook.buck.util.ListeningProcessExecutor$LaunchedProcessImpl@48b73cb9 (force true)
[2017-10-04 14:55:01.224][debug][command:null][tid:26][com.facebook.buck.util.environment.MacNetworkConfiguration] Determine active state of media for device
[2017-10-04 14:55:01.224][debug][command:null][tid:26][com.facebook.buck.util.ListeningProcessExecutor] Launching process with params ProcessExecutorParams{command=[networksetup, -getMedia, usbmodem14110]}
[2017-10-04 14:55:01.227][debug][command:null][tid:26][com.facebook.buck.util.ListeningProcessExecutor] Successfully launched process com.zaxxer.nuprocess.osx.OsxProcess@4369384
[2017-10-04 14:55:01.228][debug][command:null][tid:26][com.facebook.buck.util.ListeningProcessExecutor] Waiting for process com.facebook.buck.util.ListeningProcessExecutor$LaunchedProcessImpl@8baf692 timeout 1000 MILLISECONDS
[2017-10-04 14:55:01.263][debug][command:null][tid:26][com.facebook.buck.util.ListeningProcessExecutor] Wait for process returned 4
[2017-10-04 14:55:01.264][debug][command:null][tid:26][com.facebook.buck.util.ListeningProcessExecutor] Destroying process com.facebook.buck.util.ListeningProcessExecutor$LaunchedProcessImpl@8baf692 (force true)
[2017-10-04 14:55:01.264][debug][command:null][tid:26][com.facebook.buck.util.environment.MacNetworkConfiguration] Determine active state of media for device
[2017-10-04 14:55:01.264][debug][command:null][tid:26][com.facebook.buck.util.ListeningProcessExecutor] Launching process with params ProcessExecutorParams{command=[networksetup, -getMedia, lpss-serial1]}
[2017-10-04 14:55:01.266][debug][command:null][tid:26][com.facebook.buck.util.ListeningProcessExecutor] Successfully launched process com.zaxxer.nuprocess.osx.OsxProcess@16eca6e4
[2017-10-04 14:55:01.268][debug][command:null][tid:26][com.facebook.buck.util.ListeningProcessExecutor] Waiting for process com.facebook.buck.util.ListeningProcessExecutor$LaunchedProcessImpl@67cf0274 timeout 1000 MILLISECONDS
[2017-10-04 14:55:01.307][debug][command:null][tid:26][com.facebook.buck.util.ListeningProcessExecutor] Wait for process returned 4
[2017-10-04 14:55:01.308][debug][command:null][tid:26][com.facebook.buck.util.ListeningProcessExecutor] Destroying process com.facebook.buck.util.ListeningProcessExecutor$LaunchedProcessImpl@67cf0274 (force true)
[2017-10-04 14:55:01.308][debug][command:null][tid:26][com.facebook.buck.util.environment.MacNetworkConfiguration] Determine active state of media for device
[2017-10-04 14:55:01.308][debug][command:null][tid:26][com.facebook.buck.util.ListeningProcessExecutor] Launching process with params ProcessExecutorParams{command=[networksetup, -getMedia, lpss-serial2]}
[2017-10-04 14:55:01.310][debug][command:null][tid:26][com.facebook.buck.util.ListeningProcessExecutor] Successfully launched process com.zaxxer.nuprocess.osx.OsxProcess@57d517ba
[2017-10-04 14:55:01.312][debug][command:null][tid:26][com.facebook.buck.util.ListeningProcessExecutor] Waiting for process com.facebook.buck.util.ListeningProcessExecutor$LaunchedProcessImpl@88465b4 timeout 1000 MILLISECONDS
[2017-10-04 14:55:01.346][debug][command:null][tid:26][com.facebook.buck.util.ListeningProcessExecutor] Wait for process returned 4
[2017-10-04 14:55:01.346][debug][command:null][tid:26][com.facebook.buck.util.ListeningProcessExecutor] Destroying process com.facebook.buck.util.ListeningProcessExecutor$LaunchedProcessImpl@88465b4 (force true)
[2017-10-04 14:55:01.346][debug][command:null][tid:26][com.facebook.buck.util.environment.MacNetworkConfiguration] Determine active state of media for device
[2017-10-04 14:55:01.347][debug][command:null][tid:26][com.facebook.buck.util.ListeningProcessExecutor] Launching process with params ProcessExecutorParams{command=[networksetup, -getMedia, en8]}
[2017-10-04 14:55:01.348][debug][command:null][tid:26][com.facebook.buck.util.ListeningProcessExecutor] Successfully launched process com.zaxxer.nuprocess.osx.OsxProcess@7b2c29c6
[2017-10-04 14:55:01.350][debug][command:null][tid:26][com.facebook.buck.util.ListeningProcessExecutor] Waiting for process com.facebook.buck.util.ListeningProcessExecutor$LaunchedProcessImpl@64ef4875 timeout 1000 MILLISECONDS
[2017-10-04 14:55:01.385][debug][command:null][tid:26][com.facebook.buck.util.ListeningProcessExecutor] Wait for process returned 4
[2017-10-04 14:55:01.385][debug][command:null][tid:26][com.facebook.buck.util.ListeningProcessExecutor] Destroying process com.facebook.buck.util.ListeningProcessExecutor$LaunchedProcessImpl@64ef4875 (force true)
[2017-10-04 14:55:01.385][debug][command:null][tid:26][com.facebook.buck.util.environment.MacNetworkConfiguration] Determine active state of media for device
[2017-10-04 14:55:01.385][debug][command:null][tid:26][com.facebook.buck.util.ListeningProcessExecutor] Launching process with params ProcessExecutorParams{command=[networksetup, -getMedia, en9]}
[2017-10-04 14:55:01.390][debug][command:null][tid:26][com.facebook.buck.util.ListeningProcessExecutor] Successfully launched process com.zaxxer.nuprocess.osx.OsxProcess@1bf8fb95
[2017-10-04 14:55:01.392][debug][command:null][tid:26][com.facebook.buck.util.ListeningProcessExecutor] Waiting for process com.facebook.buck.util.ListeningProcessExecutor$LaunchedProcessImpl@30fa849b timeout 1000 MILLISECONDS
[2017-10-04 14:55:01.409][debug][command:82c2abe9-9230-45ea-bf77-4bc3f84d0351][tid:01][com.facebook.buck.apple.project_generator.XCodeProjectCommandHelper] Xcode project generation: Getting the target graph
[2017-10-04 14:55:01.428][debug][command:null][tid:26][com.facebook.buck.util.ListeningProcessExecutor] Wait for process returned 4
[2017-10-04 14:55:01.428][debug][command:null][tid:26][com.facebook.buck.util.ListeningProcessExecutor] Destroying process com.facebook.buck.util.ListeningProcessExecutor$LaunchedProcessImpl@30fa849b (force true)
[2017-10-04 14:55:01.428][debug][command:null][tid:26][com.facebook.buck.util.environment.MacNetworkConfiguration] Determine active state of media for device
[2017-10-04 14:55:01.428][debug][command:null][tid:26][com.facebook.buck.util.ListeningProcessExecutor] Launching process with params ProcessExecutorParams{command=[networksetup, -getMedia, en12]}
[2017-10-04 14:55:01.430][debug][command:null][tid:26][com.facebook.buck.util.ListeningProcessExecutor] Successfully launched process com.zaxxer.nuprocess.osx.OsxProcess@2a02f95b
[2017-10-04 14:55:01.432][debug][command:null][tid:26][com.facebook.buck.util.ListeningProcessExecutor] Waiting for process com.facebook.buck.util.ListeningProcessExecutor$LaunchedProcessImpl@6848d1ce timeout 1000 MILLISECONDS
[2017-10-04 14:55:01.465][debug][command:null][tid:26][com.facebook.buck.util.ListeningProcessExecutor] Wait for process returned 4
[2017-10-04 14:55:01.466][debug][command:null][tid:26][com.facebook.buck.util.ListeningProcessExecutor] Destroying process com.facebook.buck.util.ListeningProcessExecutor$LaunchedProcessImpl@6848d1ce (force true)
[2017-10-04 14:55:01.466][debug][command:null][tid:26][com.facebook.buck.util.environment.MacNetworkConfiguration] Determine active state of media for device
[2017-10-04 14:55:01.466][debug][command:null][tid:26][com.facebook.buck.util.ListeningProcessExecutor] Launching process with params ProcessExecutorParams{command=[networksetup, -getMedia, en10]}
[2017-10-04 14:55:01.467][debug][command:null][tid:26][com.facebook.buck.util.ListeningProcessExecutor] Successfully launched process com.zaxxer.nuprocess.osx.OsxProcess@c725e00
[2017-10-04 14:55:01.477][debug][command:null][tid:26][com.facebook.buck.util.ListeningProcessExecutor] Waiting for process com.facebook.buck.util.ListeningProcessExecutor$LaunchedProcessImpl@3107a6f4 timeout 1000 MILLISECONDS
[2017-10-04 14:55:01.505][debug][command:null][tid:26][com.facebook.buck.util.ListeningProcessExecutor] Wait for process returned 4
[2017-10-04 14:55:01.505][debug][command:null][tid:26][com.facebook.buck.util.ListeningProcessExecutor] Destroying process com.facebook.buck.util.ListeningProcessExecutor$LaunchedProcessImpl@3107a6f4 (force true)
[2017-10-04 14:55:01.506][debug][command:null][tid:26][com.facebook.buck.util.environment.MacNetworkConfiguration] Determine active state of media for device
[2017-10-04 14:55:01.506][debug][command:null][tid:26][com.facebook.buck.util.ListeningProcessExecutor] Launching process with params ProcessExecutorParams{command=[networksetup, -getMedia, fw0]}
[2017-10-04 14:55:01.508][debug][command:null][tid:26][com.facebook.buck.util.ListeningProcessExecutor] Successfully launched process com.zaxxer.nuprocess.osx.OsxProcess@82448a
[2017-10-04 14:55:01.509][debug][command:null][tid:26][com.facebook.buck.util.ListeningProcessExecutor] Waiting for process com.facebook.buck.util.ListeningProcessExecutor$LaunchedProcessImpl@2e6a33f5 timeout 1000 MILLISECONDS
[2017-10-04 14:55:01.521][debug][command:82c2abe9-9230-45ea-bf77-4bc3f84d0351][tid:01][com.facebook.buck.parser.DaemonicParserState] Starting to invalidate caches for /Users/kieranlafferty/Desktop/BuckTest..
[2017-10-04 14:55:01.521][debug][command:82c2abe9-9230-45ea-bf77-4bc3f84d0351][tid:01][com.facebook.buck.parser.DaemonicParserState] Cell caches were empty, no data invalidated.
[2017-10-04 14:55:01.549][debug][command:null][tid:26][com.facebook.buck.util.ListeningProcessExecutor] Wait for process returned 4
[2017-10-04 14:55:01.550][debug][command:null][tid:26][com.facebook.buck.util.ListeningProcessExecutor] Destroying process com.facebook.buck.util.ListeningProcessExecutor$LaunchedProcessImpl@2e6a33f5 (force true)
[2017-10-04 14:55:01.550][debug][command:null][tid:26][com.facebook.buck.util.environment.MacNetworkConfiguration] Determine active state of media for device
[2017-10-04 14:55:01.550][debug][command:null][tid:26][com.facebook.buck.util.ListeningProcessExecutor] Launching process with params ProcessExecutorParams{command=[networksetup, -getMedia, en0]}
[2017-10-04 14:55:01.552][debug][command:null][tid:26][com.facebook.buck.util.ListeningProcessExecutor] Successfully launched process com.zaxxer.nuprocess.osx.OsxProcess@30f6fa66
[2017-10-04 14:55:01.552][debug][command:82c2abe9-9230-45ea-bf77-4bc3f84d0351][tid:32][com.facebook.buck.io.ExecutableFinder] Executable 'python2' mapped to 'Optional.empty'
[2017-10-04 14:55:01.553][debug][command:null][tid:26][com.facebook.buck.util.ListeningProcessExecutor] Waiting for process com.facebook.buck.util.ListeningProcessExecutor$LaunchedProcessImpl@3ccada8a timeout 1000 MILLISECONDS
[2017-10-04 14:55:01.554][debug][command:82c2abe9-9230-45ea-bf77-4bc3f84d0351][tid:32][com.facebook.buck.io.ExecutableFinder] Executable 'python' mapped to 'Optional[/usr/bin/python]'
[2017-10-04 14:55:01.591][debug][command:null][tid:26][com.facebook.buck.util.ListeningProcessExecutor] Wait for process returned 0
[2017-10-04 14:55:01.591][debug][command:null][tid:26][com.facebook.buck.util.ListeningProcessExecutor] Destroying process com.facebook.buck.util.ListeningProcessExecutor$LaunchedProcessImpl@3ccada8a (force true)
[2017-10-04 14:55:01.592][debug][command:null][tid:26][com.facebook.buck.util.environment.MacNetworkConfiguration] Determine WiFi SSID of device
[2017-10-04 14:55:01.592][debug][command:82c2abe9-9230-45ea-bf77-4bc3f84d0351][tid:32][com.facebook.buck.apple.AppleCxxPlatforms] SDK AppleSdk{name=appletvos11.0, version=11.0, applePlatform=ApplePlatform{name=appletvos, provisioningProfileName=tvOS, architectures=[arm64], minVersionFlagPrefix=-mtvos-version-min=, appIncludesFrameworks=false}, architectures=[arm64], toolchains=[AppleToolchain{identifier=com.apple.dt.toolchain.XcodeDefault, path=/Applications/Xcode.app/Contents/Developer/Toolchains/XcodeDefault.xctoolchain}]} using default version 11.0
[2017-10-04 14:55:01.592][debug][command:null][tid:26][com.facebook.buck.util.ListeningProcessExecutor] Launching process with params ProcessExecutorParams{command=[networksetup, -getairportnetwork, en0]}
[2017-10-04 14:55:01.593][debug][command:null][tid:26][com.facebook.buck.util.ListeningProcessExecutor] Successfully launched process com.zaxxer.nuprocess.osx.OsxProcess@2efe7f8d
[2017-10-04 14:55:01.595][debug][command:null][tid:26][com.facebook.buck.util.ListeningProcessExecutor] Waiting for process com.facebook.buck.util.ListeningProcessExecutor$LaunchedProcessImpl@51f4143c timeout 1000 MILLISECONDS
[2017-10-04 14:55:01.603][debug][command:82c2abe9-9230-45ea-bf77-4bc3f84d0351][tid:32][com.facebook.buck.apple.AppleCxxPlatforms] Xcode build version is: 9A235
[2017-10-04 14:55:01.632][debug][command:null][tid:26][com.facebook.buck.util.ListeningProcessExecutor] Wait for process returned 0
[2017-10-04 14:55:01.632][debug][command:null][tid:26][com.facebook.buck.util.ListeningProcessExecutor] Destroying process com.facebook.buck.util.ListeningProcessExecutor$LaunchedProcessImpl@51f4143c (force true)
[2017-10-04 14:55:01.637][info ][command:null][tid:26][com.facebook.buck.util.versioncontrol.VersionControlStatsGenerator] Starting generation of version control stats.
[2017-10-04 14:55:01.637][warn ][command:null][tid:26][com.facebook.buck.util.versioncontrol.VersionControlStatsGenerator] Skipping generation of version control stats as unsupported repository type.
[2017-10-04 14:55:01.637][debug][command:82c2abe9-9230-45ea-bf77-4bc3f84d0351][tid:32][com.facebook.buck.apple.AppleCxxPlatforms] Apple toolchain path: /Applications/Xcode.app/Contents/Developer/Toolchains/XcodeDefault.xctoolchain
[2017-10-04 14:55:01.643][debug][command:82c2abe9-9230-45ea-bf77-4bc3f84d0351][tid:32][com.facebook.buck.apple.AppleCxxPlatforms] Headers verification platform whitelist: [^\Q/Applications/Xcode.app/Contents/Developer/Platforms/AppleTVOS.platform/Developer/Library/Frameworks\E\/.*, ^\Q/Applications/Xcode.app/Contents/Developer/Platforms/AppleTVOS.platform/Developer/SDKs/AppleTVOS.sdk\E\/.*, ^\Q/Applications/Xcode.app/Contents/Developer/Toolchains/XcodeDefault.xctoolchain\E\/.*]
[2017-10-04 14:55:01.677][debug][command:82c2abe9-9230-45ea-bf77-4bc3f84d0351][tid:32][com.facebook.buck.apple.AppleCxxPlatforms] SDK AppleSdk{name=appletvsimulator11.0, version=11.0, applePlatform=ApplePlatform{name=appletvsimulator, swiftName=tvos, architectures=[x86_64], minVersionFlagPrefix=-mtvos-simulator-version-min=, appIncludesFrameworks=false}, architectures=[x86_64], toolchains=[AppleToolchain{identifier=com.apple.dt.toolchain.XcodeDefault, path=/Applications/Xcode.app/Contents/Developer/Toolchains/XcodeDefault.xctoolchain}]} using default version 11.0
[2017-10-04 14:55:01.678][debug][command:82c2abe9-9230-45ea-bf77-4bc3f84d0351][tid:32][com.facebook.buck.apple.AppleCxxPlatforms] Xcode build version is: 9A235
[2017-10-04 14:55:01.681][warn ][command:82c2abe9-9230-45ea-bf77-4bc3f84d0351][tid:32][com.facebook.buck.apple.AppleCxxPlatforms] /Applications/Xcode.app/Contents/Developer/Platforms/AppleTVSimulator.platform/version.plist does not exist. Build version will be unset for this platform.
[2017-10-04 14:55:01.682][debug][command:82c2abe9-9230-45ea-bf77-4bc3f84d0351][tid:32][com.facebook.buck.apple.AppleCxxPlatforms] Apple toolchain path: /Applications/Xcode.app/Contents/Developer/Toolchains/XcodeDefault.xctoolchain
[2017-10-04 14:55:01.682][debug][command:82c2abe9-9230-45ea-bf77-4bc3f84d0351][tid:32][com.facebook.buck.apple.AppleCxxPlatforms] Headers verification platform whitelist: [^\Q/Applications/Xcode.app/Contents/Developer/Platforms/AppleTVSimulator.platform/Developer/Library/Frameworks\E\/.*, ^\Q/Applications/Xcode.app/Contents/Developer/Platforms/AppleTVSimulator.platform/Developer/SDKs/AppleTVSimulator.sdk\E\/.*, ^\Q/Applications/Xcode.app/Contents/Developer/Toolchains/XcodeDefault.xctoolchain\E\/.*]
[2017-10-04 14:55:01.683][debug][command:82c2abe9-9230-45ea-bf77-4bc3f84d0351][tid:32][com.facebook.buck.apple.AppleCxxPlatforms] SDK AppleSdk{name=iphoneos11.0, version=11.0, applePlatform=ApplePlatform{name=iphoneos, swiftName=ios, provisioningProfileName=iOS, architectures=[armv7, arm64], minVersionFlagPrefix=-mios-version-min=, stubBinaryPath=Library/Application Support/WatchKit/WK, appIncludesFrameworks=false}, architectures=[armv7, arm64], toolchains=[AppleToolchain{identifier=com.apple.dt.toolchain.XcodeDefault, path=/Applications/Xcode.app/Contents/Developer/Toolchains/XcodeDefault.xctoolchain}]} using default version 10.0
[2017-10-04 14:55:01.684][debug][command:82c2abe9-9230-45ea-bf77-4bc3f84d0351][tid:32][com.facebook.buck.apple.AppleCxxPlatforms] Xcode build version is: 9A235
[2017-10-04 14:55:01.691][debug][command:82c2abe9-9230-45ea-bf77-4bc3f84d0351][tid:32][com.facebook.buck.apple.AppleCxxPlatforms] Apple toolchain path: /Applications/Xcode.app/Contents/Developer/Toolchains/XcodeDefault.xctoolchain
[2017-10-04 14:55:01.692][debug][command:82c2abe9-9230-45ea-bf77-4bc3f84d0351][tid:32][com.facebook.buck.apple.AppleCxxPlatforms] Headers verification platform whitelist: [^\Q/Applications/Xcode.app/Contents/Developer/Platforms/iPhoneOS.platform/Developer/Library/Frameworks\E\/.*, ^\Q/Applications/Xcode.app/Contents/Developer/Platforms/iPhoneOS.platform/Developer/SDKs/iPhoneOS.sdk\E\/.*, ^\Q/Applications/Xcode.app/Contents/Developer/Toolchains/XcodeDefault.xctoolchain\E\/.*]
[2017-10-04 14:55:01.695][debug][command:82c2abe9-9230-45ea-bf77-4bc3f84d0351][tid:32][com.facebook.buck.apple.AppleCxxPlatforms] Xcode build version is: 9A235
[2017-10-04 14:55:01.700][debug][command:82c2abe9-9230-45ea-bf77-4bc3f84d0351][tid:32][com.facebook.buck.apple.AppleCxxPlatforms] Apple toolchain path: /Applications/Xcode.app/Contents/Developer/Toolchains/XcodeDefault.xctoolchain
[2017-10-04 14:55:01.701][debug][command:82c2abe9-9230-45ea-bf77-4bc3f84d0351][tid:32][com.facebook.buck.apple.AppleCxxPlatforms] Headers verification platform whitelist: [^\Q/Applications/Xcode.app/Contents/Developer/Platforms/iPhoneOS.platform/Developer/Library/Frameworks\E\/.*, ^\Q/Applications/Xcode.app/Contents/Developer/Platforms/iPhoneOS.platform/Developer/SDKs/iPhoneOS.sdk\E\/.*, ^\Q/Applications/Xcode.app/Contents/Developer/Toolchains/XcodeDefault.xctoolchain\E\/.*]
[2017-10-04 14:55:01.702][debug][command:82c2abe9-9230-45ea-bf77-4bc3f84d0351][tid:32][com.facebook.buck.apple.AppleCxxPlatforms] SDK AppleSdk{name=iphonesimulator11.0, version=11.0, applePlatform=ApplePlatform{name=iphonesimulator, swiftName=ios, architectures=[i386, x86_64], minVersionFlagPrefix=-mios-simulator-version-min=, stubBinaryPath=Library/Application Support/WatchKit/WK, appIncludesFrameworks=false}, architectures=[i386, x86_64], toolchains=[AppleToolchain{identifier=com.apple.dt.toolchain.XcodeDefault, path=/Applications/Xcode.app/Contents/Developer/Toolchains/XcodeDefault.xctoolchain}]} using default version 10.0
[2017-10-04 14:55:01.704][debug][command:82c2abe9-9230-45ea-bf77-4bc3f84d0351][tid:32][com.facebook.buck.apple.AppleCxxPlatforms] Xcode build version is: 9A235
[2017-10-04 14:55:01.707][warn ][command:82c2abe9-9230-45ea-bf77-4bc3f84d0351][tid:32][com.facebook.buck.apple.AppleCxxPlatforms] /Applications/Xcode.app/Contents/Developer/Platforms/iPhoneSimulator.platform/version.plist does not exist. Build version will be unset for this platform.
[2017-10-04 14:55:01.707][debug][command:82c2abe9-9230-45ea-bf77-4bc3f84d0351][tid:32][com.facebook.buck.apple.AppleCxxPlatforms] Apple toolchain path: /Applications/Xcode.app/Contents/Developer/Toolchains/XcodeDefault.xctoolchain
[2017-10-04 14:55:01.707][debug][command:82c2abe9-9230-45ea-bf77-4bc3f84d0351][tid:32][com.facebook.buck.apple.AppleCxxPlatforms] Headers verification platform whitelist: [^\Q/Applications/Xcode.app/Contents/Developer/Platforms/iPhoneSimulator.platform/Developer/Library/Frameworks\E\/.*, ^\Q/Applications/Xcode.app/Contents/Developer/Platforms/iPhoneSimulator.platform/Developer/SDKs/iPhoneSimulator.sdk\E\/.*, ^\Q/Applications/Xcode.app/Contents/Developer/Toolchains/XcodeDefault.xctoolchain\E\/.*]
[2017-10-04 14:55:01.709][debug][command:82c2abe9-9230-45ea-bf77-4bc3f84d0351][tid:32][com.facebook.buck.apple.AppleCxxPlatforms] Xcode build version is: 9A235
[2017-10-04 14:55:01.712][warn ][command:82c2abe9-9230-45ea-bf77-4bc3f84d0351][tid:32][com.facebook.buck.apple.AppleCxxPlatforms] /Applications/Xcode.app/Contents/Developer/Platforms/iPhoneSimulator.platform/version.plist does not exist. Build version will be unset for this platform.
[2017-10-04 14:55:01.712][debug][command:82c2abe9-9230-45ea-bf77-4bc3f84d0351][tid:32][com.facebook.buck.apple.AppleCxxPlatforms] Apple toolchain path: /Applications/Xcode.app/Contents/Developer/Toolchains/XcodeDefault.xctoolchain
[2017-10-04 14:55:01.712][debug][command:82c2abe9-9230-45ea-bf77-4bc3f84d0351][tid:32][com.facebook.buck.apple.AppleCxxPlatforms] Headers verification platform whitelist: [^\Q/Applications/Xcode.app/Contents/Developer/Platforms/iPhoneSimulator.platform/Developer/Library/Frameworks\E\/.*, ^\Q/Applications/Xcode.app/Contents/Developer/Platforms/iPhoneSimulator.platform/Developer/SDKs/iPhoneSimulator.sdk\E\/.*, ^\Q/Applications/Xcode.app/Contents/Developer/Toolchains/XcodeDefault.xctoolchain\E\/.*]
[2017-10-04 14:55:01.713][debug][command:82c2abe9-9230-45ea-bf77-4bc3f84d0351][tid:32][com.facebook.buck.apple.AppleCxxPlatforms] SDK AppleSdk{name=macosx10.13, version=10.13, applePlatform=ApplePlatform{name=macosx, architectures=[i386, x86_64], minVersionFlagPrefix=-mmacosx-version-min=, appIncludesFrameworks=true}, architectures=[i386, x86_64], toolchains=[AppleToolchain{identifier=com.apple.dt.toolchain.XcodeDefault, path=/Applications/Xcode.app/Contents/Developer/Toolchains/XcodeDefault.xctoolchain}]} using default version 10.13
[2017-10-04 14:55:01.714][debug][command:82c2abe9-9230-45ea-bf77-4bc3f84d0351][tid:32][com.facebook.buck.apple.AppleCxxPlatforms] Xcode build version is: 9A235
[2017-10-04 14:55:01.717][warn ][command:82c2abe9-9230-45ea-bf77-4bc3f84d0351][tid:32][com.facebook.buck.apple.AppleCxxPlatforms] In /Applications/Xcode.app/Contents/Developer/Platforms/MacOSX.platform/version.plist, missing ProductBuildVersion. Build version will be unset for this platform.
[2017-10-04 14:55:01.717][debug][command:82c2abe9-9230-45ea-bf77-4bc3f84d0351][tid:32][com.facebook.buck.apple.AppleCxxPlatforms] Apple toolchain path: /Applications/Xcode.app/Contents/Developer/Toolchains/XcodeDefault.xctoolchain
[2017-10-04 14:55:01.717][debug][command:82c2abe9-9230-45ea-bf77-4bc3f84d0351][tid:32][com.facebook.buck.apple.AppleCxxPlatforms] Headers verification platform whitelist: [^\Q/Applications/Xcode.app/Contents/Developer/Platforms/MacOSX.platform/Developer/Library/Frameworks\E\/.*, ^\Q/Applications/Xcode.app/Contents/Developer/Platforms/MacOSX.platform/Developer/SDKs/MacOSX.sdk\E\/.*, ^\Q/Applications/Xcode.app/Contents/Developer/Toolchains/XcodeDefault.xctoolchain\E\/.*]
[2017-10-04 14:55:01.720][debug][command:82c2abe9-9230-45ea-bf77-4bc3f84d0351][tid:32][com.facebook.buck.apple.AppleCxxPlatforms] Xcode build version is: 9A235
[2017-10-04 14:55:01.725][warn ][command:82c2abe9-9230-45ea-bf77-4bc3f84d0351][tid:32][com.facebook.buck.apple.AppleCxxPlatforms] In /Applications/Xcode.app/Contents/Developer/Platforms/MacOSX.platform/version.plist, missing ProductBuildVersion. Build version will be unset for this platform.
[2017-10-04 14:55:01.726][debug][command:82c2abe9-9230-45ea-bf77-4bc3f84d0351][tid:32][com.facebook.buck.apple.AppleCxxPlatforms] Apple toolchain path: /Applications/Xcode.app/Contents/Developer/Toolchains/XcodeDefault.xctoolchain
[2017-10-04 14:55:01.727][debug][command:82c2abe9-9230-45ea-bf77-4bc3f84d0351][tid:32][com.facebook.buck.apple.AppleCxxPlatforms] Headers verification platform whitelist: [^\Q/Applications/Xcode.app/Contents/Developer/Platforms/MacOSX.platform/Developer/Library/Frameworks\E\/.*, ^\Q/Applications/Xcode.app/Contents/Developer/Platforms/MacOSX.platform/Developer/SDKs/MacOSX.sdk\E\/.*, ^\Q/Applications/Xcode.app/Contents/Developer/Toolchains/XcodeDefault.xctoolchain\E\/.*]
[2017-10-04 14:55:01.729][debug][command:82c2abe9-9230-45ea-bf77-4bc3f84d0351][tid:32][com.facebook.buck.apple.AppleCxxPlatforms] SDK AppleSdk{name=watchos4.0, version=4.0, applePlatform=ApplePlatform{name=watchos, provisioningProfileName=iOS, architectures=[armv7k], minVersionFlagPrefix=-mwatchos-version-min=, stubBinaryPath=Library/Application Support/WatchKit/WK, appIncludesFrameworks=false}, architectures=[armv7k], toolchains=[AppleToolchain{identifier=com.apple.dt.toolchain.XcodeDefault, path=/Applications/Xcode.app/Contents/Developer/Toolchains/XcodeDefault.xctoolchain}]} using default version 4.0
[2017-10-04 14:55:01.731][debug][command:82c2abe9-9230-45ea-bf77-4bc3f84d0351][tid:32][com.facebook.buck.apple.AppleCxxPlatforms] Xcode build version is: 9A235
[2017-10-04 14:55:01.735][debug][command:82c2abe9-9230-45ea-bf77-4bc3f84d0351][tid:32][com.facebook.buck.apple.AppleCxxPlatforms] Apple toolchain path: /Applications/Xcode.app/Contents/Developer/Toolchains/XcodeDefault.xctoolchain
[2017-10-04 14:55:01.735][debug][command:82c2abe9-9230-45ea-bf77-4bc3f84d0351][tid:32][com.facebook.buck.apple.AppleCxxPlatforms] Headers verification platform whitelist: [^\Q/Applications/Xcode.app/Contents/Developer/Platforms/WatchOS.platform/Developer/Library/Frameworks\E\/.*, ^\Q/Applications/Xcode.app/Contents/Developer/Platforms/WatchOS.platform/Developer/SDKs/WatchOS.sdk\E\/.*, ^\Q/Applications/Xcode.app/Contents/Developer/Toolchains/XcodeDefault.xctoolchain\E\/.*]
[2017-10-04 14:55:01.736][debug][command:82c2abe9-9230-45ea-bf77-4bc3f84d0351][tid:32][com.facebook.buck.apple.AppleCxxPlatforms] SDK AppleSdk{name=watchsimulator4.0, version=4.0, applePlatform=ApplePlatform{name=watchsimulator, architectures=[i386], minVersionFlagPrefix=-mwatchos-simulator-version-min=, stubBinaryPath=Library/Application Support/WatchKit/WK, appIncludesFrameworks=false}, architectures=[i386], toolchains=[AppleToolchain{identifier=com.apple.dt.toolchain.XcodeDefault, path=/Applications/Xcode.app/Contents/Developer/Toolchains/XcodeDefault.xctoolchain}]} using default version 4.0
[2017-10-04 14:55:01.737][debug][command:82c2abe9-9230-45ea-bf77-4bc3f84d0351][tid:32][com.facebook.buck.apple.AppleCxxPlatforms] Xcode build version is: 9A235
[2017-10-04 14:55:01.741][debug][command:82c2abe9-9230-45ea-bf77-4bc3f84d0351][tid:32][com.facebook.buck.apple.AppleCxxPlatforms] Apple toolchain path: /Applications/Xcode.app/Contents/Developer/Toolchains/XcodeDefault.xctoolchain
[2017-10-04 14:55:01.741][debug][command:82c2abe9-9230-45ea-bf77-4bc3f84d0351][tid:32][com.facebook.buck.apple.AppleCxxPlatforms] Headers verification platform whitelist: [^\Q/Applications/Xcode.app/Contents/Developer/Platforms/WatchSimulator.platform/Developer/Library/Frameworks\E\/.*, ^\Q/Applications/Xcode.app/Contents/Developer/Platforms/WatchSimulator.platform/Developer/SDKs/WatchSimulator.sdk\E\/.*, ^\Q/Applications/Xcode.app/Contents/Developer/Toolchains/XcodeDefault.xctoolchain\E\/.*]
[2017-10-04 14:55:01.742][debug][command:82c2abe9-9230-45ea-bf77-4bc3f84d0351][tid:32][com.facebook.buck.apple.AppleCxxPlatforms] SDK AppleSdk{name=appletvos, version=11.0, applePlatform=ApplePlatform{name=appletvos, provisioningProfileName=tvOS, architectures=[arm64], minVersionFlagPrefix=-mtvos-version-min=, appIncludesFrameworks=false}, architectures=[arm64], toolchains=[AppleToolchain{identifier=com.apple.dt.toolchain.XcodeDefault, path=/Applications/Xcode.app/Contents/Developer/Toolchains/XcodeDefault.xctoolchain}]} using default version 11.0
[2017-10-04 14:55:01.744][debug][command:82c2abe9-9230-45ea-bf77-4bc3f84d0351][tid:32][com.facebook.buck.apple.AppleCxxPlatforms] Xcode build version is: 9A235
[2017-10-04 14:55:01.748][debug][command:82c2abe9-9230-45ea-bf77-4bc3f84d0351][tid:32][com.facebook.buck.apple.AppleCxxPlatforms] Apple toolchain path: /Applications/Xcode.app/Contents/Developer/Toolchains/XcodeDefault.xctoolchain
[2017-10-04 14:55:01.748][debug][command:82c2abe9-9230-45ea-bf77-4bc3f84d0351][tid:32][com.facebook.buck.apple.AppleCxxPlatforms] Headers verification platform whitelist: [^\Q/Applications/Xcode.app/Contents/Developer/Platforms/AppleTVOS.platform/Developer/Library/Frameworks\E\/.*, ^\Q/Applications/Xcode.app/Contents/Developer/Platforms/AppleTVOS.platform/Developer/SDKs/AppleTVOS.sdk\E\/.*, ^\Q/Applications/Xcode.app/Contents/Developer/Toolchains/XcodeDefault.xctoolchain\E\/.*]
[2017-10-04 14:55:01.749][debug][command:82c2abe9-9230-45ea-bf77-4bc3f84d0351][tid:32][com.facebook.buck.apple.AppleCxxPlatforms] SDK AppleSdk{name=appletvsimulator, version=11.0, applePlatform=ApplePlatform{name=appletvsimulator, swiftName=tvos, architectures=[x86_64], minVersionFlagPrefix=-mtvos-simulator-version-min=, appIncludesFrameworks=false}, architectures=[x86_64], toolchains=[AppleToolchain{identifier=com.apple.dt.toolchain.XcodeDefault, path=/Applications/Xcode.app/Contents/Developer/Toolchains/XcodeDefault.xctoolchain}]} using default version 11.0
[2017-10-04 14:55:01.750][debug][command:82c2abe9-9230-45ea-bf77-4bc3f84d0351][tid:32][com.facebook.buck.apple.AppleCxxPlatforms] Xcode build version is: 9A235
[2017-10-04 14:55:01.751][warn ][command:82c2abe9-9230-45ea-bf77-4bc3f84d0351][tid:32][com.facebook.buck.apple.AppleCxxPlatforms] /Applications/Xcode.app/Contents/Developer/Platforms/AppleTVSimulator.platform/version.plist does not exist. Build version will be unset for this platform.
[2017-10-04 14:55:01.751][debug][command:82c2abe9-9230-45ea-bf77-4bc3f84d0351][tid:32][com.facebook.buck.apple.AppleCxxPlatforms] Apple toolchain path: /Applications/Xcode.app/Contents/Developer/Toolchains/XcodeDefault.xctoolchain
[2017-10-04 14:55:01.751][debug][command:82c2abe9-9230-45ea-bf77-4bc3f84d0351][tid:32][com.facebook.buck.apple.AppleCxxPlatforms] Headers verification platform whitelist: [^\Q/Applications/Xcode.app/Contents/Developer/Platforms/AppleTVSimulator.platform/Developer/Library/Frameworks\E\/.*, ^\Q/Applications/Xcode.app/Contents/Developer/Platforms/AppleTVSimulator.platform/Developer/SDKs/AppleTVSimulator.sdk\E\/.*, ^\Q/Applications/Xcode.app/Contents/Developer/Toolchains/XcodeDefault.xctoolchain\E\/.*]
[2017-10-04 14:55:01.753][debug][command:82c2abe9-9230-45ea-bf77-4bc3f84d0351][tid:32][com.facebook.buck.apple.AppleCxxPlatforms] SDK AppleSdk{name=iphoneos, version=11.0, applePlatform=ApplePlatform{name=iphoneos, swiftName=ios, provisioningProfileName=iOS, architectures=[armv7, arm64], minVersionFlagPrefix=-mios-version-min=, stubBinaryPath=Library/Application Support/WatchKit/WK, appIncludesFrameworks=false}, architectures=[armv7, arm64], toolchains=[AppleToolchain{identifier=com.apple.dt.toolchain.XcodeDefault, path=/Applications/Xcode.app/Contents/Developer/Toolchains/XcodeDefault.xctoolchain}]} using default version 10.0
[2017-10-04 14:55:01.754][debug][command:82c2abe9-9230-45ea-bf77-4bc3f84d0351][tid:32][com.facebook.buck.apple.AppleCxxPlatforms] Xcode build version is: 9A235
[2017-10-04 14:55:01.756][debug][command:82c2abe9-9230-45ea-bf77-4bc3f84d0351][tid:32][com.facebook.buck.apple.AppleCxxPlatforms] Apple toolchain path: /Applications/Xcode.app/Contents/Developer/Toolchains/XcodeDefault.xctoolchain
[2017-10-04 14:55:01.757][debug][command:82c2abe9-9230-45ea-bf77-4bc3f84d0351][tid:32][com.facebook.buck.apple.AppleCxxPlatforms] Headers verification platform whitelist: [^\Q/Applications/Xcode.app/Contents/Developer/Platforms/iPhoneOS.platform/Developer/Library/Frameworks\E\/.*, ^\Q/Applications/Xcode.app/Contents/Developer/Platforms/iPhoneOS.platform/Developer/SDKs/iPhoneOS.sdk\E\/.*, ^\Q/Applications/Xcode.app/Contents/Developer/Toolchains/XcodeDefault.xctoolchain\E\/.*]
[2017-10-04 14:55:01.758][debug][command:82c2abe9-9230-45ea-bf77-4bc3f84d0351][tid:32][com.facebook.buck.apple.AppleCxxPlatforms] Xcode build version is: 9A235
[2017-10-04 14:55:01.760][debug][command:82c2abe9-9230-45ea-bf77-4bc3f84d0351][tid:32][com.facebook.buck.apple.AppleCxxPlatforms] Apple toolchain path: /Applications/Xcode.app/Contents/Developer/Toolchains/XcodeDefault.xctoolchain
[2017-10-04 14:55:01.761][debug][command:82c2abe9-9230-45ea-bf77-4bc3f84d0351][tid:32][com.facebook.buck.apple.AppleCxxPlatforms] Headers verification platform whitelist: [^\Q/Applications/Xcode.app/Contents/Developer/Platforms/iPhoneOS.platform/Developer/Library/Frameworks\E\/.*, ^\Q/Applications/Xcode.app/Contents/Developer/Platforms/iPhoneOS.platform/Developer/SDKs/iPhoneOS.sdk\E\/.*, ^\Q/Applications/Xcode.app/Contents/Developer/Toolchains/XcodeDefault.xctoolchain\E\/.*]
[2017-10-04 14:55:01.762][debug][command:82c2abe9-9230-45ea-bf77-4bc3f84d0351][tid:32][com.facebook.buck.apple.AppleCxxPlatforms] SDK AppleSdk{name=iphonesimulator, version=11.0, applePlatform=ApplePlatform{name=iphonesimulator, swiftName=ios, architectures=[i386, x86_64], minVersionFlagPrefix=-mios-simulator-version-min=, stubBinaryPath=Library/Application Support/WatchKit/WK, appIncludesFrameworks=false}, architectures=[i386, x86_64], toolchains=[AppleToolchain{identifier=com.apple.dt.toolchain.XcodeDefault, path=/Applications/Xcode.app/Contents/Developer/Toolchains/XcodeDefault.xctoolchain}]} using default version 10.0
[2017-10-04 14:55:01.763][debug][command:82c2abe9-9230-45ea-bf77-4bc3f84d0351][tid:32][com.facebook.buck.apple.AppleCxxPlatforms] Xcode build version is: 9A235
[2017-10-04 14:55:01.764][warn ][command:82c2abe9-9230-45ea-bf77-4bc3f84d0351][tid:32][com.facebook.buck.apple.AppleCxxPlatforms] /Applications/Xcode.app/Contents/Developer/Platforms/iPhoneSimulator.platform/version.plist does not exist. Build version will be unset for this platform.
[2017-10-04 14:55:01.764][debug][command:82c2abe9-9230-45ea-bf77-4bc3f84d0351][tid:32][com.facebook.buck.apple.AppleCxxPlatforms] Apple toolchain path: /Applications/Xcode.app/Contents/Developer/Toolchains/XcodeDefault.xctoolchain
[2017-10-04 14:55:01.764][debug][command:82c2abe9-9230-45ea-bf77-4bc3f84d0351][tid:32][com.facebook.buck.apple.AppleCxxPlatforms] Headers verification platform whitelist: [^\Q/Applications/Xcode.app/Contents/Developer/Platforms/iPhoneSimulator.platform/Developer/Library/Frameworks\E\/.*, ^\Q/Applications/Xcode.app/Contents/Developer/Platforms/iPhoneSimulator.platform/Developer/SDKs/iPhoneSimulator.sdk\E\/.*, ^\Q/Applications/Xcode.app/Contents/Developer/Toolchains/XcodeDefault.xctoolchain\E\/.*]
[2017-10-04 14:55:01.765][debug][command:82c2abe9-9230-45ea-bf77-4bc3f84d0351][tid:32][com.facebook.buck.apple.AppleCxxPlatforms] Xcode build version is: 9A235
[2017-10-04 14:55:01.766][warn ][command:82c2abe9-9230-45ea-bf77-4bc3f84d0351][tid:32][com.facebook.buck.apple.AppleCxxPlatforms] /Applications/Xcode.app/Contents/Developer/Platforms/iPhoneSimulator.platform/version.plist does not exist. Build version will be unset for this platform.
[2017-10-04 14:55:01.767][debug][command:82c2abe9-9230-45ea-bf77-4bc3f84d0351][tid:32][com.facebook.buck.apple.AppleCxxPlatforms] Apple toolchain path: /Applications/Xcode.app/Contents/Developer/Toolchains/XcodeDefault.xctoolchain
[2017-10-04 14:55:01.767][debug][command:82c2abe9-9230-45ea-bf77-4bc3f84d0351][tid:32][com.facebook.buck.apple.AppleCxxPlatforms] Headers verification platform whitelist: [^\Q/Applications/Xcode.app/Contents/Developer/Platforms/iPhoneSimulator.platform/Developer/Library/Frameworks\E\/.*, ^\Q/Applications/Xcode.app/Contents/Developer/Platforms/iPhoneSimulator.platform/Developer/SDKs/iPhoneSimulator.sdk\E\/.*, ^\Q/Applications/Xcode.app/Contents/Developer/Toolchains/XcodeDefault.xctoolchain\E\/.*]
[2017-10-04 14:55:01.767][debug][command:82c2abe9-9230-45ea-bf77-4bc3f84d0351][tid:32][com.facebook.buck.apple.AppleCxxPlatforms] SDK AppleSdk{name=macosx, version=10.13, applePlatform=ApplePlatform{name=macosx, architectures=[i386, x86_64], minVersionFlagPrefix=-mmacosx-version-min=, appIncludesFrameworks=true}, architectures=[i386, x86_64], toolchains=[AppleToolchain{identifier=com.apple.dt.toolchain.XcodeDefault, path=/Applications/Xcode.app/Contents/Developer/Toolchains/XcodeDefault.xctoolchain}]} using default version 10.13
[2017-10-04 14:55:01.768][debug][command:82c2abe9-9230-45ea-bf77-4bc3f84d0351][tid:32][com.facebook.buck.apple.AppleCxxPlatforms] Xcode build version is: 9A235
[2017-10-04 14:55:01.770][warn ][command:82c2abe9-9230-45ea-bf77-4bc3f84d0351][tid:32][com.facebook.buck.apple.AppleCxxPlatforms] In /Applications/Xcode.app/Contents/Developer/Platforms/MacOSX.platform/version.plist, missing ProductBuildVersion. Build version will be unset for this platform.
[2017-10-04 14:55:01.770][debug][command:82c2abe9-9230-45ea-bf77-4bc3f84d0351][tid:32][com.facebook.buck.apple.AppleCxxPlatforms] Apple toolchain path: /Applications/Xcode.app/Contents/Developer/Toolchains/XcodeDefault.xctoolchain
[2017-10-04 14:55:01.771][debug][command:82c2abe9-9230-45ea-bf77-4bc3f84d0351][tid:32][com.facebook.buck.apple.AppleCxxPlatforms] Headers verification platform whitelist: [^\Q/Applications/Xcode.app/Contents/Developer/Platforms/MacOSX.platform/Developer/Library/Frameworks\E\/.*, ^\Q/Applications/Xcode.app/Contents/Developer/Platforms/MacOSX.platform/Developer/SDKs/MacOSX.sdk\E\/.*, ^\Q/Applications/Xcode.app/Contents/Developer/Toolchains/XcodeDefault.xctoolchain\E\/.*]
[2017-10-04 14:55:01.772][debug][command:82c2abe9-9230-45ea-bf77-4bc3f84d0351][tid:32][com.facebook.buck.apple.AppleCxxPlatforms] Xcode build version is: 9A235
[2017-10-04 14:55:01.774][warn ][command:82c2abe9-9230-45ea-bf77-4bc3f84d0351][tid:32][com.facebook.buck.apple.AppleCxxPlatforms] In /Applications/Xcode.app/Contents/Developer/Platforms/MacOSX.platform/version.plist, missing ProductBuildVersion. Build version will be unset for this platform.
[2017-10-04 14:55:01.774][debug][command:82c2abe9-9230-45ea-bf77-4bc3f84d0351][tid:32][com.facebook.buck.apple.AppleCxxPlatforms] Apple toolchain path: /Applications/Xcode.app/Contents/Developer/Toolchains/XcodeDefault.xctoolchain
[2017-10-04 14:55:01.774][debug][command:82c2abe9-9230-45ea-bf77-4bc3f84d0351][tid:32][com.facebook.buck.apple.AppleCxxPlatforms] Headers verification platform whitelist: [^\Q/Applications/Xcode.app/Contents/Developer/Platforms/MacOSX.platform/Developer/Library/Frameworks\E\/.*, ^\Q/Applications/Xcode.app/Contents/Developer/Platforms/MacOSX.platform/Developer/SDKs/MacOSX.sdk\E\/.*, ^\Q/Applications/Xcode.app/Contents/Developer/Toolchains/XcodeDefault.xctoolchain\E\/.*]
[2017-10-04 14:55:01.775][debug][command:82c2abe9-9230-45ea-bf77-4bc3f84d0351][tid:32][com.facebook.buck.apple.AppleCxxPlatforms] SDK AppleSdk{name=watchos, version=4.0, applePlatform=ApplePlatform{name=watchos, provisioningProfileName=iOS, architectures=[armv7k], minVersionFlagPrefix=-mwatchos-version-min=, stubBinaryPath=Library/Application Support/WatchKit/WK, appIncludesFrameworks=false}, architectures=[armv7k], toolchains=[AppleToolchain{identifier=com.apple.dt.toolchain.XcodeDefault, path=/Applications/Xcode.app/Contents/Developer/Toolchains/XcodeDefault.xctoolchain}]} using default version 4.0
[2017-10-04 14:55:01.776][debug][command:82c2abe9-9230-45ea-bf77-4bc3f84d0351][tid:32][com.facebook.buck.apple.AppleCxxPlatforms] Xcode build version is: 9A235
[2017-10-04 14:55:01.778][debug][command:82c2abe9-9230-45ea-bf77-4bc3f84d0351][tid:32][com.facebook.buck.apple.AppleCxxPlatforms] Apple toolchain path: /Applications/Xcode.app/Contents/Developer/Toolchains/XcodeDefault.xctoolchain
[2017-10-04 14:55:01.778][debug][command:82c2abe9-9230-45ea-bf77-4bc3f84d0351][tid:32][com.facebook.buck.apple.AppleCxxPlatforms] Headers verification platform whitelist: [^\Q/Applications/Xcode.app/Contents/Developer/Platforms/WatchOS.platform/Developer/Library/Frameworks\E\/.*, ^\Q/Applications/Xcode.app/Contents/Developer/Platforms/WatchOS.platform/Developer/SDKs/WatchOS.sdk\E\/.*, ^\Q/Applications/Xcode.app/Contents/Developer/Toolchains/XcodeDefault.xctoolchain\E\/.*]
[2017-10-04 14:55:01.779][debug][command:82c2abe9-9230-45ea-bf77-4bc3f84d0351][tid:32][com.facebook.buck.apple.AppleCxxPlatforms] SDK AppleSdk{name=watchsimulator, version=4.0, applePlatform=ApplePlatform{name=watchsimulator, architectures=[i386], minVersionFlagPrefix=-mwatchos-simulator-version-min=, stubBinaryPath=Library/Application Support/WatchKit/WK, appIncludesFrameworks=false}, architectures=[i386], toolchains=[AppleToolchain{identifier=com.apple.dt.toolchain.XcodeDefault, path=/Applications/Xcode.app/Contents/Developer/Toolchains/XcodeDefault.xctoolchain}]} using default version 4.0
[2017-10-04 14:55:01.779][debug][command:82c2abe9-9230-45ea-bf77-4bc3f84d0351][tid:32][com.facebook.buck.apple.AppleCxxPlatforms] Xcode build version is: 9A235
[2017-10-04 14:55:01.781][debug][command:82c2abe9-9230-45ea-bf77-4bc3f84d0351][tid:32][com.facebook.buck.apple.AppleCxxPlatforms] Apple toolchain path: /Applications/Xcode.app/Contents/Developer/Toolchains/XcodeDefault.xctoolchain
[2017-10-04 14:55:01.781][debug][command:82c2abe9-9230-45ea-bf77-4bc3f84d0351][tid:32][com.facebook.buck.apple.AppleCxxPlatforms] Headers verification platform whitelist: [^\Q/Applications/Xcode.app/Contents/Developer/Platforms/WatchSimulator.platform/Developer/Library/Frameworks\E\/.*, ^\Q/Applications/Xcode.app/Contents/Developer/Platforms/WatchSimulator.platform/Developer/SDKs/WatchSimulator.sdk\E\/.*, ^\Q/Applications/Xcode.app/Contents/Developer/Toolchains/XcodeDefault.xctoolchain\E\/.*]
[2017-10-04 14:55:01.798][debug][command:82c2abe9-9230-45ea-bf77-4bc3f84d0351][tid:32][com.facebook.buck.io.ExecutableFinder] Executable 'clang' mapped to 'Optional[/usr/bin/clang]'
[2017-10-04 14:55:01.800][debug][command:82c2abe9-9230-45ea-bf77-4bc3f84d0351][tid:32][com.facebook.buck.io.ExecutableFinder] Executable 'clang++' mapped to 'Optional[/usr/bin/clang++]'
[2017-10-04 14:55:01.800][debug][command:82c2abe9-9230-45ea-bf77-4bc3f84d0351][tid:32][com.facebook.buck.io.ExecutableFinder] Executable 'ar' mapped to 'Optional[/usr/bin/ar]'
[2017-10-04 14:55:01.802][debug][command:82c2abe9-9230-45ea-bf77-4bc3f84d0351][tid:32][com.facebook.buck.io.ExecutableFinder] Executable 'strip' mapped to 'Optional[/usr/bin/strip]'
[2017-10-04 14:55:01.802][debug][command:82c2abe9-9230-45ea-bf77-4bc3f84d0351][tid:32][com.facebook.buck.io.ExecutableFinder] Executable 'ranlib' mapped to 'Optional[/usr/bin/ranlib]'
[2017-10-04 14:55:01.804][debug][command:82c2abe9-9230-45ea-bf77-4bc3f84d0351][tid:32][com.facebook.buck.io.ExecutableFinder] Executable 'nm' mapped to 'Optional[/usr/bin/nm]'
[2017-10-04 14:55:01.805][debug][command:82c2abe9-9230-45ea-bf77-4bc3f84d0351][tid:32][com.facebook.buck.cxx.toolchain.CxxPlatforms] Using config default C++ platform CxxPlatform{flavor=iphonesimulator-x86_64, as=com.facebook.buck.cxx.toolchain.CompilerProvider@50f844c2, asflags=[-isysroot, /Applications/Xcode.app/Contents/Developer/Platforms/iPhoneSimulator.platform/Developer/SDKs/iPhoneSimulator.sdk, -arch, x86_64, -mios-simulator-version-min=10.0, -iquote, /Users/kieranlafferty/Desktop/BuckTest], aspp=com.facebook.buck.cxx.toolchain.PreprocessorProvider@24993130, asppflags=[], cc=com.facebook.buck.cxx.toolchain.CompilerProvider@1fdc7ac2, cflags=[-isysroot, /Applications/Xcode.app/Contents/Developer/Platforms/iPhoneSimulator.platform/Developer/SDKs/iPhoneSimulator.sdk, -arch, x86_64, -mios-simulator-version-min=10.0, -iquote, /Users/kieranlafferty/Desktop/BuckTest, -g, -fmodules, -fobjc-arc, -D, BUCK, -w], cxx=com.facebook.buck.cxx.toolchain.CompilerProvider@149b3e5a, cxxflags=[-isysroot, /Applications/Xcode.app/Contents/Developer/Platforms/iPhoneSimulator.platform/Developer/SDKs/iPhoneSimulator.sdk, -arch, x86_64, -mios-simulator-version-min=10.0, -iquote, /Users/kieranlafferty/Desktop/BuckTest], cpp=com.facebook.buck.cxx.toolchain.PreprocessorProvider@6d7a65f, cppflags=[], cxxpp=com.facebook.buck.cxx.toolchain.PreprocessorProvider@6b2a0704, cxxppflags=[], cudappflags=[], cudaflags=[], asmppflags=[], asmflags=[], ld=com.facebook.buck.cxx.toolchain.linker.DefaultLinkerProvider@17dc7ac9, ldflags=[-isysroot, /Applications/Xcode.app/Contents/Developer/Platforms/iPhoneSimulator.platform/Developer/SDKs/iPhoneSimulator.sdk, -arch, x86_64, -mios-simulator-version-min=10.0, -iquote, /Users/kieranlafferty/Desktop/BuckTest, -Wl,-sdk_version, -Wl,11.0, -Wl,-ObjC], runtimeLdflags={}, strip=VersionedTool{path=/Applications/Xcode.app/Contents/Developer/Toolchains/XcodeDefault.xctoolchain/usr/bin/strip, extraArgs=[], name=apple-strip, version=11.0:9A235}, stripFlags=[], ar=com.facebook.buck.cxx.toolchain.ArchiverProvider$1@5af8ff86, arflags=[], ranlib=com.facebook.buck.rules.ConstantToolProvider@61a64fd8, ranlibflags=[], symbolNameTool=com.facebook.buck.cxx.toolchain.LazyDelegatingSymbolNameTool@5a0f66cf, sharedLibraryExtension=dylib, sharedLibraryVersionedExtensionFormat=%s.dylib, staticLibraryExtension=a, objectFileExtension=o, compilerDebugPathSanitizer=com.facebook.buck.cxx.toolchain.PrefixMapDebugPathSanitizer@2ef15575, assemblerDebugPathSanitizer=com.facebook.buck.cxx.toolchain.MungingDebugPathSanitizer@33688be2, headerVerification=HeaderVerification{mode=IGNORE, whitelist=[], platformWhitelist=[^\Q/Applications/Xcode.app/Contents/Developer/Platforms/iPhoneSimulator.platform/Developer/Library/Frameworks\E\/.*, ^\Q/Applications/Xcode.app/Contents/Developer/Platforms/iPhoneSimulator.platform/Developer/SDKs/iPhoneSimulator.sdk\E\/.*, ^\Q/Applications/Xcode.app/Contents/Developer/Toolchains/XcodeDefault.xctoolchain\E\/.*], whitelistPatterns=[^\Q/Applications/Xcode.app/Contents/Developer/Platforms/iPhoneSimulator.platform/Developer/Library/Frameworks\E\/.*, ^\Q/Applications/Xcode.app/Contents/Developer/Platforms/iPhoneSimulator.platform/Developer/SDKs/iPhoneSimulator.sdk\E\/.*, ^\Q/Applications/Xcode.app/Contents/Developer/Toolchains/XcodeDefault.xctoolchain\E\/.*]}, flagMacros={SDKROOT=/Applications/Xcode.app/Contents/Developer/Platforms/iPhoneSimulator.platform/Developer/SDKs/iPhoneSimulator.sdk, PLATFORM_DIR=/Applications/Xcode.app/Contents/Developer/Platforms/iPhoneSimulator.platform, CURRENT_ARCH=x86_64, DEVELOPER_DIR=/Applications/Xcode.app/Contents/Developer}, publicHeadersSymlinksEnabled=true, privateHeadersSymlinksEnabled=true}
[2017-10-04 14:55:01.817][debug][command:82c2abe9-9230-45ea-bf77-4bc3f84d0351][tid:32][com.facebook.buck.io.ExecutableFinder] Executable 'python2' mapped to 'Optional.empty'
[2017-10-04 14:55:01.817][debug][command:82c2abe9-9230-45ea-bf77-4bc3f84d0351][tid:32][com.facebook.buck.io.ExecutableFinder] Executable 'python' mapped to 'Optional[/usr/bin/python]'
[2017-10-04 14:55:01.967][debug][command:82c2abe9-9230-45ea-bf77-4bc3f84d0351][tid:32][com.facebook.buck.apple.ProvisioningProfileStore] Provisioning profile search path: /Users/kieranlafferty/Library/MobileDevice/Provisioning Profiles
[2017-10-04 14:55:02.261][debug][command:82c2abe9-9230-45ea-bf77-4bc3f84d0351][tid:32][com.facebook.buck.json.BuckPythonProgram] Writing python rules stub to /Users/kieranlafferty/Desktop/BuckTest/buck-out/tmp/buck_run.jsGI20/buck_python_program5608279795376484686.
[2017-10-04 14:55:02.990][debug][command:82c2abe9-9230-45ea-bf77-4bc3f84d0351][tid:32][com.facebook.buck.json.BuckPythonProgram] Created temporary buck.py instance at /Users/kieranlafferty/Desktop/BuckTest/buck-out/tmp/buck_run.jsGI20/buck_python_program5608279795376484686.
[2017-10-04 14:55:02.996][debug][command:82c2abe9-9230-45ea-bf77-4bc3f84d0351][tid:32][com.facebook.buck.json.PythonDslProjectBuildFileParser] Starting buck.py command: [/usr/bin/python, -u, /Users/kieranlafferty/Desktop/BuckTest/buck-out/tmp/buck_run.jsGI20/buck_python_program5608279795376484686/__main__.py, --allow_empty_globs, --watchman_glob_stat_results, --project_root, /Users/kieranlafferty/Desktop/BuckTest, --cell_name, , --build_file_name, BUCK, --quiet, --config, /Users/kieranlafferty/Desktop/BuckTest/buck-out/tmp/buck_run.jsGI20/raw_config4712586243859478888.json, --ignore_paths, /Users/kieranlafferty/Desktop/BuckTest/buck-out/tmp/buck_run.jsGI20/ignore_paths6738699044147874845.json] environment: Optional[{JAVA_MAIN_CLASS_12750=com.facebook.buck.cli.bootstrapper.ClassLoaderBootstrapper, IRBRC=/Users/kieranlafferty/.rvm/rubies/ruby-2.4.0/.irbrc, PATH=/Users/kieranlafferty/.rvm/gems/ruby-2.4.0/bin:/Users/kieranlafferty/.rvm/gems/ruby-2.4.0@global/bin:/Users/kieranlafferty/.rvm/rubies/ruby-2.4.0/bin:/usr/local/bin:/usr/bin:/bin:/usr/sbin:/sbin:/Users/kieranlafferty/.rvm/bin:/Users/kieranlafferty/.rvm/bin, JAVA_ARCH=x86_64, _system_arch=x86_64, rvm_bin_path=/Users/kieranlafferty/.rvm/bin, BUCK_CLASSPATH=/Users/kieranlafferty/Desktop/BuckTest/.buckd/resources/v2017.10.01.01/buck_server, TERM=xterm-256color, rvm_prefix=/Users/kieranlafferty, LANG=en_US.UTF-8, VERSIONER_PYTHON_VERSION=2.7, BUCK_BUILD_ID=82c2abe9-9230-45ea-bf77-4bc3f84d0351, LOGNAME=kieranlafferty, rvm_version=1.29.2 (latest), XPC_SERVICE_NAME=0, PWD=/Users/kieranlafferty/Desktop/BuckTest, TERM_PROGRAM_VERSION=388.1.1, _=/usr/local/bin/buck, SHELL=/bin/bash, NVM_DIR=/Users/kieranlafferty/.nvm, TERM_PROGRAM=Apple_Terminal, _system_type=Darwin, MY_RUBY_HOME=/Users/kieranlafferty/.rvm/rubies/ruby-2.4.0, BUCK_PYTHON_SPACE_INIT_TIME=7, _system_version=10.12, OLDPWD=/Users/kieranlafferty/Desktop, GEM_HOME=/Users/kieranlafferty/.rvm/gems/ruby-2.4.0, USER=kieranlafferty, VERSIONER_PYTHON_PREFER_32_BIT=no, CLASSPATH=/Users/kieranlafferty/Desktop/BuckTest/.buckd/resources/v2017.10.01.01/bootstrapper_jar, BUCK_TERM_COLUMNS=235, TMPDIR=/var/folders/zz/v2fpp8m54y1dq0qh5yt0hqvr0000gn/T/, rvm_path=/Users/kieranlafferty/.rvm, SSH_AUTH_SOCK=/private/tmp/com.apple.launchd.6ZK0SrMSVY/Listeners, GEM_PATH=/Users/kieranlafferty/.rvm/gems/ruby-2.4.0:/Users/kieranlafferty/.rvm/gems/ruby-2.4.0@global, XPC_FLAGS=0x0, RUBY_VERSION=ruby-2.4.0, TERM_SESSION_ID=CB4A996C-E3FC-48E1-BE88-F3365BBC9D63, BUCK_TTY=1, _system_name=OSX, __CF_USER_TEXT_ENCODING=0x1F5:0x0:0x0, Apple_PubSub_Socket_Render=/private/tmp/com.apple.launchd.2MgsOd4gbP/Render, com.apple.java.jvmTask=CommandLine, SHLVL=1, HOME=/Users/kieranlafferty}]
[2017-10-04 14:55:03.000][debug][command:82c2abe9-9230-45ea-bf77-4bc3f84d0351][tid:32][com.facebook.buck.json.PythonDslProjectBuildFileParser] Started process com.facebook.buck.util.ProcessExecutor$LaunchedProcessImpl@1c166548 successfully
[2017-10-04 14:55:03.374][debug][command:null][tid:40][com.facebook.buck.json.PythonDslProjectBuildFileParser] Closing buck.py process stdin
[2017-10-04 14:55:03.398][debug][command:null][tid:40][com.facebook.buck.json.PythonDslProjectBuildFileParser] Waiting for process com.facebook.buck.util.ProcessExecutor$LaunchedProcessImpl@1c166548 to exit...
[2017-10-04 14:55:03.398][debug][command:null][tid:40][com.facebook.buck.json.PythonDslProjectBuildFileParser] Process com.facebook.buck.util.ProcessExecutor$LaunchedProcessImpl@1c166548 exited cleanly.
[2017-10-04 14:55:03.408][debug][command:82c2abe9-9230-45ea-bf77-4bc3f84d0351][tid:01][com.facebook.buck.apple.project_generator.XCodeProjectCommandHelper] Xcode project generation: Killing existing Xcode if needed
[2017-10-04 14:55:03.409][debug][command:82c2abe9-9230-45ea-bf77-4bc3f84d0351][tid:01][com.facebook.buck.util.PkillProcessManager] Checking if Xcode is running...
[2017-10-04 14:55:03.451][debug][command:82c2abe9-9230-45ea-bf77-4bc3f84d0351][tid:01][com.facebook.buck.util.PkillProcessManager] Process Xcode is running
[2017-10-04 14:55:03.452][debug][command:82c2abe9-9230-45ea-bf77-4bc3f84d0351][tid:01][com.facebook.buck.apple.project_generator.XCodeProjectCommandHelper] Will try to force kill Xcode without prompting...
[2017-10-04 14:55:03.452][debug][command:82c2abe9-9230-45ea-bf77-4bc3f84d0351][tid:01][com.facebook.buck.util.PkillProcessManager] Killing process Xcode...
[2017-10-04 14:55:03.490][debug][command:82c2abe9-9230-45ea-bf77-4bc3f84d0351][tid:01][com.facebook.buck.util.PkillProcessManager] Killed process Xcode.
[2017-10-04 14:55:03.491][debug][command:82c2abe9-9230-45ea-bf77-4bc3f84d0351][tid:01][com.facebook.buck.apple.project_generator.XCodeProjectCommandHelper] Xcode project generation: Computing graph roots
[2017-10-04 14:55:03.491][debug][command:82c2abe9-9230-45ea-bf77-4bc3f84d0351][tid:01][com.facebook.buck.apple.project_generator.XCodeProjectCommandHelper] Xcode project generation: Getting more part of the target graph
[2017-10-04 14:55:03.507][debug][command:82c2abe9-9230-45ea-bf77-4bc3f84d0351][tid:01][com.facebook.buck.apple.project_generator.XCodeProjectCommandHelper] Xcode project generation: Run the project generator
[2017-10-04 14:55:03.529][debug][command:null][tid:18][com.facebook.buck.event.listener.SuperConsoleEventBusListener] Stopping render scheduler
[2017-10-04 14:55:03.592][debug][command:null][tid:18][com.facebook.buck.event.listener.SuperConsoleEventBusListener] Stopping console output (stdout dirty true, stderr dirty false).
[2017-10-04 14:55:03.610][debug][command:82c2abe9-9230-45ea-bf77-4bc3f84d0351][tid:01][com.facebook.buck.apple.project_generator.XCodeProjectCommandHelper] Xcode project generation: Generates workspaces for targets
[2017-10-04 14:55:03.636][debug][command:82c2abe9-9230-45ea-bf77-4bc3f84d0351][tid:01][com.facebook.buck.apple.project_generator.XCodeProjectCommandHelper] Generating workspace for config targets [//Apps/BuckSwiftDemo:BuckSwiftDemo]
[2017-10-04 14:55:03.657][debug][command:82c2abe9-9230-45ea-bf77-4bc3f84d0351][tid:01][com.facebook.buck.apple.project_generator.WorkspaceAndProjectGenerator] Generating workspace for target //Apps/BuckSwiftDemo:BuckSwiftDemo
[2017-10-04 14:55:03.665][debug][command:82c2abe9-9230-45ea-bf77-4bc3f84d0351][tid:01][com.facebook.buck.apple.project_generator.WorkspaceAndProjectGenerator] Adding scheme BuckSwiftDemo
[2017-10-04 14:55:03.682][debug][command:82c2abe9-9230-45ea-bf77-4bc3f84d0351][tid:01][com.facebook.buck.apple.project_generator.WorkspaceAndProjectGenerator] Getting ordered test target nodes for [//Apps/BuckSwiftDemo:BuckSwiftDemoAppLibrary, //Apps/BuckSwiftDemo:BuckSwiftDemo]
[2017-10-04 14:55:03.696][debug][command:null][tid:46][com.facebook.buck.apple.project_generator.WorkspaceAndProjectGenerator] Generating project for directory Apps/BuckSwiftDemo with targets [//Apps/BuckSwiftDemo:BuckSwiftDemoAppLibrary, //Apps/BuckSwiftDemo:BuckSwiftDemo]
[2017-10-04 14:55:03.705][debug][command:null][tid:46][com.facebook.buck.apple.project_generator.ProjectGenerator] Output directory Apps/BuckSwiftDemo, profile fs root path /Users/kieranlafferty/Desktop/BuckTest, repo root relative to output dir ../..
[2017-10-04 14:55:03.721][debug][command:null][tid:46][com.facebook.buck.apple.project_generator.ProjectGenerator] Creating projects for targets [//Apps/BuckSwiftDemo:BuckSwiftDemoAppLibrary, //Apps/BuckSwiftDemo:BuckSwiftDemo]
[2017-10-04 14:55:03.721][debug][command:null][tid:46][com.facebook.buck.apple.project_generator.ProjectGenerator] Including rule //Apps/BuckSwiftDemo:BuckSwiftDemoAppLibrary in project
[2017-10-04 14:55:03.727][debug][command:null][tid:46][com.facebook.buck.apple.project_generator.ProjectGenerator] Generating binary target for node //Apps/BuckSwiftDemo:BuckSwiftDemoAppLibrary
[2017-10-04 14:55:03.822][debug][command:null][tid:46][com.facebook.buck.apple.project_generator.CxxPlatformXcodeConfigGenerator] Cannot determine value of CLANG_CXX_LANGUAGE_STANDARD
[2017-10-04 14:55:03.822][debug][command:null][tid:46][com.facebook.buck.apple.project_generator.CxxPlatformXcodeConfigGenerator] Cannot determine value of CLANG_CXX_LIBRARY
[2017-10-04 14:55:03.829][debug][command:null][tid:46][com.facebook.buck.apple.project_generator.ProjectGenerator] Updating symlink tree at buck-out/gen/_p/IOwmeDTmoB-pub (old key Optional.empty, new key 02feab3492b353d67cbd771027d79d93b352af37).
[2017-10-04 14:55:03.837][debug][command:null][tid:46][com.facebook.buck.apple.project_generator.ProjectGenerator] Updating symlink tree at buck-out/gen/_p/IOwmeDTmoB-priv (old key Optional.empty, new key c58dc7ba02beb661c09b820db720001ae268860f).
[2017-10-04 14:55:03.839][debug][command:null][tid:46][com.facebook.buck.apple.project_generator.ProjectGenerator] Generated Cxx library target com.facebook.buck.apple.xcode.xcodeproj.PBXNativeTarget@1e4818e2 isa=PBXNativeTarget gid=null
[2017-10-04 14:55:03.839][debug][command:null][tid:46][com.facebook.buck.apple.project_generator.ProjectGenerator] Generated iOS library target com.facebook.buck.apple.xcode.xcodeproj.PBXNativeTarget@1e4818e2 isa=PBXNativeTarget gid=null
[2017-10-04 14:55:03.839][debug][command:null][tid:46][com.facebook.buck.apple.project_generator.ProjectGenerator] Including rule //Apps/BuckSwiftDemo:BuckSwiftDemo in project
[2017-10-04 14:55:03.845][debug][command:null][tid:46][com.facebook.buck.apple.project_generator.ProjectGenerator] Generating binary target for node //Apps/BuckSwiftDemo:BuckSwiftDemoBinary
[2017-10-04 14:55:03.849][debug][command:null][tid:46][com.facebook.buck.apple.project_generator.CxxPlatformXcodeConfigGenerator] Cannot determine value of CLANG_CXX_LANGUAGE_STANDARD
[2017-10-04 14:55:03.849][debug][command:null][tid:46][com.facebook.buck.apple.project_generator.CxxPlatformXcodeConfigGenerator] Cannot determine value of CLANG_CXX_LIBRARY
[2017-10-04 14:55:03.851][debug][command:null][tid:46][com.facebook.buck.apple.project_generator.ProjectGenerator] Updating symlink tree at buck-out/gen/_p/aUAL8KG4gc-pub (old key Optional.empty, new key c58dc7ba02beb661c09b820db720001ae268860f).
[2017-10-04 14:55:03.852][debug][command:null][tid:46][com.facebook.buck.apple.project_generator.ProjectGenerator] Updating symlink tree at buck-out/gen/_p/aUAL8KG4gc-priv (old key Optional.empty, new key c58dc7ba02beb661c09b820db720001ae268860f).
[2017-10-04 14:55:03.853][debug][command:null][tid:46][com.facebook.buck.apple.project_generator.ProjectGenerator] Generated iOS bundle target com.facebook.buck.apple.xcode.xcodeproj.PBXNativeTarget@771f11d0 isa=PBXNativeTarget gid=null
[2017-10-04 14:55:03.865][debug][command:null][tid:46][com.facebook.buck.apple.project_generator.ProjectGenerator] Regenerating project at Apps/BuckSwiftDemo/BuckSwiftDemo.xcodeproj/project.pbxproj
[2017-10-04 14:55:03.879][debug][command:82c2abe9-9230-45ea-bf77-4bc3f84d0351][tid:01][com.facebook.buck.apple.project_generator.SchemeGenerator] Generating scheme with build targets [com.facebook.buck.apple.xcode.xcodeproj.PBXNativeTarget@1e4818e2 isa=PBXNativeTarget gid=E66DC04EB99A727500000000, com.facebook.buck.apple.xcode.xcodeproj.PBXNativeTarget@771f11d0 isa=PBXNativeTarget gid=E66DC04E73F738BB00000000], test build targets [], test bundle targets []
[2017-10-04 14:55:03.955][debug][command:82c2abe9-9230-45ea-bf77-4bc3f84d0351][tid:01][com.facebook.buck.apple.project_generator.XCodeProjectCommandHelper] Required build targets for workspace //Apps/BuckSwiftDemo:BuckSwiftDemo: []
[2017-10-04 14:55:03.957][info ][command:82c2abe9-9230-45ea-bf77-4bc3f84d0351][tid:01][com.facebook.buck.cli.Main] Awaiting termination of HTTP Write executor service. Waiting for all jobs to complete, or up to maximum of 1800 seconds...
[2017-10-04 14:55:03.959][info ][command:82c2abe9-9230-45ea-bf77-4bc3f84d0351][tid:01][com.facebook.buck.cli.Main] Awaiting termination of CounterAggregatorExecutor executor service. Waiting for all jobs to complete, or up to maximum of 20 seconds...
[2017-10-04 14:55:03.962][debug][command:82c2abe9-9230-45ea-bf77-4bc3f84d0351][tid:21][com.facebook.buck.util.perf.ProcessTracker] shutDown
[2017-10-04 14:55:03.962][debug][command:82c2abe9-9230-45ea-bf77-4bc3f84d0351][tid:20][com.google.common.util.concurrent.ServiceManager] Service PerfStatsTracking [TERMINATED] has terminated. Previous state was: STOPPING
[2017-10-04 14:55:03.963][debug][command:82c2abe9-9230-45ea-bf77-4bc3f84d0351][tid:01][com.facebook.buck.event.listener.SuperConsoleEventBusListener] Stopping render scheduler
[2017-10-04 14:55:03.963][debug][command:82c2abe9-9230-45ea-bf77-4bc3f84d0351][tid:01][com.facebook.buck.event.listener.SuperConsoleEventBusListener] Stopping render scheduler
[2017-10-04 14:55:03.963][debug][command:82c2abe9-9230-45ea-bf77-4bc3f84d0351][tid:01][com.facebook.buck.event.listener.SuperConsoleEventBusListener] Stopping console output (stdout dirty true, stderr dirty false).
[2017-10-04 14:55:03.963][info ][command:82c2abe9-9230-45ea-bf77-4bc3f84d0351][tid:01][com.facebook.buck.cli.Main] Awaiting termination of CPU executor service. Waiting for all jobs to complete, or up to maximum of 60 seconds...
[2017-10-04 14:55:03.963][info ][command:82c2abe9-9230-45ea-bf77-4bc3f84d0351][tid:01][com.facebook.buck.cli.Main] Awaiting termination of NETWORK executor service. Waiting for all jobs to complete, or up to maximum of 60 seconds...
[2017-10-04 14:55:03.964][info ][command:82c2abe9-9230-45ea-bf77-4bc3f84d0351][tid:01][com.facebook.buck.cli.Main] Awaiting termination of PROJECT executor service. Waiting for all jobs to complete, or up to maximum of 60 seconds...
[2017-10-04 14:55:03.964][info ][command:82c2abe9-9230-45ea-bf77-4bc3f84d0351][tid:01][com.facebook.buck.cli.Main] Awaiting termination of ScheduledExecutorService executor service. Waiting for all jobs to complete, or up to maximum of 60 seconds...
[2017-10-04 14:55:03.964][debug][command:82c2abe9-9230-45ea-bf77-4bc3f84d0351][tid:21][com.google.common.util.concurrent.ServiceManager] Service ProcessTracker [TERMINATED] has terminated. Previous state was: STOPPING
[2017-10-04 14:55:03.964][info ][command:82c2abe9-9230-45ea-bf77-4bc3f84d0351][tid:01][com.facebook.buck.cli.Main] Awaiting termination of Disk IO executor service. Waiting for all jobs to complete, or up to maximum of 10 seconds...
[2017-10-04 14:55:03.964][debug][command:82c2abe9-9230-45ea-bf77-4bc3f84d0351][tid:01][com.facebook.buck.event.listener.SuperConsoleEventBusListener] Stopping render scheduler
[2017-10-04 14:55:03.965][debug][command:82c2abe9-9230-45ea-bf77-4bc3f84d0351][tid:01][com.facebook.buck.event.listener.SuperConsoleEventBusListener] Stopping render scheduler
[2017-10-04 14:55:03.965][debug][command:82c2abe9-9230-45ea-bf77-4bc3f84d0351][tid:01][com.facebook.buck.event.listener.SuperConsoleEventBusListener] Stopping console output (stdout dirty true, stderr dirty false).
[2017-10-04 14:55:03.965][debug][command:82c2abe9-9230-45ea-bf77-4bc3f84d0351][tid:01][com.facebook.buck.event.listener.ChromeTraceBuildListener] Writing Chrome trace to buck-out/log/2017-10-04_21h55m00s_projectcommand_82c2abe9-9230-45ea-bf77-4bc3f84d0351/build.2017-10-04.14-55-00.82c2abe9-9230-45ea-bf77-4bc3f84d0351.trace
[2017-10-04 14:55:04.005][debug][command:null][tid:01][com.facebook.buck.cli.Main] Done.
