[2017-10-04 15:32:37.714][debug][command:null][tid:01][com.sun.jna.Platform] null
java.io.FileNotFoundException: /proc/self/exe (No such file or directory)
	at java.io.RandomAccessFile.open0(Native Method)
	at java.io.RandomAccessFile.open(RandomAccessFile.java:316)
	at java.io.RandomAccessFile.<init>(RandomAccessFile.java:243)
	at java.io.RandomAccessFile.<init>(RandomAccessFile.java:124)
	at com.sun.jna.ELFAnalyser.runDetection(ELFAnalyser.java:109)
	at com.sun.jna.ELFAnalyser.analyse(ELFAnalyser.java:36)
	at com.sun.jna.Platform.isSoftFloat(Platform.java:259)
	at com.sun.jna.Platform.<clinit>(Platform.java:133)
	at com.sun.jna.Native.loadNativeDispatchLibraryFromClasspath(Native.java:936)
	at com.sun.jna.Native.loadNativeDispatchLibrary(Native.java:922)
	at com.sun.jna.Native.<clinit>(Native.java:190)
	at com.sun.jna.Pointer.<clinit>(Pointer.java:54)
	at com.facebook.buck.cli.Main.<clinit>(Main.java:209)
	at sun.reflect.NativeMethodAccessorImpl.invoke0(Native Method)
	at sun.reflect.NativeMethodAccessorImpl.invoke(NativeMethodAccessorImpl.java:62)
	at sun.reflect.DelegatingMethodAccessorImpl.invoke(DelegatingMethodAccessorImpl.java:43)
	at java.lang.reflect.Method.invoke(Method.java:498)
	at com.facebook.buck.cli.bootstrapper.ClassLoaderBootstrapper.main(ClassLoaderBootstrapper.java:55)

[2017-10-04 15:32:37.809][debug][command:null][tid:01][com.sun.jna.Platform] null
java.io.FileNotFoundException: /proc/self/exe (No such file or directory)
	at java.io.RandomAccessFile.open0(Native Method)
	at java.io.RandomAccessFile.open(RandomAccessFile.java:316)
	at java.io.RandomAccessFile.<init>(RandomAccessFile.java:243)
	at java.io.RandomAccessFile.<init>(RandomAccessFile.java:124)
	at com.sun.jna.ELFAnalyser.runDetection(ELFAnalyser.java:109)
	at com.sun.jna.ELFAnalyser.analyse(ELFAnalyser.java:36)
	at com.sun.jna.Platform.isSoftFloat(Platform.java:259)
	at com.sun.jna.Platform.getNativeLibraryResourcePrefix(Platform.java:287)
	at com.sun.jna.Platform.getNativeLibraryResourcePrefix(Platform.java:276)
	at com.sun.jna.Platform.<clinit>(Platform.java:134)
	at com.sun.jna.Native.loadNativeDispatchLibraryFromClasspath(Native.java:936)
	at com.sun.jna.Native.loadNativeDispatchLibrary(Native.java:922)
	at com.sun.jna.Native.<clinit>(Native.java:190)
	at com.sun.jna.Pointer.<clinit>(Pointer.java:54)
	at com.facebook.buck.cli.Main.<clinit>(Main.java:209)
	at sun.reflect.NativeMethodAccessorImpl.invoke0(Native Method)
	at sun.reflect.NativeMethodAccessorImpl.invoke(NativeMethodAccessorImpl.java:62)
	at sun.reflect.DelegatingMethodAccessorImpl.invoke(DelegatingMethodAccessorImpl.java:43)
	at java.lang.reflect.Method.invoke(Method.java:498)
	at com.facebook.buck.cli.bootstrapper.ClassLoaderBootstrapper.main(ClassLoaderBootstrapper.java:55)

[2017-10-04 15:32:37.895][info ][command:null][tid:01][com.facebook.buck.cli.HangMonitor] HangMonitorAutoStart
[2017-10-04 15:32:38.051][debug][command:null][tid:01][com.google.common.util.concurrent.ServiceManager] Starting HangMonitor [STARTING].
[2017-10-04 15:32:38.057][debug][command:null][tid:12][com.google.common.util.concurrent.ServiceManager] Started HangMonitor [RUNNING] in 20.05 ms.
[2017-10-04 15:32:38.247][debug][command:null][tid:01][com.facebook.buck.cli.Main] Rotating log.
