[2017-10-04 15:23:25.532][debug][command:c67bbeef-8d60-49b9-9eb9-9cc9474c27d3][tid:01][com.facebook.buck.event.listener.SuperConsoleEventBusListener] Starting render scheduler (interval 100 ms)
[2017-10-04 15:23:25.605][debug][command:c67bbeef-8d60-49b9-9eb9-9cc9474c27d3][tid:01][com.google.common.util.concurrent.ServiceManager] Starting PerfStatsTracking [RUNNING].
[2017-10-04 15:23:25.606][debug][command:c67bbeef-8d60-49b9-9eb9-9cc9474c27d3][tid:01][com.google.common.util.concurrent.ServiceManager] Started PerfStatsTracking [RUNNING] in 360.7 μs.
[2017-10-04 15:23:25.610][debug][command:c67bbeef-8d60-49b9-9eb9-9cc9474c27d3][tid:01][com.google.common.util.concurrent.ServiceManager] Starting ProcessTracker [STARTING].
[2017-10-04 15:23:25.610][debug][command:null][tid:21][com.facebook.buck.util.perf.ProcessTracker] startUp
[2017-10-04 15:23:25.610][debug][command:null][tid:21][com.facebook.buck.util.perf.ProcessTracker] startUp
[2017-10-04 15:23:25.610][debug][command:c67bbeef-8d60-49b9-9eb9-9cc9474c27d3][tid:01][com.facebook.buck.cli.Main] InvocationInfo BuildId=[c67bbeef-8d60-49b9-9eb9-9cc9474c27d3] Args=[project, //Apps/BuckSwiftDemo:BuckSwiftDemo, --ide, xcode]
[2017-10-04 15:23:25.634][debug][command:c67bbeef-8d60-49b9-9eb9-9cc9474c27d3][tid:01][com.facebook.buck.util.environment.MacWifiSsidFinder] Getting current SSID..
[2017-10-04 15:23:25.688][debug][command:c67bbeef-8d60-49b9-9eb9-9cc9474c27d3][tid:01][com.facebook.buck.util.environment.MacWifiSsidFinder] Getting SSID from Wi-Fi interface: <CWInterface: 0x7f92f866bfd0> [interfaceName=en0]
[2017-10-04 15:23:25.689][debug][command:c67bbeef-8d60-49b9-9eb9-9cc9474c27d3][tid:01][com.facebook.buck.util.environment.MacWifiSsidFinder] Found SSID: SciFi
[2017-10-04 15:23:25.715][debug][command:null][tid:21][com.google.common.util.concurrent.ServiceManager] Started ProcessTracker [RUNNING] in 104.6 ms.
[2017-10-04 15:23:25.715][debug][command:null][tid:21][com.google.common.util.concurrent.ServiceManager] Started ProcessTracker [RUNNING] in 104.6 ms.
[2017-10-04 15:23:26.461][debug][command:c67bbeef-8d60-49b9-9eb9-9cc9474c27d3][tid:01][com.facebook.buck.cli.Main] new Buck daemon
[2017-10-04 15:23:26.462][warn ][command:null][tid:24][com.facebook.buck.event.listener.PublicAnnouncementManager] Failed to get public announcements. Reason: Failed to establish connection to server.
[2017-10-04 15:23:26.462][warn ][command:null][tid:24][com.facebook.buck.event.listener.PublicAnnouncementManager] Failed to get public announcements. Reason: Failed to establish connection to server.
[2017-10-04 15:23:26.482][info ][command:null][tid:26][com.facebook.buck.util.versioncontrol.VersionControlStatsGenerator] Starting generation of version control stats.
[2017-10-04 15:23:26.482][info ][command:null][tid:26][com.facebook.buck.util.versioncontrol.VersionControlStatsGenerator] Starting generation of version control stats.
[2017-10-04 15:23:26.487][debug][command:null][tid:26][com.facebook.buck.util.versioncontrol.VersionControlCmdLineInterface] Executing command: hg log -l 1 --template {node|short}
[2017-10-04 15:23:26.487][debug][command:null][tid:26][com.facebook.buck.util.versioncontrol.VersionControlCmdLineInterface] Executing command: hg log -l 1 --template {node|short}
[2017-10-04 15:23:26.491][warn ][command:null][tid:26][com.facebook.buck.util.versioncontrol.DelegatingVersionControlCmdLineInterface] Mercurial is the only VCS supported for VCS stats generation, however current project (which has enabled VCS stats generation in its .buckconfig) does not appear to be a Mercurial repository: 
com.facebook.buck.util.versioncontrol.VersionControlCommandFailedException: java.io.IOException: Cannot run program "hg" (in directory "/Users/kieranlafferty/Desktop/BuckTest"): error=2, No such file or directory
[2017-10-04 15:23:26.491][warn ][command:null][tid:26][com.facebook.buck.util.versioncontrol.DelegatingVersionControlCmdLineInterface] Mercurial is the only VCS supported for VCS stats generation, however current project (which has enabled VCS stats generation in its .buckconfig) does not appear to be a Mercurial repository: 
com.facebook.buck.util.versioncontrol.VersionControlCommandFailedException: java.io.IOException: Cannot run program "hg" (in directory "/Users/kieranlafferty/Desktop/BuckTest"): error=2, No such file or directory
[2017-10-04 15:23:26.492][debug][command:null][tid:26][com.facebook.buck.util.versioncontrol.DelegatingVersionControlCmdLineInterface] Using NoOpCmdLineInterface.
[2017-10-04 15:23:26.492][debug][command:null][tid:26][com.facebook.buck.util.versioncontrol.DelegatingVersionControlCmdLineInterface] Using NoOpCmdLineInterface.
[2017-10-04 15:23:26.493][warn ][command:null][tid:26][com.facebook.buck.util.versioncontrol.VersionControlStatsGenerator] Skipping generation of version control stats as unsupported repository type.
[2017-10-04 15:23:26.493][warn ][command:null][tid:26][com.facebook.buck.util.versioncontrol.VersionControlStatsGenerator] Skipping generation of version control stats as unsupported repository type.
[2017-10-04 15:23:26.498][debug][command:null][tid:26][com.facebook.buck.util.environment.MacNetworkConfiguration] Determine network service order and extract device names
[2017-10-04 15:23:26.498][debug][command:null][tid:26][com.facebook.buck.util.environment.MacNetworkConfiguration] Determine network service order and extract device names
[2017-10-04 15:23:26.527][debug][command:null][tid:26][com.facebook.buck.util.ListeningProcessExecutor] Launching process with params ProcessExecutorParams{command=[networksetup, -listnetworkserviceorder, ]}
[2017-10-04 15:23:26.527][debug][command:null][tid:26][com.facebook.buck.util.ListeningProcessExecutor] Launching process with params ProcessExecutorParams{command=[networksetup, -listnetworkserviceorder, ]}
[2017-10-04 15:23:26.578][debug][command:null][tid:26][com.facebook.buck.util.ListeningProcessExecutor] Successfully launched process com.zaxxer.nuprocess.osx.OsxProcess@51346fa4
[2017-10-04 15:23:26.578][debug][command:null][tid:26][com.facebook.buck.util.ListeningProcessExecutor] Successfully launched process com.zaxxer.nuprocess.osx.OsxProcess@51346fa4
[2017-10-04 15:23:26.580][debug][command:null][tid:26][com.facebook.buck.util.ListeningProcessExecutor] Waiting for process com.facebook.buck.util.ListeningProcessExecutor$LaunchedProcessImpl@2b4b5316 timeout 1000 MILLISECONDS
[2017-10-04 15:23:26.580][debug][command:null][tid:26][com.facebook.buck.util.ListeningProcessExecutor] Waiting for process com.facebook.buck.util.ListeningProcessExecutor$LaunchedProcessImpl@2b4b5316 timeout 1000 MILLISECONDS
[2017-10-04 15:23:26.634][debug][command:null][tid:26][com.facebook.buck.util.ListeningProcessExecutor] Wait for process returned 0
[2017-10-04 15:23:26.634][debug][command:null][tid:26][com.facebook.buck.util.ListeningProcessExecutor] Wait for process returned 0
[2017-10-04 15:23:26.635][debug][command:null][tid:26][com.facebook.buck.util.ListeningProcessExecutor] Destroying process com.facebook.buck.util.ListeningProcessExecutor$LaunchedProcessImpl@2b4b5316 (force true)
[2017-10-04 15:23:26.635][debug][command:null][tid:26][com.facebook.buck.util.ListeningProcessExecutor] Destroying process com.facebook.buck.util.ListeningProcessExecutor$LaunchedProcessImpl@2b4b5316 (force true)
[2017-10-04 15:23:26.635][debug][command:null][tid:26][com.facebook.buck.util.environment.MacNetworkConfiguration] Determine active state of media for device
[2017-10-04 15:23:26.635][debug][command:null][tid:26][com.facebook.buck.util.environment.MacNetworkConfiguration] Determine active state of media for device
[2017-10-04 15:23:26.635][debug][command:null][tid:26][com.facebook.buck.util.ListeningProcessExecutor] Launching process with params ProcessExecutorParams{command=[networksetup, -getMedia, usbmodem14110]}
[2017-10-04 15:23:26.635][debug][command:null][tid:26][com.facebook.buck.util.ListeningProcessExecutor] Launching process with params ProcessExecutorParams{command=[networksetup, -getMedia, usbmodem14110]}
[2017-10-04 15:23:26.639][debug][command:null][tid:26][com.facebook.buck.util.ListeningProcessExecutor] Successfully launched process com.zaxxer.nuprocess.osx.OsxProcess@59704094
[2017-10-04 15:23:26.639][debug][command:null][tid:26][com.facebook.buck.util.ListeningProcessExecutor] Successfully launched process com.zaxxer.nuprocess.osx.OsxProcess@59704094
[2017-10-04 15:23:26.641][debug][command:null][tid:26][com.facebook.buck.util.ListeningProcessExecutor] Waiting for process com.facebook.buck.util.ListeningProcessExecutor$LaunchedProcessImpl@225078bb timeout 1000 MILLISECONDS
[2017-10-04 15:23:26.641][debug][command:null][tid:26][com.facebook.buck.util.ListeningProcessExecutor] Waiting for process com.facebook.buck.util.ListeningProcessExecutor$LaunchedProcessImpl@225078bb timeout 1000 MILLISECONDS
[2017-10-04 15:23:26.673][debug][command:null][tid:26][com.facebook.buck.util.ListeningProcessExecutor] Wait for process returned 4
[2017-10-04 15:23:26.673][debug][command:null][tid:26][com.facebook.buck.util.ListeningProcessExecutor] Wait for process returned 4
[2017-10-04 15:23:26.674][debug][command:null][tid:26][com.facebook.buck.util.ListeningProcessExecutor] Destroying process com.facebook.buck.util.ListeningProcessExecutor$LaunchedProcessImpl@225078bb (force true)
[2017-10-04 15:23:26.674][debug][command:null][tid:26][com.facebook.buck.util.ListeningProcessExecutor] Destroying process com.facebook.buck.util.ListeningProcessExecutor$LaunchedProcessImpl@225078bb (force true)
[2017-10-04 15:23:26.674][debug][command:null][tid:26][com.facebook.buck.util.environment.MacNetworkConfiguration] Determine active state of media for device
[2017-10-04 15:23:26.674][debug][command:null][tid:26][com.facebook.buck.util.environment.MacNetworkConfiguration] Determine active state of media for device
[2017-10-04 15:23:26.674][debug][command:null][tid:26][com.facebook.buck.util.ListeningProcessExecutor] Launching process with params ProcessExecutorParams{command=[networksetup, -getMedia, lpss-serial1]}
[2017-10-04 15:23:26.674][debug][command:null][tid:26][com.facebook.buck.util.ListeningProcessExecutor] Launching process with params ProcessExecutorParams{command=[networksetup, -getMedia, lpss-serial1]}
[2017-10-04 15:23:26.676][debug][command:null][tid:26][com.facebook.buck.util.ListeningProcessExecutor] Successfully launched process com.zaxxer.nuprocess.osx.OsxProcess@6ffc5d5c
[2017-10-04 15:23:26.676][debug][command:null][tid:26][com.facebook.buck.util.ListeningProcessExecutor] Successfully launched process com.zaxxer.nuprocess.osx.OsxProcess@6ffc5d5c
[2017-10-04 15:23:26.677][debug][command:null][tid:26][com.facebook.buck.util.ListeningProcessExecutor] Waiting for process com.facebook.buck.util.ListeningProcessExecutor$LaunchedProcessImpl@1ede6056 timeout 1000 MILLISECONDS
[2017-10-04 15:23:26.677][debug][command:null][tid:26][com.facebook.buck.util.ListeningProcessExecutor] Waiting for process com.facebook.buck.util.ListeningProcessExecutor$LaunchedProcessImpl@1ede6056 timeout 1000 MILLISECONDS
[2017-10-04 15:23:26.709][debug][command:null][tid:26][com.facebook.buck.util.ListeningProcessExecutor] Wait for process returned 4
[2017-10-04 15:23:26.709][debug][command:null][tid:26][com.facebook.buck.util.ListeningProcessExecutor] Wait for process returned 4
[2017-10-04 15:23:26.709][debug][command:null][tid:26][com.facebook.buck.util.ListeningProcessExecutor] Destroying process com.facebook.buck.util.ListeningProcessExecutor$LaunchedProcessImpl@1ede6056 (force true)
[2017-10-04 15:23:26.709][debug][command:null][tid:26][com.facebook.buck.util.ListeningProcessExecutor] Destroying process com.facebook.buck.util.ListeningProcessExecutor$LaunchedProcessImpl@1ede6056 (force true)
[2017-10-04 15:23:26.709][debug][command:null][tid:26][com.facebook.buck.util.environment.MacNetworkConfiguration] Determine active state of media for device
[2017-10-04 15:23:26.709][debug][command:null][tid:26][com.facebook.buck.util.environment.MacNetworkConfiguration] Determine active state of media for device
[2017-10-04 15:23:26.710][debug][command:null][tid:26][com.facebook.buck.util.ListeningProcessExecutor] Launching process with params ProcessExecutorParams{command=[networksetup, -getMedia, lpss-serial2]}
[2017-10-04 15:23:26.710][debug][command:null][tid:26][com.facebook.buck.util.ListeningProcessExecutor] Launching process with params ProcessExecutorParams{command=[networksetup, -getMedia, lpss-serial2]}
[2017-10-04 15:23:26.711][debug][command:null][tid:26][com.facebook.buck.util.ListeningProcessExecutor] Successfully launched process com.zaxxer.nuprocess.osx.OsxProcess@45f1e7f9
[2017-10-04 15:23:26.711][debug][command:null][tid:26][com.facebook.buck.util.ListeningProcessExecutor] Successfully launched process com.zaxxer.nuprocess.osx.OsxProcess@45f1e7f9
[2017-10-04 15:23:26.712][debug][command:null][tid:26][com.facebook.buck.util.ListeningProcessExecutor] Waiting for process com.facebook.buck.util.ListeningProcessExecutor$LaunchedProcessImpl@6445ca5c timeout 1000 MILLISECONDS
[2017-10-04 15:23:26.712][debug][command:null][tid:26][com.facebook.buck.util.ListeningProcessExecutor] Waiting for process com.facebook.buck.util.ListeningProcessExecutor$LaunchedProcessImpl@6445ca5c timeout 1000 MILLISECONDS
[2017-10-04 15:23:26.747][debug][command:null][tid:26][com.facebook.buck.util.ListeningProcessExecutor] Wait for process returned 4
[2017-10-04 15:23:26.747][debug][command:null][tid:26][com.facebook.buck.util.ListeningProcessExecutor] Wait for process returned 4
[2017-10-04 15:23:26.747][debug][command:null][tid:26][com.facebook.buck.util.ListeningProcessExecutor] Destroying process com.facebook.buck.util.ListeningProcessExecutor$LaunchedProcessImpl@6445ca5c (force true)
[2017-10-04 15:23:26.747][debug][command:null][tid:26][com.facebook.buck.util.ListeningProcessExecutor] Destroying process com.facebook.buck.util.ListeningProcessExecutor$LaunchedProcessImpl@6445ca5c (force true)
[2017-10-04 15:23:26.747][debug][command:null][tid:26][com.facebook.buck.util.environment.MacNetworkConfiguration] Determine active state of media for device
[2017-10-04 15:23:26.747][debug][command:null][tid:26][com.facebook.buck.util.environment.MacNetworkConfiguration] Determine active state of media for device
[2017-10-04 15:23:26.748][debug][command:null][tid:26][com.facebook.buck.util.ListeningProcessExecutor] Launching process with params ProcessExecutorParams{command=[networksetup, -getMedia, en8]}
[2017-10-04 15:23:26.748][debug][command:null][tid:26][com.facebook.buck.util.ListeningProcessExecutor] Launching process with params ProcessExecutorParams{command=[networksetup, -getMedia, en8]}
[2017-10-04 15:23:26.750][debug][command:null][tid:26][com.facebook.buck.util.ListeningProcessExecutor] Successfully launched process com.zaxxer.nuprocess.osx.OsxProcess@69de7d35
[2017-10-04 15:23:26.750][debug][command:null][tid:26][com.facebook.buck.util.ListeningProcessExecutor] Successfully launched process com.zaxxer.nuprocess.osx.OsxProcess@69de7d35
[2017-10-04 15:23:26.751][debug][command:null][tid:26][com.facebook.buck.util.ListeningProcessExecutor] Waiting for process com.facebook.buck.util.ListeningProcessExecutor$LaunchedProcessImpl@46f7c88 timeout 1000 MILLISECONDS
[2017-10-04 15:23:26.751][debug][command:null][tid:26][com.facebook.buck.util.ListeningProcessExecutor] Waiting for process com.facebook.buck.util.ListeningProcessExecutor$LaunchedProcessImpl@46f7c88 timeout 1000 MILLISECONDS
[2017-10-04 15:23:26.787][debug][command:null][tid:26][com.facebook.buck.util.ListeningProcessExecutor] Wait for process returned 4
[2017-10-04 15:23:26.787][debug][command:null][tid:26][com.facebook.buck.util.ListeningProcessExecutor] Wait for process returned 4
[2017-10-04 15:23:26.788][debug][command:null][tid:26][com.facebook.buck.util.ListeningProcessExecutor] Destroying process com.facebook.buck.util.ListeningProcessExecutor$LaunchedProcessImpl@46f7c88 (force true)
[2017-10-04 15:23:26.788][debug][command:null][tid:26][com.facebook.buck.util.ListeningProcessExecutor] Destroying process com.facebook.buck.util.ListeningProcessExecutor$LaunchedProcessImpl@46f7c88 (force true)
[2017-10-04 15:23:26.788][debug][command:null][tid:26][com.facebook.buck.util.environment.MacNetworkConfiguration] Determine active state of media for device
[2017-10-04 15:23:26.788][debug][command:null][tid:26][com.facebook.buck.util.environment.MacNetworkConfiguration] Determine active state of media for device
[2017-10-04 15:23:26.788][debug][command:null][tid:26][com.facebook.buck.util.ListeningProcessExecutor] Launching process with params ProcessExecutorParams{command=[networksetup, -getMedia, en9]}
[2017-10-04 15:23:26.788][debug][command:null][tid:26][com.facebook.buck.util.ListeningProcessExecutor] Launching process with params ProcessExecutorParams{command=[networksetup, -getMedia, en9]}
[2017-10-04 15:23:26.790][debug][command:null][tid:26][com.facebook.buck.util.ListeningProcessExecutor] Successfully launched process com.zaxxer.nuprocess.osx.OsxProcess@4eeb9dd3
[2017-10-04 15:23:26.790][debug][command:null][tid:26][com.facebook.buck.util.ListeningProcessExecutor] Successfully launched process com.zaxxer.nuprocess.osx.OsxProcess@4eeb9dd3
[2017-10-04 15:23:26.792][debug][command:null][tid:26][com.facebook.buck.util.ListeningProcessExecutor] Waiting for process com.facebook.buck.util.ListeningProcessExecutor$LaunchedProcessImpl@436a978 timeout 1000 MILLISECONDS
[2017-10-04 15:23:26.792][debug][command:null][tid:26][com.facebook.buck.util.ListeningProcessExecutor] Waiting for process com.facebook.buck.util.ListeningProcessExecutor$LaunchedProcessImpl@436a978 timeout 1000 MILLISECONDS
[2017-10-04 15:23:26.828][debug][command:null][tid:26][com.facebook.buck.util.ListeningProcessExecutor] Wait for process returned 4
[2017-10-04 15:23:26.828][debug][command:null][tid:26][com.facebook.buck.util.ListeningProcessExecutor] Wait for process returned 4
[2017-10-04 15:23:26.828][debug][command:null][tid:26][com.facebook.buck.util.ListeningProcessExecutor] Destroying process com.facebook.buck.util.ListeningProcessExecutor$LaunchedProcessImpl@436a978 (force true)
[2017-10-04 15:23:26.828][debug][command:null][tid:26][com.facebook.buck.util.ListeningProcessExecutor] Destroying process com.facebook.buck.util.ListeningProcessExecutor$LaunchedProcessImpl@436a978 (force true)
[2017-10-04 15:23:26.828][debug][command:null][tid:26][com.facebook.buck.util.environment.MacNetworkConfiguration] Determine active state of media for device
[2017-10-04 15:23:26.828][debug][command:null][tid:26][com.facebook.buck.util.environment.MacNetworkConfiguration] Determine active state of media for device
[2017-10-04 15:23:26.828][debug][command:null][tid:26][com.facebook.buck.util.ListeningProcessExecutor] Launching process with params ProcessExecutorParams{command=[networksetup, -getMedia, en12]}
[2017-10-04 15:23:26.828][debug][command:null][tid:26][com.facebook.buck.util.ListeningProcessExecutor] Launching process with params ProcessExecutorParams{command=[networksetup, -getMedia, en12]}
[2017-10-04 15:23:26.830][debug][command:null][tid:26][com.facebook.buck.util.ListeningProcessExecutor] Successfully launched process com.zaxxer.nuprocess.osx.OsxProcess@1e9b5b1e
[2017-10-04 15:23:26.830][debug][command:null][tid:26][com.facebook.buck.util.ListeningProcessExecutor] Successfully launched process com.zaxxer.nuprocess.osx.OsxProcess@1e9b5b1e
[2017-10-04 15:23:26.832][debug][command:null][tid:26][com.facebook.buck.util.ListeningProcessExecutor] Waiting for process com.facebook.buck.util.ListeningProcessExecutor$LaunchedProcessImpl@616fef79 timeout 1000 MILLISECONDS
[2017-10-04 15:23:26.832][debug][command:null][tid:26][com.facebook.buck.util.ListeningProcessExecutor] Waiting for process com.facebook.buck.util.ListeningProcessExecutor$LaunchedProcessImpl@616fef79 timeout 1000 MILLISECONDS
[2017-10-04 15:23:26.868][debug][command:null][tid:26][com.facebook.buck.util.ListeningProcessExecutor] Wait for process returned 4
[2017-10-04 15:23:26.868][debug][command:null][tid:26][com.facebook.buck.util.ListeningProcessExecutor] Wait for process returned 4
[2017-10-04 15:23:26.869][debug][command:null][tid:26][com.facebook.buck.util.ListeningProcessExecutor] Destroying process com.facebook.buck.util.ListeningProcessExecutor$LaunchedProcessImpl@616fef79 (force true)
[2017-10-04 15:23:26.869][debug][command:null][tid:26][com.facebook.buck.util.ListeningProcessExecutor] Destroying process com.facebook.buck.util.ListeningProcessExecutor$LaunchedProcessImpl@616fef79 (force true)
[2017-10-04 15:23:26.869][debug][command:null][tid:26][com.facebook.buck.util.environment.MacNetworkConfiguration] Determine active state of media for device
[2017-10-04 15:23:26.869][debug][command:null][tid:26][com.facebook.buck.util.environment.MacNetworkConfiguration] Determine active state of media for device
[2017-10-04 15:23:26.869][debug][command:null][tid:26][com.facebook.buck.util.ListeningProcessExecutor] Launching process with params ProcessExecutorParams{command=[networksetup, -getMedia, en10]}
[2017-10-04 15:23:26.869][debug][command:null][tid:26][com.facebook.buck.util.ListeningProcessExecutor] Launching process with params ProcessExecutorParams{command=[networksetup, -getMedia, en10]}
[2017-10-04 15:23:26.871][debug][command:null][tid:26][com.facebook.buck.util.ListeningProcessExecutor] Successfully launched process com.zaxxer.nuprocess.osx.OsxProcess@7378e382
[2017-10-04 15:23:26.871][debug][command:null][tid:26][com.facebook.buck.util.ListeningProcessExecutor] Successfully launched process com.zaxxer.nuprocess.osx.OsxProcess@7378e382
[2017-10-04 15:23:26.873][debug][command:null][tid:26][com.facebook.buck.util.ListeningProcessExecutor] Waiting for process com.facebook.buck.util.ListeningProcessExecutor$LaunchedProcessImpl@6b3190f timeout 1000 MILLISECONDS
[2017-10-04 15:23:26.873][debug][command:null][tid:26][com.facebook.buck.util.ListeningProcessExecutor] Waiting for process com.facebook.buck.util.ListeningProcessExecutor$LaunchedProcessImpl@6b3190f timeout 1000 MILLISECONDS
[2017-10-04 15:23:26.912][debug][command:null][tid:26][com.facebook.buck.util.ListeningProcessExecutor] Wait for process returned 4
[2017-10-04 15:23:26.912][debug][command:null][tid:26][com.facebook.buck.util.ListeningProcessExecutor] Wait for process returned 4
[2017-10-04 15:23:26.912][debug][command:null][tid:26][com.facebook.buck.util.ListeningProcessExecutor] Destroying process com.facebook.buck.util.ListeningProcessExecutor$LaunchedProcessImpl@6b3190f (force true)
[2017-10-04 15:23:26.912][debug][command:null][tid:26][com.facebook.buck.util.ListeningProcessExecutor] Destroying process com.facebook.buck.util.ListeningProcessExecutor$LaunchedProcessImpl@6b3190f (force true)
[2017-10-04 15:23:26.913][debug][command:null][tid:26][com.facebook.buck.util.environment.MacNetworkConfiguration] Determine active state of media for device
[2017-10-04 15:23:26.913][debug][command:null][tid:26][com.facebook.buck.util.environment.MacNetworkConfiguration] Determine active state of media for device
[2017-10-04 15:23:26.913][debug][command:null][tid:26][com.facebook.buck.util.ListeningProcessExecutor] Launching process with params ProcessExecutorParams{command=[networksetup, -getMedia, fw0]}
[2017-10-04 15:23:26.913][debug][command:null][tid:26][com.facebook.buck.util.ListeningProcessExecutor] Launching process with params ProcessExecutorParams{command=[networksetup, -getMedia, fw0]}
[2017-10-04 15:23:26.915][debug][command:null][tid:26][com.facebook.buck.util.ListeningProcessExecutor] Successfully launched process com.zaxxer.nuprocess.osx.OsxProcess@18b93a87
[2017-10-04 15:23:26.915][debug][command:null][tid:26][com.facebook.buck.util.ListeningProcessExecutor] Successfully launched process com.zaxxer.nuprocess.osx.OsxProcess@18b93a87
[2017-10-04 15:23:26.916][debug][command:null][tid:26][com.facebook.buck.util.ListeningProcessExecutor] Waiting for process com.facebook.buck.util.ListeningProcessExecutor$LaunchedProcessImpl@2c69bee1 timeout 1000 MILLISECONDS
[2017-10-04 15:23:26.916][debug][command:null][tid:26][com.facebook.buck.util.ListeningProcessExecutor] Waiting for process com.facebook.buck.util.ListeningProcessExecutor$LaunchedProcessImpl@2c69bee1 timeout 1000 MILLISECONDS
[2017-10-04 15:23:26.917][debug][command:c67bbeef-8d60-49b9-9eb9-9cc9474c27d3][tid:01][com.facebook.buck.apple.project_generator.XCodeProjectCommandHelper] Xcode project generation: Getting the target graph
[2017-10-04 15:23:26.951][debug][command:null][tid:26][com.facebook.buck.util.ListeningProcessExecutor] Wait for process returned 4
[2017-10-04 15:23:26.951][debug][command:null][tid:26][com.facebook.buck.util.ListeningProcessExecutor] Wait for process returned 4
[2017-10-04 15:23:26.951][debug][command:null][tid:26][com.facebook.buck.util.ListeningProcessExecutor] Destroying process com.facebook.buck.util.ListeningProcessExecutor$LaunchedProcessImpl@2c69bee1 (force true)
[2017-10-04 15:23:26.951][debug][command:null][tid:26][com.facebook.buck.util.ListeningProcessExecutor] Destroying process com.facebook.buck.util.ListeningProcessExecutor$LaunchedProcessImpl@2c69bee1 (force true)
[2017-10-04 15:23:26.951][debug][command:null][tid:26][com.facebook.buck.util.environment.MacNetworkConfiguration] Determine active state of media for device
[2017-10-04 15:23:26.951][debug][command:null][tid:26][com.facebook.buck.util.environment.MacNetworkConfiguration] Determine active state of media for device
[2017-10-04 15:23:26.952][debug][command:null][tid:26][com.facebook.buck.util.ListeningProcessExecutor] Launching process with params ProcessExecutorParams{command=[networksetup, -getMedia, en0]}
[2017-10-04 15:23:26.952][debug][command:null][tid:26][com.facebook.buck.util.ListeningProcessExecutor] Launching process with params ProcessExecutorParams{command=[networksetup, -getMedia, en0]}
[2017-10-04 15:23:26.953][debug][command:null][tid:26][com.facebook.buck.util.ListeningProcessExecutor] Successfully launched process com.zaxxer.nuprocess.osx.OsxProcess@49775989
[2017-10-04 15:23:26.953][debug][command:null][tid:26][com.facebook.buck.util.ListeningProcessExecutor] Successfully launched process com.zaxxer.nuprocess.osx.OsxProcess@49775989
[2017-10-04 15:23:26.955][debug][command:null][tid:26][com.facebook.buck.util.ListeningProcessExecutor] Waiting for process com.facebook.buck.util.ListeningProcessExecutor$LaunchedProcessImpl@57125ac9 timeout 1000 MILLISECONDS
[2017-10-04 15:23:26.955][debug][command:null][tid:26][com.facebook.buck.util.ListeningProcessExecutor] Waiting for process com.facebook.buck.util.ListeningProcessExecutor$LaunchedProcessImpl@57125ac9 timeout 1000 MILLISECONDS
[2017-10-04 15:23:26.992][debug][command:null][tid:26][com.facebook.buck.util.ListeningProcessExecutor] Wait for process returned 0
[2017-10-04 15:23:26.992][debug][command:null][tid:26][com.facebook.buck.util.ListeningProcessExecutor] Wait for process returned 0
[2017-10-04 15:23:26.993][debug][command:null][tid:26][com.facebook.buck.util.ListeningProcessExecutor] Destroying process com.facebook.buck.util.ListeningProcessExecutor$LaunchedProcessImpl@57125ac9 (force true)
[2017-10-04 15:23:26.993][debug][command:null][tid:26][com.facebook.buck.util.ListeningProcessExecutor] Destroying process com.facebook.buck.util.ListeningProcessExecutor$LaunchedProcessImpl@57125ac9 (force true)
[2017-10-04 15:23:26.993][debug][command:null][tid:26][com.facebook.buck.util.environment.MacNetworkConfiguration] Determine WiFi SSID of device
[2017-10-04 15:23:26.993][debug][command:null][tid:26][com.facebook.buck.util.environment.MacNetworkConfiguration] Determine WiFi SSID of device
[2017-10-04 15:23:26.993][debug][command:null][tid:26][com.facebook.buck.util.ListeningProcessExecutor] Launching process with params ProcessExecutorParams{command=[networksetup, -getairportnetwork, en0]}
[2017-10-04 15:23:26.993][debug][command:null][tid:26][com.facebook.buck.util.ListeningProcessExecutor] Launching process with params ProcessExecutorParams{command=[networksetup, -getairportnetwork, en0]}
[2017-10-04 15:23:26.995][debug][command:null][tid:26][com.facebook.buck.util.ListeningProcessExecutor] Successfully launched process com.zaxxer.nuprocess.osx.OsxProcess@62e2fae
[2017-10-04 15:23:26.995][debug][command:null][tid:26][com.facebook.buck.util.ListeningProcessExecutor] Successfully launched process com.zaxxer.nuprocess.osx.OsxProcess@62e2fae
[2017-10-04 15:23:26.996][debug][command:null][tid:26][com.facebook.buck.util.ListeningProcessExecutor] Waiting for process com.facebook.buck.util.ListeningProcessExecutor$LaunchedProcessImpl@67d1173c timeout 1000 MILLISECONDS
[2017-10-04 15:23:26.996][debug][command:null][tid:26][com.facebook.buck.util.ListeningProcessExecutor] Waiting for process com.facebook.buck.util.ListeningProcessExecutor$LaunchedProcessImpl@67d1173c timeout 1000 MILLISECONDS
[2017-10-04 15:23:27.042][debug][command:null][tid:26][com.facebook.buck.util.ListeningProcessExecutor] Wait for process returned 0
[2017-10-04 15:23:27.042][debug][command:null][tid:26][com.facebook.buck.util.ListeningProcessExecutor] Wait for process returned 0
[2017-10-04 15:23:27.042][debug][command:null][tid:26][com.facebook.buck.util.ListeningProcessExecutor] Destroying process com.facebook.buck.util.ListeningProcessExecutor$LaunchedProcessImpl@67d1173c (force true)
[2017-10-04 15:23:27.042][debug][command:null][tid:26][com.facebook.buck.util.ListeningProcessExecutor] Destroying process com.facebook.buck.util.ListeningProcessExecutor$LaunchedProcessImpl@67d1173c (force true)
[2017-10-04 15:23:27.046][info ][command:null][tid:26][com.facebook.buck.util.versioncontrol.VersionControlStatsGenerator] Starting generation of version control stats.
[2017-10-04 15:23:27.046][info ][command:null][tid:26][com.facebook.buck.util.versioncontrol.VersionControlStatsGenerator] Starting generation of version control stats.
[2017-10-04 15:23:27.046][warn ][command:null][tid:26][com.facebook.buck.util.versioncontrol.VersionControlStatsGenerator] Skipping generation of version control stats as unsupported repository type.
[2017-10-04 15:23:27.046][warn ][command:null][tid:26][com.facebook.buck.util.versioncontrol.VersionControlStatsGenerator] Skipping generation of version control stats as unsupported repository type.
[2017-10-04 15:23:27.051][debug][command:c67bbeef-8d60-49b9-9eb9-9cc9474c27d3][tid:01][com.facebook.buck.parser.DaemonicParserState] Starting to invalidate caches for /Users/kieranlafferty/Desktop/BuckTest..
[2017-10-04 15:23:27.051][debug][command:c67bbeef-8d60-49b9-9eb9-9cc9474c27d3][tid:01][com.facebook.buck.parser.DaemonicParserState] Cell caches were empty, no data invalidated.
[2017-10-04 15:23:27.080][debug][command:c67bbeef-8d60-49b9-9eb9-9cc9474c27d3][tid:32][com.facebook.buck.io.ExecutableFinder] Executable 'python2' mapped to 'Optional.empty'
[2017-10-04 15:23:27.081][debug][command:c67bbeef-8d60-49b9-9eb9-9cc9474c27d3][tid:32][com.facebook.buck.io.ExecutableFinder] Executable 'python' mapped to 'Optional[/usr/bin/python]'
[2017-10-04 15:23:27.114][debug][command:c67bbeef-8d60-49b9-9eb9-9cc9474c27d3][tid:32][com.facebook.buck.apple.AppleCxxPlatforms] SDK AppleSdk{name=appletvos11.0, version=11.0, applePlatform=ApplePlatform{name=appletvos, provisioningProfileName=tvOS, architectures=[arm64], minVersionFlagPrefix=-mtvos-version-min=, appIncludesFrameworks=false}, architectures=[arm64], toolchains=[AppleToolchain{identifier=com.apple.dt.toolchain.XcodeDefault, path=/Applications/Xcode.app/Contents/Developer/Toolchains/XcodeDefault.xctoolchain}]} using default version 11.0
[2017-10-04 15:23:27.121][debug][command:c67bbeef-8d60-49b9-9eb9-9cc9474c27d3][tid:32][com.facebook.buck.apple.AppleCxxPlatforms] Xcode build version is: 9A235
[2017-10-04 15:23:27.156][debug][command:c67bbeef-8d60-49b9-9eb9-9cc9474c27d3][tid:32][com.facebook.buck.apple.AppleCxxPlatforms] Apple toolchain path: /Applications/Xcode.app/Contents/Developer/Toolchains/XcodeDefault.xctoolchain
[2017-10-04 15:23:27.163][debug][command:c67bbeef-8d60-49b9-9eb9-9cc9474c27d3][tid:32][com.facebook.buck.apple.AppleCxxPlatforms] Headers verification platform whitelist: [^\Q/Applications/Xcode.app/Contents/Developer/Platforms/AppleTVOS.platform/Developer/Library/Frameworks\E\/.*, ^\Q/Applications/Xcode.app/Contents/Developer/Platforms/AppleTVOS.platform/Developer/SDKs/AppleTVOS.sdk\E\/.*, ^\Q/Applications/Xcode.app/Contents/Developer/Toolchains/XcodeDefault.xctoolchain\E\/.*]
[2017-10-04 15:23:27.194][debug][command:c67bbeef-8d60-49b9-9eb9-9cc9474c27d3][tid:32][com.facebook.buck.apple.AppleCxxPlatforms] SDK AppleSdk{name=appletvsimulator11.0, version=11.0, applePlatform=ApplePlatform{name=appletvsimulator, swiftName=tvos, architectures=[x86_64], minVersionFlagPrefix=-mtvos-simulator-version-min=, appIncludesFrameworks=false}, architectures=[x86_64], toolchains=[AppleToolchain{identifier=com.apple.dt.toolchain.XcodeDefault, path=/Applications/Xcode.app/Contents/Developer/Toolchains/XcodeDefault.xctoolchain}]} using default version 11.0
[2017-10-04 15:23:27.195][debug][command:c67bbeef-8d60-49b9-9eb9-9cc9474c27d3][tid:32][com.facebook.buck.apple.AppleCxxPlatforms] Xcode build version is: 9A235
[2017-10-04 15:23:27.198][warn ][command:c67bbeef-8d60-49b9-9eb9-9cc9474c27d3][tid:32][com.facebook.buck.apple.AppleCxxPlatforms] /Applications/Xcode.app/Contents/Developer/Platforms/AppleTVSimulator.platform/version.plist does not exist. Build version will be unset for this platform.
[2017-10-04 15:23:27.198][debug][command:c67bbeef-8d60-49b9-9eb9-9cc9474c27d3][tid:32][com.facebook.buck.apple.AppleCxxPlatforms] Apple toolchain path: /Applications/Xcode.app/Contents/Developer/Toolchains/XcodeDefault.xctoolchain
[2017-10-04 15:23:27.198][debug][command:c67bbeef-8d60-49b9-9eb9-9cc9474c27d3][tid:32][com.facebook.buck.apple.AppleCxxPlatforms] Headers verification platform whitelist: [^\Q/Applications/Xcode.app/Contents/Developer/Platforms/AppleTVSimulator.platform/Developer/Library/Frameworks\E\/.*, ^\Q/Applications/Xcode.app/Contents/Developer/Platforms/AppleTVSimulator.platform/Developer/SDKs/AppleTVSimulator.sdk\E\/.*, ^\Q/Applications/Xcode.app/Contents/Developer/Toolchains/XcodeDefault.xctoolchain\E\/.*]
[2017-10-04 15:23:27.199][debug][command:c67bbeef-8d60-49b9-9eb9-9cc9474c27d3][tid:32][com.facebook.buck.apple.AppleCxxPlatforms] SDK AppleSdk{name=iphoneos11.0, version=11.0, applePlatform=ApplePlatform{name=iphoneos, swiftName=ios, provisioningProfileName=iOS, architectures=[armv7, arm64], minVersionFlagPrefix=-mios-version-min=, stubBinaryPath=Library/Application Support/WatchKit/WK, appIncludesFrameworks=false}, architectures=[armv7, arm64], toolchains=[AppleToolchain{identifier=com.apple.dt.toolchain.XcodeDefault, path=/Applications/Xcode.app/Contents/Developer/Toolchains/XcodeDefault.xctoolchain}]} using default version 10.0
[2017-10-04 15:23:27.200][debug][command:c67bbeef-8d60-49b9-9eb9-9cc9474c27d3][tid:32][com.facebook.buck.apple.AppleCxxPlatforms] Xcode build version is: 9A235
[2017-10-04 15:23:27.205][debug][command:c67bbeef-8d60-49b9-9eb9-9cc9474c27d3][tid:32][com.facebook.buck.apple.AppleCxxPlatforms] Apple toolchain path: /Applications/Xcode.app/Contents/Developer/Toolchains/XcodeDefault.xctoolchain
[2017-10-04 15:23:27.205][debug][command:c67bbeef-8d60-49b9-9eb9-9cc9474c27d3][tid:32][com.facebook.buck.apple.AppleCxxPlatforms] Headers verification platform whitelist: [^\Q/Applications/Xcode.app/Contents/Developer/Platforms/iPhoneOS.platform/Developer/Library/Frameworks\E\/.*, ^\Q/Applications/Xcode.app/Contents/Developer/Platforms/iPhoneOS.platform/Developer/SDKs/iPhoneOS.sdk\E\/.*, ^\Q/Applications/Xcode.app/Contents/Developer/Toolchains/XcodeDefault.xctoolchain\E\/.*]
[2017-10-04 15:23:27.207][debug][command:c67bbeef-8d60-49b9-9eb9-9cc9474c27d3][tid:32][com.facebook.buck.apple.AppleCxxPlatforms] Xcode build version is: 9A235
[2017-10-04 15:23:27.210][debug][command:c67bbeef-8d60-49b9-9eb9-9cc9474c27d3][tid:32][com.facebook.buck.apple.AppleCxxPlatforms] Apple toolchain path: /Applications/Xcode.app/Contents/Developer/Toolchains/XcodeDefault.xctoolchain
[2017-10-04 15:23:27.210][debug][command:c67bbeef-8d60-49b9-9eb9-9cc9474c27d3][tid:32][com.facebook.buck.apple.AppleCxxPlatforms] Headers verification platform whitelist: [^\Q/Applications/Xcode.app/Contents/Developer/Platforms/iPhoneOS.platform/Developer/Library/Frameworks\E\/.*, ^\Q/Applications/Xcode.app/Contents/Developer/Platforms/iPhoneOS.platform/Developer/SDKs/iPhoneOS.sdk\E\/.*, ^\Q/Applications/Xcode.app/Contents/Developer/Toolchains/XcodeDefault.xctoolchain\E\/.*]
[2017-10-04 15:23:27.211][debug][command:c67bbeef-8d60-49b9-9eb9-9cc9474c27d3][tid:32][com.facebook.buck.apple.AppleCxxPlatforms] SDK AppleSdk{name=iphonesimulator11.0, version=11.0, applePlatform=ApplePlatform{name=iphonesimulator, swiftName=ios, architectures=[i386, x86_64], minVersionFlagPrefix=-mios-simulator-version-min=, stubBinaryPath=Library/Application Support/WatchKit/WK, appIncludesFrameworks=false}, architectures=[i386, x86_64], toolchains=[AppleToolchain{identifier=com.apple.dt.toolchain.XcodeDefault, path=/Applications/Xcode.app/Contents/Developer/Toolchains/XcodeDefault.xctoolchain}]} using default version 10.0
[2017-10-04 15:23:27.212][debug][command:c67bbeef-8d60-49b9-9eb9-9cc9474c27d3][tid:32][com.facebook.buck.apple.AppleCxxPlatforms] Xcode build version is: 9A235
[2017-10-04 15:23:27.214][warn ][command:c67bbeef-8d60-49b9-9eb9-9cc9474c27d3][tid:32][com.facebook.buck.apple.AppleCxxPlatforms] /Applications/Xcode.app/Contents/Developer/Platforms/iPhoneSimulator.platform/version.plist does not exist. Build version will be unset for this platform.
[2017-10-04 15:23:27.214][debug][command:c67bbeef-8d60-49b9-9eb9-9cc9474c27d3][tid:32][com.facebook.buck.apple.AppleCxxPlatforms] Apple toolchain path: /Applications/Xcode.app/Contents/Developer/Toolchains/XcodeDefault.xctoolchain
[2017-10-04 15:23:27.214][debug][command:c67bbeef-8d60-49b9-9eb9-9cc9474c27d3][tid:32][com.facebook.buck.apple.AppleCxxPlatforms] Headers verification platform whitelist: [^\Q/Applications/Xcode.app/Contents/Developer/Platforms/iPhoneSimulator.platform/Developer/Library/Frameworks\E\/.*, ^\Q/Applications/Xcode.app/Contents/Developer/Platforms/iPhoneSimulator.platform/Developer/SDKs/iPhoneSimulator.sdk\E\/.*, ^\Q/Applications/Xcode.app/Contents/Developer/Toolchains/XcodeDefault.xctoolchain\E\/.*]
[2017-10-04 15:23:27.216][debug][command:c67bbeef-8d60-49b9-9eb9-9cc9474c27d3][tid:32][com.facebook.buck.apple.AppleCxxPlatforms] Xcode build version is: 9A235
[2017-10-04 15:23:27.218][warn ][command:c67bbeef-8d60-49b9-9eb9-9cc9474c27d3][tid:32][com.facebook.buck.apple.AppleCxxPlatforms] /Applications/Xcode.app/Contents/Developer/Platforms/iPhoneSimulator.platform/version.plist does not exist. Build version will be unset for this platform.
[2017-10-04 15:23:27.218][debug][command:c67bbeef-8d60-49b9-9eb9-9cc9474c27d3][tid:32][com.facebook.buck.apple.AppleCxxPlatforms] Apple toolchain path: /Applications/Xcode.app/Contents/Developer/Toolchains/XcodeDefault.xctoolchain
[2017-10-04 15:23:27.218][debug][command:c67bbeef-8d60-49b9-9eb9-9cc9474c27d3][tid:32][com.facebook.buck.apple.AppleCxxPlatforms] Headers verification platform whitelist: [^\Q/Applications/Xcode.app/Contents/Developer/Platforms/iPhoneSimulator.platform/Developer/Library/Frameworks\E\/.*, ^\Q/Applications/Xcode.app/Contents/Developer/Platforms/iPhoneSimulator.platform/Developer/SDKs/iPhoneSimulator.sdk\E\/.*, ^\Q/Applications/Xcode.app/Contents/Developer/Toolchains/XcodeDefault.xctoolchain\E\/.*]
[2017-10-04 15:23:27.219][debug][command:c67bbeef-8d60-49b9-9eb9-9cc9474c27d3][tid:32][com.facebook.buck.apple.AppleCxxPlatforms] SDK AppleSdk{name=macosx10.13, version=10.13, applePlatform=ApplePlatform{name=macosx, architectures=[i386, x86_64], minVersionFlagPrefix=-mmacosx-version-min=, appIncludesFrameworks=true}, architectures=[i386, x86_64], toolchains=[AppleToolchain{identifier=com.apple.dt.toolchain.XcodeDefault, path=/Applications/Xcode.app/Contents/Developer/Toolchains/XcodeDefault.xctoolchain}]} using default version 10.13
[2017-10-04 15:23:27.220][debug][command:c67bbeef-8d60-49b9-9eb9-9cc9474c27d3][tid:32][com.facebook.buck.apple.AppleCxxPlatforms] Xcode build version is: 9A235
[2017-10-04 15:23:27.224][warn ][command:c67bbeef-8d60-49b9-9eb9-9cc9474c27d3][tid:32][com.facebook.buck.apple.AppleCxxPlatforms] In /Applications/Xcode.app/Contents/Developer/Platforms/MacOSX.platform/version.plist, missing ProductBuildVersion. Build version will be unset for this platform.
[2017-10-04 15:23:27.224][debug][command:c67bbeef-8d60-49b9-9eb9-9cc9474c27d3][tid:32][com.facebook.buck.apple.AppleCxxPlatforms] Apple toolchain path: /Applications/Xcode.app/Contents/Developer/Toolchains/XcodeDefault.xctoolchain
[2017-10-04 15:23:27.224][debug][command:c67bbeef-8d60-49b9-9eb9-9cc9474c27d3][tid:32][com.facebook.buck.apple.AppleCxxPlatforms] Headers verification platform whitelist: [^\Q/Applications/Xcode.app/Contents/Developer/Platforms/MacOSX.platform/Developer/Library/Frameworks\E\/.*, ^\Q/Applications/Xcode.app/Contents/Developer/Platforms/MacOSX.platform/Developer/SDKs/MacOSX.sdk\E\/.*, ^\Q/Applications/Xcode.app/Contents/Developer/Toolchains/XcodeDefault.xctoolchain\E\/.*]
[2017-10-04 15:23:27.226][debug][command:c67bbeef-8d60-49b9-9eb9-9cc9474c27d3][tid:32][com.facebook.buck.apple.AppleCxxPlatforms] Xcode build version is: 9A235
[2017-10-04 15:23:27.229][warn ][command:c67bbeef-8d60-49b9-9eb9-9cc9474c27d3][tid:32][com.facebook.buck.apple.AppleCxxPlatforms] In /Applications/Xcode.app/Contents/Developer/Platforms/MacOSX.platform/version.plist, missing ProductBuildVersion. Build version will be unset for this platform.
[2017-10-04 15:23:27.229][debug][command:c67bbeef-8d60-49b9-9eb9-9cc9474c27d3][tid:32][com.facebook.buck.apple.AppleCxxPlatforms] Apple toolchain path: /Applications/Xcode.app/Contents/Developer/Toolchains/XcodeDefault.xctoolchain
[2017-10-04 15:23:27.229][debug][command:c67bbeef-8d60-49b9-9eb9-9cc9474c27d3][tid:32][com.facebook.buck.apple.AppleCxxPlatforms] Headers verification platform whitelist: [^\Q/Applications/Xcode.app/Contents/Developer/Platforms/MacOSX.platform/Developer/Library/Frameworks\E\/.*, ^\Q/Applications/Xcode.app/Contents/Developer/Platforms/MacOSX.platform/Developer/SDKs/MacOSX.sdk\E\/.*, ^\Q/Applications/Xcode.app/Contents/Developer/Toolchains/XcodeDefault.xctoolchain\E\/.*]
[2017-10-04 15:23:27.230][debug][command:c67bbeef-8d60-49b9-9eb9-9cc9474c27d3][tid:32][com.facebook.buck.apple.AppleCxxPlatforms] SDK AppleSdk{name=watchos4.0, version=4.0, applePlatform=ApplePlatform{name=watchos, provisioningProfileName=iOS, architectures=[armv7k], minVersionFlagPrefix=-mwatchos-version-min=, stubBinaryPath=Library/Application Support/WatchKit/WK, appIncludesFrameworks=false}, architectures=[armv7k], toolchains=[AppleToolchain{identifier=com.apple.dt.toolchain.XcodeDefault, path=/Applications/Xcode.app/Contents/Developer/Toolchains/XcodeDefault.xctoolchain}]} using default version 4.0
[2017-10-04 15:23:27.231][debug][command:c67bbeef-8d60-49b9-9eb9-9cc9474c27d3][tid:32][com.facebook.buck.apple.AppleCxxPlatforms] Xcode build version is: 9A235
[2017-10-04 15:23:27.234][debug][command:c67bbeef-8d60-49b9-9eb9-9cc9474c27d3][tid:32][com.facebook.buck.apple.AppleCxxPlatforms] Apple toolchain path: /Applications/Xcode.app/Contents/Developer/Toolchains/XcodeDefault.xctoolchain
[2017-10-04 15:23:27.235][debug][command:c67bbeef-8d60-49b9-9eb9-9cc9474c27d3][tid:32][com.facebook.buck.apple.AppleCxxPlatforms] Headers verification platform whitelist: [^\Q/Applications/Xcode.app/Contents/Developer/Platforms/WatchOS.platform/Developer/Library/Frameworks\E\/.*, ^\Q/Applications/Xcode.app/Contents/Developer/Platforms/WatchOS.platform/Developer/SDKs/WatchOS.sdk\E\/.*, ^\Q/Applications/Xcode.app/Contents/Developer/Toolchains/XcodeDefault.xctoolchain\E\/.*]
[2017-10-04 15:23:27.236][debug][command:c67bbeef-8d60-49b9-9eb9-9cc9474c27d3][tid:32][com.facebook.buck.apple.AppleCxxPlatforms] SDK AppleSdk{name=watchsimulator4.0, version=4.0, applePlatform=ApplePlatform{name=watchsimulator, architectures=[i386], minVersionFlagPrefix=-mwatchos-simulator-version-min=, stubBinaryPath=Library/Application Support/WatchKit/WK, appIncludesFrameworks=false}, architectures=[i386], toolchains=[AppleToolchain{identifier=com.apple.dt.toolchain.XcodeDefault, path=/Applications/Xcode.app/Contents/Developer/Toolchains/XcodeDefault.xctoolchain}]} using default version 4.0
[2017-10-04 15:23:27.236][debug][command:c67bbeef-8d60-49b9-9eb9-9cc9474c27d3][tid:32][com.facebook.buck.apple.AppleCxxPlatforms] Xcode build version is: 9A235
[2017-10-04 15:23:27.240][debug][command:c67bbeef-8d60-49b9-9eb9-9cc9474c27d3][tid:32][com.facebook.buck.apple.AppleCxxPlatforms] Apple toolchain path: /Applications/Xcode.app/Contents/Developer/Toolchains/XcodeDefault.xctoolchain
[2017-10-04 15:23:27.240][debug][command:c67bbeef-8d60-49b9-9eb9-9cc9474c27d3][tid:32][com.facebook.buck.apple.AppleCxxPlatforms] Headers verification platform whitelist: [^\Q/Applications/Xcode.app/Contents/Developer/Platforms/WatchSimulator.platform/Developer/Library/Frameworks\E\/.*, ^\Q/Applications/Xcode.app/Contents/Developer/Platforms/WatchSimulator.platform/Developer/SDKs/WatchSimulator.sdk\E\/.*, ^\Q/Applications/Xcode.app/Contents/Developer/Toolchains/XcodeDefault.xctoolchain\E\/.*]
[2017-10-04 15:23:27.241][debug][command:c67bbeef-8d60-49b9-9eb9-9cc9474c27d3][tid:32][com.facebook.buck.apple.AppleCxxPlatforms] SDK AppleSdk{name=appletvos, version=11.0, applePlatform=ApplePlatform{name=appletvos, provisioningProfileName=tvOS, architectures=[arm64], minVersionFlagPrefix=-mtvos-version-min=, appIncludesFrameworks=false}, architectures=[arm64], toolchains=[AppleToolchain{identifier=com.apple.dt.toolchain.XcodeDefault, path=/Applications/Xcode.app/Contents/Developer/Toolchains/XcodeDefault.xctoolchain}]} using default version 11.0
[2017-10-04 15:23:27.242][debug][command:c67bbeef-8d60-49b9-9eb9-9cc9474c27d3][tid:32][com.facebook.buck.apple.AppleCxxPlatforms] Xcode build version is: 9A235
[2017-10-04 15:23:27.244][debug][command:c67bbeef-8d60-49b9-9eb9-9cc9474c27d3][tid:32][com.facebook.buck.apple.AppleCxxPlatforms] Apple toolchain path: /Applications/Xcode.app/Contents/Developer/Toolchains/XcodeDefault.xctoolchain
[2017-10-04 15:23:27.245][debug][command:c67bbeef-8d60-49b9-9eb9-9cc9474c27d3][tid:32][com.facebook.buck.apple.AppleCxxPlatforms] Headers verification platform whitelist: [^\Q/Applications/Xcode.app/Contents/Developer/Platforms/AppleTVOS.platform/Developer/Library/Frameworks\E\/.*, ^\Q/Applications/Xcode.app/Contents/Developer/Platforms/AppleTVOS.platform/Developer/SDKs/AppleTVOS.sdk\E\/.*, ^\Q/Applications/Xcode.app/Contents/Developer/Toolchains/XcodeDefault.xctoolchain\E\/.*]
[2017-10-04 15:23:27.246][debug][command:c67bbeef-8d60-49b9-9eb9-9cc9474c27d3][tid:32][com.facebook.buck.apple.AppleCxxPlatforms] SDK AppleSdk{name=appletvsimulator, version=11.0, applePlatform=ApplePlatform{name=appletvsimulator, swiftName=tvos, architectures=[x86_64], minVersionFlagPrefix=-mtvos-simulator-version-min=, appIncludesFrameworks=false}, architectures=[x86_64], toolchains=[AppleToolchain{identifier=com.apple.dt.toolchain.XcodeDefault, path=/Applications/Xcode.app/Contents/Developer/Toolchains/XcodeDefault.xctoolchain}]} using default version 11.0
[2017-10-04 15:23:27.246][debug][command:c67bbeef-8d60-49b9-9eb9-9cc9474c27d3][tid:32][com.facebook.buck.apple.AppleCxxPlatforms] Xcode build version is: 9A235
[2017-10-04 15:23:27.247][warn ][command:c67bbeef-8d60-49b9-9eb9-9cc9474c27d3][tid:32][com.facebook.buck.apple.AppleCxxPlatforms] /Applications/Xcode.app/Contents/Developer/Platforms/AppleTVSimulator.platform/version.plist does not exist. Build version will be unset for this platform.
[2017-10-04 15:23:27.247][debug][command:c67bbeef-8d60-49b9-9eb9-9cc9474c27d3][tid:32][com.facebook.buck.apple.AppleCxxPlatforms] Apple toolchain path: /Applications/Xcode.app/Contents/Developer/Toolchains/XcodeDefault.xctoolchain
[2017-10-04 15:23:27.248][debug][command:c67bbeef-8d60-49b9-9eb9-9cc9474c27d3][tid:32][com.facebook.buck.apple.AppleCxxPlatforms] Headers verification platform whitelist: [^\Q/Applications/Xcode.app/Contents/Developer/Platforms/AppleTVSimulator.platform/Developer/Library/Frameworks\E\/.*, ^\Q/Applications/Xcode.app/Contents/Developer/Platforms/AppleTVSimulator.platform/Developer/SDKs/AppleTVSimulator.sdk\E\/.*, ^\Q/Applications/Xcode.app/Contents/Developer/Toolchains/XcodeDefault.xctoolchain\E\/.*]
[2017-10-04 15:23:27.248][debug][command:c67bbeef-8d60-49b9-9eb9-9cc9474c27d3][tid:32][com.facebook.buck.apple.AppleCxxPlatforms] SDK AppleSdk{name=iphoneos, version=11.0, applePlatform=ApplePlatform{name=iphoneos, swiftName=ios, provisioningProfileName=iOS, architectures=[armv7, arm64], minVersionFlagPrefix=-mios-version-min=, stubBinaryPath=Library/Application Support/WatchKit/WK, appIncludesFrameworks=false}, architectures=[armv7, arm64], toolchains=[AppleToolchain{identifier=com.apple.dt.toolchain.XcodeDefault, path=/Applications/Xcode.app/Contents/Developer/Toolchains/XcodeDefault.xctoolchain}]} using default version 10.0
[2017-10-04 15:23:27.249][debug][command:c67bbeef-8d60-49b9-9eb9-9cc9474c27d3][tid:32][com.facebook.buck.apple.AppleCxxPlatforms] Xcode build version is: 9A235
[2017-10-04 15:23:27.251][debug][command:c67bbeef-8d60-49b9-9eb9-9cc9474c27d3][tid:32][com.facebook.buck.apple.AppleCxxPlatforms] Apple toolchain path: /Applications/Xcode.app/Contents/Developer/Toolchains/XcodeDefault.xctoolchain
[2017-10-04 15:23:27.251][debug][command:c67bbeef-8d60-49b9-9eb9-9cc9474c27d3][tid:32][com.facebook.buck.apple.AppleCxxPlatforms] Headers verification platform whitelist: [^\Q/Applications/Xcode.app/Contents/Developer/Platforms/iPhoneOS.platform/Developer/Library/Frameworks\E\/.*, ^\Q/Applications/Xcode.app/Contents/Developer/Platforms/iPhoneOS.platform/Developer/SDKs/iPhoneOS.sdk\E\/.*, ^\Q/Applications/Xcode.app/Contents/Developer/Toolchains/XcodeDefault.xctoolchain\E\/.*]
[2017-10-04 15:23:27.252][debug][command:c67bbeef-8d60-49b9-9eb9-9cc9474c27d3][tid:32][com.facebook.buck.apple.AppleCxxPlatforms] Xcode build version is: 9A235
[2017-10-04 15:23:27.255][debug][command:c67bbeef-8d60-49b9-9eb9-9cc9474c27d3][tid:32][com.facebook.buck.apple.AppleCxxPlatforms] Apple toolchain path: /Applications/Xcode.app/Contents/Developer/Toolchains/XcodeDefault.xctoolchain
[2017-10-04 15:23:27.255][debug][command:c67bbeef-8d60-49b9-9eb9-9cc9474c27d3][tid:32][com.facebook.buck.apple.AppleCxxPlatforms] Headers verification platform whitelist: [^\Q/Applications/Xcode.app/Contents/Developer/Platforms/iPhoneOS.platform/Developer/Library/Frameworks\E\/.*, ^\Q/Applications/Xcode.app/Contents/Developer/Platforms/iPhoneOS.platform/Developer/SDKs/iPhoneOS.sdk\E\/.*, ^\Q/Applications/Xcode.app/Contents/Developer/Toolchains/XcodeDefault.xctoolchain\E\/.*]
[2017-10-04 15:23:27.255][debug][command:c67bbeef-8d60-49b9-9eb9-9cc9474c27d3][tid:32][com.facebook.buck.apple.AppleCxxPlatforms] SDK AppleSdk{name=iphonesimulator, version=11.0, applePlatform=ApplePlatform{name=iphonesimulator, swiftName=ios, architectures=[i386, x86_64], minVersionFlagPrefix=-mios-simulator-version-min=, stubBinaryPath=Library/Application Support/WatchKit/WK, appIncludesFrameworks=false}, architectures=[i386, x86_64], toolchains=[AppleToolchain{identifier=com.apple.dt.toolchain.XcodeDefault, path=/Applications/Xcode.app/Contents/Developer/Toolchains/XcodeDefault.xctoolchain}]} using default version 10.0
[2017-10-04 15:23:27.256][debug][command:c67bbeef-8d60-49b9-9eb9-9cc9474c27d3][tid:32][com.facebook.buck.apple.AppleCxxPlatforms] Xcode build version is: 9A235
[2017-10-04 15:23:27.257][warn ][command:c67bbeef-8d60-49b9-9eb9-9cc9474c27d3][tid:32][com.facebook.buck.apple.AppleCxxPlatforms] /Applications/Xcode.app/Contents/Developer/Platforms/iPhoneSimulator.platform/version.plist does not exist. Build version will be unset for this platform.
[2017-10-04 15:23:27.257][debug][command:c67bbeef-8d60-49b9-9eb9-9cc9474c27d3][tid:32][com.facebook.buck.apple.AppleCxxPlatforms] Apple toolchain path: /Applications/Xcode.app/Contents/Developer/Toolchains/XcodeDefault.xctoolchain
[2017-10-04 15:23:27.257][debug][command:c67bbeef-8d60-49b9-9eb9-9cc9474c27d3][tid:32][com.facebook.buck.apple.AppleCxxPlatforms] Headers verification platform whitelist: [^\Q/Applications/Xcode.app/Contents/Developer/Platforms/iPhoneSimulator.platform/Developer/Library/Frameworks\E\/.*, ^\Q/Applications/Xcode.app/Contents/Developer/Platforms/iPhoneSimulator.platform/Developer/SDKs/iPhoneSimulator.sdk\E\/.*, ^\Q/Applications/Xcode.app/Contents/Developer/Toolchains/XcodeDefault.xctoolchain\E\/.*]
[2017-10-04 15:23:27.259][debug][command:c67bbeef-8d60-49b9-9eb9-9cc9474c27d3][tid:32][com.facebook.buck.apple.AppleCxxPlatforms] Xcode build version is: 9A235
[2017-10-04 15:23:27.260][warn ][command:c67bbeef-8d60-49b9-9eb9-9cc9474c27d3][tid:32][com.facebook.buck.apple.AppleCxxPlatforms] /Applications/Xcode.app/Contents/Developer/Platforms/iPhoneSimulator.platform/version.plist does not exist. Build version will be unset for this platform.
[2017-10-04 15:23:27.261][debug][command:c67bbeef-8d60-49b9-9eb9-9cc9474c27d3][tid:32][com.facebook.buck.apple.AppleCxxPlatforms] Apple toolchain path: /Applications/Xcode.app/Contents/Developer/Toolchains/XcodeDefault.xctoolchain
[2017-10-04 15:23:27.261][debug][command:c67bbeef-8d60-49b9-9eb9-9cc9474c27d3][tid:32][com.facebook.buck.apple.AppleCxxPlatforms] Headers verification platform whitelist: [^\Q/Applications/Xcode.app/Contents/Developer/Platforms/iPhoneSimulator.platform/Developer/Library/Frameworks\E\/.*, ^\Q/Applications/Xcode.app/Contents/Developer/Platforms/iPhoneSimulator.platform/Developer/SDKs/iPhoneSimulator.sdk\E\/.*, ^\Q/Applications/Xcode.app/Contents/Developer/Toolchains/XcodeDefault.xctoolchain\E\/.*]
[2017-10-04 15:23:27.261][debug][command:c67bbeef-8d60-49b9-9eb9-9cc9474c27d3][tid:32][com.facebook.buck.apple.AppleCxxPlatforms] SDK AppleSdk{name=macosx, version=10.13, applePlatform=ApplePlatform{name=macosx, architectures=[i386, x86_64], minVersionFlagPrefix=-mmacosx-version-min=, appIncludesFrameworks=true}, architectures=[i386, x86_64], toolchains=[AppleToolchain{identifier=com.apple.dt.toolchain.XcodeDefault, path=/Applications/Xcode.app/Contents/Developer/Toolchains/XcodeDefault.xctoolchain}]} using default version 10.13
[2017-10-04 15:23:27.262][debug][command:c67bbeef-8d60-49b9-9eb9-9cc9474c27d3][tid:32][com.facebook.buck.apple.AppleCxxPlatforms] Xcode build version is: 9A235
[2017-10-04 15:23:27.264][warn ][command:c67bbeef-8d60-49b9-9eb9-9cc9474c27d3][tid:32][com.facebook.buck.apple.AppleCxxPlatforms] In /Applications/Xcode.app/Contents/Developer/Platforms/MacOSX.platform/version.plist, missing ProductBuildVersion. Build version will be unset for this platform.
[2017-10-04 15:23:27.264][debug][command:c67bbeef-8d60-49b9-9eb9-9cc9474c27d3][tid:32][com.facebook.buck.apple.AppleCxxPlatforms] Apple toolchain path: /Applications/Xcode.app/Contents/Developer/Toolchains/XcodeDefault.xctoolchain
[2017-10-04 15:23:27.265][debug][command:c67bbeef-8d60-49b9-9eb9-9cc9474c27d3][tid:32][com.facebook.buck.apple.AppleCxxPlatforms] Headers verification platform whitelist: [^\Q/Applications/Xcode.app/Contents/Developer/Platforms/MacOSX.platform/Developer/Library/Frameworks\E\/.*, ^\Q/Applications/Xcode.app/Contents/Developer/Platforms/MacOSX.platform/Developer/SDKs/MacOSX.sdk\E\/.*, ^\Q/Applications/Xcode.app/Contents/Developer/Toolchains/XcodeDefault.xctoolchain\E\/.*]
[2017-10-04 15:23:27.266][debug][command:c67bbeef-8d60-49b9-9eb9-9cc9474c27d3][tid:32][com.facebook.buck.apple.AppleCxxPlatforms] Xcode build version is: 9A235
[2017-10-04 15:23:27.268][warn ][command:c67bbeef-8d60-49b9-9eb9-9cc9474c27d3][tid:32][com.facebook.buck.apple.AppleCxxPlatforms] In /Applications/Xcode.app/Contents/Developer/Platforms/MacOSX.platform/version.plist, missing ProductBuildVersion. Build version will be unset for this platform.
[2017-10-04 15:23:27.268][debug][command:c67bbeef-8d60-49b9-9eb9-9cc9474c27d3][tid:32][com.facebook.buck.apple.AppleCxxPlatforms] Apple toolchain path: /Applications/Xcode.app/Contents/Developer/Toolchains/XcodeDefault.xctoolchain
[2017-10-04 15:23:27.268][debug][command:c67bbeef-8d60-49b9-9eb9-9cc9474c27d3][tid:32][com.facebook.buck.apple.AppleCxxPlatforms] Headers verification platform whitelist: [^\Q/Applications/Xcode.app/Contents/Developer/Platforms/MacOSX.platform/Developer/Library/Frameworks\E\/.*, ^\Q/Applications/Xcode.app/Contents/Developer/Platforms/MacOSX.platform/Developer/SDKs/MacOSX.sdk\E\/.*, ^\Q/Applications/Xcode.app/Contents/Developer/Toolchains/XcodeDefault.xctoolchain\E\/.*]
[2017-10-04 15:23:27.269][debug][command:c67bbeef-8d60-49b9-9eb9-9cc9474c27d3][tid:32][com.facebook.buck.apple.AppleCxxPlatforms] SDK AppleSdk{name=watchos, version=4.0, applePlatform=ApplePlatform{name=watchos, provisioningProfileName=iOS, architectures=[armv7k], minVersionFlagPrefix=-mwatchos-version-min=, stubBinaryPath=Library/Application Support/WatchKit/WK, appIncludesFrameworks=false}, architectures=[armv7k], toolchains=[AppleToolchain{identifier=com.apple.dt.toolchain.XcodeDefault, path=/Applications/Xcode.app/Contents/Developer/Toolchains/XcodeDefault.xctoolchain}]} using default version 4.0
[2017-10-04 15:23:27.269][debug][command:c67bbeef-8d60-49b9-9eb9-9cc9474c27d3][tid:32][com.facebook.buck.apple.AppleCxxPlatforms] Xcode build version is: 9A235
[2017-10-04 15:23:27.272][debug][command:c67bbeef-8d60-49b9-9eb9-9cc9474c27d3][tid:32][com.facebook.buck.apple.AppleCxxPlatforms] Apple toolchain path: /Applications/Xcode.app/Contents/Developer/Toolchains/XcodeDefault.xctoolchain
[2017-10-04 15:23:27.272][debug][command:c67bbeef-8d60-49b9-9eb9-9cc9474c27d3][tid:32][com.facebook.buck.apple.AppleCxxPlatforms] Headers verification platform whitelist: [^\Q/Applications/Xcode.app/Contents/Developer/Platforms/WatchOS.platform/Developer/Library/Frameworks\E\/.*, ^\Q/Applications/Xcode.app/Contents/Developer/Platforms/WatchOS.platform/Developer/SDKs/WatchOS.sdk\E\/.*, ^\Q/Applications/Xcode.app/Contents/Developer/Toolchains/XcodeDefault.xctoolchain\E\/.*]
[2017-10-04 15:23:27.273][debug][command:c67bbeef-8d60-49b9-9eb9-9cc9474c27d3][tid:32][com.facebook.buck.apple.AppleCxxPlatforms] SDK AppleSdk{name=watchsimulator, version=4.0, applePlatform=ApplePlatform{name=watchsimulator, architectures=[i386], minVersionFlagPrefix=-mwatchos-simulator-version-min=, stubBinaryPath=Library/Application Support/WatchKit/WK, appIncludesFrameworks=false}, architectures=[i386], toolchains=[AppleToolchain{identifier=com.apple.dt.toolchain.XcodeDefault, path=/Applications/Xcode.app/Contents/Developer/Toolchains/XcodeDefault.xctoolchain}]} using default version 4.0
[2017-10-04 15:23:27.274][debug][command:c67bbeef-8d60-49b9-9eb9-9cc9474c27d3][tid:32][com.facebook.buck.apple.AppleCxxPlatforms] Xcode build version is: 9A235
[2017-10-04 15:23:27.275][debug][command:c67bbeef-8d60-49b9-9eb9-9cc9474c27d3][tid:32][com.facebook.buck.apple.AppleCxxPlatforms] Apple toolchain path: /Applications/Xcode.app/Contents/Developer/Toolchains/XcodeDefault.xctoolchain
[2017-10-04 15:23:27.276][debug][command:c67bbeef-8d60-49b9-9eb9-9cc9474c27d3][tid:32][com.facebook.buck.apple.AppleCxxPlatforms] Headers verification platform whitelist: [^\Q/Applications/Xcode.app/Contents/Developer/Platforms/WatchSimulator.platform/Developer/Library/Frameworks\E\/.*, ^\Q/Applications/Xcode.app/Contents/Developer/Platforms/WatchSimulator.platform/Developer/SDKs/WatchSimulator.sdk\E\/.*, ^\Q/Applications/Xcode.app/Contents/Developer/Toolchains/XcodeDefault.xctoolchain\E\/.*]
[2017-10-04 15:23:27.295][debug][command:c67bbeef-8d60-49b9-9eb9-9cc9474c27d3][tid:32][com.facebook.buck.io.ExecutableFinder] Executable 'clang' mapped to 'Optional[/usr/bin/clang]'
[2017-10-04 15:23:27.296][debug][command:c67bbeef-8d60-49b9-9eb9-9cc9474c27d3][tid:32][com.facebook.buck.io.ExecutableFinder] Executable 'clang++' mapped to 'Optional[/usr/bin/clang++]'
[2017-10-04 15:23:27.297][debug][command:c67bbeef-8d60-49b9-9eb9-9cc9474c27d3][tid:32][com.facebook.buck.io.ExecutableFinder] Executable 'ar' mapped to 'Optional[/usr/bin/ar]'
[2017-10-04 15:23:27.298][debug][command:c67bbeef-8d60-49b9-9eb9-9cc9474c27d3][tid:32][com.facebook.buck.io.ExecutableFinder] Executable 'strip' mapped to 'Optional[/usr/bin/strip]'
[2017-10-04 15:23:27.298][debug][command:c67bbeef-8d60-49b9-9eb9-9cc9474c27d3][tid:32][com.facebook.buck.io.ExecutableFinder] Executable 'ranlib' mapped to 'Optional[/usr/bin/ranlib]'
[2017-10-04 15:23:27.299][debug][command:c67bbeef-8d60-49b9-9eb9-9cc9474c27d3][tid:32][com.facebook.buck.io.ExecutableFinder] Executable 'nm' mapped to 'Optional[/usr/bin/nm]'
[2017-10-04 15:23:27.300][debug][command:c67bbeef-8d60-49b9-9eb9-9cc9474c27d3][tid:32][com.facebook.buck.cxx.toolchain.CxxPlatforms] Using config default C++ platform CxxPlatform{flavor=iphonesimulator-x86_64, as=com.facebook.buck.cxx.toolchain.CompilerProvider@6d787f06, asflags=[-isysroot, /Applications/Xcode.app/Contents/Developer/Platforms/iPhoneSimulator.platform/Developer/SDKs/iPhoneSimulator.sdk, -arch, x86_64, -mios-simulator-version-min=10.0, -iquote, /Users/kieranlafferty/Desktop/BuckTest], aspp=com.facebook.buck.cxx.toolchain.PreprocessorProvider@2782949f, asppflags=[], cc=com.facebook.buck.cxx.toolchain.CompilerProvider@5e25334b, cflags=[-isysroot, /Applications/Xcode.app/Contents/Developer/Platforms/iPhoneSimulator.platform/Developer/SDKs/iPhoneSimulator.sdk, -arch, x86_64, -mios-simulator-version-min=10.0, -iquote, /Users/kieranlafferty/Desktop/BuckTest, -g, -fmodules, -fobjc-arc, -D, BUCK, -w], cxx=com.facebook.buck.cxx.toolchain.CompilerProvider@615d43f7, cxxflags=[-isysroot, /Applications/Xcode.app/Contents/Developer/Platforms/iPhoneSimulator.platform/Developer/SDKs/iPhoneSimulator.sdk, -arch, x86_64, -mios-simulator-version-min=10.0, -iquote, /Users/kieranlafferty/Desktop/BuckTest], cpp=com.facebook.buck.cxx.toolchain.PreprocessorProvider@4ff39095, cppflags=[], cxxpp=com.facebook.buck.cxx.toolchain.PreprocessorProvider@7ce6c398, cxxppflags=[], cudappflags=[], cudaflags=[], asmppflags=[], asmflags=[], ld=com.facebook.buck.cxx.toolchain.linker.DefaultLinkerProvider@bae0824, ldflags=[-isysroot, /Applications/Xcode.app/Contents/Developer/Platforms/iPhoneSimulator.platform/Developer/SDKs/iPhoneSimulator.sdk, -arch, x86_64, -mios-simulator-version-min=10.0, -iquote, /Users/kieranlafferty/Desktop/BuckTest, -Wl,-sdk_version, -Wl,11.0, -Wl,-ObjC], runtimeLdflags={}, strip=VersionedTool{path=/Applications/Xcode.app/Contents/Developer/Toolchains/XcodeDefault.xctoolchain/usr/bin/strip, extraArgs=[], name=apple-strip, version=11.0:9A235}, stripFlags=[], ar=com.facebook.buck.cxx.toolchain.ArchiverProvider$1@e7b05d, arflags=[], ranlib=com.facebook.buck.rules.ConstantToolProvider@53c3ffec, ranlibflags=[], symbolNameTool=com.facebook.buck.cxx.toolchain.LazyDelegatingSymbolNameTool@19f30c0f, sharedLibraryExtension=dylib, sharedLibraryVersionedExtensionFormat=%s.dylib, staticLibraryExtension=a, objectFileExtension=o, compilerDebugPathSanitizer=com.facebook.buck.cxx.toolchain.PrefixMapDebugPathSanitizer@6267d83d, assemblerDebugPathSanitizer=com.facebook.buck.cxx.toolchain.MungingDebugPathSanitizer@5f3ff974, headerVerification=HeaderVerification{mode=IGNORE, whitelist=[], platformWhitelist=[^\Q/Applications/Xcode.app/Contents/Developer/Platforms/iPhoneSimulator.platform/Developer/Library/Frameworks\E\/.*, ^\Q/Applications/Xcode.app/Contents/Developer/Platforms/iPhoneSimulator.platform/Developer/SDKs/iPhoneSimulator.sdk\E\/.*, ^\Q/Applications/Xcode.app/Contents/Developer/Toolchains/XcodeDefault.xctoolchain\E\/.*], whitelistPatterns=[^\Q/Applications/Xcode.app/Contents/Developer/Platforms/iPhoneSimulator.platform/Developer/Library/Frameworks\E\/.*, ^\Q/Applications/Xcode.app/Contents/Developer/Platforms/iPhoneSimulator.platform/Developer/SDKs/iPhoneSimulator.sdk\E\/.*, ^\Q/Applications/Xcode.app/Contents/Developer/Toolchains/XcodeDefault.xctoolchain\E\/.*]}, flagMacros={SDKROOT=/Applications/Xcode.app/Contents/Developer/Platforms/iPhoneSimulator.platform/Developer/SDKs/iPhoneSimulator.sdk, PLATFORM_DIR=/Applications/Xcode.app/Contents/Developer/Platforms/iPhoneSimulator.platform, CURRENT_ARCH=x86_64, DEVELOPER_DIR=/Applications/Xcode.app/Contents/Developer}, publicHeadersSymlinksEnabled=true, privateHeadersSymlinksEnabled=true}
[2017-10-04 15:23:27.316][debug][command:c67bbeef-8d60-49b9-9eb9-9cc9474c27d3][tid:32][com.facebook.buck.io.ExecutableFinder] Executable 'python2' mapped to 'Optional.empty'
[2017-10-04 15:23:27.317][debug][command:c67bbeef-8d60-49b9-9eb9-9cc9474c27d3][tid:32][com.facebook.buck.io.ExecutableFinder] Executable 'python' mapped to 'Optional[/usr/bin/python]'
[2017-10-04 15:23:27.463][debug][command:c67bbeef-8d60-49b9-9eb9-9cc9474c27d3][tid:32][com.facebook.buck.apple.ProvisioningProfileStore] Provisioning profile search path: /Users/kieranlafferty/Library/MobileDevice/Provisioning Profiles
[2017-10-04 15:23:27.814][debug][command:c67bbeef-8d60-49b9-9eb9-9cc9474c27d3][tid:32][com.facebook.buck.json.BuckPythonProgram] Writing python rules stub to /Users/kieranlafferty/Desktop/BuckTest/buck-out/tmp/buck_run.D7ykb1/buck_python_program1544798252255865972.
[2017-10-04 15:23:28.602][debug][command:c67bbeef-8d60-49b9-9eb9-9cc9474c27d3][tid:32][com.facebook.buck.json.BuckPythonProgram] Created temporary buck.py instance at /Users/kieranlafferty/Desktop/BuckTest/buck-out/tmp/buck_run.D7ykb1/buck_python_program1544798252255865972.
[2017-10-04 15:23:28.608][debug][command:c67bbeef-8d60-49b9-9eb9-9cc9474c27d3][tid:32][com.facebook.buck.json.PythonDslProjectBuildFileParser] Starting buck.py command: [/usr/bin/python, -u, /Users/kieranlafferty/Desktop/BuckTest/buck-out/tmp/buck_run.D7ykb1/buck_python_program1544798252255865972/__main__.py, --allow_empty_globs, --watchman_glob_stat_results, --project_root, /Users/kieranlafferty/Desktop/BuckTest, --cell_name, , --build_file_name, BUCK, --quiet, --config, /Users/kieranlafferty/Desktop/BuckTest/buck-out/tmp/buck_run.D7ykb1/raw_config7640989394751466968.json, --ignore_paths, /Users/kieranlafferty/Desktop/BuckTest/buck-out/tmp/buck_run.D7ykb1/ignore_paths8450329725874784721.json] environment: Optional[{IRBRC=/Users/kieranlafferty/.rvm/rubies/ruby-2.4.0/.irbrc, PATH=/Users/kieranlafferty/.rvm/gems/ruby-2.4.0/bin:/Users/kieranlafferty/.rvm/gems/ruby-2.4.0@global/bin:/Users/kieranlafferty/.rvm/rubies/ruby-2.4.0/bin:/usr/local/bin:/usr/bin:/bin:/usr/sbin:/sbin:/Users/kieranlafferty/.rvm/bin:/Users/kieranlafferty/.rvm/bin, JAVA_ARCH=x86_64, _system_arch=x86_64, rvm_bin_path=/Users/kieranlafferty/.rvm/bin, BUCK_CLASSPATH=/Users/kieranlafferty/Desktop/BuckTest/.buckd/resources/v2017.09.04.01/buck_server, TERM=xterm-256color, rvm_prefix=/Users/kieranlafferty, LANG=en_US.UTF-8, VERSIONER_PYTHON_VERSION=2.7, BUCK_BUILD_ID=c67bbeef-8d60-49b9-9eb9-9cc9474c27d3, COLUMNS=80, LOGNAME=kieranlafferty, rvm_version=1.29.2 (latest), XPC_SERVICE_NAME=0, PWD=/Users/kieranlafferty/Desktop/BuckTest, TERM_PROGRAM_VERSION=388.1.1, _=./buck/bin/buck, SHELL=/bin/bash, NVM_DIR=/Users/kieranlafferty/.nvm, JAVA_MAIN_CLASS_16848=com.facebook.buck.cli.bootstrapper.ClassLoaderBootstrapper, TERM_PROGRAM=Apple_Terminal, _system_type=Darwin, MY_RUBY_HOME=/Users/kieranlafferty/.rvm/rubies/ruby-2.4.0, BUCK_PYTHON_SPACE_INIT_TIME=7, _system_version=10.12, OLDPWD=/Users/kieranlafferty/Desktop/BuckTest/Apps, GEM_HOME=/Users/kieranlafferty/.rvm/gems/ruby-2.4.0, USER=kieranlafferty, VERSIONER_PYTHON_PREFER_32_BIT=no, CLASSPATH=/Users/kieranlafferty/Desktop/BuckTest/.buckd/resources/v2017.09.04.01/bootstrapper_jar, TMPDIR=/var/folders/zz/v2fpp8m54y1dq0qh5yt0hqvr0000gn/T/, rvm_path=/Users/kieranlafferty/.rvm, SSH_AUTH_SOCK=/private/tmp/com.apple.launchd.6ZK0SrMSVY/Listeners, GEM_PATH=/Users/kieranlafferty/.rvm/gems/ruby-2.4.0:/Users/kieranlafferty/.rvm/gems/ruby-2.4.0@global, XPC_FLAGS=0x0, RUBY_VERSION=ruby-2.4.0, TERM_SESSION_ID=CB4A996C-E3FC-48E1-BE88-F3365BBC9D63, BUCK_TTY=1, _system_name=OSX, __CF_USER_TEXT_ENCODING=0x1F5:0x0:0x0, Apple_PubSub_Socket_Render=/private/tmp/com.apple.launchd.2MgsOd4gbP/Render, com.apple.java.jvmTask=CommandLine, SHLVL=1, HOME=/Users/kieranlafferty}]
[2017-10-04 15:23:28.612][debug][command:c67bbeef-8d60-49b9-9eb9-9cc9474c27d3][tid:32][com.facebook.buck.json.PythonDslProjectBuildFileParser] Started process com.facebook.buck.util.ProcessExecutor$LaunchedProcessImpl@59ad06f6 successfully
[2017-10-04 15:23:28.975][debug][command:null][tid:40][com.facebook.buck.json.PythonDslProjectBuildFileParser] Closing buck.py process stdin
[2017-10-04 15:23:28.975][debug][command:null][tid:40][com.facebook.buck.json.PythonDslProjectBuildFileParser] Closing buck.py process stdin
[2017-10-04 15:23:28.992][debug][command:null][tid:40][com.facebook.buck.json.PythonDslProjectBuildFileParser] Waiting for process com.facebook.buck.util.ProcessExecutor$LaunchedProcessImpl@59ad06f6 to exit...
[2017-10-04 15:23:28.992][debug][command:null][tid:40][com.facebook.buck.json.PythonDslProjectBuildFileParser] Waiting for process com.facebook.buck.util.ProcessExecutor$LaunchedProcessImpl@59ad06f6 to exit...
[2017-10-04 15:23:28.993][debug][command:null][tid:40][com.facebook.buck.json.PythonDslProjectBuildFileParser] Process com.facebook.buck.util.ProcessExecutor$LaunchedProcessImpl@59ad06f6 exited cleanly.
[2017-10-04 15:23:28.993][debug][command:null][tid:40][com.facebook.buck.json.PythonDslProjectBuildFileParser] Process com.facebook.buck.util.ProcessExecutor$LaunchedProcessImpl@59ad06f6 exited cleanly.
[2017-10-04 15:23:29.000][debug][command:c67bbeef-8d60-49b9-9eb9-9cc9474c27d3][tid:32][com.facebook.buck.io.ExecutableFinder] Executable 'python2' mapped to 'Optional.empty'
[2017-10-04 15:23:29.000][debug][command:c67bbeef-8d60-49b9-9eb9-9cc9474c27d3][tid:32][com.facebook.buck.io.ExecutableFinder] Executable 'python' mapped to 'Optional[/usr/bin/python]'
[2017-10-04 15:23:29.001][debug][command:c67bbeef-8d60-49b9-9eb9-9cc9474c27d3][tid:32][com.facebook.buck.json.BuckPythonProgram] Writing python rules stub to /Users/kieranlafferty/Desktop/BuckTest/buck-out/tmp/buck_run.D7ykb1/buck_python_program8116668747895855997.
[2017-10-04 15:23:29.010][debug][command:c67bbeef-8d60-49b9-9eb9-9cc9474c27d3][tid:32][com.facebook.buck.json.BuckPythonProgram] Created temporary buck.py instance at /Users/kieranlafferty/Desktop/BuckTest/buck-out/tmp/buck_run.D7ykb1/buck_python_program8116668747895855997.
[2017-10-04 15:23:29.011][debug][command:c67bbeef-8d60-49b9-9eb9-9cc9474c27d3][tid:32][com.facebook.buck.json.PythonDslProjectBuildFileParser] Starting buck.py command: [/usr/bin/python, -u, /Users/kieranlafferty/Desktop/BuckTest/buck-out/tmp/buck_run.D7ykb1/buck_python_program8116668747895855997/__main__.py, --allow_empty_globs, --watchman_glob_stat_results, --project_root, /Users/kieranlafferty/Desktop/BuckTest, --cell_name, , --build_file_name, BUCK, --quiet, --config, /Users/kieranlafferty/Desktop/BuckTest/buck-out/tmp/buck_run.D7ykb1/raw_config6786119880439801663.json, --ignore_paths, /Users/kieranlafferty/Desktop/BuckTest/buck-out/tmp/buck_run.D7ykb1/ignore_paths1753963298125845532.json] environment: Optional[{IRBRC=/Users/kieranlafferty/.rvm/rubies/ruby-2.4.0/.irbrc, PATH=/Users/kieranlafferty/.rvm/gems/ruby-2.4.0/bin:/Users/kieranlafferty/.rvm/gems/ruby-2.4.0@global/bin:/Users/kieranlafferty/.rvm/rubies/ruby-2.4.0/bin:/usr/local/bin:/usr/bin:/bin:/usr/sbin:/sbin:/Users/kieranlafferty/.rvm/bin:/Users/kieranlafferty/.rvm/bin, JAVA_ARCH=x86_64, _system_arch=x86_64, rvm_bin_path=/Users/kieranlafferty/.rvm/bin, BUCK_CLASSPATH=/Users/kieranlafferty/Desktop/BuckTest/.buckd/resources/v2017.09.04.01/buck_server, TERM=xterm-256color, rvm_prefix=/Users/kieranlafferty, LANG=en_US.UTF-8, VERSIONER_PYTHON_VERSION=2.7, BUCK_BUILD_ID=c67bbeef-8d60-49b9-9eb9-9cc9474c27d3, COLUMNS=80, LOGNAME=kieranlafferty, rvm_version=1.29.2 (latest), XPC_SERVICE_NAME=0, PWD=/Users/kieranlafferty/Desktop/BuckTest, TERM_PROGRAM_VERSION=388.1.1, _=./buck/bin/buck, SHELL=/bin/bash, NVM_DIR=/Users/kieranlafferty/.nvm, JAVA_MAIN_CLASS_16848=com.facebook.buck.cli.bootstrapper.ClassLoaderBootstrapper, TERM_PROGRAM=Apple_Terminal, _system_type=Darwin, MY_RUBY_HOME=/Users/kieranlafferty/.rvm/rubies/ruby-2.4.0, BUCK_PYTHON_SPACE_INIT_TIME=7, _system_version=10.12, OLDPWD=/Users/kieranlafferty/Desktop/BuckTest/Apps, GEM_HOME=/Users/kieranlafferty/.rvm/gems/ruby-2.4.0, USER=kieranlafferty, VERSIONER_PYTHON_PREFER_32_BIT=no, CLASSPATH=/Users/kieranlafferty/Desktop/BuckTest/.buckd/resources/v2017.09.04.01/bootstrapper_jar, TMPDIR=/var/folders/zz/v2fpp8m54y1dq0qh5yt0hqvr0000gn/T/, rvm_path=/Users/kieranlafferty/.rvm, SSH_AUTH_SOCK=/private/tmp/com.apple.launchd.6ZK0SrMSVY/Listeners, GEM_PATH=/Users/kieranlafferty/.rvm/gems/ruby-2.4.0:/Users/kieranlafferty/.rvm/gems/ruby-2.4.0@global, XPC_FLAGS=0x0, RUBY_VERSION=ruby-2.4.0, TERM_SESSION_ID=CB4A996C-E3FC-48E1-BE88-F3365BBC9D63, BUCK_TTY=1, _system_name=OSX, __CF_USER_TEXT_ENCODING=0x1F5:0x0:0x0, Apple_PubSub_Socket_Render=/private/tmp/com.apple.launchd.2MgsOd4gbP/Render, com.apple.java.jvmTask=CommandLine, SHLVL=1, HOME=/Users/kieranlafferty}]
[2017-10-04 15:23:29.014][debug][command:c67bbeef-8d60-49b9-9eb9-9cc9474c27d3][tid:32][com.facebook.buck.json.PythonDslProjectBuildFileParser] Started process com.facebook.buck.util.ProcessExecutor$LaunchedProcessImpl@75a0fac7 successfully
[2017-10-04 15:23:29.267][warn ][command:c67bbeef-8d60-49b9-9eb9-9cc9474c27d3][tid:32][com.facebook.buck.json.PythonDslProjectBuildFileParser] Fatal error raised by BUCK file parser for file /Users/kieranlafferty/Desktop/BuckTest/Libraries/SomeExternalLibrary/BUCK (parse): invalid syntax (BUCK, line 22)
[2017-10-04 15:23:29.276][debug][command:c67bbeef-8d60-49b9-9eb9-9cc9474c27d3][tid:32][com.facebook.buck.json.PythonDslProjectBuildFileParser] Received exception from buck.py parser: BuildFileParseExceptionData{type=SyntaxError, value=invalid syntax (BUCK, line 22), syntaxError=BuildFileSyntaxError{fileName=/Users/kieranlafferty/Desktop/BuckTest/Libraries/SomeExternalLibrary/BUCK, lineNumber=22, offset=12, text=  frameworks = [
}, stackTrace=[BuildFileParseExceptionStackTraceEntry{fileName=/Users/kieranlafferty/Desktop/BuckTest/.buckd/resources/v2017.09.04.01/buck_server/buck_parser/buck.py, lineNumber=1188, functionName=process_with_diagnostics, text=diagnostics=diagnostics)}, BuildFileParseExceptionStackTraceEntry{fileName=/Users/kieranlafferty/Desktop/BuckTest/.buckd/resources/v2017.09.04.01/buck_server/buck_parser/buck.py, lineNumber=1079, functionName=process, text=os.path.join(self._project_root, path))}, BuildFileParseExceptionStackTraceEntry{fileName=/Users/kieranlafferty/Desktop/BuckTest/.buckd/resources/v2017.09.04.01/buck_server/buck_parser/buck.py, lineNumber=1073, functionName=_process_build_file, text=return self._process(build_env, path, is_implicit_include=False)}, BuildFileParseExceptionStackTraceEntry{fileName=/Users/kieranlafferty/Desktop/BuckTest/.buckd/resources/v2017.09.04.01/buck_server/buck_parser/buck.py, lineNumber=1029, functionName=_process, text=code = compile(contents, path, 'exec', future_features, 1)}]}
[2017-10-04 15:23:29.276][debug][command:c67bbeef-8d60-49b9-9eb9-9cc9474c27d3][tid:32][com.facebook.buck.json.PythonDslProjectBuildFileParser] Closing buck.py process stdin
[2017-10-04 15:23:29.282][debug][command:c67bbeef-8d60-49b9-9eb9-9cc9474c27d3][tid:32][com.facebook.buck.json.PythonDslProjectBuildFileParser] Waiting for process com.facebook.buck.util.ProcessExecutor$LaunchedProcessImpl@75a0fac7 to exit...
[2017-10-04 15:23:29.282][warn ][command:c67bbeef-8d60-49b9-9eb9-9cc9474c27d3][tid:32][com.facebook.buck.json.PythonDslProjectBuildFileParser] com.facebook.buck.util.ProcessExecutor$LaunchedProcessImpl@75a0fac7 finished with unexpected result:
exit code: 1
stdout:

stderr:


[2017-10-04 15:23:29.282][info ][command:c67bbeef-8d60-49b9-9eb9-9cc9474c27d3][tid:32][com.facebook.buck.util.concurrent.ResourcePool] Error shutting down a defunct resource.
com.facebook.buck.json.BuildFileParseException: Parser did not exit cleanly:
exit code: 1
stdout:

stderr:


	at com.facebook.buck.json.BuildFileParseException.createForUnknownParseError(BuildFileParseException.java:36)
	at com.facebook.buck.json.PythonDslProjectBuildFileParser.close(PythonDslProjectBuildFileParser.java:716)
	at com.facebook.buck.util.concurrent.ResourcePool.returnResource(ResourcePool.java:207)
	at com.facebook.buck.util.concurrent.ResourcePool.access$200(ResourcePool.java:58)
	at com.facebook.buck.util.concurrent.ResourcePool$1.apply(ResourcePool.java:140)
	at com.facebook.buck.util.concurrent.ResourcePool$1.apply(ResourcePool.java:126)
	at com.google.common.util.concurrent.AbstractTransformFuture$AsyncTransformFuture.doTransform(AbstractTransformFuture.java:211)
	at com.google.common.util.concurrent.AbstractTransformFuture$AsyncTransformFuture.doTransform(AbstractTransformFuture.java:200)
	at com.google.common.util.concurrent.AbstractTransformFuture.run(AbstractTransformFuture.java:130)
	at com.google.common.util.concurrent.MoreExecutors$5$1.run(MoreExecutors.java:988)
	at java.util.concurrent.ThreadPoolExecutor.runWorker(ThreadPoolExecutor.java:1142)
	at java.util.concurrent.ThreadPoolExecutor$Worker.run(ThreadPoolExecutor.java:617)
	at java.lang.Thread.run(Thread.java:748)

[2017-10-04 15:23:29.283][debug][command:c67bbeef-8d60-49b9-9eb9-9cc9474c27d3][tid:38][com.facebook.buck.io.ExecutableFinder] Executable 'python2' mapped to 'Optional.empty'
[2017-10-04 15:23:29.284][debug][command:c67bbeef-8d60-49b9-9eb9-9cc9474c27d3][tid:38][com.facebook.buck.io.ExecutableFinder] Executable 'python' mapped to 'Optional[/usr/bin/python]'
[2017-10-04 15:23:29.285][debug][command:c67bbeef-8d60-49b9-9eb9-9cc9474c27d3][tid:38][com.facebook.buck.json.BuckPythonProgram] Writing python rules stub to /Users/kieranlafferty/Desktop/BuckTest/buck-out/tmp/buck_run.D7ykb1/buck_python_program7895061293571093708.
[2017-10-04 15:23:29.289][warn ][command:c67bbeef-8d60-49b9-9eb9-9cc9474c27d3][tid:25][com.facebook.buck.event.listener.LoggingBuildListener] Buck wasn't able to parse /Users/kieranlafferty/Desktop/BuckTest/Libraries/SomeExternalLibrary/BUCK:
Syntax error on line 22, column 12:
  frameworks = [
           ^

This error happened while trying to get dependency '//Libraries/SomeExternalLibrary:SomeExternalLibrary' of target '//Apps/BuckSwiftDemo:BuckSwiftDemoLibrary'
[2017-10-04 15:23:29.299][debug][command:c67bbeef-8d60-49b9-9eb9-9cc9474c27d3][tid:38][com.facebook.buck.json.BuckPythonProgram] Created temporary buck.py instance at /Users/kieranlafferty/Desktop/BuckTest/buck-out/tmp/buck_run.D7ykb1/buck_python_program7895061293571093708.
[2017-10-04 15:23:29.300][debug][command:c67bbeef-8d60-49b9-9eb9-9cc9474c27d3][tid:38][com.facebook.buck.json.PythonDslProjectBuildFileParser] Starting buck.py command: [/usr/bin/python, -u, /Users/kieranlafferty/Desktop/BuckTest/buck-out/tmp/buck_run.D7ykb1/buck_python_program7895061293571093708/__main__.py, --allow_empty_globs, --watchman_glob_stat_results, --project_root, /Users/kieranlafferty/Desktop/BuckTest, --cell_name, , --build_file_name, BUCK, --quiet, --config, /Users/kieranlafferty/Desktop/BuckTest/buck-out/tmp/buck_run.D7ykb1/raw_config4533839223842119792.json, --ignore_paths, /Users/kieranlafferty/Desktop/BuckTest/buck-out/tmp/buck_run.D7ykb1/ignore_paths5153374055601015378.json] environment: Optional[{IRBRC=/Users/kieranlafferty/.rvm/rubies/ruby-2.4.0/.irbrc, PATH=/Users/kieranlafferty/.rvm/gems/ruby-2.4.0/bin:/Users/kieranlafferty/.rvm/gems/ruby-2.4.0@global/bin:/Users/kieranlafferty/.rvm/rubies/ruby-2.4.0/bin:/usr/local/bin:/usr/bin:/bin:/usr/sbin:/sbin:/Users/kieranlafferty/.rvm/bin:/Users/kieranlafferty/.rvm/bin, JAVA_ARCH=x86_64, _system_arch=x86_64, rvm_bin_path=/Users/kieranlafferty/.rvm/bin, BUCK_CLASSPATH=/Users/kieranlafferty/Desktop/BuckTest/.buckd/resources/v2017.09.04.01/buck_server, TERM=xterm-256color, rvm_prefix=/Users/kieranlafferty, LANG=en_US.UTF-8, VERSIONER_PYTHON_VERSION=2.7, BUCK_BUILD_ID=c67bbeef-8d60-49b9-9eb9-9cc9474c27d3, COLUMNS=80, LOGNAME=kieranlafferty, rvm_version=1.29.2 (latest), XPC_SERVICE_NAME=0, PWD=/Users/kieranlafferty/Desktop/BuckTest, TERM_PROGRAM_VERSION=388.1.1, _=./buck/bin/buck, SHELL=/bin/bash, NVM_DIR=/Users/kieranlafferty/.nvm, JAVA_MAIN_CLASS_16848=com.facebook.buck.cli.bootstrapper.ClassLoaderBootstrapper, TERM_PROGRAM=Apple_Terminal, _system_type=Darwin, MY_RUBY_HOME=/Users/kieranlafferty/.rvm/rubies/ruby-2.4.0, BUCK_PYTHON_SPACE_INIT_TIME=7, _system_version=10.12, OLDPWD=/Users/kieranlafferty/Desktop/BuckTest/Apps, GEM_HOME=/Users/kieranlafferty/.rvm/gems/ruby-2.4.0, USER=kieranlafferty, VERSIONER_PYTHON_PREFER_32_BIT=no, CLASSPATH=/Users/kieranlafferty/Desktop/BuckTest/.buckd/resources/v2017.09.04.01/bootstrapper_jar, TMPDIR=/var/folders/zz/v2fpp8m54y1dq0qh5yt0hqvr0000gn/T/, rvm_path=/Users/kieranlafferty/.rvm, SSH_AUTH_SOCK=/private/tmp/com.apple.launchd.6ZK0SrMSVY/Listeners, GEM_PATH=/Users/kieranlafferty/.rvm/gems/ruby-2.4.0:/Users/kieranlafferty/.rvm/gems/ruby-2.4.0@global, XPC_FLAGS=0x0, RUBY_VERSION=ruby-2.4.0, TERM_SESSION_ID=CB4A996C-E3FC-48E1-BE88-F3365BBC9D63, BUCK_TTY=1, _system_name=OSX, __CF_USER_TEXT_ENCODING=0x1F5:0x0:0x0, Apple_PubSub_Socket_Render=/private/tmp/com.apple.launchd.2MgsOd4gbP/Render, com.apple.java.jvmTask=CommandLine, SHLVL=1, HOME=/Users/kieranlafferty}]
[2017-10-04 15:23:29.303][debug][command:c67bbeef-8d60-49b9-9eb9-9cc9474c27d3][tid:38][com.facebook.buck.json.PythonDslProjectBuildFileParser] Started process com.facebook.buck.util.ProcessExecutor$LaunchedProcessImpl@55d82206 successfully
[2017-10-04 15:23:29.562][debug][command:null][tid:46][com.facebook.buck.json.PythonDslProjectBuildFileParser] Closing buck.py process stdin
[2017-10-04 15:23:29.562][debug][command:null][tid:46][com.facebook.buck.json.PythonDslProjectBuildFileParser] Closing buck.py process stdin
[2017-10-04 15:23:29.562][info ][command:c67bbeef-8d60-49b9-9eb9-9cc9474c27d3][tid:01][com.facebook.buck.cli.Main] Awaiting termination of HTTP Write executor service. Waiting for all jobs to complete, or up to maximum of 1800 seconds...
[2017-10-04 15:23:29.564][info ][command:c67bbeef-8d60-49b9-9eb9-9cc9474c27d3][tid:01][com.facebook.buck.cli.Main] Awaiting termination of CounterAggregatorExecutor executor service. Waiting for all jobs to complete, or up to maximum of 20 seconds...
[2017-10-04 15:23:29.566][debug][command:c67bbeef-8d60-49b9-9eb9-9cc9474c27d3][tid:21][com.facebook.buck.util.perf.ProcessTracker] shutDown
[2017-10-04 15:23:29.567][debug][command:c67bbeef-8d60-49b9-9eb9-9cc9474c27d3][tid:20][com.google.common.util.concurrent.ServiceManager] Service PerfStatsTracking [TERMINATED] has terminated. Previous state was: STOPPING
[2017-10-04 15:23:29.567][debug][command:c67bbeef-8d60-49b9-9eb9-9cc9474c27d3][tid:01][com.facebook.buck.event.listener.SuperConsoleEventBusListener] Stopping render scheduler
[2017-10-04 15:23:29.569][debug][command:null][tid:21][com.google.common.util.concurrent.ServiceManager] Service ProcessTracker [TERMINATED] has terminated. Previous state was: STOPPING
[2017-10-04 15:23:29.577][info ][command:null][tid:01][com.facebook.buck.cli.Main] Awaiting termination of CPU executor service. Waiting for all jobs to complete, or up to maximum of 60 seconds...
[2017-10-04 15:23:29.577][info ][command:null][tid:01][com.facebook.buck.cli.Main] Awaiting termination of NETWORK executor service. Waiting for all jobs to complete, or up to maximum of 60 seconds...
[2017-10-04 15:23:29.577][info ][command:null][tid:01][com.facebook.buck.cli.Main] Awaiting termination of PROJECT executor service. Waiting for all jobs to complete, or up to maximum of 60 seconds...
[2017-10-04 15:23:29.577][info ][command:null][tid:01][com.facebook.buck.cli.Main] Awaiting termination of ScheduledExecutorService executor service. Waiting for all jobs to complete, or up to maximum of 60 seconds...
[2017-10-04 15:23:29.577][info ][command:null][tid:01][com.facebook.buck.cli.Main] Awaiting termination of Disk IO executor service. Waiting for all jobs to complete, or up to maximum of 10 seconds...
[2017-10-04 15:23:29.577][debug][command:null][tid:01][com.facebook.buck.event.listener.SuperConsoleEventBusListener] Stopping render scheduler
[2017-10-04 15:23:29.578][debug][command:null][tid:01][com.facebook.buck.event.listener.ChromeTraceBuildListener] Writing Chrome trace to buck-out/log/2017-10-04_22h23m25s_projectcommand_c67bbeef-8d60-49b9-9eb9-9cc9474c27d3/build.2017-10-04.15-23-25.c67bbeef-8d60-49b9-9eb9-9cc9474c27d3.trace
[2017-10-04 15:23:29.580][debug][command:null][tid:46][com.facebook.buck.json.PythonDslProjectBuildFileParser] Waiting for process com.facebook.buck.util.ProcessExecutor$LaunchedProcessImpl@55d82206 to exit...
[2017-10-04 15:23:29.580][debug][command:null][tid:46][com.facebook.buck.json.PythonDslProjectBuildFileParser] Process com.facebook.buck.util.ProcessExecutor$LaunchedProcessImpl@55d82206 exited cleanly.
[2017-10-04 15:23:29.604][debug][command:null][tid:01][com.facebook.buck.cli.Main] Done.
